\BOOKMARK [1][-]{section.1}{Problem Definition}{}% 1
\BOOKMARK [2][-]{subsection.1.1}{Background}{section.1}% 2
\BOOKMARK [3][-]{subsubsection.1.1.1}{Protocol stack for wireless sensor networks}{subsection.1.1}% 3
\BOOKMARK [2][-]{subsection.1.2}{The Task}{section.1}% 4
\BOOKMARK [1][-]{section.2}{System Design}{}% 5
\BOOKMARK [2][-]{subsection.2.1}{Our protocol stack}{section.2}% 6
\BOOKMARK [2][-]{subsection.2.2}{Routing Principle}{section.2}% 7
\BOOKMARK [2][-]{subsection.2.3}{Embedded Software Design \(Flowcharts\)}{section.2}% 8
\BOOKMARK [1][-]{section.3}{Test Procedure and Evaluation}{}% 9
\BOOKMARK [2][-]{subsection.3.1}{Description}{section.3}% 10
\BOOKMARK [2][-]{subsection.3.2}{Fundamental Test}{section.3}% 11
\BOOKMARK [3][-]{subsubsection.3.2.1}{Broadcast Test \(RREQ\)}{subsection.3.2}% 12
\BOOKMARK [3][-]{subsubsection.3.2.2}{Unicast\(RREP\) test}{subsection.3.2}% 13
\BOOKMARK [3][-]{subsubsection.3.2.3}{Data transfer test}{subsection.3.2}% 14
\BOOKMARK [2][-]{subsection.3.3}{Extra Tests}{section.3}% 15
\BOOKMARK [3][-]{subsubsection.3.3.1}{All Routers Switched On}{subsection.3.3}% 16
\BOOKMARK [3][-]{subsubsection.3.3.2}{Router1 switched off}{subsection.3.3}% 17
\BOOKMARK [1][-]{section.4}{Conclusion}{}% 18
\BOOKMARK [2][-]{subsection.4.1}{Next Steps}{section.4}% 19
\BOOKMARK [1][-]{section.5}{Reference List}{}% 20
\BOOKMARK [1][-]{section.6}{Appendix}{}% 21
\BOOKMARK [2][-]{subsection.6.1}{Code for sender }{section.6}% 22
\BOOKMARK [2][-]{subsection.6.2}{Code for router}{section.6}% 23
\BOOKMARK [2][-]{subsection.6.3}{Code for receiver}{section.6}% 24
