                              1 ;--------------------------------------------------------
                              2 ; File Created by SDCC : free open source ANSI-C Compiler
                              3 ; Version 3.0.1 #6121 (Nov 17 2015) (CYGWIN)
                              4 ; This file was generated Sat Jan 27 13:24:50 2018
                              5 ;--------------------------------------------------------
                              6 	.module broadcast_announcement
                              7 	.optsdcc -mmcs51 --model-large
                              8 	
                              9 ;--------------------------------------------------------
                             10 ; Public variables in this module
                             11 ;--------------------------------------------------------
                             12 	.globl _broadcast_announcement_beacon_interval
                             13 	.globl _broadcast_announcement_stop
                             14 	.globl _broadcast_announcement_init
                             15 	.globl _IRCON2_P2IF
                             16 	.globl _IRCON2_UTX0IF
                             17 	.globl _IRCON2_UTX1IF
                             18 	.globl _IRCON2_P1IF
                             19 	.globl _IRCON2_WDTIF
                             20 	.globl _CY
                             21 	.globl _AC
                             22 	.globl _F0
                             23 	.globl _RS1
                             24 	.globl _RS0
                             25 	.globl _OV
                             26 	.globl _F1
                             27 	.globl _P
                             28 	.globl _IRCON_DMAIF
                             29 	.globl _IRCON_T1IF
                             30 	.globl _IRCON_T2IF
                             31 	.globl _IRCON_T3IF
                             32 	.globl _IRCON_T4IF
                             33 	.globl _IRCON_P0IF
                             34 	.globl _IRCON_STIF
                             35 	.globl _IEN1_DMAIE
                             36 	.globl _IEN1_T1IE
                             37 	.globl _IEN1_T2IE
                             38 	.globl _IEN1_T3IE
                             39 	.globl _IEN1_T4IE
                             40 	.globl _IEN1_P0IE
                             41 	.globl _IEN0_RFERRIE
                             42 	.globl _IEN0_ADCIE
                             43 	.globl _IEN0_URX0IE
                             44 	.globl _IEN0_URX1IE
                             45 	.globl _IEN0_ENCIE
                             46 	.globl _IEN0_STIE
                             47 	.globl _IEN0_EA
                             48 	.globl _EA
                             49 	.globl _P2_4
                             50 	.globl _P2_3
                             51 	.globl _P2_2
                             52 	.globl _P2_1
                             53 	.globl _P2_0
                             54 	.globl _S0CON_ENCIF_0
                             55 	.globl _S0CON_ENCIF_1
                             56 	.globl _P1_7
                             57 	.globl _P1_6
                             58 	.globl _P1_5
                             59 	.globl _P1_4
                             60 	.globl _P1_3
                             61 	.globl _P1_2
                             62 	.globl _P1_1
                             63 	.globl _P1_0
                             64 	.globl _TCON_IT0
                             65 	.globl _TCON_RFERRIF
                             66 	.globl _TCON_IT1
                             67 	.globl _TCON_URX0IF
                             68 	.globl _TCON_ADCIF
                             69 	.globl _TCON_URX1IF
                             70 	.globl _P0_0
                             71 	.globl _P0_1
                             72 	.globl _P0_2
                             73 	.globl _P0_3
                             74 	.globl _P0_4
                             75 	.globl _P0_5
                             76 	.globl _P0_6
                             77 	.globl _P0_7
                             78 	.globl _P2DIR
                             79 	.globl _P1DIR
                             80 	.globl _P0DIR
                             81 	.globl _U1GCR
                             82 	.globl _U1UCR
                             83 	.globl _U1BAUD
                             84 	.globl _U1BUF
                             85 	.globl _U1CSR
                             86 	.globl _P2INP
                             87 	.globl _P1INP
                             88 	.globl _P2SEL
                             89 	.globl _P1SEL
                             90 	.globl _P0SEL
                             91 	.globl _ADCCFG
                             92 	.globl _PERCFG
                             93 	.globl _B
                             94 	.globl _T4CC1
                             95 	.globl _T4CCTL1
                             96 	.globl _T4CC0
                             97 	.globl _T4CCTL0
                             98 	.globl _T4CTL
                             99 	.globl _T4CNT
                            100 	.globl _RFIF
                            101 	.globl _IRCON2
                            102 	.globl _T1CCTL2
                            103 	.globl _T1CCTL1
                            104 	.globl _T1CCTL0
                            105 	.globl _T1CTL
                            106 	.globl _T1CNTH
                            107 	.globl _T1CNTL
                            108 	.globl _RFST
                            109 	.globl _ACC
                            110 	.globl _T1CC2H
                            111 	.globl _T1CC2L
                            112 	.globl _T1CC1H
                            113 	.globl _T1CC1L
                            114 	.globl _T1CC0H
                            115 	.globl _T1CC0L
                            116 	.globl _RFD
                            117 	.globl _TIMIF
                            118 	.globl _DMAREQ
                            119 	.globl _DMAARM
                            120 	.globl _DMA0CFGH
                            121 	.globl _DMA0CFGL
                            122 	.globl _DMA1CFGH
                            123 	.globl _DMA1CFGL
                            124 	.globl _DMAIRQ
                            125 	.globl _PSW
                            126 	.globl _T3CC1
                            127 	.globl _T3CCTL1
                            128 	.globl _T3CC0
                            129 	.globl _T3CCTL0
                            130 	.globl _T3CTL
                            131 	.globl _T3CNT
                            132 	.globl _WDCTL
                            133 	.globl _T2CON
                            134 	.globl _MEMCTR
                            135 	.globl _CLKCON
                            136 	.globl _U0GCR
                            137 	.globl _U0UCR
                            138 	.globl _T2CNF
                            139 	.globl _U0BAUD
                            140 	.globl _U0BUF
                            141 	.globl _IRCON
                            142 	.globl _SLEEP
                            143 	.globl _RNDH
                            144 	.globl _RNDL
                            145 	.globl _ADCH
                            146 	.globl _ADCL
                            147 	.globl _IP1
                            148 	.globl _IEN1
                            149 	.globl _RCCTL
                            150 	.globl _ADCCON3
                            151 	.globl _ADCCON2
                            152 	.globl _ADCCON1
                            153 	.globl _ENCCS
                            154 	.globl _ENCDO
                            155 	.globl _ENCDI
                            156 	.globl _FWDATA
                            157 	.globl _FCTL
                            158 	.globl _FADDRH
                            159 	.globl _FADDRL
                            160 	.globl _FWT
                            161 	.globl _IP0
                            162 	.globl _IEN0
                            163 	.globl _IE
                            164 	.globl _T2THD
                            165 	.globl _T2TLD
                            166 	.globl _T2CAPHPH
                            167 	.globl _T2CAPLPL
                            168 	.globl _T2OF2
                            169 	.globl _T2OF1
                            170 	.globl _T2OF0
                            171 	.globl _P2
                            172 	.globl _PSBANK
                            173 	.globl _FMAP
                            174 	.globl _T2PEROF2
                            175 	.globl _T2PEROF1
                            176 	.globl _T2PEROF0
                            177 	.globl _S1CON
                            178 	.globl _IEN2
                            179 	.globl _HSRC
                            180 	.globl _S0CON
                            181 	.globl _ST2
                            182 	.globl _ST1
                            183 	.globl _ST0
                            184 	.globl _T2CMP
                            185 	.globl __XPAGE
                            186 	.globl _DPS
                            187 	.globl _RFIM
                            188 	.globl _P1
                            189 	.globl _P0INP
                            190 	.globl _P1IEN
                            191 	.globl _PICTL
                            192 	.globl _P2IFG
                            193 	.globl _P1IFG
                            194 	.globl _P0IFG
                            195 	.globl _TCON
                            196 	.globl _PCON
                            197 	.globl _U0CSR
                            198 	.globl _DPH1
                            199 	.globl _DPL1
                            200 	.globl _DPH0
                            201 	.globl _DPL0
                            202 	.globl _SP
                            203 	.globl _P0
                            204 	.globl _ADC_SHADOW
                            205 	.globl _U1BUF_SHADOW
                            206 	.globl _RFD_SHADOW
                            207 	.globl _U0BUF_SHADOW
                            208 	.globl _RFSTATUS
                            209 	.globl _CHIPID
                            210 	.globl _CHVER
                            211 	.globl _FSMTC1
                            212 	.globl _RXFIFOCNT
                            213 	.globl _IOCFG3
                            214 	.globl _IOCFG2
                            215 	.globl _IOCFG1
                            216 	.globl _IOCFG0
                            217 	.globl _SHORTADDRL
                            218 	.globl _SHORTADDRH
                            219 	.globl _PANIDL
                            220 	.globl _PANIDH
                            221 	.globl _IEEE_ADDR7
                            222 	.globl _IEEE_ADDR6
                            223 	.globl _IEEE_ADDR5
                            224 	.globl _IEEE_ADDR4
                            225 	.globl _IEEE_ADDR3
                            226 	.globl _IEEE_ADDR2
                            227 	.globl _IEEE_ADDR1
                            228 	.globl _IEEE_ADDR0
                            229 	.globl _DACTSTL
                            230 	.globl _DACTSTH
                            231 	.globl _ADCTSTL
                            232 	.globl _ADCTSTH
                            233 	.globl _FSMSTATE
                            234 	.globl _AGCCTRLL
                            235 	.globl _AGCCTRLH
                            236 	.globl _MANORL
                            237 	.globl _MANORH
                            238 	.globl _MANANDL
                            239 	.globl _MANANDH
                            240 	.globl _FSMTCL
                            241 	.globl _FSMTCH
                            242 	.globl _RFPWR
                            243 	.globl _CSPT
                            244 	.globl _CSPCTRL
                            245 	.globl _CSPZ
                            246 	.globl _CSPY
                            247 	.globl _CSPX
                            248 	.globl _FSCTRLL
                            249 	.globl _FSCTRLH
                            250 	.globl _RXCTRL1L
                            251 	.globl _RXCTRL1H
                            252 	.globl _RXCTRL0L
                            253 	.globl _RXCTRL0H
                            254 	.globl _TXCTRLL
                            255 	.globl _TXCTRLH
                            256 	.globl _SYNCWORDL
                            257 	.globl _SYNCWORDH
                            258 	.globl _RSSIL
                            259 	.globl _RSSIH
                            260 	.globl _MDMCTRL1L
                            261 	.globl _MDMCTRL1H
                            262 	.globl _MDMCTRL0L
                            263 	.globl _MDMCTRL0H
                            264 ;--------------------------------------------------------
                            265 ; special function registers
                            266 ;--------------------------------------------------------
                            267 	.area RSEG    (ABS,DATA)
   0000                     268 	.org 0x0000
                    0080    269 _P0	=	0x0080
                    0081    270 _SP	=	0x0081
                    0082    271 _DPL0	=	0x0082
                    0083    272 _DPH0	=	0x0083
                    0084    273 _DPL1	=	0x0084
                    0085    274 _DPH1	=	0x0085
                    0086    275 _U0CSR	=	0x0086
                    0087    276 _PCON	=	0x0087
                    0088    277 _TCON	=	0x0088
                    0089    278 _P0IFG	=	0x0089
                    008A    279 _P1IFG	=	0x008a
                    008B    280 _P2IFG	=	0x008b
                    008C    281 _PICTL	=	0x008c
                    008D    282 _P1IEN	=	0x008d
                    008F    283 _P0INP	=	0x008f
                    0090    284 _P1	=	0x0090
                    0091    285 _RFIM	=	0x0091
                    0092    286 _DPS	=	0x0092
                    0093    287 __XPAGE	=	0x0093
                    0094    288 _T2CMP	=	0x0094
                    0095    289 _ST0	=	0x0095
                    0096    290 _ST1	=	0x0096
                    0097    291 _ST2	=	0x0097
                    0098    292 _S0CON	=	0x0098
                    0099    293 _HSRC	=	0x0099
                    009A    294 _IEN2	=	0x009a
                    009B    295 _S1CON	=	0x009b
                    009C    296 _T2PEROF0	=	0x009c
                    009D    297 _T2PEROF1	=	0x009d
                    009E    298 _T2PEROF2	=	0x009e
                    009F    299 _FMAP	=	0x009f
                    009F    300 _PSBANK	=	0x009f
                    00A0    301 _P2	=	0x00a0
                    00A1    302 _T2OF0	=	0x00a1
                    00A2    303 _T2OF1	=	0x00a2
                    00A3    304 _T2OF2	=	0x00a3
                    00A4    305 _T2CAPLPL	=	0x00a4
                    00A5    306 _T2CAPHPH	=	0x00a5
                    00A6    307 _T2TLD	=	0x00a6
                    00A7    308 _T2THD	=	0x00a7
                    00A8    309 _IE	=	0x00a8
                    00A8    310 _IEN0	=	0x00a8
                    00A9    311 _IP0	=	0x00a9
                    00AB    312 _FWT	=	0x00ab
                    00AC    313 _FADDRL	=	0x00ac
                    00AD    314 _FADDRH	=	0x00ad
                    00AE    315 _FCTL	=	0x00ae
                    00AF    316 _FWDATA	=	0x00af
                    00B1    317 _ENCDI	=	0x00b1
                    00B2    318 _ENCDO	=	0x00b2
                    00B3    319 _ENCCS	=	0x00b3
                    00B4    320 _ADCCON1	=	0x00b4
                    00B5    321 _ADCCON2	=	0x00b5
                    00B6    322 _ADCCON3	=	0x00b6
                    00B7    323 _RCCTL	=	0x00b7
                    00B8    324 _IEN1	=	0x00b8
                    00B9    325 _IP1	=	0x00b9
                    00BA    326 _ADCL	=	0x00ba
                    00BB    327 _ADCH	=	0x00bb
                    00BC    328 _RNDL	=	0x00bc
                    00BD    329 _RNDH	=	0x00bd
                    00BE    330 _SLEEP	=	0x00be
                    00C0    331 _IRCON	=	0x00c0
                    00C1    332 _U0BUF	=	0x00c1
                    00C2    333 _U0BAUD	=	0x00c2
                    00C3    334 _T2CNF	=	0x00c3
                    00C4    335 _U0UCR	=	0x00c4
                    00C5    336 _U0GCR	=	0x00c5
                    00C6    337 _CLKCON	=	0x00c6
                    00C7    338 _MEMCTR	=	0x00c7
                    00C8    339 _T2CON	=	0x00c8
                    00C9    340 _WDCTL	=	0x00c9
                    00CA    341 _T3CNT	=	0x00ca
                    00CB    342 _T3CTL	=	0x00cb
                    00CC    343 _T3CCTL0	=	0x00cc
                    00CD    344 _T3CC0	=	0x00cd
                    00CE    345 _T3CCTL1	=	0x00ce
                    00CF    346 _T3CC1	=	0x00cf
                    00D0    347 _PSW	=	0x00d0
                    00D1    348 _DMAIRQ	=	0x00d1
                    00D2    349 _DMA1CFGL	=	0x00d2
                    00D3    350 _DMA1CFGH	=	0x00d3
                    00D4    351 _DMA0CFGL	=	0x00d4
                    00D5    352 _DMA0CFGH	=	0x00d5
                    00D6    353 _DMAARM	=	0x00d6
                    00D7    354 _DMAREQ	=	0x00d7
                    00D8    355 _TIMIF	=	0x00d8
                    00D9    356 _RFD	=	0x00d9
                    00DA    357 _T1CC0L	=	0x00da
                    00DB    358 _T1CC0H	=	0x00db
                    00DC    359 _T1CC1L	=	0x00dc
                    00DD    360 _T1CC1H	=	0x00dd
                    00DE    361 _T1CC2L	=	0x00de
                    00DF    362 _T1CC2H	=	0x00df
                    00E0    363 _ACC	=	0x00e0
                    00E1    364 _RFST	=	0x00e1
                    00E2    365 _T1CNTL	=	0x00e2
                    00E3    366 _T1CNTH	=	0x00e3
                    00E4    367 _T1CTL	=	0x00e4
                    00E5    368 _T1CCTL0	=	0x00e5
                    00E6    369 _T1CCTL1	=	0x00e6
                    00E7    370 _T1CCTL2	=	0x00e7
                    00E8    371 _IRCON2	=	0x00e8
                    00E9    372 _RFIF	=	0x00e9
                    00EA    373 _T4CNT	=	0x00ea
                    00EB    374 _T4CTL	=	0x00eb
                    00EC    375 _T4CCTL0	=	0x00ec
                    00ED    376 _T4CC0	=	0x00ed
                    00EE    377 _T4CCTL1	=	0x00ee
                    00EF    378 _T4CC1	=	0x00ef
                    00F0    379 _B	=	0x00f0
                    00F1    380 _PERCFG	=	0x00f1
                    00F2    381 _ADCCFG	=	0x00f2
                    00F3    382 _P0SEL	=	0x00f3
                    00F4    383 _P1SEL	=	0x00f4
                    00F5    384 _P2SEL	=	0x00f5
                    00F6    385 _P1INP	=	0x00f6
                    00F7    386 _P2INP	=	0x00f7
                    00F8    387 _U1CSR	=	0x00f8
                    00F9    388 _U1BUF	=	0x00f9
                    00FA    389 _U1BAUD	=	0x00fa
                    00FB    390 _U1UCR	=	0x00fb
                    00FC    391 _U1GCR	=	0x00fc
                    00FD    392 _P0DIR	=	0x00fd
                    00FE    393 _P1DIR	=	0x00fe
                    00FF    394 _P2DIR	=	0x00ff
                            395 ;--------------------------------------------------------
                            396 ; special function bits
                            397 ;--------------------------------------------------------
                            398 	.area RSEG    (ABS,DATA)
   0000                     399 	.org 0x0000
                    0087    400 _P0_7	=	0x0087
                    0086    401 _P0_6	=	0x0086
                    0085    402 _P0_5	=	0x0085
                    0084    403 _P0_4	=	0x0084
                    0083    404 _P0_3	=	0x0083
                    0082    405 _P0_2	=	0x0082
                    0081    406 _P0_1	=	0x0081
                    0080    407 _P0_0	=	0x0080
                    008F    408 _TCON_URX1IF	=	0x008f
                    008D    409 _TCON_ADCIF	=	0x008d
                    008B    410 _TCON_URX0IF	=	0x008b
                    008A    411 _TCON_IT1	=	0x008a
                    0089    412 _TCON_RFERRIF	=	0x0089
                    0088    413 _TCON_IT0	=	0x0088
                    0090    414 _P1_0	=	0x0090
                    0091    415 _P1_1	=	0x0091
                    0092    416 _P1_2	=	0x0092
                    0093    417 _P1_3	=	0x0093
                    0094    418 _P1_4	=	0x0094
                    0095    419 _P1_5	=	0x0095
                    0096    420 _P1_6	=	0x0096
                    0097    421 _P1_7	=	0x0097
                    0099    422 _S0CON_ENCIF_1	=	0x0099
                    0098    423 _S0CON_ENCIF_0	=	0x0098
                    00A0    424 _P2_0	=	0x00a0
                    00A1    425 _P2_1	=	0x00a1
                    00A2    426 _P2_2	=	0x00a2
                    00A3    427 _P2_3	=	0x00a3
                    00A4    428 _P2_4	=	0x00a4
                    00AF    429 _EA	=	0x00af
                    00AF    430 _IEN0_EA	=	0x00af
                    00AD    431 _IEN0_STIE	=	0x00ad
                    00AC    432 _IEN0_ENCIE	=	0x00ac
                    00AB    433 _IEN0_URX1IE	=	0x00ab
                    00AA    434 _IEN0_URX0IE	=	0x00aa
                    00A9    435 _IEN0_ADCIE	=	0x00a9
                    00A8    436 _IEN0_RFERRIE	=	0x00a8
                    00BD    437 _IEN1_P0IE	=	0x00bd
                    00BC    438 _IEN1_T4IE	=	0x00bc
                    00BB    439 _IEN1_T3IE	=	0x00bb
                    00BA    440 _IEN1_T2IE	=	0x00ba
                    00B9    441 _IEN1_T1IE	=	0x00b9
                    00B8    442 _IEN1_DMAIE	=	0x00b8
                    00C7    443 _IRCON_STIF	=	0x00c7
                    00C5    444 _IRCON_P0IF	=	0x00c5
                    00C4    445 _IRCON_T4IF	=	0x00c4
                    00C3    446 _IRCON_T3IF	=	0x00c3
                    00C2    447 _IRCON_T2IF	=	0x00c2
                    00C1    448 _IRCON_T1IF	=	0x00c1
                    00C0    449 _IRCON_DMAIF	=	0x00c0
                    00D0    450 _P	=	0x00d0
                    00D1    451 _F1	=	0x00d1
                    00D2    452 _OV	=	0x00d2
                    00D3    453 _RS0	=	0x00d3
                    00D4    454 _RS1	=	0x00d4
                    00D5    455 _F0	=	0x00d5
                    00D6    456 _AC	=	0x00d6
                    00D7    457 _CY	=	0x00d7
                    00EC    458 _IRCON2_WDTIF	=	0x00ec
                    00EB    459 _IRCON2_P1IF	=	0x00eb
                    00EA    460 _IRCON2_UTX1IF	=	0x00ea
                    00E9    461 _IRCON2_UTX0IF	=	0x00e9
                    00E8    462 _IRCON2_P2IF	=	0x00e8
                            463 ;--------------------------------------------------------
                            464 ; overlayable register banks
                            465 ;--------------------------------------------------------
                            466 	.area REG_BANK_0	(REL,OVR,DATA)
   0000                     467 	.ds 8
                            468 ;--------------------------------------------------------
                            469 ; internal ram data
                            470 ;--------------------------------------------------------
                            471 	.area DSEG    (DATA)
                            472 ;--------------------------------------------------------
                            473 ; overlayable items in internal ram 
                            474 ;--------------------------------------------------------
                            475 	.area OSEG    (OVR,DATA)
                            476 ;--------------------------------------------------------
                            477 ; indirectly addressable internal ram data
                            478 ;--------------------------------------------------------
                            479 	.area ISEG    (DATA)
                            480 ;--------------------------------------------------------
                            481 ; absolute internal ram data
                            482 ;--------------------------------------------------------
                            483 	.area IABS    (ABS,DATA)
                            484 	.area IABS    (ABS,DATA)
                            485 ;--------------------------------------------------------
                            486 ; bit data
                            487 ;--------------------------------------------------------
                            488 	.area BSEG    (BIT)
                            489 ;--------------------------------------------------------
                            490 ; paged external ram data
                            491 ;--------------------------------------------------------
                            492 	.area PSEG    (PAG,XDATA)
                            493 ;--------------------------------------------------------
                            494 ; external ram data
                            495 ;--------------------------------------------------------
                            496 	.area XSEG    (XDATA)
                    DF02    497 _MDMCTRL0H	=	0xdf02
                    DF03    498 _MDMCTRL0L	=	0xdf03
                    DF04    499 _MDMCTRL1H	=	0xdf04
                    DF05    500 _MDMCTRL1L	=	0xdf05
                    DF06    501 _RSSIH	=	0xdf06
                    DF07    502 _RSSIL	=	0xdf07
                    DF08    503 _SYNCWORDH	=	0xdf08
                    DF09    504 _SYNCWORDL	=	0xdf09
                    DF0A    505 _TXCTRLH	=	0xdf0a
                    DF0B    506 _TXCTRLL	=	0xdf0b
                    DF0C    507 _RXCTRL0H	=	0xdf0c
                    DF0D    508 _RXCTRL0L	=	0xdf0d
                    DF0E    509 _RXCTRL1H	=	0xdf0e
                    DF0F    510 _RXCTRL1L	=	0xdf0f
                    DF10    511 _FSCTRLH	=	0xdf10
                    DF11    512 _FSCTRLL	=	0xdf11
                    DF12    513 _CSPX	=	0xdf12
                    DF13    514 _CSPY	=	0xdf13
                    DF14    515 _CSPZ	=	0xdf14
                    DF15    516 _CSPCTRL	=	0xdf15
                    DF16    517 _CSPT	=	0xdf16
                    DF17    518 _RFPWR	=	0xdf17
                    DF20    519 _FSMTCH	=	0xdf20
                    DF21    520 _FSMTCL	=	0xdf21
                    DF22    521 _MANANDH	=	0xdf22
                    DF23    522 _MANANDL	=	0xdf23
                    DF24    523 _MANORH	=	0xdf24
                    DF25    524 _MANORL	=	0xdf25
                    DF26    525 _AGCCTRLH	=	0xdf26
                    DF27    526 _AGCCTRLL	=	0xdf27
                    DF39    527 _FSMSTATE	=	0xdf39
                    DF3A    528 _ADCTSTH	=	0xdf3a
                    DF3B    529 _ADCTSTL	=	0xdf3b
                    DF3C    530 _DACTSTH	=	0xdf3c
                    DF3D    531 _DACTSTL	=	0xdf3d
                    DF43    532 _IEEE_ADDR0	=	0xdf43
                    DF44    533 _IEEE_ADDR1	=	0xdf44
                    DF45    534 _IEEE_ADDR2	=	0xdf45
                    DF46    535 _IEEE_ADDR3	=	0xdf46
                    DF47    536 _IEEE_ADDR4	=	0xdf47
                    DF48    537 _IEEE_ADDR5	=	0xdf48
                    DF49    538 _IEEE_ADDR6	=	0xdf49
                    DF4A    539 _IEEE_ADDR7	=	0xdf4a
                    DF4B    540 _PANIDH	=	0xdf4b
                    DF4C    541 _PANIDL	=	0xdf4c
                    DF4D    542 _SHORTADDRH	=	0xdf4d
                    DF4E    543 _SHORTADDRL	=	0xdf4e
                    DF4F    544 _IOCFG0	=	0xdf4f
                    DF50    545 _IOCFG1	=	0xdf50
                    DF51    546 _IOCFG2	=	0xdf51
                    DF52    547 _IOCFG3	=	0xdf52
                    DF53    548 _RXFIFOCNT	=	0xdf53
                    DF54    549 _FSMTC1	=	0xdf54
                    DF60    550 _CHVER	=	0xdf60
                    DF61    551 _CHIPID	=	0xdf61
                    DF62    552 _RFSTATUS	=	0xdf62
                    DFC1    553 _U0BUF_SHADOW	=	0xdfc1
                    DFD9    554 _RFD_SHADOW	=	0xdfd9
                    DFF9    555 _U1BUF_SHADOW	=	0xdff9
                    DFBA    556 _ADC_SHADOW	=	0xdfba
   0000                     557 _c:
   0000                     558 	.ds 67
                            559 ;--------------------------------------------------------
                            560 ; absolute external ram data
                            561 ;--------------------------------------------------------
                            562 	.area XABS    (ABS,XDATA)
                            563 ;--------------------------------------------------------
                            564 ; external initialized ram data
                            565 ;--------------------------------------------------------
                            566 	.area XISEG   (XDATA)
   0000                     567 _broadcast_callbacks:
   0000                     568 	.ds 4
                            569 	.area HOME    (CODE)
                            570 	.area GSINIT0 (CODE)
                            571 	.area GSINIT1 (CODE)
                            572 	.area GSINIT2 (CODE)
                            573 	.area GSINIT3 (CODE)
                            574 	.area GSINIT4 (CODE)
                            575 	.area GSINIT5 (CODE)
                            576 	.area GSINIT  (CODE)
                            577 	.area GSFINAL (CODE)
                            578 	.area CSEG    (CODE)
                            579 ;--------------------------------------------------------
                            580 ; global & static initialisations
                            581 ;--------------------------------------------------------
                            582 	.area HOME    (CODE)
                            583 	.area GSINIT  (CODE)
                            584 	.area GSFINAL (CODE)
                            585 	.area GSINIT  (CODE)
                            586 ;--------------------------------------------------------
                            587 ; Home
                            588 ;--------------------------------------------------------
                            589 	.area HOME    (CODE)
                            590 	.area HOME    (CODE)
                            591 ;--------------------------------------------------------
                            592 ; code
                            593 ;--------------------------------------------------------
                            594 	.area CSEG    (CODE)
                            595 ;------------------------------------------------------------
                            596 ;Allocation info for local variables in function 'send_adv'
                            597 ;------------------------------------------------------------
                            598 ;ptr                       Allocated to registers 
                            599 ;adata                     Allocated to stack - offset 1
                            600 ;a                         Allocated to stack - offset 4
                            601 ;sloc0                     Allocated to stack - offset 7
                            602 ;sloc1                     Allocated to stack - offset 9
                            603 ;------------------------------------------------------------
                            604 ;	../../../core/net/rime/broadcast-announcement.c:101: send_adv(void *ptr)
                            605 ;	-----------------------------------------
                            606 ;	 function send_adv
                            607 ;	-----------------------------------------
   0000                     608 _send_adv:
                    0002    609 	ar2 = 0x02
                    0003    610 	ar3 = 0x03
                    0004    611 	ar4 = 0x04
                    0005    612 	ar5 = 0x05
                    0006    613 	ar6 = 0x06
                    0007    614 	ar7 = 0x07
                    0000    615 	ar0 = 0x00
                    0001    616 	ar1 = 0x01
   0000 C0*00               617 	push	_bp
   0002 E5 81               618 	mov	a,sp
   0004 F5*00               619 	mov	_bp,a
   0006 24 0B               620 	add	a,#0x0b
   0008 F5 81               621 	mov	sp,a
                            622 ;	../../../core/net/rime/broadcast-announcement.c:106: packetbuf_clear();
   000A 12s00r00            623 	lcall	_packetbuf_clear
                            624 ;	../../../core/net/rime/broadcast-announcement.c:107: adata = packetbuf_dataptr();
   000D 12s00r00            625 	lcall	_packetbuf_dataptr
   0010 AA 82               626 	mov	r2,dpl
   0012 AB 83               627 	mov	r3,dph
   0014 AC F0               628 	mov	r4,b
   0016 A8*00               629 	mov	r0,_bp
   0018 08                  630 	inc	r0
   0019 A6 02               631 	mov	@r0,ar2
   001B 08                  632 	inc	r0
   001C A6 03               633 	mov	@r0,ar3
   001E 08                  634 	inc	r0
   001F A6 04               635 	mov	@r0,ar4
                            636 ;	../../../core/net/rime/broadcast-announcement.c:108: adata->num = 0;
   0021 A8*00               637 	mov	r0,_bp
   0023 08                  638 	inc	r0
   0024 86 82               639 	mov	dpl,@r0
   0026 08                  640 	inc	r0
   0027 86 83               641 	mov	dph,@r0
   0029 08                  642 	inc	r0
   002A 86 F0               643 	mov	b,@r0
   002C E4                  644 	clr	a
   002D 12s00r00            645 	lcall	__gptrput
   0030 A3                  646 	inc	dptr
   0031 E4                  647 	clr	a
   0032 12s00r00            648 	lcall	__gptrput
                            649 ;	../../../core/net/rime/broadcast-announcement.c:109: for(a = announcement_list(); a != NULL && a->has_value; a = list_item_next(a)) {
   0035 12s00r00            650 	lcall	_announcement_list
   0038 AD 82               651 	mov	r5,dpl
   003A AE 83               652 	mov	r6,dph
   003C AF F0               653 	mov	r7,b
   003E E5*00               654 	mov	a,_bp
   0040 24 04               655 	add	a,#0x04
   0042 F8                  656 	mov	r0,a
   0043 A6 05               657 	mov	@r0,ar5
   0045 08                  658 	inc	r0
   0046 A6 06               659 	mov	@r0,ar6
   0048 08                  660 	inc	r0
   0049 A6 07               661 	mov	@r0,ar7
   004B A8*00               662 	mov	r0,_bp
   004D 08                  663 	inc	r0
   004E 74 02               664 	mov	a,#0x02
   0050 26                  665 	add	a,@r0
   0051 FD                  666 	mov	r5,a
   0052 E4                  667 	clr	a
   0053 08                  668 	inc	r0
   0054 36                  669 	addc	a,@r0
   0055 FE                  670 	mov	r6,a
   0056 08                  671 	inc	r0
   0057 86 07               672 	mov	ar7,@r0
   0059                     673 00104$:
   0059 E5*00               674 	mov	a,_bp
   005B 24 04               675 	add	a,#0x04
   005D F8                  676 	mov	r0,a
   005E B6 00 0B            677 	cjne	@r0,#0x00,00114$
   0061 08                  678 	inc	r0
   0062 B6 00 07            679 	cjne	@r0,#0x00,00114$
   0065 08                  680 	inc	r0
   0066 B6 00 03            681 	cjne	@r0,#0x00,00114$
   0069 02s01rB6            682 	ljmp	00107$
   006C                     683 00114$:
   006C C0 05               684 	push	ar5
   006E C0 06               685 	push	ar6
   0070 C0 07               686 	push	ar7
   0072 E5*00               687 	mov	a,_bp
   0074 24 04               688 	add	a,#0x04
   0076 F8                  689 	mov	r0,a
   0077 74 09               690 	mov	a,#0x09
   0079 26                  691 	add	a,@r0
   007A FD                  692 	mov	r5,a
   007B E4                  693 	clr	a
   007C 08                  694 	inc	r0
   007D 36                  695 	addc	a,@r0
   007E FE                  696 	mov	r6,a
   007F 08                  697 	inc	r0
   0080 86 07               698 	mov	ar7,@r0
   0082 8D 82               699 	mov	dpl,r5
   0084 8E 83               700 	mov	dph,r6
   0086 8F F0               701 	mov	b,r7
   0088 12s00r00            702 	lcall	__gptrget
   008B D0 07               703 	pop	ar7
   008D D0 06               704 	pop	ar6
   008F D0 05               705 	pop	ar5
   0091 70 03               706 	jnz	00115$
   0093 02s01rB6            707 	ljmp	00107$
   0096                     708 00115$:
                            709 ;	../../../core/net/rime/broadcast-announcement.c:110: adata->data[adata->num].id = a->id;
   0096 A8*00               710 	mov	r0,_bp
   0098 08                  711 	inc	r0
   0099 86 82               712 	mov	dpl,@r0
   009B 08                  713 	inc	r0
   009C 86 83               714 	mov	dph,@r0
   009E 08                  715 	inc	r0
   009F 86 F0               716 	mov	b,@r0
   00A1 12s00r00            717 	lcall	__gptrget
   00A4 FA                  718 	mov	r2,a
   00A5 A3                  719 	inc	dptr
   00A6 12s00r00            720 	lcall	__gptrget
   00A9 FB                  721 	mov	r3,a
   00AA E5*00               722 	mov	a,_bp
   00AC 24 07               723 	add	a,#0x07
   00AE F8                  724 	mov	r0,a
   00AF A6 02               725 	mov	@r0,ar2
   00B1 EB                  726 	mov	a,r3
   00B2 C6                  727 	xch	a,@r0
   00B3 25 E0               728 	add	a,acc
   00B5 C6                  729 	xch	a,@r0
   00B6 33                  730 	rlc	a
   00B7 C6                  731 	xch	a,@r0
   00B8 25 E0               732 	add	a,acc
   00BA C6                  733 	xch	a,@r0
   00BB 33                  734 	rlc	a
   00BC 08                  735 	inc	r0
   00BD F6                  736 	mov	@r0,a
   00BE E5*00               737 	mov	a,_bp
   00C0 24 07               738 	add	a,#0x07
   00C2 F8                  739 	mov	r0,a
   00C3 E5*00               740 	mov	a,_bp
   00C5 24 09               741 	add	a,#0x09
   00C7 F9                  742 	mov	r1,a
   00C8 E6                  743 	mov	a,@r0
   00C9 2D                  744 	add	a,r5
   00CA F7                  745 	mov	@r1,a
   00CB 08                  746 	inc	r0
   00CC E6                  747 	mov	a,@r0
   00CD 3E                  748 	addc	a,r6
   00CE 09                  749 	inc	r1
   00CF F7                  750 	mov	@r1,a
   00D0 09                  751 	inc	r1
   00D1 A7 07               752 	mov	@r1,ar7
   00D3 E5*00               753 	mov	a,_bp
   00D5 24 04               754 	add	a,#0x04
   00D7 F8                  755 	mov	r0,a
   00D8 74 03               756 	mov	a,#0x03
   00DA 26                  757 	add	a,@r0
   00DB FA                  758 	mov	r2,a
   00DC E4                  759 	clr	a
   00DD 08                  760 	inc	r0
   00DE 36                  761 	addc	a,@r0
   00DF FB                  762 	mov	r3,a
   00E0 08                  763 	inc	r0
   00E1 86 04               764 	mov	ar4,@r0
   00E3 8A 82               765 	mov	dpl,r2
   00E5 8B 83               766 	mov	dph,r3
   00E7 8C F0               767 	mov	b,r4
   00E9 12s00r00            768 	lcall	__gptrget
   00EC FA                  769 	mov	r2,a
   00ED A3                  770 	inc	dptr
   00EE 12s00r00            771 	lcall	__gptrget
   00F1 FB                  772 	mov	r3,a
   00F2 E5*00               773 	mov	a,_bp
   00F4 24 09               774 	add	a,#0x09
   00F6 F8                  775 	mov	r0,a
   00F7 86 82               776 	mov	dpl,@r0
   00F9 08                  777 	inc	r0
   00FA 86 83               778 	mov	dph,@r0
   00FC 08                  779 	inc	r0
   00FD 86 F0               780 	mov	b,@r0
   00FF EA                  781 	mov	a,r2
   0100 12s00r00            782 	lcall	__gptrput
   0103 A3                  783 	inc	dptr
   0104 EB                  784 	mov	a,r3
   0105 12s00r00            785 	lcall	__gptrput
                            786 ;	../../../core/net/rime/broadcast-announcement.c:111: adata->data[adata->num].value = a->value;
   0108 E5*00               787 	mov	a,_bp
   010A 24 07               788 	add	a,#0x07
   010C F8                  789 	mov	r0,a
   010D E6                  790 	mov	a,@r0
   010E 2D                  791 	add	a,r5
   010F FA                  792 	mov	r2,a
   0110 08                  793 	inc	r0
   0111 E6                  794 	mov	a,@r0
   0112 3E                  795 	addc	a,r6
   0113 FB                  796 	mov	r3,a
   0114 8F 04               797 	mov	ar4,r7
   0116 74 02               798 	mov	a,#0x02
   0118 2A                  799 	add	a,r2
   0119 FA                  800 	mov	r2,a
   011A E4                  801 	clr	a
   011B 3B                  802 	addc	a,r3
   011C FB                  803 	mov	r3,a
   011D C0 05               804 	push	ar5
   011F C0 06               805 	push	ar6
   0121 C0 07               806 	push	ar7
   0123 E5*00               807 	mov	a,_bp
   0125 24 04               808 	add	a,#0x04
   0127 F8                  809 	mov	r0,a
   0128 74 05               810 	mov	a,#0x05
   012A 26                  811 	add	a,@r0
   012B FD                  812 	mov	r5,a
   012C E4                  813 	clr	a
   012D 08                  814 	inc	r0
   012E 36                  815 	addc	a,@r0
   012F FE                  816 	mov	r6,a
   0130 08                  817 	inc	r0
   0131 86 07               818 	mov	ar7,@r0
   0133 8D 82               819 	mov	dpl,r5
   0135 8E 83               820 	mov	dph,r6
   0137 8F F0               821 	mov	b,r7
   0139 12s00r00            822 	lcall	__gptrget
   013C FD                  823 	mov	r5,a
   013D A3                  824 	inc	dptr
   013E 12s00r00            825 	lcall	__gptrget
   0141 FE                  826 	mov	r6,a
   0142 8A 82               827 	mov	dpl,r2
   0144 8B 83               828 	mov	dph,r3
   0146 8C F0               829 	mov	b,r4
   0148 ED                  830 	mov	a,r5
   0149 12s00r00            831 	lcall	__gptrput
   014C A3                  832 	inc	dptr
   014D EE                  833 	mov	a,r6
   014E 12s00r00            834 	lcall	__gptrput
                            835 ;	../../../core/net/rime/broadcast-announcement.c:112: adata->num++;
   0151 A8*00               836 	mov	r0,_bp
   0153 08                  837 	inc	r0
   0154 86 82               838 	mov	dpl,@r0
   0156 08                  839 	inc	r0
   0157 86 83               840 	mov	dph,@r0
   0159 08                  841 	inc	r0
   015A 86 F0               842 	mov	b,@r0
   015C 12s00r00            843 	lcall	__gptrget
   015F FA                  844 	mov	r2,a
   0160 A3                  845 	inc	dptr
   0161 12s00r00            846 	lcall	__gptrget
   0164 FB                  847 	mov	r3,a
   0165 0A                  848 	inc	r2
   0166 BA 00 01            849 	cjne	r2,#0x00,00116$
   0169 0B                  850 	inc	r3
   016A                     851 00116$:
   016A A8*00               852 	mov	r0,_bp
   016C 08                  853 	inc	r0
   016D 86 82               854 	mov	dpl,@r0
   016F 08                  855 	inc	r0
   0170 86 83               856 	mov	dph,@r0
   0172 08                  857 	inc	r0
   0173 86 F0               858 	mov	b,@r0
   0175 EA                  859 	mov	a,r2
   0176 12s00r00            860 	lcall	__gptrput
   0179 A3                  861 	inc	dptr
   017A EB                  862 	mov	a,r3
   017B 12s00r00            863 	lcall	__gptrput
                            864 ;	../../../core/net/rime/broadcast-announcement.c:109: for(a = announcement_list(); a != NULL && a->has_value; a = list_item_next(a)) {
   017E E5*00               865 	mov	a,_bp
   0180 24 04               866 	add	a,#0x04
   0182 F8                  867 	mov	r0,a
   0183 86 82               868 	mov	dpl,@r0
   0185 08                  869 	inc	r0
   0186 86 83               870 	mov	dph,@r0
   0188 08                  871 	inc	r0
   0189 86 F0               872 	mov	b,@r0
   018B C0 05               873 	push	ar5
   018D C0 06               874 	push	ar6
   018F C0 07               875 	push	ar7
   0191 12s00r00            876 	lcall	_list_item_next
   0194 AA 82               877 	mov	r2,dpl
   0196 AB 83               878 	mov	r3,dph
   0198 AC F0               879 	mov	r4,b
   019A D0 07               880 	pop	ar7
   019C D0 06               881 	pop	ar6
   019E D0 05               882 	pop	ar5
   01A0 E5*00               883 	mov	a,_bp
   01A2 24 04               884 	add	a,#0x04
   01A4 F8                  885 	mov	r0,a
   01A5 A6 02               886 	mov	@r0,ar2
   01A7 08                  887 	inc	r0
   01A8 A6 03               888 	mov	@r0,ar3
   01AA 08                  889 	inc	r0
   01AB A6 04               890 	mov	@r0,ar4
   01AD D0 07               891 	pop	ar7
   01AF D0 06               892 	pop	ar6
   01B1 D0 05               893 	pop	ar5
   01B3 02s00r59            894 	ljmp	00104$
   01B6                     895 00107$:
                            896 ;	../../../core/net/rime/broadcast-announcement.c:116: sizeof(struct announcement_data) * adata->num);
   01B6 A8*00               897 	mov	r0,_bp
   01B8 08                  898 	inc	r0
   01B9 86 82               899 	mov	dpl,@r0
   01BB 08                  900 	inc	r0
   01BC 86 83               901 	mov	dph,@r0
   01BE 08                  902 	inc	r0
   01BF 86 F0               903 	mov	b,@r0
   01C1 12s00r00            904 	lcall	__gptrget
   01C4 FA                  905 	mov	r2,a
   01C5 A3                  906 	inc	dptr
   01C6 12s00r00            907 	lcall	__gptrget
   01C9 CA                  908 	xch	a,r2
   01CA 25 E0               909 	add	a,acc
   01CC CA                  910 	xch	a,r2
   01CD 33                  911 	rlc	a
   01CE CA                  912 	xch	a,r2
   01CF 25 E0               913 	add	a,acc
   01D1 CA                  914 	xch	a,r2
   01D2 33                  915 	rlc	a
   01D3 FB                  916 	mov	r3,a
   01D4 74 02               917 	mov	a,#0x02
   01D6 2A                  918 	add	a,r2
   01D7 FA                  919 	mov	r2,a
   01D8 E4                  920 	clr	a
   01D9 3B                  921 	addc	a,r3
   01DA FB                  922 	mov	r3,a
   01DB 8A 82               923 	mov	dpl,r2
   01DD 8B 83               924 	mov	dph,r3
   01DF 12s00r00            925 	lcall	_packetbuf_set_datalen
                            926 ;	../../../core/net/rime/broadcast-announcement.c:121: if(adata->num > 0) {
   01E2 A8*00               927 	mov	r0,_bp
   01E4 08                  928 	inc	r0
   01E5 86 82               929 	mov	dpl,@r0
   01E7 08                  930 	inc	r0
   01E8 86 83               931 	mov	dph,@r0
   01EA 08                  932 	inc	r0
   01EB 86 F0               933 	mov	b,@r0
   01ED 12s00r00            934 	lcall	__gptrget
   01F0 FA                  935 	mov	r2,a
   01F1 A3                  936 	inc	dptr
   01F2 12s00r00            937 	lcall	__gptrget
   01F5 FB                  938 	mov	r3,a
   01F6 4A                  939 	orl	a,r2
   01F7 60 09               940 	jz	00108$
                            941 ;	../../../core/net/rime/broadcast-announcement.c:123: broadcast_send(&c.c);
   01F9 90s00r00            942 	mov	dptr,#_c
   01FC 75 F0 00            943 	mov	b,#0x00
   01FF 12s00r00            944 	lcall	_broadcast_send
   0202                     945 00108$:
   0202 85*00 81            946 	mov	sp,_bp
   0205 D0*00               947 	pop	_bp
   0207 22                  948 	ret
                            949 ;------------------------------------------------------------
                            950 ;Allocation info for local variables in function 'adv_packet_received'
                            951 ;------------------------------------------------------------
                            952 ;from                      Allocated to stack - offset -5
                            953 ;ibc                       Allocated to registers 
                            954 ;adata                     Allocated to stack - offset 1
                            955 ;i                         Allocated to stack - offset 3
                            956 ;data                      Allocated to stack - offset 5
                            957 ;sloc0                     Allocated to stack - offset 9
                            958 ;------------------------------------------------------------
                            959 ;	../../../core/net/rime/broadcast-announcement.c:131: adv_packet_received(struct broadcast_conn *ibc, const rimeaddr_t *from)
                            960 ;	-----------------------------------------
                            961 ;	 function adv_packet_received
                            962 ;	-----------------------------------------
   0208                     963 _adv_packet_received:
   0208 C0*00               964 	push	_bp
   020A E5 81               965 	mov	a,sp
   020C F5*00               966 	mov	_bp,a
   020E 24 0B               967 	add	a,#0x0b
   0210 F5 81               968 	mov	sp,a
                            969 ;	../../../core/net/rime/broadcast-announcement.c:137: memcpy(&adata, packetbuf_dataptr(), sizeof(struct announcement_msg));
   0212 12s00r00            970 	lcall	_packetbuf_dataptr
   0215 AA 82               971 	mov	r2,dpl
   0217 AB 83               972 	mov	r3,dph
   0219 AC F0               973 	mov	r4,b
   021B AD*00               974 	mov	r5,_bp
   021D 0D                  975 	inc	r5
   021E 7E 00               976 	mov	r6,#0x00
   0220 7F 40               977 	mov	r7,#0x40
   0222 74 02               978 	mov	a,#0x02
   0224 C0 E0               979 	push	acc
   0226 E4                  980 	clr	a
   0227 C0 E0               981 	push	acc
   0229 C0 02               982 	push	ar2
   022B C0 03               983 	push	ar3
   022D C0 04               984 	push	ar4
   022F 8D 82               985 	mov	dpl,r5
   0231 8E 83               986 	mov	dph,r6
   0233 8F F0               987 	mov	b,r7
   0235 12s00r00            988 	lcall	_memcpy
   0238 E5 81               989 	mov	a,sp
   023A 24 FB               990 	add	a,#0xfb
   023C F5 81               991 	mov	sp,a
                            992 ;	../../../core/net/rime/broadcast-announcement.c:142: if(adata.num / sizeof(struct announcement_data) > sizeof(struct announcement_msg)) {
   023E A8*00               993 	mov	r0,_bp
   0240 08                  994 	inc	r0
   0241 86 02               995 	mov	ar2,@r0
   0243 08                  996 	inc	r0
   0244 86 03               997 	mov	ar3,@r0
   0246 18                  998 	dec	r0
   0247 8A 04               999 	mov	ar4,r2
   0249 EB                 1000 	mov	a,r3
   024A C3                 1001 	clr	c
   024B 13                 1002 	rrc	a
   024C CC                 1003 	xch	a,r4
   024D 13                 1004 	rrc	a
   024E CC                 1005 	xch	a,r4
   024F C3                 1006 	clr	c
   0250 13                 1007 	rrc	a
   0251 CC                 1008 	xch	a,r4
   0252 13                 1009 	rrc	a
   0253 CC                 1010 	xch	a,r4
   0254 FD                 1011 	mov	r5,a
   0255 C3                 1012 	clr	c
   0256 74 02              1013 	mov	a,#0x02
   0258 9C                 1014 	subb	a,r4
   0259 E4                 1015 	clr	a
   025A 9D                 1016 	subb	a,r5
   025B 50 1C              1017 	jnc	00111$
                           1018 ;	../../../core/net/rime/broadcast-announcement.c:145: printf("adata.num way out there: %d\n", adata.num);
   025D C0 02              1019 	push	ar2
   025F C0 03              1020 	push	ar3
   0261 74r00              1021 	mov	a,#__str_0
   0263 C0 E0              1022 	push	acc
   0265 74s00              1023 	mov	a,#(__str_0 >> 8)
   0267 C0 E0              1024 	push	acc
   0269 74 80              1025 	mov	a,#0x80
   026B C0 E0              1026 	push	acc
   026D 12s00r00           1027 	lcall	_printf
   0270 E5 81              1028 	mov	a,sp
   0272 24 FB              1029 	add	a,#0xfb
   0274 F5 81              1030 	mov	sp,a
                           1031 ;	../../../core/net/rime/broadcast-announcement.c:146: return;
   0276 02s03rA0           1032 	ljmp	00107$
                           1033 ;	../../../core/net/rime/broadcast-announcement.c:149: for(i = 0; i < adata.num; ++i) {
   0279                    1034 00111$:
   0279 E5*00              1035 	mov	a,_bp
   027B 24 03              1036 	add	a,#0x03
   027D F9                 1037 	mov	r1,a
   027E E4                 1038 	clr	a
   027F F7                 1039 	mov	@r1,a
   0280 09                 1040 	inc	r1
   0281 F7                 1041 	mov	@r1,a
   0282                    1042 00103$:
   0282 86 04              1043 	mov	ar4,@r0
   0284 08                 1044 	inc	r0
   0285 86 05              1045 	mov	ar5,@r0
   0287 18                 1046 	dec	r0
   0288 E5*00              1047 	mov	a,_bp
   028A 24 03              1048 	add	a,#0x03
   028C F9                 1049 	mov	r1,a
   028D 87 06              1050 	mov	ar6,@r1
   028F 09                 1051 	inc	r1
   0290 87 07              1052 	mov	ar7,@r1
   0292 C3                 1053 	clr	c
   0293 EE                 1054 	mov	a,r6
   0294 9C                 1055 	subb	a,r4
   0295 EF                 1056 	mov	a,r7
   0296 9D                 1057 	subb	a,r5
   0297 40 03              1058 	jc	00114$
   0299 02s03rA0           1059 	ljmp	00107$
   029C                    1060 00114$:
                           1061 ;	../../../core/net/rime/broadcast-announcement.c:153: memcpy(&data.id, &((struct announcement_msg *)packetbuf_dataptr())->data[i].id,
   029C C0 00              1062 	push	ar0
   029E C0 00              1063 	push	ar0
   02A0 12s00r00           1064 	lcall	_packetbuf_dataptr
   02A3 AC 82              1065 	mov	r4,dpl
   02A5 AD 83              1066 	mov	r5,dph
   02A7 AE F0              1067 	mov	r6,b
   02A9 D0 00              1068 	pop	ar0
   02AB 74 02              1069 	mov	a,#0x02
   02AD 2C                 1070 	add	a,r4
   02AE FC                 1071 	mov	r4,a
   02AF E4                 1072 	clr	a
   02B0 3D                 1073 	addc	a,r5
   02B1 FD                 1074 	mov	r5,a
   02B2 E5*00              1075 	mov	a,_bp
   02B4 24 03              1076 	add	a,#0x03
   02B6 F9                 1077 	mov	r1,a
   02B7 87 07              1078 	mov	ar7,@r1
   02B9 09                 1079 	inc	r1
   02BA E7                 1080 	mov	a,@r1
   02BB CF                 1081 	xch	a,r7
   02BC 25 E0              1082 	add	a,acc
   02BE CF                 1083 	xch	a,r7
   02BF 33                 1084 	rlc	a
   02C0 CF                 1085 	xch	a,r7
   02C1 25 E0              1086 	add	a,acc
   02C3 CF                 1087 	xch	a,r7
   02C4 33                 1088 	rlc	a
   02C5 FA                 1089 	mov	r2,a
   02C6 E5*00              1090 	mov	a,_bp
   02C8 24 09              1091 	add	a,#0x09
   02CA F9                 1092 	mov	r1,a
   02CB EF                 1093 	mov	a,r7
   02CC 2C                 1094 	add	a,r4
   02CD F7                 1095 	mov	@r1,a
   02CE EA                 1096 	mov	a,r2
   02CF 3D                 1097 	addc	a,r5
   02D0 09                 1098 	inc	r1
   02D1 F7                 1099 	mov	@r1,a
   02D2 09                 1100 	inc	r1
   02D3 A7 06              1101 	mov	@r1,ar6
   02D5 E5*00              1102 	mov	a,_bp
   02D7 24 05              1103 	add	a,#0x05
   02D9 FB                 1104 	mov	r3,a
   02DA 7C 00              1105 	mov	r4,#0x00
   02DC 7D 40              1106 	mov	r5,#0x40
   02DE C0 02              1107 	push	ar2
   02E0 C0 07              1108 	push	ar7
   02E2 C0 00              1109 	push	ar0
   02E4 74 02              1110 	mov	a,#0x02
   02E6 C0 E0              1111 	push	acc
   02E8 E4                 1112 	clr	a
   02E9 C0 E0              1113 	push	acc
   02EB E5*00              1114 	mov	a,_bp
   02ED 24 09              1115 	add	a,#0x09
   02EF F9                 1116 	mov	r1,a
   02F0 E7                 1117 	mov	a,@r1
   02F1 C0 E0              1118 	push	acc
   02F3 09                 1119 	inc	r1
   02F4 E7                 1120 	mov	a,@r1
   02F5 C0 E0              1121 	push	acc
   02F7 09                 1122 	inc	r1
   02F8 E7                 1123 	mov	a,@r1
   02F9 C0 E0              1124 	push	acc
   02FB 8B 82              1125 	mov	dpl,r3
   02FD 8C 83              1126 	mov	dph,r4
   02FF 8D F0              1127 	mov	b,r5
   0301 12s00r00           1128 	lcall	_memcpy
   0304 E5 81              1129 	mov	a,sp
   0306 24 FB              1130 	add	a,#0xfb
   0308 F5 81              1131 	mov	sp,a
                           1132 ;	../../../core/net/rime/broadcast-announcement.c:155: memcpy(&data.value, &((struct announcement_msg *)packetbuf_dataptr())->data[i].value,
   030A 12s00r00           1133 	lcall	_packetbuf_dataptr
   030D AB 82              1134 	mov	r3,dpl
   030F AC 83              1135 	mov	r4,dph
   0311 AD F0              1136 	mov	r5,b
   0313 D0 00              1137 	pop	ar0
   0315 D0 07              1138 	pop	ar7
   0317 D0 02              1139 	pop	ar2
   0319 74 02              1140 	mov	a,#0x02
   031B 2B                 1141 	add	a,r3
   031C FB                 1142 	mov	r3,a
   031D E4                 1143 	clr	a
   031E 3C                 1144 	addc	a,r4
   031F FC                 1145 	mov	r4,a
   0320 EF                 1146 	mov	a,r7
   0321 2B                 1147 	add	a,r3
   0322 FF                 1148 	mov	r7,a
   0323 EA                 1149 	mov	a,r2
   0324 3C                 1150 	addc	a,r4
   0325 FA                 1151 	mov	r2,a
   0326 8D 06              1152 	mov	ar6,r5
   0328 74 02              1153 	mov	a,#0x02
   032A 2F                 1154 	add	a,r7
   032B FF                 1155 	mov	r7,a
   032C E4                 1156 	clr	a
   032D 3A                 1157 	addc	a,r2
   032E FA                 1158 	mov	r2,a
   032F E5*00              1159 	mov	a,_bp
   0331 24 05              1160 	add	a,#0x05
   0333 24 02              1161 	add	a,#0x02
   0335 FB                 1162 	mov	r3,a
   0336 7C 00              1163 	mov	r4,#0x00
   0338 7D 40              1164 	mov	r5,#0x40
   033A C0 00              1165 	push	ar0
   033C 74 02              1166 	mov	a,#0x02
   033E C0 E0              1167 	push	acc
   0340 E4                 1168 	clr	a
   0341 C0 E0              1169 	push	acc
   0343 C0 07              1170 	push	ar7
   0345 C0 02              1171 	push	ar2
   0347 C0 06              1172 	push	ar6
   0349 8B 82              1173 	mov	dpl,r3
   034B 8C 83              1174 	mov	dph,r4
   034D 8D F0              1175 	mov	b,r5
   034F 12s00r00           1176 	lcall	_memcpy
   0352 E5 81              1177 	mov	a,sp
   0354 24 FB              1178 	add	a,#0xfb
   0356 F5 81              1179 	mov	sp,a
   0358 D0 00              1180 	pop	ar0
                           1181 ;	../../../core/net/rime/broadcast-announcement.c:159: data.value);
   035A E5*00              1182 	mov	a,_bp
   035C 24 05              1183 	add	a,#0x05
   035E F8                 1184 	mov	r0,a
   035F 24 02              1185 	add	a,#0x02
   0361 F9                 1186 	mov	r1,a
   0362 87 02              1187 	mov	ar2,@r1
   0364 09                 1188 	inc	r1
   0365 87 03              1189 	mov	ar3,@r1
   0367 19                 1190 	dec	r1
                           1191 ;	../../../core/net/rime/broadcast-announcement.c:158: data.id,
   0368 86 04              1192 	mov	ar4,@r0
   036A 08                 1193 	inc	r0
   036B 86 05              1194 	mov	ar5,@r0
   036D 18                 1195 	dec	r0
                           1196 ;	../../../core/net/rime/broadcast-announcement.c:157: announcement_heard(from,
   036E C0 00              1197 	push	ar0
   0370 C0 02              1198 	push	ar2
   0372 C0 03              1199 	push	ar3
   0374 C0 04              1200 	push	ar4
   0376 C0 05              1201 	push	ar5
   0378 E5*00              1202 	mov	a,_bp
   037A 24 FB              1203 	add	a,#0xfb
   037C F9                 1204 	mov	r1,a
   037D 87 82              1205 	mov	dpl,@r1
   037F 09                 1206 	inc	r1
   0380 87 83              1207 	mov	dph,@r1
   0382 09                 1208 	inc	r1
   0383 87 F0              1209 	mov	b,@r1
   0385 12s00r00           1210 	lcall	_announcement_heard
   0388 E5 81              1211 	mov	a,sp
   038A 24 FC              1212 	add	a,#0xfc
   038C F5 81              1213 	mov	sp,a
   038E D0 00              1214 	pop	ar0
                           1215 ;	../../../core/net/rime/broadcast-announcement.c:149: for(i = 0; i < adata.num; ++i) {
   0390 E5*00              1216 	mov	a,_bp
   0392 24 03              1217 	add	a,#0x03
   0394 F9                 1218 	mov	r1,a
   0395 07                 1219 	inc	@r1
   0396 B7 00 02           1220 	cjne	@r1,#0x00,00115$
   0399 09                 1221 	inc	r1
   039A 07                 1222 	inc	@r1
   039B                    1223 00115$:
   039B D0 00              1224 	pop	ar0
   039D 02s02r82           1225 	ljmp	00103$
   03A0                    1226 00107$:
   03A0 85*00 81           1227 	mov	sp,_bp
   03A3 D0*00              1228 	pop	_bp
   03A5 22                 1229 	ret
                           1230 ;------------------------------------------------------------
                           1231 ;Allocation info for local variables in function 'adv_packet_sent'
                           1232 ;------------------------------------------------------------
                           1233 ;status                    Allocated to stack - offset -4
                           1234 ;num_tx                    Allocated to stack - offset -6
                           1235 ;bc                        Allocated to registers 
                           1236 ;------------------------------------------------------------
                           1237 ;	../../../core/net/rime/broadcast-announcement.c:164: adv_packet_sent(struct broadcast_conn *bc, int status, int num_tx)
                           1238 ;	-----------------------------------------
                           1239 ;	 function adv_packet_sent
                           1240 ;	-----------------------------------------
   03A6                    1241 _adv_packet_sent:
   03A6 C0*00              1242 	push	_bp
   03A8 85 81*00           1243 	mov	_bp,sp
                           1244 ;	../../../core/net/rime/broadcast-announcement.c:166: }
   03AB D0*00              1245 	pop	_bp
   03AD 22                 1246 	ret
                           1247 ;------------------------------------------------------------
                           1248 ;Allocation info for local variables in function 'set_timers'
                           1249 ;------------------------------------------------------------
                           1250 ;------------------------------------------------------------
                           1251 ;	../../../core/net/rime/broadcast-announcement.c:171: set_timers(void)
                           1252 ;	-----------------------------------------
                           1253 ;	 function set_timers
                           1254 ;	-----------------------------------------
   03AE                    1255 _set_timers:
                           1256 ;	../../../core/net/rime/broadcast-announcement.c:173: ctimer_set(&c.interval_timer, c.current_interval, send_timer, NULL);
   03AE 90s00r3F           1257 	mov	dptr,#(_c + 0x003f)
   03B1 E0                 1258 	movx	a,@dptr
   03B2 FA                 1259 	mov	r2,a
   03B3 A3                 1260 	inc	dptr
   03B4 E0                 1261 	movx	a,@dptr
   03B5 FB                 1262 	mov	r3,a
   03B6 E4                 1263 	clr	a
   03B7 C0 E0              1264 	push	acc
   03B9 C0 E0              1265 	push	acc
   03BB C0 E0              1266 	push	acc
   03BD 74r1D              1267 	mov	a,#_send_timer
   03BF C0 E0              1268 	push	acc
   03C1 74s04              1269 	mov	a,#(_send_timer >> 8)
   03C3 C0 E0              1270 	push	acc
   03C5 C0 02              1271 	push	ar2
   03C7 C0 03              1272 	push	ar3
   03C9 90s00r24           1273 	mov	dptr,#(_c + 0x0024)
   03CC 75 F0 00           1274 	mov	b,#0x00
   03CF 12s00r00           1275 	lcall	_ctimer_set
   03D2 E5 81              1276 	mov	a,sp
   03D4 24 F9              1277 	add	a,#0xf9
   03D6 F5 81              1278 	mov	sp,a
                           1279 ;	../../../core/net/rime/broadcast-announcement.c:174: ctimer_set(&c.send_timer, random_rand() % c.current_interval,
   03D8 12s00r00           1280 	lcall	_random_rand
   03DB AA 82              1281 	mov	r2,dpl
   03DD AB 83              1282 	mov	r3,dph
   03DF 90s00r3F           1283 	mov	dptr,#(_c + 0x003f)
   03E2 E0                 1284 	movx	a,@dptr
   03E3 FC                 1285 	mov	r4,a
   03E4 A3                 1286 	inc	dptr
   03E5 E0                 1287 	movx	a,@dptr
   03E6 FD                 1288 	mov	r5,a
   03E7 C0 04              1289 	push	ar4
   03E9 C0 05              1290 	push	ar5
   03EB 8A 82              1291 	mov	dpl,r2
   03ED 8B 83              1292 	mov	dph,r3
   03EF 12s00r00           1293 	lcall	__moduint
   03F2 AA 82              1294 	mov	r2,dpl
   03F4 AB 83              1295 	mov	r3,dph
   03F6 15 81              1296 	dec	sp
   03F8 15 81              1297 	dec	sp
   03FA E4                 1298 	clr	a
   03FB C0 E0              1299 	push	acc
   03FD C0 E0              1300 	push	acc
   03FF C0 E0              1301 	push	acc
   0401 74r00              1302 	mov	a,#_send_adv
   0403 C0 E0              1303 	push	acc
   0405 74s00              1304 	mov	a,#(_send_adv >> 8)
   0407 C0 E0              1305 	push	acc
   0409 C0 02              1306 	push	ar2
   040B C0 03              1307 	push	ar3
   040D 90s00r0F           1308 	mov	dptr,#(_c + 0x000f)
   0410 75 F0 00           1309 	mov	b,#0x00
   0413 12s00r00           1310 	lcall	_ctimer_set
   0416 E5 81              1311 	mov	a,sp
   0418 24 F9              1312 	add	a,#0xf9
   041A F5 81              1313 	mov	sp,a
   041C 22                 1314 	ret
                           1315 ;------------------------------------------------------------
                           1316 ;Allocation info for local variables in function 'send_timer'
                           1317 ;------------------------------------------------------------
                           1318 ;ptr                       Allocated to registers 
                           1319 ;interval                  Allocated to registers r2 r3 
                           1320 ;------------------------------------------------------------
                           1321 ;	../../../core/net/rime/broadcast-announcement.c:179: send_timer(void *ptr)
                           1322 ;	-----------------------------------------
                           1323 ;	 function send_timer
                           1324 ;	-----------------------------------------
   041D                    1325 _send_timer:
                           1326 ;	../../../core/net/rime/broadcast-announcement.c:183: interval = c.current_interval * 2;
   041D 90s00r3F           1327 	mov	dptr,#(_c + 0x003f)
   0420 E0                 1328 	movx	a,@dptr
   0421 FA                 1329 	mov	r2,a
   0422 A3                 1330 	inc	dptr
   0423 E0                 1331 	movx	a,@dptr
   0424 CA                 1332 	xch	a,r2
   0425 25 E0              1333 	add	a,acc
   0427 CA                 1334 	xch	a,r2
   0428 33                 1335 	rlc	a
   0429 FB                 1336 	mov	r3,a
                           1337 ;	../../../core/net/rime/broadcast-announcement.c:185: if(interval > c.max_interval) {
   042A 90s00r3D           1338 	mov	dptr,#(_c + 0x003d)
   042D E0                 1339 	movx	a,@dptr
   042E FC                 1340 	mov	r4,a
   042F A3                 1341 	inc	dptr
   0430 E0                 1342 	movx	a,@dptr
   0431 FD                 1343 	mov	r5,a
   0432 C3                 1344 	clr	c
   0433 EC                 1345 	mov	a,r4
   0434 9A                 1346 	subb	a,r2
   0435 ED                 1347 	mov	a,r5
   0436 9B                 1348 	subb	a,r3
   0437 50 04              1349 	jnc	00102$
                           1350 ;	../../../core/net/rime/broadcast-announcement.c:186: interval = c.max_interval;
   0439 8C 02              1351 	mov	ar2,r4
   043B 8D 03              1352 	mov	ar3,r5
   043D                    1353 00102$:
                           1354 ;	../../../core/net/rime/broadcast-announcement.c:189: c.current_interval = interval;
   043D 90s00r3F           1355 	mov	dptr,#(_c + 0x003f)
   0440 EA                 1356 	mov	a,r2
   0441 F0                 1357 	movx	@dptr,a
   0442 A3                 1358 	inc	dptr
   0443 EB                 1359 	mov	a,r3
   0444 F0                 1360 	movx	@dptr,a
                           1361 ;	../../../core/net/rime/broadcast-announcement.c:193: set_timers();
   0445 02s03rAE           1362 	ljmp	_set_timers
                           1363 ;------------------------------------------------------------
                           1364 ;Allocation info for local variables in function 'new_announcement'
                           1365 ;------------------------------------------------------------
                           1366 ;has_value                 Allocated to stack - offset -3
                           1367 ;newval                    Allocated to stack - offset -5
                           1368 ;oldval                    Allocated to stack - offset -7
                           1369 ;bump                      Allocated to stack - offset -8
                           1370 ;id                        Allocated to registers 
                           1371 ;------------------------------------------------------------
                           1372 ;	../../../core/net/rime/broadcast-announcement.c:197: new_announcement(uint16_t id, uint8_t has_value,
                           1373 ;	-----------------------------------------
                           1374 ;	 function new_announcement
                           1375 ;	-----------------------------------------
   0448                    1376 _new_announcement:
   0448 C0*00              1377 	push	_bp
   044A 85 81*00           1378 	mov	_bp,sp
                           1379 ;	../../../core/net/rime/broadcast-announcement.c:200: if(bump == ANNOUNCEMENT_BUMP) {
   044D E5*00              1380 	mov	a,_bp
   044F 24 F8              1381 	add	a,#0xf8
   0451 F8                 1382 	mov	r0,a
   0452 B6 01 13           1383 	cjne	@r0,#0x01,00103$
                           1384 ;	../../../core/net/rime/broadcast-announcement.c:201: c.current_interval = c.initial_interval;
   0455 90s00r39           1385 	mov	dptr,#(_c + 0x0039)
   0458 E0                 1386 	movx	a,@dptr
   0459 FA                 1387 	mov	r2,a
   045A A3                 1388 	inc	dptr
   045B E0                 1389 	movx	a,@dptr
   045C FB                 1390 	mov	r3,a
   045D 90s00r3F           1391 	mov	dptr,#(_c + 0x003f)
   0460 EA                 1392 	mov	a,r2
   0461 F0                 1393 	movx	@dptr,a
   0462 A3                 1394 	inc	dptr
   0463 EB                 1395 	mov	a,r3
   0464 F0                 1396 	movx	@dptr,a
                           1397 ;	../../../core/net/rime/broadcast-announcement.c:202: set_timers();
   0465 12s03rAE           1398 	lcall	_set_timers
   0468                    1399 00103$:
   0468 D0*00              1400 	pop	_bp
   046A 22                 1401 	ret
                           1402 ;------------------------------------------------------------
                           1403 ;Allocation info for local variables in function 'broadcast_announcement_init'
                           1404 ;------------------------------------------------------------
                           1405 ;initial                   Allocated to stack - offset -4
                           1406 ;min                       Allocated to stack - offset -6
                           1407 ;max                       Allocated to stack - offset -8
                           1408 ;channel                   Allocated to registers r2 r3 
                           1409 ;------------------------------------------------------------
                           1410 ;	../../../core/net/rime/broadcast-announcement.c:213: broadcast_announcement_init(uint16_t channel,
                           1411 ;	-----------------------------------------
                           1412 ;	 function broadcast_announcement_init
                           1413 ;	-----------------------------------------
   046B                    1414 _broadcast_announcement_init:
   046B C0*00              1415 	push	_bp
   046D 85 81*00           1416 	mov	_bp,sp
   0470 AA 82              1417 	mov	r2,dpl
   0472 AB 83              1418 	mov	r3,dph
                           1419 ;	../../../core/net/rime/broadcast-announcement.c:218: broadcast_open(&c.c, channel, &broadcast_callbacks);
   0474 74r00              1420 	mov	a,#_broadcast_callbacks
   0476 C0 E0              1421 	push	acc
   0478 74s00              1422 	mov	a,#(_broadcast_callbacks >> 8)
   047A C0 E0              1423 	push	acc
   047C E4                 1424 	clr	a
   047D C0 E0              1425 	push	acc
   047F C0 02              1426 	push	ar2
   0481 C0 03              1427 	push	ar3
   0483 90s00r00           1428 	mov	dptr,#_c
   0486 75 F0 00           1429 	mov	b,#0x00
   0489 12s00r00           1430 	lcall	_broadcast_open
   048C E5 81              1431 	mov	a,sp
   048E 24 FB              1432 	add	a,#0xfb
   0490 F5 81              1433 	mov	sp,a
                           1434 ;	../../../core/net/rime/broadcast-announcement.c:219: c.initial_interval = initial;
   0492 90s00r39           1435 	mov	dptr,#(_c + 0x0039)
   0495 E5*00              1436 	mov	a,_bp
   0497 24 FC              1437 	add	a,#0xfc
   0499 F8                 1438 	mov	r0,a
   049A E6                 1439 	mov	a,@r0
   049B F0                 1440 	movx	@dptr,a
   049C A3                 1441 	inc	dptr
   049D 08                 1442 	inc	r0
   049E E6                 1443 	mov	a,@r0
   049F F0                 1444 	movx	@dptr,a
                           1445 ;	../../../core/net/rime/broadcast-announcement.c:220: c.min_interval = min;
   04A0 90s00r3B           1446 	mov	dptr,#(_c + 0x003b)
   04A3 E5*00              1447 	mov	a,_bp
   04A5 24 FA              1448 	add	a,#0xfa
   04A7 F8                 1449 	mov	r0,a
   04A8 E6                 1450 	mov	a,@r0
   04A9 F0                 1451 	movx	@dptr,a
   04AA A3                 1452 	inc	dptr
   04AB 08                 1453 	inc	r0
   04AC E6                 1454 	mov	a,@r0
   04AD F0                 1455 	movx	@dptr,a
                           1456 ;	../../../core/net/rime/broadcast-announcement.c:221: c.max_interval = max;
   04AE 90s00r3D           1457 	mov	dptr,#(_c + 0x003d)
   04B1 E5*00              1458 	mov	a,_bp
   04B3 24 F8              1459 	add	a,#0xf8
   04B5 F8                 1460 	mov	r0,a
   04B6 E6                 1461 	mov	a,@r0
   04B7 F0                 1462 	movx	@dptr,a
   04B8 A3                 1463 	inc	dptr
   04B9 08                 1464 	inc	r0
   04BA E6                 1465 	mov	a,@r0
   04BB F0                 1466 	movx	@dptr,a
                           1467 ;	../../../core/net/rime/broadcast-announcement.c:223: announcement_register_observer_callback(new_announcement);
   04BC 90s04r48           1468 	mov	dptr,#_new_announcement
   04BF 12s00r00           1469 	lcall	_announcement_register_observer_callback
   04C2 D0*00              1470 	pop	_bp
   04C4 22                 1471 	ret
                           1472 ;------------------------------------------------------------
                           1473 ;Allocation info for local variables in function 'broadcast_announcement_stop'
                           1474 ;------------------------------------------------------------
                           1475 ;------------------------------------------------------------
                           1476 ;	../../../core/net/rime/broadcast-announcement.c:227: broadcast_announcement_stop(void)
                           1477 ;	-----------------------------------------
                           1478 ;	 function broadcast_announcement_stop
                           1479 ;	-----------------------------------------
   04C5                    1480 _broadcast_announcement_stop:
                           1481 ;	../../../core/net/rime/broadcast-announcement.c:229: ctimer_stop(&c.interval_timer);
   04C5 90s00r24           1482 	mov	dptr,#(_c + 0x0024)
   04C8 75 F0 00           1483 	mov	b,#0x00
   04CB 12s00r00           1484 	lcall	_ctimer_stop
                           1485 ;	../../../core/net/rime/broadcast-announcement.c:230: ctimer_stop(&c.send_timer);
   04CE 90s00r0F           1486 	mov	dptr,#(_c + 0x000f)
   04D1 75 F0 00           1487 	mov	b,#0x00
   04D4 12s00r00           1488 	lcall	_ctimer_stop
                           1489 ;	../../../core/net/rime/broadcast-announcement.c:231: broadcast_close(&c.c);
   04D7 90s00r00           1490 	mov	dptr,#_c
   04DA 75 F0 00           1491 	mov	b,#0x00
   04DD 02s00r00           1492 	ljmp	_broadcast_close
                           1493 ;------------------------------------------------------------
                           1494 ;Allocation info for local variables in function 'broadcast_announcement_beacon_interval'
                           1495 ;------------------------------------------------------------
                           1496 ;------------------------------------------------------------
                           1497 ;	../../../core/net/rime/broadcast-announcement.c:235: broadcast_announcement_beacon_interval(void)
                           1498 ;	-----------------------------------------
                           1499 ;	 function broadcast_announcement_beacon_interval
                           1500 ;	-----------------------------------------
   04E0                    1501 _broadcast_announcement_beacon_interval:
                           1502 ;	../../../core/net/rime/broadcast-announcement.c:237: return c.current_interval;
   04E0 90s00r3F           1503 	mov	dptr,#(_c + 0x003f)
   04E3 E0                 1504 	movx	a,@dptr
   04E4 FA                 1505 	mov	r2,a
   04E5 A3                 1506 	inc	dptr
   04E6 E0                 1507 	movx	a,@dptr
   04E7 8A 82              1508 	mov	dpl,r2
   04E9 F5 83              1509 	mov	dph,a
   04EB 22                 1510 	ret
                           1511 	.area CSEG    (CODE)
                           1512 	.area CONST   (CODE)
   0000                    1513 __str_0:
   0000 61 64 61 74 61 2E  1514 	.ascii "adata.num way out there: %d"
        6E 75 6D 20 77 61
        79 20 6F 75 74 20
        74 68 65 72 65 3A
        20 25 64
   001B 0A                 1515 	.db 0x0A
   001C 00                 1516 	.db 0x00
                           1517 	.area XINIT   (CODE)
   0000                    1518 __xinit__broadcast_callbacks:
   0000r08s02              1519 	.byte _adv_packet_received,(_adv_packet_received >> 8)
   0002rA6s03              1520 	.byte _adv_packet_sent,(_adv_packet_sent >> 8)
                           1521 	.area CABS    (ABS,CODE)
