                              1 ;--------------------------------------------------------
                              2 ; File Created by SDCC : free open source ANSI-C Compiler
                              3 ; Version 3.0.1 #6121 (Nov 17 2015) (CYGWIN)
                              4 ; This file was generated Sat Jan 27 13:25:39 2018
                              5 ;--------------------------------------------------------
                              6 	.module channel
                              7 	.optsdcc -mmcs51 --model-large
                              8 	
                              9 ;--------------------------------------------------------
                             10 ; Public variables in this module
                             11 ;--------------------------------------------------------
                             12 	.globl _IRCON2_P2IF
                             13 	.globl _IRCON2_UTX0IF
                             14 	.globl _IRCON2_UTX1IF
                             15 	.globl _IRCON2_P1IF
                             16 	.globl _IRCON2_WDTIF
                             17 	.globl _CY
                             18 	.globl _AC
                             19 	.globl _F0
                             20 	.globl _RS1
                             21 	.globl _RS0
                             22 	.globl _OV
                             23 	.globl _F1
                             24 	.globl _P
                             25 	.globl _IRCON_DMAIF
                             26 	.globl _IRCON_T1IF
                             27 	.globl _IRCON_T2IF
                             28 	.globl _IRCON_T3IF
                             29 	.globl _IRCON_T4IF
                             30 	.globl _IRCON_P0IF
                             31 	.globl _IRCON_STIF
                             32 	.globl _IEN1_DMAIE
                             33 	.globl _IEN1_T1IE
                             34 	.globl _IEN1_T2IE
                             35 	.globl _IEN1_T3IE
                             36 	.globl _IEN1_T4IE
                             37 	.globl _IEN1_P0IE
                             38 	.globl _IEN0_RFERRIE
                             39 	.globl _IEN0_ADCIE
                             40 	.globl _IEN0_URX0IE
                             41 	.globl _IEN0_URX1IE
                             42 	.globl _IEN0_ENCIE
                             43 	.globl _IEN0_STIE
                             44 	.globl _IEN0_EA
                             45 	.globl _EA
                             46 	.globl _P2_4
                             47 	.globl _P2_3
                             48 	.globl _P2_2
                             49 	.globl _P2_1
                             50 	.globl _P2_0
                             51 	.globl _S0CON_ENCIF_0
                             52 	.globl _S0CON_ENCIF_1
                             53 	.globl _P1_7
                             54 	.globl _P1_6
                             55 	.globl _P1_5
                             56 	.globl _P1_4
                             57 	.globl _P1_3
                             58 	.globl _P1_2
                             59 	.globl _P1_1
                             60 	.globl _P1_0
                             61 	.globl _TCON_IT0
                             62 	.globl _TCON_RFERRIF
                             63 	.globl _TCON_IT1
                             64 	.globl _TCON_URX0IF
                             65 	.globl _TCON_ADCIF
                             66 	.globl _TCON_URX1IF
                             67 	.globl _P0_0
                             68 	.globl _P0_1
                             69 	.globl _P0_2
                             70 	.globl _P0_3
                             71 	.globl _P0_4
                             72 	.globl _P0_5
                             73 	.globl _P0_6
                             74 	.globl _P0_7
                             75 	.globl _P2DIR
                             76 	.globl _P1DIR
                             77 	.globl _P0DIR
                             78 	.globl _U1GCR
                             79 	.globl _U1UCR
                             80 	.globl _U1BAUD
                             81 	.globl _U1BUF
                             82 	.globl _U1CSR
                             83 	.globl _P2INP
                             84 	.globl _P1INP
                             85 	.globl _P2SEL
                             86 	.globl _P1SEL
                             87 	.globl _P0SEL
                             88 	.globl _ADCCFG
                             89 	.globl _PERCFG
                             90 	.globl _B
                             91 	.globl _T4CC1
                             92 	.globl _T4CCTL1
                             93 	.globl _T4CC0
                             94 	.globl _T4CCTL0
                             95 	.globl _T4CTL
                             96 	.globl _T4CNT
                             97 	.globl _RFIF
                             98 	.globl _IRCON2
                             99 	.globl _T1CCTL2
                            100 	.globl _T1CCTL1
                            101 	.globl _T1CCTL0
                            102 	.globl _T1CTL
                            103 	.globl _T1CNTH
                            104 	.globl _T1CNTL
                            105 	.globl _RFST
                            106 	.globl _ACC
                            107 	.globl _T1CC2H
                            108 	.globl _T1CC2L
                            109 	.globl _T1CC1H
                            110 	.globl _T1CC1L
                            111 	.globl _T1CC0H
                            112 	.globl _T1CC0L
                            113 	.globl _RFD
                            114 	.globl _TIMIF
                            115 	.globl _DMAREQ
                            116 	.globl _DMAARM
                            117 	.globl _DMA0CFGH
                            118 	.globl _DMA0CFGL
                            119 	.globl _DMA1CFGH
                            120 	.globl _DMA1CFGL
                            121 	.globl _DMAIRQ
                            122 	.globl _PSW
                            123 	.globl _T3CC1
                            124 	.globl _T3CCTL1
                            125 	.globl _T3CC0
                            126 	.globl _T3CCTL0
                            127 	.globl _T3CTL
                            128 	.globl _T3CNT
                            129 	.globl _WDCTL
                            130 	.globl _T2CON
                            131 	.globl _MEMCTR
                            132 	.globl _CLKCON
                            133 	.globl _U0GCR
                            134 	.globl _U0UCR
                            135 	.globl _T2CNF
                            136 	.globl _U0BAUD
                            137 	.globl _U0BUF
                            138 	.globl _IRCON
                            139 	.globl _SLEEP
                            140 	.globl _RNDH
                            141 	.globl _RNDL
                            142 	.globl _ADCH
                            143 	.globl _ADCL
                            144 	.globl _IP1
                            145 	.globl _IEN1
                            146 	.globl _RCCTL
                            147 	.globl _ADCCON3
                            148 	.globl _ADCCON2
                            149 	.globl _ADCCON1
                            150 	.globl _ENCCS
                            151 	.globl _ENCDO
                            152 	.globl _ENCDI
                            153 	.globl _FWDATA
                            154 	.globl _FCTL
                            155 	.globl _FADDRH
                            156 	.globl _FADDRL
                            157 	.globl _FWT
                            158 	.globl _IP0
                            159 	.globl _IEN0
                            160 	.globl _IE
                            161 	.globl _T2THD
                            162 	.globl _T2TLD
                            163 	.globl _T2CAPHPH
                            164 	.globl _T2CAPLPL
                            165 	.globl _T2OF2
                            166 	.globl _T2OF1
                            167 	.globl _T2OF0
                            168 	.globl _P2
                            169 	.globl _PSBANK
                            170 	.globl _FMAP
                            171 	.globl _T2PEROF2
                            172 	.globl _T2PEROF1
                            173 	.globl _T2PEROF0
                            174 	.globl _S1CON
                            175 	.globl _IEN2
                            176 	.globl _HSRC
                            177 	.globl _S0CON
                            178 	.globl _ST2
                            179 	.globl _ST1
                            180 	.globl _ST0
                            181 	.globl _T2CMP
                            182 	.globl __XPAGE
                            183 	.globl _DPS
                            184 	.globl _RFIM
                            185 	.globl _P1
                            186 	.globl _P0INP
                            187 	.globl _P1IEN
                            188 	.globl _PICTL
                            189 	.globl _P2IFG
                            190 	.globl _P1IFG
                            191 	.globl _P0IFG
                            192 	.globl _TCON
                            193 	.globl _PCON
                            194 	.globl _U0CSR
                            195 	.globl _DPH1
                            196 	.globl _DPL1
                            197 	.globl _DPH0
                            198 	.globl _DPL0
                            199 	.globl _SP
                            200 	.globl _P0
                            201 	.globl _ADC_SHADOW
                            202 	.globl _U1BUF_SHADOW
                            203 	.globl _RFD_SHADOW
                            204 	.globl _U0BUF_SHADOW
                            205 	.globl _RFSTATUS
                            206 	.globl _CHIPID
                            207 	.globl _CHVER
                            208 	.globl _FSMTC1
                            209 	.globl _RXFIFOCNT
                            210 	.globl _IOCFG3
                            211 	.globl _IOCFG2
                            212 	.globl _IOCFG1
                            213 	.globl _IOCFG0
                            214 	.globl _SHORTADDRL
                            215 	.globl _SHORTADDRH
                            216 	.globl _PANIDL
                            217 	.globl _PANIDH
                            218 	.globl _IEEE_ADDR7
                            219 	.globl _IEEE_ADDR6
                            220 	.globl _IEEE_ADDR5
                            221 	.globl _IEEE_ADDR4
                            222 	.globl _IEEE_ADDR3
                            223 	.globl _IEEE_ADDR2
                            224 	.globl _IEEE_ADDR1
                            225 	.globl _IEEE_ADDR0
                            226 	.globl _DACTSTL
                            227 	.globl _DACTSTH
                            228 	.globl _ADCTSTL
                            229 	.globl _ADCTSTH
                            230 	.globl _FSMSTATE
                            231 	.globl _AGCCTRLL
                            232 	.globl _AGCCTRLH
                            233 	.globl _MANORL
                            234 	.globl _MANORH
                            235 	.globl _MANANDL
                            236 	.globl _MANANDH
                            237 	.globl _FSMTCL
                            238 	.globl _FSMTCH
                            239 	.globl _RFPWR
                            240 	.globl _CSPT
                            241 	.globl _CSPCTRL
                            242 	.globl _CSPZ
                            243 	.globl _CSPY
                            244 	.globl _CSPX
                            245 	.globl _FSCTRLL
                            246 	.globl _FSCTRLH
                            247 	.globl _RXCTRL1L
                            248 	.globl _RXCTRL1H
                            249 	.globl _RXCTRL0L
                            250 	.globl _RXCTRL0H
                            251 	.globl _TXCTRLL
                            252 	.globl _TXCTRLH
                            253 	.globl _SYNCWORDL
                            254 	.globl _SYNCWORDH
                            255 	.globl _RSSIL
                            256 	.globl _RSSIH
                            257 	.globl _MDMCTRL1L
                            258 	.globl _MDMCTRL1H
                            259 	.globl _MDMCTRL0L
                            260 	.globl _MDMCTRL0H
                            261 	.globl _channel_init
                            262 	.globl _channel_set_attributes
                            263 	.globl _channel_open
                            264 	.globl _channel_close
                            265 	.globl _channel_lookup
                            266 ;--------------------------------------------------------
                            267 ; special function registers
                            268 ;--------------------------------------------------------
                            269 	.area RSEG    (ABS,DATA)
   0000                     270 	.org 0x0000
                    0080    271 _P0	=	0x0080
                    0081    272 _SP	=	0x0081
                    0082    273 _DPL0	=	0x0082
                    0083    274 _DPH0	=	0x0083
                    0084    275 _DPL1	=	0x0084
                    0085    276 _DPH1	=	0x0085
                    0086    277 _U0CSR	=	0x0086
                    0087    278 _PCON	=	0x0087
                    0088    279 _TCON	=	0x0088
                    0089    280 _P0IFG	=	0x0089
                    008A    281 _P1IFG	=	0x008a
                    008B    282 _P2IFG	=	0x008b
                    008C    283 _PICTL	=	0x008c
                    008D    284 _P1IEN	=	0x008d
                    008F    285 _P0INP	=	0x008f
                    0090    286 _P1	=	0x0090
                    0091    287 _RFIM	=	0x0091
                    0092    288 _DPS	=	0x0092
                    0093    289 __XPAGE	=	0x0093
                    0094    290 _T2CMP	=	0x0094
                    0095    291 _ST0	=	0x0095
                    0096    292 _ST1	=	0x0096
                    0097    293 _ST2	=	0x0097
                    0098    294 _S0CON	=	0x0098
                    0099    295 _HSRC	=	0x0099
                    009A    296 _IEN2	=	0x009a
                    009B    297 _S1CON	=	0x009b
                    009C    298 _T2PEROF0	=	0x009c
                    009D    299 _T2PEROF1	=	0x009d
                    009E    300 _T2PEROF2	=	0x009e
                    009F    301 _FMAP	=	0x009f
                    009F    302 _PSBANK	=	0x009f
                    00A0    303 _P2	=	0x00a0
                    00A1    304 _T2OF0	=	0x00a1
                    00A2    305 _T2OF1	=	0x00a2
                    00A3    306 _T2OF2	=	0x00a3
                    00A4    307 _T2CAPLPL	=	0x00a4
                    00A5    308 _T2CAPHPH	=	0x00a5
                    00A6    309 _T2TLD	=	0x00a6
                    00A7    310 _T2THD	=	0x00a7
                    00A8    311 _IE	=	0x00a8
                    00A8    312 _IEN0	=	0x00a8
                    00A9    313 _IP0	=	0x00a9
                    00AB    314 _FWT	=	0x00ab
                    00AC    315 _FADDRL	=	0x00ac
                    00AD    316 _FADDRH	=	0x00ad
                    00AE    317 _FCTL	=	0x00ae
                    00AF    318 _FWDATA	=	0x00af
                    00B1    319 _ENCDI	=	0x00b1
                    00B2    320 _ENCDO	=	0x00b2
                    00B3    321 _ENCCS	=	0x00b3
                    00B4    322 _ADCCON1	=	0x00b4
                    00B5    323 _ADCCON2	=	0x00b5
                    00B6    324 _ADCCON3	=	0x00b6
                    00B7    325 _RCCTL	=	0x00b7
                    00B8    326 _IEN1	=	0x00b8
                    00B9    327 _IP1	=	0x00b9
                    00BA    328 _ADCL	=	0x00ba
                    00BB    329 _ADCH	=	0x00bb
                    00BC    330 _RNDL	=	0x00bc
                    00BD    331 _RNDH	=	0x00bd
                    00BE    332 _SLEEP	=	0x00be
                    00C0    333 _IRCON	=	0x00c0
                    00C1    334 _U0BUF	=	0x00c1
                    00C2    335 _U0BAUD	=	0x00c2
                    00C3    336 _T2CNF	=	0x00c3
                    00C4    337 _U0UCR	=	0x00c4
                    00C5    338 _U0GCR	=	0x00c5
                    00C6    339 _CLKCON	=	0x00c6
                    00C7    340 _MEMCTR	=	0x00c7
                    00C8    341 _T2CON	=	0x00c8
                    00C9    342 _WDCTL	=	0x00c9
                    00CA    343 _T3CNT	=	0x00ca
                    00CB    344 _T3CTL	=	0x00cb
                    00CC    345 _T3CCTL0	=	0x00cc
                    00CD    346 _T3CC0	=	0x00cd
                    00CE    347 _T3CCTL1	=	0x00ce
                    00CF    348 _T3CC1	=	0x00cf
                    00D0    349 _PSW	=	0x00d0
                    00D1    350 _DMAIRQ	=	0x00d1
                    00D2    351 _DMA1CFGL	=	0x00d2
                    00D3    352 _DMA1CFGH	=	0x00d3
                    00D4    353 _DMA0CFGL	=	0x00d4
                    00D5    354 _DMA0CFGH	=	0x00d5
                    00D6    355 _DMAARM	=	0x00d6
                    00D7    356 _DMAREQ	=	0x00d7
                    00D8    357 _TIMIF	=	0x00d8
                    00D9    358 _RFD	=	0x00d9
                    00DA    359 _T1CC0L	=	0x00da
                    00DB    360 _T1CC0H	=	0x00db
                    00DC    361 _T1CC1L	=	0x00dc
                    00DD    362 _T1CC1H	=	0x00dd
                    00DE    363 _T1CC2L	=	0x00de
                    00DF    364 _T1CC2H	=	0x00df
                    00E0    365 _ACC	=	0x00e0
                    00E1    366 _RFST	=	0x00e1
                    00E2    367 _T1CNTL	=	0x00e2
                    00E3    368 _T1CNTH	=	0x00e3
                    00E4    369 _T1CTL	=	0x00e4
                    00E5    370 _T1CCTL0	=	0x00e5
                    00E6    371 _T1CCTL1	=	0x00e6
                    00E7    372 _T1CCTL2	=	0x00e7
                    00E8    373 _IRCON2	=	0x00e8
                    00E9    374 _RFIF	=	0x00e9
                    00EA    375 _T4CNT	=	0x00ea
                    00EB    376 _T4CTL	=	0x00eb
                    00EC    377 _T4CCTL0	=	0x00ec
                    00ED    378 _T4CC0	=	0x00ed
                    00EE    379 _T4CCTL1	=	0x00ee
                    00EF    380 _T4CC1	=	0x00ef
                    00F0    381 _B	=	0x00f0
                    00F1    382 _PERCFG	=	0x00f1
                    00F2    383 _ADCCFG	=	0x00f2
                    00F3    384 _P0SEL	=	0x00f3
                    00F4    385 _P1SEL	=	0x00f4
                    00F5    386 _P2SEL	=	0x00f5
                    00F6    387 _P1INP	=	0x00f6
                    00F7    388 _P2INP	=	0x00f7
                    00F8    389 _U1CSR	=	0x00f8
                    00F9    390 _U1BUF	=	0x00f9
                    00FA    391 _U1BAUD	=	0x00fa
                    00FB    392 _U1UCR	=	0x00fb
                    00FC    393 _U1GCR	=	0x00fc
                    00FD    394 _P0DIR	=	0x00fd
                    00FE    395 _P1DIR	=	0x00fe
                    00FF    396 _P2DIR	=	0x00ff
                            397 ;--------------------------------------------------------
                            398 ; special function bits
                            399 ;--------------------------------------------------------
                            400 	.area RSEG    (ABS,DATA)
   0000                     401 	.org 0x0000
                    0087    402 _P0_7	=	0x0087
                    0086    403 _P0_6	=	0x0086
                    0085    404 _P0_5	=	0x0085
                    0084    405 _P0_4	=	0x0084
                    0083    406 _P0_3	=	0x0083
                    0082    407 _P0_2	=	0x0082
                    0081    408 _P0_1	=	0x0081
                    0080    409 _P0_0	=	0x0080
                    008F    410 _TCON_URX1IF	=	0x008f
                    008D    411 _TCON_ADCIF	=	0x008d
                    008B    412 _TCON_URX0IF	=	0x008b
                    008A    413 _TCON_IT1	=	0x008a
                    0089    414 _TCON_RFERRIF	=	0x0089
                    0088    415 _TCON_IT0	=	0x0088
                    0090    416 _P1_0	=	0x0090
                    0091    417 _P1_1	=	0x0091
                    0092    418 _P1_2	=	0x0092
                    0093    419 _P1_3	=	0x0093
                    0094    420 _P1_4	=	0x0094
                    0095    421 _P1_5	=	0x0095
                    0096    422 _P1_6	=	0x0096
                    0097    423 _P1_7	=	0x0097
                    0099    424 _S0CON_ENCIF_1	=	0x0099
                    0098    425 _S0CON_ENCIF_0	=	0x0098
                    00A0    426 _P2_0	=	0x00a0
                    00A1    427 _P2_1	=	0x00a1
                    00A2    428 _P2_2	=	0x00a2
                    00A3    429 _P2_3	=	0x00a3
                    00A4    430 _P2_4	=	0x00a4
                    00AF    431 _EA	=	0x00af
                    00AF    432 _IEN0_EA	=	0x00af
                    00AD    433 _IEN0_STIE	=	0x00ad
                    00AC    434 _IEN0_ENCIE	=	0x00ac
                    00AB    435 _IEN0_URX1IE	=	0x00ab
                    00AA    436 _IEN0_URX0IE	=	0x00aa
                    00A9    437 _IEN0_ADCIE	=	0x00a9
                    00A8    438 _IEN0_RFERRIE	=	0x00a8
                    00BD    439 _IEN1_P0IE	=	0x00bd
                    00BC    440 _IEN1_T4IE	=	0x00bc
                    00BB    441 _IEN1_T3IE	=	0x00bb
                    00BA    442 _IEN1_T2IE	=	0x00ba
                    00B9    443 _IEN1_T1IE	=	0x00b9
                    00B8    444 _IEN1_DMAIE	=	0x00b8
                    00C7    445 _IRCON_STIF	=	0x00c7
                    00C5    446 _IRCON_P0IF	=	0x00c5
                    00C4    447 _IRCON_T4IF	=	0x00c4
                    00C3    448 _IRCON_T3IF	=	0x00c3
                    00C2    449 _IRCON_T2IF	=	0x00c2
                    00C1    450 _IRCON_T1IF	=	0x00c1
                    00C0    451 _IRCON_DMAIF	=	0x00c0
                    00D0    452 _P	=	0x00d0
                    00D1    453 _F1	=	0x00d1
                    00D2    454 _OV	=	0x00d2
                    00D3    455 _RS0	=	0x00d3
                    00D4    456 _RS1	=	0x00d4
                    00D5    457 _F0	=	0x00d5
                    00D6    458 _AC	=	0x00d6
                    00D7    459 _CY	=	0x00d7
                    00EC    460 _IRCON2_WDTIF	=	0x00ec
                    00EB    461 _IRCON2_P1IF	=	0x00eb
                    00EA    462 _IRCON2_UTX1IF	=	0x00ea
                    00E9    463 _IRCON2_UTX0IF	=	0x00e9
                    00E8    464 _IRCON2_P2IF	=	0x00e8
                            465 ;--------------------------------------------------------
                            466 ; overlayable register banks
                            467 ;--------------------------------------------------------
                            468 	.area REG_BANK_0	(REL,OVR,DATA)
   0000                     469 	.ds 8
                            470 ;--------------------------------------------------------
                            471 ; internal ram data
                            472 ;--------------------------------------------------------
                            473 	.area DSEG    (DATA)
                            474 ;--------------------------------------------------------
                            475 ; overlayable items in internal ram 
                            476 ;--------------------------------------------------------
                            477 	.area OSEG    (OVR,DATA)
                            478 ;--------------------------------------------------------
                            479 ; indirectly addressable internal ram data
                            480 ;--------------------------------------------------------
                            481 	.area ISEG    (DATA)
                            482 ;--------------------------------------------------------
                            483 ; absolute internal ram data
                            484 ;--------------------------------------------------------
                            485 	.area IABS    (ABS,DATA)
                            486 	.area IABS    (ABS,DATA)
                            487 ;--------------------------------------------------------
                            488 ; bit data
                            489 ;--------------------------------------------------------
                            490 	.area BSEG    (BIT)
                            491 ;--------------------------------------------------------
                            492 ; paged external ram data
                            493 ;--------------------------------------------------------
                            494 	.area PSEG    (PAG,XDATA)
                            495 ;--------------------------------------------------------
                            496 ; external ram data
                            497 ;--------------------------------------------------------
                            498 	.area XSEG    (XDATA)
                    DF02    499 _MDMCTRL0H	=	0xdf02
                    DF03    500 _MDMCTRL0L	=	0xdf03
                    DF04    501 _MDMCTRL1H	=	0xdf04
                    DF05    502 _MDMCTRL1L	=	0xdf05
                    DF06    503 _RSSIH	=	0xdf06
                    DF07    504 _RSSIL	=	0xdf07
                    DF08    505 _SYNCWORDH	=	0xdf08
                    DF09    506 _SYNCWORDL	=	0xdf09
                    DF0A    507 _TXCTRLH	=	0xdf0a
                    DF0B    508 _TXCTRLL	=	0xdf0b
                    DF0C    509 _RXCTRL0H	=	0xdf0c
                    DF0D    510 _RXCTRL0L	=	0xdf0d
                    DF0E    511 _RXCTRL1H	=	0xdf0e
                    DF0F    512 _RXCTRL1L	=	0xdf0f
                    DF10    513 _FSCTRLH	=	0xdf10
                    DF11    514 _FSCTRLL	=	0xdf11
                    DF12    515 _CSPX	=	0xdf12
                    DF13    516 _CSPY	=	0xdf13
                    DF14    517 _CSPZ	=	0xdf14
                    DF15    518 _CSPCTRL	=	0xdf15
                    DF16    519 _CSPT	=	0xdf16
                    DF17    520 _RFPWR	=	0xdf17
                    DF20    521 _FSMTCH	=	0xdf20
                    DF21    522 _FSMTCL	=	0xdf21
                    DF22    523 _MANANDH	=	0xdf22
                    DF23    524 _MANANDL	=	0xdf23
                    DF24    525 _MANORH	=	0xdf24
                    DF25    526 _MANORL	=	0xdf25
                    DF26    527 _AGCCTRLH	=	0xdf26
                    DF27    528 _AGCCTRLL	=	0xdf27
                    DF39    529 _FSMSTATE	=	0xdf39
                    DF3A    530 _ADCTSTH	=	0xdf3a
                    DF3B    531 _ADCTSTL	=	0xdf3b
                    DF3C    532 _DACTSTH	=	0xdf3c
                    DF3D    533 _DACTSTL	=	0xdf3d
                    DF43    534 _IEEE_ADDR0	=	0xdf43
                    DF44    535 _IEEE_ADDR1	=	0xdf44
                    DF45    536 _IEEE_ADDR2	=	0xdf45
                    DF46    537 _IEEE_ADDR3	=	0xdf46
                    DF47    538 _IEEE_ADDR4	=	0xdf47
                    DF48    539 _IEEE_ADDR5	=	0xdf48
                    DF49    540 _IEEE_ADDR6	=	0xdf49
                    DF4A    541 _IEEE_ADDR7	=	0xdf4a
                    DF4B    542 _PANIDH	=	0xdf4b
                    DF4C    543 _PANIDL	=	0xdf4c
                    DF4D    544 _SHORTADDRH	=	0xdf4d
                    DF4E    545 _SHORTADDRL	=	0xdf4e
                    DF4F    546 _IOCFG0	=	0xdf4f
                    DF50    547 _IOCFG1	=	0xdf50
                    DF51    548 _IOCFG2	=	0xdf51
                    DF52    549 _IOCFG3	=	0xdf52
                    DF53    550 _RXFIFOCNT	=	0xdf53
                    DF54    551 _FSMTC1	=	0xdf54
                    DF60    552 _CHVER	=	0xdf60
                    DF61    553 _CHIPID	=	0xdf61
                    DF62    554 _RFSTATUS	=	0xdf62
                    DFC1    555 _U0BUF_SHADOW	=	0xdfc1
                    DFD9    556 _RFD_SHADOW	=	0xdfd9
                    DFF9    557 _U1BUF_SHADOW	=	0xdff9
                    DFBA    558 _ADC_SHADOW	=	0xdfba
                            559 ;--------------------------------------------------------
                            560 ; absolute external ram data
                            561 ;--------------------------------------------------------
                            562 	.area XABS    (ABS,XDATA)
                            563 ;--------------------------------------------------------
                            564 ; external initialized ram data
                            565 ;--------------------------------------------------------
                            566 	.area XISEG   (XDATA)
   0000                     567 _channel_list_list:
   0000                     568 	.ds 3
   0003                     569 _channel_list:
   0003                     570 	.ds 3
                            571 	.area HOME    (CODE)
                            572 	.area GSINIT0 (CODE)
                            573 	.area GSINIT1 (CODE)
                            574 	.area GSINIT2 (CODE)
                            575 	.area GSINIT3 (CODE)
                            576 	.area GSINIT4 (CODE)
                            577 	.area GSINIT5 (CODE)
                            578 	.area GSINIT  (CODE)
                            579 	.area GSFINAL (CODE)
                            580 	.area CSEG    (CODE)
                            581 ;--------------------------------------------------------
                            582 ; global & static initialisations
                            583 ;--------------------------------------------------------
                            584 	.area HOME    (CODE)
                            585 	.area GSINIT  (CODE)
                            586 	.area GSFINAL (CODE)
                            587 	.area GSINIT  (CODE)
                            588 ;--------------------------------------------------------
                            589 ; Home
                            590 ;--------------------------------------------------------
                            591 	.area HOME    (CODE)
                            592 	.area HOME    (CODE)
                            593 ;--------------------------------------------------------
                            594 ; code
                            595 ;--------------------------------------------------------
                            596 	.area CSEG    (CODE)
                            597 ;------------------------------------------------------------
                            598 ;Allocation info for local variables in function 'channel_init'
                            599 ;------------------------------------------------------------
                            600 ;------------------------------------------------------------
                            601 ;	../../../core/net/rime/channel.c:49: channel_init(void)
                            602 ;	-----------------------------------------
                            603 ;	 function channel_init
                            604 ;	-----------------------------------------
   0000                     605 _channel_init:
                    0002    606 	ar2 = 0x02
                    0003    607 	ar3 = 0x03
                    0004    608 	ar4 = 0x04
                    0005    609 	ar5 = 0x05
                    0006    610 	ar6 = 0x06
                    0007    611 	ar7 = 0x07
                    0000    612 	ar0 = 0x00
                    0001    613 	ar1 = 0x01
                            614 ;	../../../core/net/rime/channel.c:51: list_init(channel_list);
   0000 90s00r03            615 	mov	dptr,#_channel_list
   0003 E0                  616 	movx	a,@dptr
   0004 FA                  617 	mov	r2,a
   0005 A3                  618 	inc	dptr
   0006 E0                  619 	movx	a,@dptr
   0007 FB                  620 	mov	r3,a
   0008 A3                  621 	inc	dptr
   0009 E0                  622 	movx	a,@dptr
   000A FC                  623 	mov	r4,a
   000B 8A 82               624 	mov	dpl,r2
   000D 8B 83               625 	mov	dph,r3
   000F 8C F0               626 	mov	b,r4
   0011 02s00r00            627 	ljmp	_list_init
                            628 ;------------------------------------------------------------
                            629 ;Allocation info for local variables in function 'channel_set_attributes'
                            630 ;------------------------------------------------------------
                            631 ;attrlist                  Allocated to stack - offset -5
                            632 ;channelno                 Allocated to registers r2 r3 
                            633 ;c                         Allocated to registers r2 r3 r4 
                            634 ;------------------------------------------------------------
                            635 ;	../../../core/net/rime/channel.c:55: channel_set_attributes(uint16_t channelno,
                            636 ;	-----------------------------------------
                            637 ;	 function channel_set_attributes
                            638 ;	-----------------------------------------
   0014                     639 _channel_set_attributes:
   0014 C0*00               640 	push	_bp
   0016 85 81*00            641 	mov	_bp,sp
                            642 ;	../../../core/net/rime/channel.c:59: c = channel_lookup(channelno);
   0019 12s00rF2            643 	lcall	_channel_lookup
   001C AA 82               644 	mov	r2,dpl
   001E AB 83               645 	mov	r3,dph
   0020 AC F0               646 	mov	r4,b
                            647 ;	../../../core/net/rime/channel.c:60: if(c != NULL) {
   0022 EA                  648 	mov	a,r2
   0023 4B                  649 	orl	a,r3
   0024 4C                  650 	orl	a,r4
   0025 60 55               651 	jz	00103$
                            652 ;	../../../core/net/rime/channel.c:61: c->attrlist = attrlist;
   0027 74 05               653 	mov	a,#0x05
   0029 2A                  654 	add	a,r2
   002A FD                  655 	mov	r5,a
   002B E4                  656 	clr	a
   002C 3B                  657 	addc	a,r3
   002D FE                  658 	mov	r6,a
   002E 8C 07               659 	mov	ar7,r4
   0030 8D 82               660 	mov	dpl,r5
   0032 8E 83               661 	mov	dph,r6
   0034 8F F0               662 	mov	b,r7
   0036 E5*00               663 	mov	a,_bp
   0038 24 FB               664 	add	a,#0xfb
   003A F8                  665 	mov	r0,a
   003B E6                  666 	mov	a,@r0
   003C 12s00r00            667 	lcall	__gptrput
   003F A3                  668 	inc	dptr
   0040 08                  669 	inc	r0
   0041 E6                  670 	mov	a,@r0
   0042 12s00r00            671 	lcall	__gptrput
   0045 A3                  672 	inc	dptr
   0046 08                  673 	inc	r0
   0047 E6                  674 	mov	a,@r0
   0048 12s00r00            675 	lcall	__gptrput
                            676 ;	../../../core/net/rime/channel.c:62: c->hdrsize = chameleon_hdrsize(attrlist);
   004B 74 08               677 	mov	a,#0x08
   004D 2A                  678 	add	a,r2
   004E FA                  679 	mov	r2,a
   004F E4                  680 	clr	a
   0050 3B                  681 	addc	a,r3
   0051 FB                  682 	mov	r3,a
   0052 E5*00               683 	mov	a,_bp
   0054 24 FB               684 	add	a,#0xfb
   0056 F8                  685 	mov	r0,a
   0057 86 82               686 	mov	dpl,@r0
   0059 08                  687 	inc	r0
   005A 86 83               688 	mov	dph,@r0
   005C 08                  689 	inc	r0
   005D 86 F0               690 	mov	b,@r0
   005F C0 02               691 	push	ar2
   0061 C0 03               692 	push	ar3
   0063 C0 04               693 	push	ar4
   0065 12s00r00            694 	lcall	_chameleon_hdrsize
   0068 AD 82               695 	mov	r5,dpl
   006A AE 83               696 	mov	r6,dph
   006C D0 04               697 	pop	ar4
   006E D0 03               698 	pop	ar3
   0070 D0 02               699 	pop	ar2
   0072 8A 82               700 	mov	dpl,r2
   0074 8B 83               701 	mov	dph,r3
   0076 8C F0               702 	mov	b,r4
   0078 ED                  703 	mov	a,r5
   0079 12s00r00            704 	lcall	__gptrput
   007C                     705 00103$:
   007C D0*00               706 	pop	_bp
   007E 22                  707 	ret
                            708 ;------------------------------------------------------------
                            709 ;Allocation info for local variables in function 'channel_open'
                            710 ;------------------------------------------------------------
                            711 ;channelno                 Allocated to stack - offset -4
                            712 ;c                         Allocated to registers r2 r3 r4 
                            713 ;------------------------------------------------------------
                            714 ;	../../../core/net/rime/channel.c:67: channel_open(struct channel *c, uint16_t channelno)
                            715 ;	-----------------------------------------
                            716 ;	 function channel_open
                            717 ;	-----------------------------------------
   007F                     718 _channel_open:
   007F C0*00               719 	push	_bp
   0081 85 81*00            720 	mov	_bp,sp
   0084 AA 82               721 	mov	r2,dpl
   0086 AB 83               722 	mov	r3,dph
   0088 AC F0               723 	mov	r4,b
                            724 ;	../../../core/net/rime/channel.c:69: c->channelno = channelno;
   008A 74 03               725 	mov	a,#0x03
   008C 2A                  726 	add	a,r2
   008D FD                  727 	mov	r5,a
   008E E4                  728 	clr	a
   008F 3B                  729 	addc	a,r3
   0090 FE                  730 	mov	r6,a
   0091 8C 07               731 	mov	ar7,r4
   0093 8D 82               732 	mov	dpl,r5
   0095 8E 83               733 	mov	dph,r6
   0097 8F F0               734 	mov	b,r7
   0099 E5*00               735 	mov	a,_bp
   009B 24 FC               736 	add	a,#0xfc
   009D F8                  737 	mov	r0,a
   009E E6                  738 	mov	a,@r0
   009F 12s00r00            739 	lcall	__gptrput
   00A2 A3                  740 	inc	dptr
   00A3 08                  741 	inc	r0
   00A4 E6                  742 	mov	a,@r0
   00A5 12s00r00            743 	lcall	__gptrput
                            744 ;	../../../core/net/rime/channel.c:70: list_add(channel_list, c);
   00A8 90s00r03            745 	mov	dptr,#_channel_list
   00AB E0                  746 	movx	a,@dptr
   00AC FD                  747 	mov	r5,a
   00AD A3                  748 	inc	dptr
   00AE E0                  749 	movx	a,@dptr
   00AF FE                  750 	mov	r6,a
   00B0 A3                  751 	inc	dptr
   00B1 E0                  752 	movx	a,@dptr
   00B2 FF                  753 	mov	r7,a
   00B3 C0 02               754 	push	ar2
   00B5 C0 03               755 	push	ar3
   00B7 C0 04               756 	push	ar4
   00B9 8D 82               757 	mov	dpl,r5
   00BB 8E 83               758 	mov	dph,r6
   00BD 8F F0               759 	mov	b,r7
   00BF 12s00r00            760 	lcall	_list_add
   00C2 15 81               761 	dec	sp
   00C4 15 81               762 	dec	sp
   00C6 15 81               763 	dec	sp
   00C8 D0*00               764 	pop	_bp
   00CA 22                  765 	ret
                            766 ;------------------------------------------------------------
                            767 ;Allocation info for local variables in function 'channel_close'
                            768 ;------------------------------------------------------------
                            769 ;c                         Allocated to registers r2 r3 r4 
                            770 ;------------------------------------------------------------
                            771 ;	../../../core/net/rime/channel.c:74: channel_close(struct channel *c)
                            772 ;	-----------------------------------------
                            773 ;	 function channel_close
                            774 ;	-----------------------------------------
   00CB                     775 _channel_close:
   00CB AA 82               776 	mov	r2,dpl
   00CD AB 83               777 	mov	r3,dph
   00CF AC F0               778 	mov	r4,b
                            779 ;	../../../core/net/rime/channel.c:76: list_remove(channel_list, c);
   00D1 90s00r03            780 	mov	dptr,#_channel_list
   00D4 E0                  781 	movx	a,@dptr
   00D5 FD                  782 	mov	r5,a
   00D6 A3                  783 	inc	dptr
   00D7 E0                  784 	movx	a,@dptr
   00D8 FE                  785 	mov	r6,a
   00D9 A3                  786 	inc	dptr
   00DA E0                  787 	movx	a,@dptr
   00DB FF                  788 	mov	r7,a
   00DC C0 02               789 	push	ar2
   00DE C0 03               790 	push	ar3
   00E0 C0 04               791 	push	ar4
   00E2 8D 82               792 	mov	dpl,r5
   00E4 8E 83               793 	mov	dph,r6
   00E6 8F F0               794 	mov	b,r7
   00E8 12s00r00            795 	lcall	_list_remove
   00EB 15 81               796 	dec	sp
   00ED 15 81               797 	dec	sp
   00EF 15 81               798 	dec	sp
   00F1 22                  799 	ret
                            800 ;------------------------------------------------------------
                            801 ;Allocation info for local variables in function 'channel_lookup'
                            802 ;------------------------------------------------------------
                            803 ;channelno                 Allocated to stack - offset 1
                            804 ;c                         Allocated to registers r4 r5 r6 
                            805 ;------------------------------------------------------------
                            806 ;	../../../core/net/rime/channel.c:80: channel_lookup(uint16_t channelno)
                            807 ;	-----------------------------------------
                            808 ;	 function channel_lookup
                            809 ;	-----------------------------------------
   00F2                     810 _channel_lookup:
   00F2 C0*00               811 	push	_bp
   00F4 85 81*00            812 	mov	_bp,sp
   00F7 C0 82               813 	push	dpl
   00F9 C0 83               814 	push	dph
                            815 ;	../../../core/net/rime/channel.c:83: for(c = list_head(channel_list); c != NULL; c = list_item_next(c)) {
   00FB 90s00r03            816 	mov	dptr,#_channel_list
   00FE E0                  817 	movx	a,@dptr
   00FF FC                  818 	mov	r4,a
   0100 A3                  819 	inc	dptr
   0101 E0                  820 	movx	a,@dptr
   0102 FD                  821 	mov	r5,a
   0103 A3                  822 	inc	dptr
   0104 E0                  823 	movx	a,@dptr
   0105 FE                  824 	mov	r6,a
   0106 8C 82               825 	mov	dpl,r4
   0108 8D 83               826 	mov	dph,r5
   010A 8E F0               827 	mov	b,r6
   010C 12s00r00            828 	lcall	_list_head
   010F AC 82               829 	mov	r4,dpl
   0111 AD 83               830 	mov	r5,dph
   0113 AE F0               831 	mov	r6,b
   0115                     832 00103$:
   0115 BC 00 08            833 	cjne	r4,#0x00,00112$
   0118 BD 00 05            834 	cjne	r5,#0x00,00112$
   011B BE 00 02            835 	cjne	r6,#0x00,00112$
   011E 80 47               836 	sjmp	00106$
   0120                     837 00112$:
                            838 ;	../../../core/net/rime/channel.c:84: if(c->channelno == channelno) {
   0120 74 03               839 	mov	a,#0x03
   0122 2C                  840 	add	a,r4
   0123 FF                  841 	mov	r7,a
   0124 E4                  842 	clr	a
   0125 3D                  843 	addc	a,r5
   0126 FA                  844 	mov	r2,a
   0127 8E 03               845 	mov	ar3,r6
   0129 8F 82               846 	mov	dpl,r7
   012B 8A 83               847 	mov	dph,r2
   012D 8B F0               848 	mov	b,r3
   012F 12s00r00            849 	lcall	__gptrget
   0132 FF                  850 	mov	r7,a
   0133 A3                  851 	inc	dptr
   0134 12s00r00            852 	lcall	__gptrget
   0137 FA                  853 	mov	r2,a
   0138 A8*00               854 	mov	r0,_bp
   013A 08                  855 	inc	r0
   013B E6                  856 	mov	a,@r0
   013C B5 07 07            857 	cjne	a,ar7,00113$
   013F 08                  858 	inc	r0
   0140 E6                  859 	mov	a,@r0
   0141 B5 02 02            860 	cjne	a,ar2,00113$
   0144 80 02               861 	sjmp	00114$
   0146                     862 00113$:
   0146 80 08               863 	sjmp	00105$
   0148                     864 00114$:
                            865 ;	../../../core/net/rime/channel.c:85: return c;
   0148 8C 82               866 	mov	dpl,r4
   014A 8D 83               867 	mov	dph,r5
   014C 8E F0               868 	mov	b,r6
   014E 80 1D               869 	sjmp	00107$
   0150                     870 00105$:
                            871 ;	../../../core/net/rime/channel.c:83: for(c = list_head(channel_list); c != NULL; c = list_item_next(c)) {
   0150 8C 82               872 	mov	dpl,r4
   0152 8D 83               873 	mov	dph,r5
   0154 8E F0               874 	mov	b,r6
   0156 12s00r00            875 	lcall	_list_item_next
   0159 AA 82               876 	mov	r2,dpl
   015B AB 83               877 	mov	r3,dph
   015D AF F0               878 	mov	r7,b
   015F 8A 04               879 	mov	ar4,r2
   0161 8B 05               880 	mov	ar5,r3
   0163 8F 06               881 	mov	ar6,r7
   0165 80 AE               882 	sjmp	00103$
   0167                     883 00106$:
                            884 ;	../../../core/net/rime/channel.c:88: return NULL;
   0167 90 00 00            885 	mov	dptr,#0x0000
   016A 75 F0 00            886 	mov	b,#0x00
   016D                     887 00107$:
   016D 85*00 81            888 	mov	sp,_bp
   0170 D0*00               889 	pop	_bp
   0172 22                  890 	ret
                            891 	.area CSEG    (CODE)
                            892 	.area CONST   (CODE)
                            893 	.area XINIT   (CODE)
   0000                     894 __xinit__channel_list_list:
                            895 ; generic printIvalPtr
   0000 00 00 00            896 	.byte #0x00,#0x00,#0x00
   0003                     897 __xinit__channel_list:
   0003r00s00 00            898 	.byte _channel_list_list,(_channel_list_list >> 8),#0x00
                            899 	.area CABS    (ABS,CODE)
