                              1 ;--------------------------------------------------------
                              2 ; File Created by SDCC : free open source ANSI-C Compiler
                              3 ; Version 3.0.1 #6121 (Nov 17 2015) (CYGWIN)
                              4 ; This file was generated Sat Jan 27 13:28:03 2018
                              5 ;--------------------------------------------------------
                              6 	.module rtimer_arch
                              7 	.optsdcc -mmcs51 --model-large
                              8 	
                              9 ;--------------------------------------------------------
                             10 ; Public variables in this module
                             11 ;--------------------------------------------------------
                             12 	.globl _IRCON2_P2IF
                             13 	.globl _IRCON2_UTX0IF
                             14 	.globl _IRCON2_UTX1IF
                             15 	.globl _IRCON2_P1IF
                             16 	.globl _IRCON2_WDTIF
                             17 	.globl _CY
                             18 	.globl _AC
                             19 	.globl _F0
                             20 	.globl _RS1
                             21 	.globl _RS0
                             22 	.globl _OV
                             23 	.globl _F1
                             24 	.globl _P
                             25 	.globl _IRCON_DMAIF
                             26 	.globl _IRCON_T1IF
                             27 	.globl _IRCON_T2IF
                             28 	.globl _IRCON_T3IF
                             29 	.globl _IRCON_T4IF
                             30 	.globl _IRCON_P0IF
                             31 	.globl _IRCON_STIF
                             32 	.globl _IEN1_DMAIE
                             33 	.globl _IEN1_T1IE
                             34 	.globl _IEN1_T2IE
                             35 	.globl _IEN1_T3IE
                             36 	.globl _IEN1_T4IE
                             37 	.globl _IEN1_P0IE
                             38 	.globl _IEN0_RFERRIE
                             39 	.globl _IEN0_ADCIE
                             40 	.globl _IEN0_URX0IE
                             41 	.globl _IEN0_URX1IE
                             42 	.globl _IEN0_ENCIE
                             43 	.globl _IEN0_STIE
                             44 	.globl _IEN0_EA
                             45 	.globl _EA
                             46 	.globl _P2_4
                             47 	.globl _P2_3
                             48 	.globl _P2_2
                             49 	.globl _P2_1
                             50 	.globl _P2_0
                             51 	.globl _S0CON_ENCIF_0
                             52 	.globl _S0CON_ENCIF_1
                             53 	.globl _P1_7
                             54 	.globl _P1_6
                             55 	.globl _P1_5
                             56 	.globl _P1_4
                             57 	.globl _P1_3
                             58 	.globl _P1_2
                             59 	.globl _P1_1
                             60 	.globl _P1_0
                             61 	.globl _TCON_IT0
                             62 	.globl _TCON_RFERRIF
                             63 	.globl _TCON_IT1
                             64 	.globl _TCON_URX0IF
                             65 	.globl _TCON_ADCIF
                             66 	.globl _TCON_URX1IF
                             67 	.globl _P0_0
                             68 	.globl _P0_1
                             69 	.globl _P0_2
                             70 	.globl _P0_3
                             71 	.globl _P0_4
                             72 	.globl _P0_5
                             73 	.globl _P0_6
                             74 	.globl _P0_7
                             75 	.globl _P2DIR
                             76 	.globl _P1DIR
                             77 	.globl _P0DIR
                             78 	.globl _U1GCR
                             79 	.globl _U1UCR
                             80 	.globl _U1BAUD
                             81 	.globl _U1BUF
                             82 	.globl _U1CSR
                             83 	.globl _P2INP
                             84 	.globl _P1INP
                             85 	.globl _P2SEL
                             86 	.globl _P1SEL
                             87 	.globl _P0SEL
                             88 	.globl _ADCCFG
                             89 	.globl _PERCFG
                             90 	.globl _B
                             91 	.globl _T4CC1
                             92 	.globl _T4CCTL1
                             93 	.globl _T4CC0
                             94 	.globl _T4CCTL0
                             95 	.globl _T4CTL
                             96 	.globl _T4CNT
                             97 	.globl _RFIF
                             98 	.globl _IRCON2
                             99 	.globl _T1CCTL2
                            100 	.globl _T1CCTL1
                            101 	.globl _T1CCTL0
                            102 	.globl _T1CTL
                            103 	.globl _T1CNTH
                            104 	.globl _T1CNTL
                            105 	.globl _RFST
                            106 	.globl _ACC
                            107 	.globl _T1CC2H
                            108 	.globl _T1CC2L
                            109 	.globl _T1CC1H
                            110 	.globl _T1CC1L
                            111 	.globl _T1CC0H
                            112 	.globl _T1CC0L
                            113 	.globl _RFD
                            114 	.globl _TIMIF
                            115 	.globl _DMAREQ
                            116 	.globl _DMAARM
                            117 	.globl _DMA0CFGH
                            118 	.globl _DMA0CFGL
                            119 	.globl _DMA1CFGH
                            120 	.globl _DMA1CFGL
                            121 	.globl _DMAIRQ
                            122 	.globl _PSW
                            123 	.globl _T3CC1
                            124 	.globl _T3CCTL1
                            125 	.globl _T3CC0
                            126 	.globl _T3CCTL0
                            127 	.globl _T3CTL
                            128 	.globl _T3CNT
                            129 	.globl _WDCTL
                            130 	.globl _T2CON
                            131 	.globl _MEMCTR
                            132 	.globl _CLKCON
                            133 	.globl _U0GCR
                            134 	.globl _U0UCR
                            135 	.globl _T2CNF
                            136 	.globl _U0BAUD
                            137 	.globl _U0BUF
                            138 	.globl _IRCON
                            139 	.globl _SLEEP
                            140 	.globl _RNDH
                            141 	.globl _RNDL
                            142 	.globl _ADCH
                            143 	.globl _ADCL
                            144 	.globl _IP1
                            145 	.globl _IEN1
                            146 	.globl _RCCTL
                            147 	.globl _ADCCON3
                            148 	.globl _ADCCON2
                            149 	.globl _ADCCON1
                            150 	.globl _ENCCS
                            151 	.globl _ENCDO
                            152 	.globl _ENCDI
                            153 	.globl _FWDATA
                            154 	.globl _FCTL
                            155 	.globl _FADDRH
                            156 	.globl _FADDRL
                            157 	.globl _FWT
                            158 	.globl _IP0
                            159 	.globl _IEN0
                            160 	.globl _IE
                            161 	.globl _T2THD
                            162 	.globl _T2TLD
                            163 	.globl _T2CAPHPH
                            164 	.globl _T2CAPLPL
                            165 	.globl _T2OF2
                            166 	.globl _T2OF1
                            167 	.globl _T2OF0
                            168 	.globl _P2
                            169 	.globl _PSBANK
                            170 	.globl _FMAP
                            171 	.globl _T2PEROF2
                            172 	.globl _T2PEROF1
                            173 	.globl _T2PEROF0
                            174 	.globl _S1CON
                            175 	.globl _IEN2
                            176 	.globl _HSRC
                            177 	.globl _S0CON
                            178 	.globl _ST2
                            179 	.globl _ST1
                            180 	.globl _ST0
                            181 	.globl _T2CMP
                            182 	.globl __XPAGE
                            183 	.globl _DPS
                            184 	.globl _RFIM
                            185 	.globl _P1
                            186 	.globl _P0INP
                            187 	.globl _P1IEN
                            188 	.globl _PICTL
                            189 	.globl _P2IFG
                            190 	.globl _P1IFG
                            191 	.globl _P0IFG
                            192 	.globl _TCON
                            193 	.globl _PCON
                            194 	.globl _U0CSR
                            195 	.globl _DPH1
                            196 	.globl _DPL1
                            197 	.globl _DPH0
                            198 	.globl _DPL0
                            199 	.globl _SP
                            200 	.globl _P0
                            201 	.globl _ADC_SHADOW
                            202 	.globl _U1BUF_SHADOW
                            203 	.globl _RFD_SHADOW
                            204 	.globl _U0BUF_SHADOW
                            205 	.globl _RFSTATUS
                            206 	.globl _CHIPID
                            207 	.globl _CHVER
                            208 	.globl _FSMTC1
                            209 	.globl _RXFIFOCNT
                            210 	.globl _IOCFG3
                            211 	.globl _IOCFG2
                            212 	.globl _IOCFG1
                            213 	.globl _IOCFG0
                            214 	.globl _SHORTADDRL
                            215 	.globl _SHORTADDRH
                            216 	.globl _PANIDL
                            217 	.globl _PANIDH
                            218 	.globl _IEEE_ADDR7
                            219 	.globl _IEEE_ADDR6
                            220 	.globl _IEEE_ADDR5
                            221 	.globl _IEEE_ADDR4
                            222 	.globl _IEEE_ADDR3
                            223 	.globl _IEEE_ADDR2
                            224 	.globl _IEEE_ADDR1
                            225 	.globl _IEEE_ADDR0
                            226 	.globl _DACTSTL
                            227 	.globl _DACTSTH
                            228 	.globl _ADCTSTL
                            229 	.globl _ADCTSTH
                            230 	.globl _FSMSTATE
                            231 	.globl _AGCCTRLL
                            232 	.globl _AGCCTRLH
                            233 	.globl _MANORL
                            234 	.globl _MANORH
                            235 	.globl _MANANDL
                            236 	.globl _MANANDH
                            237 	.globl _FSMTCL
                            238 	.globl _FSMTCH
                            239 	.globl _RFPWR
                            240 	.globl _CSPT
                            241 	.globl _CSPCTRL
                            242 	.globl _CSPZ
                            243 	.globl _CSPY
                            244 	.globl _CSPX
                            245 	.globl _FSCTRLL
                            246 	.globl _FSCTRLH
                            247 	.globl _RXCTRL1L
                            248 	.globl _RXCTRL1H
                            249 	.globl _RXCTRL0L
                            250 	.globl _RXCTRL0H
                            251 	.globl _TXCTRLL
                            252 	.globl _TXCTRLH
                            253 	.globl _SYNCWORDL
                            254 	.globl _SYNCWORDH
                            255 	.globl _RSSIL
                            256 	.globl _RSSIH
                            257 	.globl _MDMCTRL1L
                            258 	.globl _MDMCTRL1H
                            259 	.globl _MDMCTRL0L
                            260 	.globl _MDMCTRL0H
                            261 	.globl _rtimer_arch_init
                            262 	.globl _rtimer_arch_schedule
                            263 	.globl _cc2430_timer_1_ISR
                            264 ;--------------------------------------------------------
                            265 ; special function registers
                            266 ;--------------------------------------------------------
                            267 	.area RSEG    (ABS,DATA)
   0000                     268 	.org 0x0000
                    0080    269 _P0	=	0x0080
                    0081    270 _SP	=	0x0081
                    0082    271 _DPL0	=	0x0082
                    0083    272 _DPH0	=	0x0083
                    0084    273 _DPL1	=	0x0084
                    0085    274 _DPH1	=	0x0085
                    0086    275 _U0CSR	=	0x0086
                    0087    276 _PCON	=	0x0087
                    0088    277 _TCON	=	0x0088
                    0089    278 _P0IFG	=	0x0089
                    008A    279 _P1IFG	=	0x008a
                    008B    280 _P2IFG	=	0x008b
                    008C    281 _PICTL	=	0x008c
                    008D    282 _P1IEN	=	0x008d
                    008F    283 _P0INP	=	0x008f
                    0090    284 _P1	=	0x0090
                    0091    285 _RFIM	=	0x0091
                    0092    286 _DPS	=	0x0092
                    0093    287 __XPAGE	=	0x0093
                    0094    288 _T2CMP	=	0x0094
                    0095    289 _ST0	=	0x0095
                    0096    290 _ST1	=	0x0096
                    0097    291 _ST2	=	0x0097
                    0098    292 _S0CON	=	0x0098
                    0099    293 _HSRC	=	0x0099
                    009A    294 _IEN2	=	0x009a
                    009B    295 _S1CON	=	0x009b
                    009C    296 _T2PEROF0	=	0x009c
                    009D    297 _T2PEROF1	=	0x009d
                    009E    298 _T2PEROF2	=	0x009e
                    009F    299 _FMAP	=	0x009f
                    009F    300 _PSBANK	=	0x009f
                    00A0    301 _P2	=	0x00a0
                    00A1    302 _T2OF0	=	0x00a1
                    00A2    303 _T2OF1	=	0x00a2
                    00A3    304 _T2OF2	=	0x00a3
                    00A4    305 _T2CAPLPL	=	0x00a4
                    00A5    306 _T2CAPHPH	=	0x00a5
                    00A6    307 _T2TLD	=	0x00a6
                    00A7    308 _T2THD	=	0x00a7
                    00A8    309 _IE	=	0x00a8
                    00A8    310 _IEN0	=	0x00a8
                    00A9    311 _IP0	=	0x00a9
                    00AB    312 _FWT	=	0x00ab
                    00AC    313 _FADDRL	=	0x00ac
                    00AD    314 _FADDRH	=	0x00ad
                    00AE    315 _FCTL	=	0x00ae
                    00AF    316 _FWDATA	=	0x00af
                    00B1    317 _ENCDI	=	0x00b1
                    00B2    318 _ENCDO	=	0x00b2
                    00B3    319 _ENCCS	=	0x00b3
                    00B4    320 _ADCCON1	=	0x00b4
                    00B5    321 _ADCCON2	=	0x00b5
                    00B6    322 _ADCCON3	=	0x00b6
                    00B7    323 _RCCTL	=	0x00b7
                    00B8    324 _IEN1	=	0x00b8
                    00B9    325 _IP1	=	0x00b9
                    00BA    326 _ADCL	=	0x00ba
                    00BB    327 _ADCH	=	0x00bb
                    00BC    328 _RNDL	=	0x00bc
                    00BD    329 _RNDH	=	0x00bd
                    00BE    330 _SLEEP	=	0x00be
                    00C0    331 _IRCON	=	0x00c0
                    00C1    332 _U0BUF	=	0x00c1
                    00C2    333 _U0BAUD	=	0x00c2
                    00C3    334 _T2CNF	=	0x00c3
                    00C4    335 _U0UCR	=	0x00c4
                    00C5    336 _U0GCR	=	0x00c5
                    00C6    337 _CLKCON	=	0x00c6
                    00C7    338 _MEMCTR	=	0x00c7
                    00C8    339 _T2CON	=	0x00c8
                    00C9    340 _WDCTL	=	0x00c9
                    00CA    341 _T3CNT	=	0x00ca
                    00CB    342 _T3CTL	=	0x00cb
                    00CC    343 _T3CCTL0	=	0x00cc
                    00CD    344 _T3CC0	=	0x00cd
                    00CE    345 _T3CCTL1	=	0x00ce
                    00CF    346 _T3CC1	=	0x00cf
                    00D0    347 _PSW	=	0x00d0
                    00D1    348 _DMAIRQ	=	0x00d1
                    00D2    349 _DMA1CFGL	=	0x00d2
                    00D3    350 _DMA1CFGH	=	0x00d3
                    00D4    351 _DMA0CFGL	=	0x00d4
                    00D5    352 _DMA0CFGH	=	0x00d5
                    00D6    353 _DMAARM	=	0x00d6
                    00D7    354 _DMAREQ	=	0x00d7
                    00D8    355 _TIMIF	=	0x00d8
                    00D9    356 _RFD	=	0x00d9
                    00DA    357 _T1CC0L	=	0x00da
                    00DB    358 _T1CC0H	=	0x00db
                    00DC    359 _T1CC1L	=	0x00dc
                    00DD    360 _T1CC1H	=	0x00dd
                    00DE    361 _T1CC2L	=	0x00de
                    00DF    362 _T1CC2H	=	0x00df
                    00E0    363 _ACC	=	0x00e0
                    00E1    364 _RFST	=	0x00e1
                    00E2    365 _T1CNTL	=	0x00e2
                    00E3    366 _T1CNTH	=	0x00e3
                    00E4    367 _T1CTL	=	0x00e4
                    00E5    368 _T1CCTL0	=	0x00e5
                    00E6    369 _T1CCTL1	=	0x00e6
                    00E7    370 _T1CCTL2	=	0x00e7
                    00E8    371 _IRCON2	=	0x00e8
                    00E9    372 _RFIF	=	0x00e9
                    00EA    373 _T4CNT	=	0x00ea
                    00EB    374 _T4CTL	=	0x00eb
                    00EC    375 _T4CCTL0	=	0x00ec
                    00ED    376 _T4CC0	=	0x00ed
                    00EE    377 _T4CCTL1	=	0x00ee
                    00EF    378 _T4CC1	=	0x00ef
                    00F0    379 _B	=	0x00f0
                    00F1    380 _PERCFG	=	0x00f1
                    00F2    381 _ADCCFG	=	0x00f2
                    00F3    382 _P0SEL	=	0x00f3
                    00F4    383 _P1SEL	=	0x00f4
                    00F5    384 _P2SEL	=	0x00f5
                    00F6    385 _P1INP	=	0x00f6
                    00F7    386 _P2INP	=	0x00f7
                    00F8    387 _U1CSR	=	0x00f8
                    00F9    388 _U1BUF	=	0x00f9
                    00FA    389 _U1BAUD	=	0x00fa
                    00FB    390 _U1UCR	=	0x00fb
                    00FC    391 _U1GCR	=	0x00fc
                    00FD    392 _P0DIR	=	0x00fd
                    00FE    393 _P1DIR	=	0x00fe
                    00FF    394 _P2DIR	=	0x00ff
                            395 ;--------------------------------------------------------
                            396 ; special function bits
                            397 ;--------------------------------------------------------
                            398 	.area RSEG    (ABS,DATA)
   0000                     399 	.org 0x0000
                    0087    400 _P0_7	=	0x0087
                    0086    401 _P0_6	=	0x0086
                    0085    402 _P0_5	=	0x0085
                    0084    403 _P0_4	=	0x0084
                    0083    404 _P0_3	=	0x0083
                    0082    405 _P0_2	=	0x0082
                    0081    406 _P0_1	=	0x0081
                    0080    407 _P0_0	=	0x0080
                    008F    408 _TCON_URX1IF	=	0x008f
                    008D    409 _TCON_ADCIF	=	0x008d
                    008B    410 _TCON_URX0IF	=	0x008b
                    008A    411 _TCON_IT1	=	0x008a
                    0089    412 _TCON_RFERRIF	=	0x0089
                    0088    413 _TCON_IT0	=	0x0088
                    0090    414 _P1_0	=	0x0090
                    0091    415 _P1_1	=	0x0091
                    0092    416 _P1_2	=	0x0092
                    0093    417 _P1_3	=	0x0093
                    0094    418 _P1_4	=	0x0094
                    0095    419 _P1_5	=	0x0095
                    0096    420 _P1_6	=	0x0096
                    0097    421 _P1_7	=	0x0097
                    0099    422 _S0CON_ENCIF_1	=	0x0099
                    0098    423 _S0CON_ENCIF_0	=	0x0098
                    00A0    424 _P2_0	=	0x00a0
                    00A1    425 _P2_1	=	0x00a1
                    00A2    426 _P2_2	=	0x00a2
                    00A3    427 _P2_3	=	0x00a3
                    00A4    428 _P2_4	=	0x00a4
                    00AF    429 _EA	=	0x00af
                    00AF    430 _IEN0_EA	=	0x00af
                    00AD    431 _IEN0_STIE	=	0x00ad
                    00AC    432 _IEN0_ENCIE	=	0x00ac
                    00AB    433 _IEN0_URX1IE	=	0x00ab
                    00AA    434 _IEN0_URX0IE	=	0x00aa
                    00A9    435 _IEN0_ADCIE	=	0x00a9
                    00A8    436 _IEN0_RFERRIE	=	0x00a8
                    00BD    437 _IEN1_P0IE	=	0x00bd
                    00BC    438 _IEN1_T4IE	=	0x00bc
                    00BB    439 _IEN1_T3IE	=	0x00bb
                    00BA    440 _IEN1_T2IE	=	0x00ba
                    00B9    441 _IEN1_T1IE	=	0x00b9
                    00B8    442 _IEN1_DMAIE	=	0x00b8
                    00C7    443 _IRCON_STIF	=	0x00c7
                    00C5    444 _IRCON_P0IF	=	0x00c5
                    00C4    445 _IRCON_T4IF	=	0x00c4
                    00C3    446 _IRCON_T3IF	=	0x00c3
                    00C2    447 _IRCON_T2IF	=	0x00c2
                    00C1    448 _IRCON_T1IF	=	0x00c1
                    00C0    449 _IRCON_DMAIF	=	0x00c0
                    00D0    450 _P	=	0x00d0
                    00D1    451 _F1	=	0x00d1
                    00D2    452 _OV	=	0x00d2
                    00D3    453 _RS0	=	0x00d3
                    00D4    454 _RS1	=	0x00d4
                    00D5    455 _F0	=	0x00d5
                    00D6    456 _AC	=	0x00d6
                    00D7    457 _CY	=	0x00d7
                    00EC    458 _IRCON2_WDTIF	=	0x00ec
                    00EB    459 _IRCON2_P1IF	=	0x00eb
                    00EA    460 _IRCON2_UTX1IF	=	0x00ea
                    00E9    461 _IRCON2_UTX0IF	=	0x00e9
                    00E8    462 _IRCON2_P2IF	=	0x00e8
                            463 ;--------------------------------------------------------
                            464 ; overlayable register banks
                            465 ;--------------------------------------------------------
                            466 	.area REG_BANK_0	(REL,OVR,DATA)
   0000                     467 	.ds 8
                            468 ;--------------------------------------------------------
                            469 ; overlayable bit register bank
                            470 ;--------------------------------------------------------
                            471 	.area BIT_BANK	(REL,OVR,DATA)
   0000                     472 bits:
   0000                     473 	.ds 1
                    8000    474 	b0 = bits[0]
                    8100    475 	b1 = bits[1]
                    8200    476 	b2 = bits[2]
                    8300    477 	b3 = bits[3]
                    8400    478 	b4 = bits[4]
                    8500    479 	b5 = bits[5]
                    8600    480 	b6 = bits[6]
                    8700    481 	b7 = bits[7]
                            482 ;--------------------------------------------------------
                            483 ; internal ram data
                            484 ;--------------------------------------------------------
                            485 	.area DSEG    (DATA)
                            486 ;--------------------------------------------------------
                            487 ; overlayable items in internal ram 
                            488 ;--------------------------------------------------------
                            489 	.area OSEG    (OVR,DATA)
                            490 ;--------------------------------------------------------
                            491 ; indirectly addressable internal ram data
                            492 ;--------------------------------------------------------
                            493 	.area ISEG    (DATA)
                            494 ;--------------------------------------------------------
                            495 ; absolute internal ram data
                            496 ;--------------------------------------------------------
                            497 	.area IABS    (ABS,DATA)
                            498 	.area IABS    (ABS,DATA)
                            499 ;--------------------------------------------------------
                            500 ; bit data
                            501 ;--------------------------------------------------------
                            502 	.area BSEG    (BIT)
                            503 ;--------------------------------------------------------
                            504 ; paged external ram data
                            505 ;--------------------------------------------------------
                            506 	.area PSEG    (PAG,XDATA)
                            507 ;--------------------------------------------------------
                            508 ; external ram data
                            509 ;--------------------------------------------------------
                            510 	.area XSEG    (XDATA)
                    DF02    511 _MDMCTRL0H	=	0xdf02
                    DF03    512 _MDMCTRL0L	=	0xdf03
                    DF04    513 _MDMCTRL1H	=	0xdf04
                    DF05    514 _MDMCTRL1L	=	0xdf05
                    DF06    515 _RSSIH	=	0xdf06
                    DF07    516 _RSSIL	=	0xdf07
                    DF08    517 _SYNCWORDH	=	0xdf08
                    DF09    518 _SYNCWORDL	=	0xdf09
                    DF0A    519 _TXCTRLH	=	0xdf0a
                    DF0B    520 _TXCTRLL	=	0xdf0b
                    DF0C    521 _RXCTRL0H	=	0xdf0c
                    DF0D    522 _RXCTRL0L	=	0xdf0d
                    DF0E    523 _RXCTRL1H	=	0xdf0e
                    DF0F    524 _RXCTRL1L	=	0xdf0f
                    DF10    525 _FSCTRLH	=	0xdf10
                    DF11    526 _FSCTRLL	=	0xdf11
                    DF12    527 _CSPX	=	0xdf12
                    DF13    528 _CSPY	=	0xdf13
                    DF14    529 _CSPZ	=	0xdf14
                    DF15    530 _CSPCTRL	=	0xdf15
                    DF16    531 _CSPT	=	0xdf16
                    DF17    532 _RFPWR	=	0xdf17
                    DF20    533 _FSMTCH	=	0xdf20
                    DF21    534 _FSMTCL	=	0xdf21
                    DF22    535 _MANANDH	=	0xdf22
                    DF23    536 _MANANDL	=	0xdf23
                    DF24    537 _MANORH	=	0xdf24
                    DF25    538 _MANORL	=	0xdf25
                    DF26    539 _AGCCTRLH	=	0xdf26
                    DF27    540 _AGCCTRLL	=	0xdf27
                    DF39    541 _FSMSTATE	=	0xdf39
                    DF3A    542 _ADCTSTH	=	0xdf3a
                    DF3B    543 _ADCTSTL	=	0xdf3b
                    DF3C    544 _DACTSTH	=	0xdf3c
                    DF3D    545 _DACTSTL	=	0xdf3d
                    DF43    546 _IEEE_ADDR0	=	0xdf43
                    DF44    547 _IEEE_ADDR1	=	0xdf44
                    DF45    548 _IEEE_ADDR2	=	0xdf45
                    DF46    549 _IEEE_ADDR3	=	0xdf46
                    DF47    550 _IEEE_ADDR4	=	0xdf47
                    DF48    551 _IEEE_ADDR5	=	0xdf48
                    DF49    552 _IEEE_ADDR6	=	0xdf49
                    DF4A    553 _IEEE_ADDR7	=	0xdf4a
                    DF4B    554 _PANIDH	=	0xdf4b
                    DF4C    555 _PANIDL	=	0xdf4c
                    DF4D    556 _SHORTADDRH	=	0xdf4d
                    DF4E    557 _SHORTADDRL	=	0xdf4e
                    DF4F    558 _IOCFG0	=	0xdf4f
                    DF50    559 _IOCFG1	=	0xdf50
                    DF51    560 _IOCFG2	=	0xdf51
                    DF52    561 _IOCFG3	=	0xdf52
                    DF53    562 _RXFIFOCNT	=	0xdf53
                    DF54    563 _FSMTC1	=	0xdf54
                    DF60    564 _CHVER	=	0xdf60
                    DF61    565 _CHIPID	=	0xdf61
                    DF62    566 _RFSTATUS	=	0xdf62
                    DFC1    567 _U0BUF_SHADOW	=	0xdfc1
                    DFD9    568 _RFD_SHADOW	=	0xdfd9
                    DFF9    569 _U1BUF_SHADOW	=	0xdff9
                    DFBA    570 _ADC_SHADOW	=	0xdfba
                            571 ;--------------------------------------------------------
                            572 ; absolute external ram data
                            573 ;--------------------------------------------------------
                            574 	.area XABS    (ABS,XDATA)
                            575 ;--------------------------------------------------------
                            576 ; external initialized ram data
                            577 ;--------------------------------------------------------
                            578 	.area XISEG   (XDATA)
                            579 	.area HOME    (CODE)
                            580 	.area GSINIT0 (CODE)
                            581 	.area GSINIT1 (CODE)
                            582 	.area GSINIT2 (CODE)
                            583 	.area GSINIT3 (CODE)
                            584 	.area GSINIT4 (CODE)
                            585 	.area GSINIT5 (CODE)
                            586 	.area GSINIT  (CODE)
                            587 	.area GSFINAL (CODE)
                            588 	.area CSEG    (CODE)
                            589 ;--------------------------------------------------------
                            590 ; global & static initialisations
                            591 ;--------------------------------------------------------
                            592 	.area HOME    (CODE)
                            593 	.area GSINIT  (CODE)
                            594 	.area GSFINAL (CODE)
                            595 	.area GSINIT  (CODE)
                            596 ;--------------------------------------------------------
                            597 ; Home
                            598 ;--------------------------------------------------------
                            599 	.area HOME    (CODE)
                            600 	.area HOME    (CODE)
                            601 ;--------------------------------------------------------
                            602 ; code
                            603 ;--------------------------------------------------------
                            604 	.area CSEG    (CODE)
                            605 ;------------------------------------------------------------
                            606 ;Allocation info for local variables in function 'rtimer_arch_init'
                            607 ;------------------------------------------------------------
                            608 ;------------------------------------------------------------
                            609 ;	../../../cpu/cc2430/./rtimer-arch.c:68: rtimer_arch_init(void)
                            610 ;	-----------------------------------------
                            611 ;	 function rtimer_arch_init
                            612 ;	-----------------------------------------
   0000                     613 _rtimer_arch_init:
                    0002    614 	ar2 = 0x02
                    0003    615 	ar3 = 0x03
                    0004    616 	ar4 = 0x04
                    0005    617 	ar5 = 0x05
                    0006    618 	ar6 = 0x06
                    0007    619 	ar7 = 0x07
                    0000    620 	ar0 = 0x00
                    0001    621 	ar1 = 0x01
                            622 ;	../../../cpu/cc2430/./rtimer-arch.c:77: T1CTL = (T1DIV1 | T1MODE0); /* 00001001 */
   0000 75 E4 09            623 	mov	_T1CTL,#0x09
                            624 ;	../../../cpu/cc2430/./rtimer-arch.c:80: IEN1_T1IE = 1;
   0003 D2 B9               625 	setb	_IEN1_T1IE
                            626 ;	../../../cpu/cc2430/./rtimer-arch.c:85: if((PERCFG & T1CFG) == 0) {
   0005 E5 F1               627 	mov	a,_PERCFG
   0007 20 E6 05            628 	jb	acc.6,00102$
                            629 ;	../../../cpu/cc2430/./rtimer-arch.c:87: P0DIR |= 0x08;
   000A 43 FD 08            630 	orl	_P0DIR,#0x08
   000D 80 03               631 	sjmp	00103$
   000F                     632 00102$:
                            633 ;	../../../cpu/cc2430/./rtimer-arch.c:91: P1DIR |= 0x02;
   000F 43 FE 02            634 	orl	_P1DIR,#0x02
   0012                     635 00103$:
                            636 ;	../../../cpu/cc2430/./rtimer-arch.c:95: T1CCTL1 = T1MODE + T1IM;
   0012 75 E6 44            637 	mov	_T1CCTL1,#0x44
                            638 ;	../../../cpu/cc2430/./rtimer-arch.c:99: TIMIF &= ~OVFIM;
   0015 53 D8 BF            639 	anl	_TIMIF,#0xBF
   0018 22                  640 	ret
                            641 ;------------------------------------------------------------
                            642 ;Allocation info for local variables in function 'rtimer_arch_schedule'
                            643 ;------------------------------------------------------------
                            644 ;t                         Allocated to registers r2 r3 
                            645 ;------------------------------------------------------------
                            646 ;	../../../cpu/cc2430/./rtimer-arch.c:106: rtimer_arch_schedule(rtimer_clock_t t)
                            647 ;	-----------------------------------------
                            648 ;	 function rtimer_arch_schedule
                            649 ;	-----------------------------------------
   0019                     650 _rtimer_arch_schedule:
   0019 AA 82               651 	mov	r2,dpl
   001B AB 83               652 	mov	r3,dph
                            653 ;	../../../cpu/cc2430/./rtimer-arch.c:111: T1CC1L = (unsigned char) t;
   001D 8A DC               654 	mov	_T1CC1L,r2
                            655 ;	../../../cpu/cc2430/./rtimer-arch.c:112: T1CC1H = (unsigned char) (t >> 8);
   001F 8B DD               656 	mov	_T1CC1H,r3
                            657 ;	../../../cpu/cc2430/./rtimer-arch.c:117: T1CCTL1 |= T1IM;
   0021 43 E6 40            658 	orl	_T1CCTL1,#0x40
   0024 22                  659 	ret
                            660 ;------------------------------------------------------------
                            661 ;Allocation info for local variables in function 'cc2430_timer_1_ISR'
                            662 ;------------------------------------------------------------
                            663 ;------------------------------------------------------------
                            664 ;	../../../cpu/cc2430/./rtimer-arch.c:121: cc2430_timer_1_ISR(void) __interrupt (T1_VECTOR)
                            665 ;	-----------------------------------------
                            666 ;	 function cc2430_timer_1_ISR
                            667 ;	-----------------------------------------
   0025                     668 _cc2430_timer_1_ISR:
   0025 C0*00               669 	push	bits
   0027 C0 E0               670 	push	acc
   0029 C0 F0               671 	push	b
   002B C0 82               672 	push	dpl
   002D C0 83               673 	push	dph
   002F C0 02               674 	push	(0+2)
   0031 C0 03               675 	push	(0+3)
   0033 C0 04               676 	push	(0+4)
   0035 C0 05               677 	push	(0+5)
   0037 C0 06               678 	push	(0+6)
   0039 C0 07               679 	push	(0+7)
   003B C0 00               680 	push	(0+0)
   003D C0 01               681 	push	(0+1)
   003F C0 D0               682 	push	psw
   0041 75 D0 00            683 	mov	psw,#0x00
                            684 ;	../../../cpu/cc2430/./rtimer-arch.c:123: IEN1_T1IE = 0; /* Ignore Timer 1 Interrupts */
   0044 C2 B9               685 	clr	_IEN1_T1IE
                            686 ;	../../../cpu/cc2430/./rtimer-arch.c:124: ENERGEST_ON(ENERGEST_TYPE_IRQ);
   0046 AA E2               687 	mov	r2,_T1CNTL
   0048 7B 00               688 	mov	r3,#0x00
   004A AD E3               689 	mov	r5,_T1CNTH
   004C E4                  690 	clr	a
   004D 2A                  691 	add	a,r2
   004E FA                  692 	mov	r2,a
   004F ED                  693 	mov	a,r5
   0050 3B                  694 	addc	a,r3
   0051 FB                  695 	mov	r3,a
   0052 90s00r04            696 	mov	dptr,#(_energest_current_time + 0x0004)
   0055 EA                  697 	mov	a,r2
   0056 F0                  698 	movx	@dptr,a
   0057 A3                  699 	inc	dptr
   0058 EB                  700 	mov	a,r3
   0059 F0                  701 	movx	@dptr,a
   005A 90s00r02            702 	mov	dptr,#(_energest_current_mode + 0x0002)
   005D 74 01               703 	mov	a,#0x01
   005F F0                  704 	movx	@dptr,a
                            705 ;	../../../cpu/cc2430/./rtimer-arch.c:128: T1CTL &= ~(CH1IF);
   0060 53 E4 BF            706 	anl	_T1CTL,#0xBF
                            707 ;	../../../cpu/cc2430/./rtimer-arch.c:129: T1CCTL1 &= ~T1IM;
   0063 53 E6 BF            708 	anl	_T1CCTL1,#0xBF
                            709 ;	../../../cpu/cc2430/./rtimer-arch.c:131: rtimer_run_next();
   0066 12s00r00            710 	lcall	_rtimer_run_next
                            711 ;	../../../cpu/cc2430/./rtimer-arch.c:133: ENERGEST_OFF(ENERGEST_TYPE_IRQ);
   0069 90s00r02            712 	mov	dptr,#(_energest_current_mode + 0x0002)
   006C E0                  713 	movx	a,@dptr
   006D 60 4B               714 	jz	00108$
   006F 90s00r08            715 	mov	dptr,#(_energest_total_time + 0x0008)
   0072 E0                  716 	movx	a,@dptr
   0073 FA                  717 	mov	r2,a
   0074 A3                  718 	inc	dptr
   0075 E0                  719 	movx	a,@dptr
   0076 FB                  720 	mov	r3,a
   0077 A3                  721 	inc	dptr
   0078 E0                  722 	movx	a,@dptr
   0079 FC                  723 	mov	r4,a
   007A A3                  724 	inc	dptr
   007B E0                  725 	movx	a,@dptr
   007C FD                  726 	mov	r5,a
   007D AE E2               727 	mov	r6,_T1CNTL
   007F 7F 00               728 	mov	r7,#0x00
   0081 A9 E3               729 	mov	r1,_T1CNTH
   0083 E4                  730 	clr	a
   0084 2E                  731 	add	a,r6
   0085 FE                  732 	mov	r6,a
   0086 E9                  733 	mov	a,r1
   0087 3F                  734 	addc	a,r7
   0088 FF                  735 	mov	r7,a
   0089 90s00r04            736 	mov	dptr,#(_energest_current_time + 0x0004)
   008C E0                  737 	movx	a,@dptr
   008D F8                  738 	mov	r0,a
   008E A3                  739 	inc	dptr
   008F E0                  740 	movx	a,@dptr
   0090 F9                  741 	mov	r1,a
   0091 EE                  742 	mov	a,r6
   0092 C3                  743 	clr	c
   0093 98                  744 	subb	a,r0
   0094 FE                  745 	mov	r6,a
   0095 EF                  746 	mov	a,r7
   0096 99                  747 	subb	a,r1
   0097 FF                  748 	mov	r7,a
   0098 E4                  749 	clr	a
   0099 F8                  750 	mov	r0,a
   009A F9                  751 	mov	r1,a
   009B EE                  752 	mov	a,r6
   009C 2A                  753 	add	a,r2
   009D FA                  754 	mov	r2,a
   009E EF                  755 	mov	a,r7
   009F 3B                  756 	addc	a,r3
   00A0 FB                  757 	mov	r3,a
   00A1 E8                  758 	mov	a,r0
   00A2 3C                  759 	addc	a,r4
   00A3 FC                  760 	mov	r4,a
   00A4 E9                  761 	mov	a,r1
   00A5 3D                  762 	addc	a,r5
   00A6 FD                  763 	mov	r5,a
   00A7 90s00r08            764 	mov	dptr,#(_energest_total_time + 0x0008)
   00AA EA                  765 	mov	a,r2
   00AB F0                  766 	movx	@dptr,a
   00AC A3                  767 	inc	dptr
   00AD EB                  768 	mov	a,r3
   00AE F0                  769 	movx	@dptr,a
   00AF A3                  770 	inc	dptr
   00B0 EC                  771 	mov	a,r4
   00B1 F0                  772 	movx	@dptr,a
   00B2 A3                  773 	inc	dptr
   00B3 ED                  774 	mov	a,r5
   00B4 F0                  775 	movx	@dptr,a
   00B5 90s00r02            776 	mov	dptr,#(_energest_current_mode + 0x0002)
   00B8 E4                  777 	clr	a
   00B9 F0                  778 	movx	@dptr,a
   00BA                     779 00108$:
                            780 ;	../../../cpu/cc2430/./rtimer-arch.c:134: IEN1_T1IE = 1; /* Acknowledge Timer 1 Interrupts */
   00BA D2 B9               781 	setb	_IEN1_T1IE
   00BC D0 D0               782 	pop	psw
   00BE D0 01               783 	pop	(0+1)
   00C0 D0 00               784 	pop	(0+0)
   00C2 D0 07               785 	pop	(0+7)
   00C4 D0 06               786 	pop	(0+6)
   00C6 D0 05               787 	pop	(0+5)
   00C8 D0 04               788 	pop	(0+4)
   00CA D0 03               789 	pop	(0+3)
   00CC D0 02               790 	pop	(0+2)
   00CE D0 83               791 	pop	dph
   00D0 D0 82               792 	pop	dpl
   00D2 D0 F0               793 	pop	b
   00D4 D0 E0               794 	pop	acc
   00D6 D0*00               795 	pop	bits
   00D8 32                  796 	reti
                            797 	.area CSEG    (CODE)
                            798 	.area CONST   (CODE)
                            799 	.area XINIT   (CODE)
                            800 	.area CABS    (ABS,CODE)
