                              1 ;--------------------------------------------------------
                              2 ; File Created by SDCC : free open source ANSI-C Compiler
                              3 ; Version 3.0.1 #6121 (Nov 17 2015) (CYGWIN)
                              4 ; This file was generated Sat Jan 27 13:25:00 2018
                              5 ;--------------------------------------------------------
                              6 	.module runicast
                              7 	.optsdcc -mmcs51 --model-large
                              8 	
                              9 ;--------------------------------------------------------
                             10 ; Public variables in this module
                             11 ;--------------------------------------------------------
                             12 	.globl _IRCON2_P2IF
                             13 	.globl _IRCON2_UTX0IF
                             14 	.globl _IRCON2_UTX1IF
                             15 	.globl _IRCON2_P1IF
                             16 	.globl _IRCON2_WDTIF
                             17 	.globl _CY
                             18 	.globl _AC
                             19 	.globl _F0
                             20 	.globl _RS1
                             21 	.globl _RS0
                             22 	.globl _OV
                             23 	.globl _F1
                             24 	.globl _P
                             25 	.globl _IRCON_DMAIF
                             26 	.globl _IRCON_T1IF
                             27 	.globl _IRCON_T2IF
                             28 	.globl _IRCON_T3IF
                             29 	.globl _IRCON_T4IF
                             30 	.globl _IRCON_P0IF
                             31 	.globl _IRCON_STIF
                             32 	.globl _IEN1_DMAIE
                             33 	.globl _IEN1_T1IE
                             34 	.globl _IEN1_T2IE
                             35 	.globl _IEN1_T3IE
                             36 	.globl _IEN1_T4IE
                             37 	.globl _IEN1_P0IE
                             38 	.globl _IEN0_RFERRIE
                             39 	.globl _IEN0_ADCIE
                             40 	.globl _IEN0_URX0IE
                             41 	.globl _IEN0_URX1IE
                             42 	.globl _IEN0_ENCIE
                             43 	.globl _IEN0_STIE
                             44 	.globl _IEN0_EA
                             45 	.globl _EA
                             46 	.globl _P2_4
                             47 	.globl _P2_3
                             48 	.globl _P2_2
                             49 	.globl _P2_1
                             50 	.globl _P2_0
                             51 	.globl _S0CON_ENCIF_0
                             52 	.globl _S0CON_ENCIF_1
                             53 	.globl _P1_7
                             54 	.globl _P1_6
                             55 	.globl _P1_5
                             56 	.globl _P1_4
                             57 	.globl _P1_3
                             58 	.globl _P1_2
                             59 	.globl _P1_1
                             60 	.globl _P1_0
                             61 	.globl _TCON_IT0
                             62 	.globl _TCON_RFERRIF
                             63 	.globl _TCON_IT1
                             64 	.globl _TCON_URX0IF
                             65 	.globl _TCON_ADCIF
                             66 	.globl _TCON_URX1IF
                             67 	.globl _P0_0
                             68 	.globl _P0_1
                             69 	.globl _P0_2
                             70 	.globl _P0_3
                             71 	.globl _P0_4
                             72 	.globl _P0_5
                             73 	.globl _P0_6
                             74 	.globl _P0_7
                             75 	.globl _P2DIR
                             76 	.globl _P1DIR
                             77 	.globl _P0DIR
                             78 	.globl _U1GCR
                             79 	.globl _U1UCR
                             80 	.globl _U1BAUD
                             81 	.globl _U1BUF
                             82 	.globl _U1CSR
                             83 	.globl _P2INP
                             84 	.globl _P1INP
                             85 	.globl _P2SEL
                             86 	.globl _P1SEL
                             87 	.globl _P0SEL
                             88 	.globl _ADCCFG
                             89 	.globl _PERCFG
                             90 	.globl _B
                             91 	.globl _T4CC1
                             92 	.globl _T4CCTL1
                             93 	.globl _T4CC0
                             94 	.globl _T4CCTL0
                             95 	.globl _T4CTL
                             96 	.globl _T4CNT
                             97 	.globl _RFIF
                             98 	.globl _IRCON2
                             99 	.globl _T1CCTL2
                            100 	.globl _T1CCTL1
                            101 	.globl _T1CCTL0
                            102 	.globl _T1CTL
                            103 	.globl _T1CNTH
                            104 	.globl _T1CNTL
                            105 	.globl _RFST
                            106 	.globl _ACC
                            107 	.globl _T1CC2H
                            108 	.globl _T1CC2L
                            109 	.globl _T1CC1H
                            110 	.globl _T1CC1L
                            111 	.globl _T1CC0H
                            112 	.globl _T1CC0L
                            113 	.globl _RFD
                            114 	.globl _TIMIF
                            115 	.globl _DMAREQ
                            116 	.globl _DMAARM
                            117 	.globl _DMA0CFGH
                            118 	.globl _DMA0CFGL
                            119 	.globl _DMA1CFGH
                            120 	.globl _DMA1CFGL
                            121 	.globl _DMAIRQ
                            122 	.globl _PSW
                            123 	.globl _T3CC1
                            124 	.globl _T3CCTL1
                            125 	.globl _T3CC0
                            126 	.globl _T3CCTL0
                            127 	.globl _T3CTL
                            128 	.globl _T3CNT
                            129 	.globl _WDCTL
                            130 	.globl _T2CON
                            131 	.globl _MEMCTR
                            132 	.globl _CLKCON
                            133 	.globl _U0GCR
                            134 	.globl _U0UCR
                            135 	.globl _T2CNF
                            136 	.globl _U0BAUD
                            137 	.globl _U0BUF
                            138 	.globl _IRCON
                            139 	.globl _SLEEP
                            140 	.globl _RNDH
                            141 	.globl _RNDL
                            142 	.globl _ADCH
                            143 	.globl _ADCL
                            144 	.globl _IP1
                            145 	.globl _IEN1
                            146 	.globl _RCCTL
                            147 	.globl _ADCCON3
                            148 	.globl _ADCCON2
                            149 	.globl _ADCCON1
                            150 	.globl _ENCCS
                            151 	.globl _ENCDO
                            152 	.globl _ENCDI
                            153 	.globl _FWDATA
                            154 	.globl _FCTL
                            155 	.globl _FADDRH
                            156 	.globl _FADDRL
                            157 	.globl _FWT
                            158 	.globl _IP0
                            159 	.globl _IEN0
                            160 	.globl _IE
                            161 	.globl _T2THD
                            162 	.globl _T2TLD
                            163 	.globl _T2CAPHPH
                            164 	.globl _T2CAPLPL
                            165 	.globl _T2OF2
                            166 	.globl _T2OF1
                            167 	.globl _T2OF0
                            168 	.globl _P2
                            169 	.globl _PSBANK
                            170 	.globl _FMAP
                            171 	.globl _T2PEROF2
                            172 	.globl _T2PEROF1
                            173 	.globl _T2PEROF0
                            174 	.globl _S1CON
                            175 	.globl _IEN2
                            176 	.globl _HSRC
                            177 	.globl _S0CON
                            178 	.globl _ST2
                            179 	.globl _ST1
                            180 	.globl _ST0
                            181 	.globl _T2CMP
                            182 	.globl __XPAGE
                            183 	.globl _DPS
                            184 	.globl _RFIM
                            185 	.globl _P1
                            186 	.globl _P0INP
                            187 	.globl _P1IEN
                            188 	.globl _PICTL
                            189 	.globl _P2IFG
                            190 	.globl _P1IFG
                            191 	.globl _P0IFG
                            192 	.globl _TCON
                            193 	.globl _PCON
                            194 	.globl _U0CSR
                            195 	.globl _DPH1
                            196 	.globl _DPL1
                            197 	.globl _DPH0
                            198 	.globl _DPL0
                            199 	.globl _SP
                            200 	.globl _P0
                            201 	.globl _ADC_SHADOW
                            202 	.globl _U1BUF_SHADOW
                            203 	.globl _RFD_SHADOW
                            204 	.globl _U0BUF_SHADOW
                            205 	.globl _RFSTATUS
                            206 	.globl _CHIPID
                            207 	.globl _CHVER
                            208 	.globl _FSMTC1
                            209 	.globl _RXFIFOCNT
                            210 	.globl _IOCFG3
                            211 	.globl _IOCFG2
                            212 	.globl _IOCFG1
                            213 	.globl _IOCFG0
                            214 	.globl _SHORTADDRL
                            215 	.globl _SHORTADDRH
                            216 	.globl _PANIDL
                            217 	.globl _PANIDH
                            218 	.globl _IEEE_ADDR7
                            219 	.globl _IEEE_ADDR6
                            220 	.globl _IEEE_ADDR5
                            221 	.globl _IEEE_ADDR4
                            222 	.globl _IEEE_ADDR3
                            223 	.globl _IEEE_ADDR2
                            224 	.globl _IEEE_ADDR1
                            225 	.globl _IEEE_ADDR0
                            226 	.globl _DACTSTL
                            227 	.globl _DACTSTH
                            228 	.globl _ADCTSTL
                            229 	.globl _ADCTSTH
                            230 	.globl _FSMSTATE
                            231 	.globl _AGCCTRLL
                            232 	.globl _AGCCTRLH
                            233 	.globl _MANORL
                            234 	.globl _MANORH
                            235 	.globl _MANANDL
                            236 	.globl _MANANDH
                            237 	.globl _FSMTCL
                            238 	.globl _FSMTCH
                            239 	.globl _RFPWR
                            240 	.globl _CSPT
                            241 	.globl _CSPCTRL
                            242 	.globl _CSPZ
                            243 	.globl _CSPY
                            244 	.globl _CSPX
                            245 	.globl _FSCTRLL
                            246 	.globl _FSCTRLH
                            247 	.globl _RXCTRL1L
                            248 	.globl _RXCTRL1H
                            249 	.globl _RXCTRL0L
                            250 	.globl _RXCTRL0H
                            251 	.globl _TXCTRLL
                            252 	.globl _TXCTRLH
                            253 	.globl _SYNCWORDL
                            254 	.globl _SYNCWORDH
                            255 	.globl _RSSIL
                            256 	.globl _RSSIH
                            257 	.globl _MDMCTRL1L
                            258 	.globl _MDMCTRL1H
                            259 	.globl _MDMCTRL0L
                            260 	.globl _MDMCTRL0H
                            261 	.globl _runicast_open
                            262 	.globl _runicast_close
                            263 	.globl _runicast_is_transmitting
                            264 	.globl _runicast_send
                            265 ;--------------------------------------------------------
                            266 ; special function registers
                            267 ;--------------------------------------------------------
                            268 	.area RSEG    (ABS,DATA)
   0000                     269 	.org 0x0000
                    0080    270 _P0	=	0x0080
                    0081    271 _SP	=	0x0081
                    0082    272 _DPL0	=	0x0082
                    0083    273 _DPH0	=	0x0083
                    0084    274 _DPL1	=	0x0084
                    0085    275 _DPH1	=	0x0085
                    0086    276 _U0CSR	=	0x0086
                    0087    277 _PCON	=	0x0087
                    0088    278 _TCON	=	0x0088
                    0089    279 _P0IFG	=	0x0089
                    008A    280 _P1IFG	=	0x008a
                    008B    281 _P2IFG	=	0x008b
                    008C    282 _PICTL	=	0x008c
                    008D    283 _P1IEN	=	0x008d
                    008F    284 _P0INP	=	0x008f
                    0090    285 _P1	=	0x0090
                    0091    286 _RFIM	=	0x0091
                    0092    287 _DPS	=	0x0092
                    0093    288 __XPAGE	=	0x0093
                    0094    289 _T2CMP	=	0x0094
                    0095    290 _ST0	=	0x0095
                    0096    291 _ST1	=	0x0096
                    0097    292 _ST2	=	0x0097
                    0098    293 _S0CON	=	0x0098
                    0099    294 _HSRC	=	0x0099
                    009A    295 _IEN2	=	0x009a
                    009B    296 _S1CON	=	0x009b
                    009C    297 _T2PEROF0	=	0x009c
                    009D    298 _T2PEROF1	=	0x009d
                    009E    299 _T2PEROF2	=	0x009e
                    009F    300 _FMAP	=	0x009f
                    009F    301 _PSBANK	=	0x009f
                    00A0    302 _P2	=	0x00a0
                    00A1    303 _T2OF0	=	0x00a1
                    00A2    304 _T2OF1	=	0x00a2
                    00A3    305 _T2OF2	=	0x00a3
                    00A4    306 _T2CAPLPL	=	0x00a4
                    00A5    307 _T2CAPHPH	=	0x00a5
                    00A6    308 _T2TLD	=	0x00a6
                    00A7    309 _T2THD	=	0x00a7
                    00A8    310 _IE	=	0x00a8
                    00A8    311 _IEN0	=	0x00a8
                    00A9    312 _IP0	=	0x00a9
                    00AB    313 _FWT	=	0x00ab
                    00AC    314 _FADDRL	=	0x00ac
                    00AD    315 _FADDRH	=	0x00ad
                    00AE    316 _FCTL	=	0x00ae
                    00AF    317 _FWDATA	=	0x00af
                    00B1    318 _ENCDI	=	0x00b1
                    00B2    319 _ENCDO	=	0x00b2
                    00B3    320 _ENCCS	=	0x00b3
                    00B4    321 _ADCCON1	=	0x00b4
                    00B5    322 _ADCCON2	=	0x00b5
                    00B6    323 _ADCCON3	=	0x00b6
                    00B7    324 _RCCTL	=	0x00b7
                    00B8    325 _IEN1	=	0x00b8
                    00B9    326 _IP1	=	0x00b9
                    00BA    327 _ADCL	=	0x00ba
                    00BB    328 _ADCH	=	0x00bb
                    00BC    329 _RNDL	=	0x00bc
                    00BD    330 _RNDH	=	0x00bd
                    00BE    331 _SLEEP	=	0x00be
                    00C0    332 _IRCON	=	0x00c0
                    00C1    333 _U0BUF	=	0x00c1
                    00C2    334 _U0BAUD	=	0x00c2
                    00C3    335 _T2CNF	=	0x00c3
                    00C4    336 _U0UCR	=	0x00c4
                    00C5    337 _U0GCR	=	0x00c5
                    00C6    338 _CLKCON	=	0x00c6
                    00C7    339 _MEMCTR	=	0x00c7
                    00C8    340 _T2CON	=	0x00c8
                    00C9    341 _WDCTL	=	0x00c9
                    00CA    342 _T3CNT	=	0x00ca
                    00CB    343 _T3CTL	=	0x00cb
                    00CC    344 _T3CCTL0	=	0x00cc
                    00CD    345 _T3CC0	=	0x00cd
                    00CE    346 _T3CCTL1	=	0x00ce
                    00CF    347 _T3CC1	=	0x00cf
                    00D0    348 _PSW	=	0x00d0
                    00D1    349 _DMAIRQ	=	0x00d1
                    00D2    350 _DMA1CFGL	=	0x00d2
                    00D3    351 _DMA1CFGH	=	0x00d3
                    00D4    352 _DMA0CFGL	=	0x00d4
                    00D5    353 _DMA0CFGH	=	0x00d5
                    00D6    354 _DMAARM	=	0x00d6
                    00D7    355 _DMAREQ	=	0x00d7
                    00D8    356 _TIMIF	=	0x00d8
                    00D9    357 _RFD	=	0x00d9
                    00DA    358 _T1CC0L	=	0x00da
                    00DB    359 _T1CC0H	=	0x00db
                    00DC    360 _T1CC1L	=	0x00dc
                    00DD    361 _T1CC1H	=	0x00dd
                    00DE    362 _T1CC2L	=	0x00de
                    00DF    363 _T1CC2H	=	0x00df
                    00E0    364 _ACC	=	0x00e0
                    00E1    365 _RFST	=	0x00e1
                    00E2    366 _T1CNTL	=	0x00e2
                    00E3    367 _T1CNTH	=	0x00e3
                    00E4    368 _T1CTL	=	0x00e4
                    00E5    369 _T1CCTL0	=	0x00e5
                    00E6    370 _T1CCTL1	=	0x00e6
                    00E7    371 _T1CCTL2	=	0x00e7
                    00E8    372 _IRCON2	=	0x00e8
                    00E9    373 _RFIF	=	0x00e9
                    00EA    374 _T4CNT	=	0x00ea
                    00EB    375 _T4CTL	=	0x00eb
                    00EC    376 _T4CCTL0	=	0x00ec
                    00ED    377 _T4CC0	=	0x00ed
                    00EE    378 _T4CCTL1	=	0x00ee
                    00EF    379 _T4CC1	=	0x00ef
                    00F0    380 _B	=	0x00f0
                    00F1    381 _PERCFG	=	0x00f1
                    00F2    382 _ADCCFG	=	0x00f2
                    00F3    383 _P0SEL	=	0x00f3
                    00F4    384 _P1SEL	=	0x00f4
                    00F5    385 _P2SEL	=	0x00f5
                    00F6    386 _P1INP	=	0x00f6
                    00F7    387 _P2INP	=	0x00f7
                    00F8    388 _U1CSR	=	0x00f8
                    00F9    389 _U1BUF	=	0x00f9
                    00FA    390 _U1BAUD	=	0x00fa
                    00FB    391 _U1UCR	=	0x00fb
                    00FC    392 _U1GCR	=	0x00fc
                    00FD    393 _P0DIR	=	0x00fd
                    00FE    394 _P1DIR	=	0x00fe
                    00FF    395 _P2DIR	=	0x00ff
                            396 ;--------------------------------------------------------
                            397 ; special function bits
                            398 ;--------------------------------------------------------
                            399 	.area RSEG    (ABS,DATA)
   0000                     400 	.org 0x0000
                    0087    401 _P0_7	=	0x0087
                    0086    402 _P0_6	=	0x0086
                    0085    403 _P0_5	=	0x0085
                    0084    404 _P0_4	=	0x0084
                    0083    405 _P0_3	=	0x0083
                    0082    406 _P0_2	=	0x0082
                    0081    407 _P0_1	=	0x0081
                    0080    408 _P0_0	=	0x0080
                    008F    409 _TCON_URX1IF	=	0x008f
                    008D    410 _TCON_ADCIF	=	0x008d
                    008B    411 _TCON_URX0IF	=	0x008b
                    008A    412 _TCON_IT1	=	0x008a
                    0089    413 _TCON_RFERRIF	=	0x0089
                    0088    414 _TCON_IT0	=	0x0088
                    0090    415 _P1_0	=	0x0090
                    0091    416 _P1_1	=	0x0091
                    0092    417 _P1_2	=	0x0092
                    0093    418 _P1_3	=	0x0093
                    0094    419 _P1_4	=	0x0094
                    0095    420 _P1_5	=	0x0095
                    0096    421 _P1_6	=	0x0096
                    0097    422 _P1_7	=	0x0097
                    0099    423 _S0CON_ENCIF_1	=	0x0099
                    0098    424 _S0CON_ENCIF_0	=	0x0098
                    00A0    425 _P2_0	=	0x00a0
                    00A1    426 _P2_1	=	0x00a1
                    00A2    427 _P2_2	=	0x00a2
                    00A3    428 _P2_3	=	0x00a3
                    00A4    429 _P2_4	=	0x00a4
                    00AF    430 _EA	=	0x00af
                    00AF    431 _IEN0_EA	=	0x00af
                    00AD    432 _IEN0_STIE	=	0x00ad
                    00AC    433 _IEN0_ENCIE	=	0x00ac
                    00AB    434 _IEN0_URX1IE	=	0x00ab
                    00AA    435 _IEN0_URX0IE	=	0x00aa
                    00A9    436 _IEN0_ADCIE	=	0x00a9
                    00A8    437 _IEN0_RFERRIE	=	0x00a8
                    00BD    438 _IEN1_P0IE	=	0x00bd
                    00BC    439 _IEN1_T4IE	=	0x00bc
                    00BB    440 _IEN1_T3IE	=	0x00bb
                    00BA    441 _IEN1_T2IE	=	0x00ba
                    00B9    442 _IEN1_T1IE	=	0x00b9
                    00B8    443 _IEN1_DMAIE	=	0x00b8
                    00C7    444 _IRCON_STIF	=	0x00c7
                    00C5    445 _IRCON_P0IF	=	0x00c5
                    00C4    446 _IRCON_T4IF	=	0x00c4
                    00C3    447 _IRCON_T3IF	=	0x00c3
                    00C2    448 _IRCON_T2IF	=	0x00c2
                    00C1    449 _IRCON_T1IF	=	0x00c1
                    00C0    450 _IRCON_DMAIF	=	0x00c0
                    00D0    451 _P	=	0x00d0
                    00D1    452 _F1	=	0x00d1
                    00D2    453 _OV	=	0x00d2
                    00D3    454 _RS0	=	0x00d3
                    00D4    455 _RS1	=	0x00d4
                    00D5    456 _F0	=	0x00d5
                    00D6    457 _AC	=	0x00d6
                    00D7    458 _CY	=	0x00d7
                    00EC    459 _IRCON2_WDTIF	=	0x00ec
                    00EB    460 _IRCON2_P1IF	=	0x00eb
                    00EA    461 _IRCON2_UTX1IF	=	0x00ea
                    00E9    462 _IRCON2_UTX0IF	=	0x00e9
                    00E8    463 _IRCON2_P2IF	=	0x00e8
                            464 ;--------------------------------------------------------
                            465 ; overlayable register banks
                            466 ;--------------------------------------------------------
                            467 	.area REG_BANK_0	(REL,OVR,DATA)
   0000                     468 	.ds 8
                            469 ;--------------------------------------------------------
                            470 ; internal ram data
                            471 ;--------------------------------------------------------
                            472 	.area DSEG    (DATA)
                            473 ;--------------------------------------------------------
                            474 ; overlayable items in internal ram 
                            475 ;--------------------------------------------------------
                            476 	.area OSEG    (OVR,DATA)
                            477 ;--------------------------------------------------------
                            478 ; indirectly addressable internal ram data
                            479 ;--------------------------------------------------------
                            480 	.area ISEG    (DATA)
                            481 ;--------------------------------------------------------
                            482 ; absolute internal ram data
                            483 ;--------------------------------------------------------
                            484 	.area IABS    (ABS,DATA)
                            485 	.area IABS    (ABS,DATA)
                            486 ;--------------------------------------------------------
                            487 ; bit data
                            488 ;--------------------------------------------------------
                            489 	.area BSEG    (BIT)
                            490 ;--------------------------------------------------------
                            491 ; paged external ram data
                            492 ;--------------------------------------------------------
                            493 	.area PSEG    (PAG,XDATA)
                            494 ;--------------------------------------------------------
                            495 ; external ram data
                            496 ;--------------------------------------------------------
                            497 	.area XSEG    (XDATA)
                    DF02    498 _MDMCTRL0H	=	0xdf02
                    DF03    499 _MDMCTRL0L	=	0xdf03
                    DF04    500 _MDMCTRL1H	=	0xdf04
                    DF05    501 _MDMCTRL1L	=	0xdf05
                    DF06    502 _RSSIH	=	0xdf06
                    DF07    503 _RSSIL	=	0xdf07
                    DF08    504 _SYNCWORDH	=	0xdf08
                    DF09    505 _SYNCWORDL	=	0xdf09
                    DF0A    506 _TXCTRLH	=	0xdf0a
                    DF0B    507 _TXCTRLL	=	0xdf0b
                    DF0C    508 _RXCTRL0H	=	0xdf0c
                    DF0D    509 _RXCTRL0L	=	0xdf0d
                    DF0E    510 _RXCTRL1H	=	0xdf0e
                    DF0F    511 _RXCTRL1L	=	0xdf0f
                    DF10    512 _FSCTRLH	=	0xdf10
                    DF11    513 _FSCTRLL	=	0xdf11
                    DF12    514 _CSPX	=	0xdf12
                    DF13    515 _CSPY	=	0xdf13
                    DF14    516 _CSPZ	=	0xdf14
                    DF15    517 _CSPCTRL	=	0xdf15
                    DF16    518 _CSPT	=	0xdf16
                    DF17    519 _RFPWR	=	0xdf17
                    DF20    520 _FSMTCH	=	0xdf20
                    DF21    521 _FSMTCL	=	0xdf21
                    DF22    522 _MANANDH	=	0xdf22
                    DF23    523 _MANANDL	=	0xdf23
                    DF24    524 _MANORH	=	0xdf24
                    DF25    525 _MANORL	=	0xdf25
                    DF26    526 _AGCCTRLH	=	0xdf26
                    DF27    527 _AGCCTRLL	=	0xdf27
                    DF39    528 _FSMSTATE	=	0xdf39
                    DF3A    529 _ADCTSTH	=	0xdf3a
                    DF3B    530 _ADCTSTL	=	0xdf3b
                    DF3C    531 _DACTSTH	=	0xdf3c
                    DF3D    532 _DACTSTL	=	0xdf3d
                    DF43    533 _IEEE_ADDR0	=	0xdf43
                    DF44    534 _IEEE_ADDR1	=	0xdf44
                    DF45    535 _IEEE_ADDR2	=	0xdf45
                    DF46    536 _IEEE_ADDR3	=	0xdf46
                    DF47    537 _IEEE_ADDR4	=	0xdf47
                    DF48    538 _IEEE_ADDR5	=	0xdf48
                    DF49    539 _IEEE_ADDR6	=	0xdf49
                    DF4A    540 _IEEE_ADDR7	=	0xdf4a
                    DF4B    541 _PANIDH	=	0xdf4b
                    DF4C    542 _PANIDL	=	0xdf4c
                    DF4D    543 _SHORTADDRH	=	0xdf4d
                    DF4E    544 _SHORTADDRL	=	0xdf4e
                    DF4F    545 _IOCFG0	=	0xdf4f
                    DF50    546 _IOCFG1	=	0xdf50
                    DF51    547 _IOCFG2	=	0xdf51
                    DF52    548 _IOCFG3	=	0xdf52
                    DF53    549 _RXFIFOCNT	=	0xdf53
                    DF54    550 _FSMTC1	=	0xdf54
                    DF60    551 _CHVER	=	0xdf60
                    DF61    552 _CHIPID	=	0xdf61
                    DF62    553 _RFSTATUS	=	0xdf62
                    DFC1    554 _U0BUF_SHADOW	=	0xdfc1
                    DFD9    555 _RFD_SHADOW	=	0xdfd9
                    DFF9    556 _U1BUF_SHADOW	=	0xdff9
                    DFBA    557 _ADC_SHADOW	=	0xdfba
                            558 ;--------------------------------------------------------
                            559 ; absolute external ram data
                            560 ;--------------------------------------------------------
                            561 	.area XABS    (ABS,XDATA)
                            562 ;--------------------------------------------------------
                            563 ; external initialized ram data
                            564 ;--------------------------------------------------------
                            565 	.area XISEG   (XDATA)
                            566 	.area HOME    (CODE)
                            567 	.area GSINIT0 (CODE)
                            568 	.area GSINIT1 (CODE)
                            569 	.area GSINIT2 (CODE)
                            570 	.area GSINIT3 (CODE)
                            571 	.area GSINIT4 (CODE)
                            572 	.area GSINIT5 (CODE)
                            573 	.area GSINIT  (CODE)
                            574 	.area GSFINAL (CODE)
                            575 	.area CSEG    (CODE)
                            576 ;--------------------------------------------------------
                            577 ; global & static initialisations
                            578 ;--------------------------------------------------------
                            579 	.area HOME    (CODE)
                            580 	.area GSINIT  (CODE)
                            581 	.area GSFINAL (CODE)
                            582 	.area GSINIT  (CODE)
                            583 ;--------------------------------------------------------
                            584 ; Home
                            585 ;--------------------------------------------------------
                            586 	.area HOME    (CODE)
                            587 	.area HOME    (CODE)
                            588 ;--------------------------------------------------------
                            589 ; code
                            590 ;--------------------------------------------------------
                            591 	.area CSEG    (CODE)
                            592 ;------------------------------------------------------------
                            593 ;Allocation info for local variables in function 'sent_by_stunicast'
                            594 ;------------------------------------------------------------
                            595 ;status                    Allocated to stack - offset -4
                            596 ;num_tx                    Allocated to stack - offset -6
                            597 ;stunicast                 Allocated to registers r2 r3 r4 
                            598 ;c                         Allocated to stack - offset 1
                            599 ;shift                     Allocated to registers r2 r3 
                            600 ;sloc0                     Allocated to stack - offset 4
                            601 ;sloc1                     Allocated to stack - offset 5
                            602 ;sloc2                     Allocated to stack - offset 7
                            603 ;------------------------------------------------------------
                            604 ;	../../../core/net/rime/runicast.c:74: sent_by_stunicast(struct stunicast_conn *stunicast, int status, int num_tx)
                            605 ;	-----------------------------------------
                            606 ;	 function sent_by_stunicast
                            607 ;	-----------------------------------------
   0000                     608 _sent_by_stunicast:
                    0002    609 	ar2 = 0x02
                    0003    610 	ar3 = 0x03
                    0004    611 	ar4 = 0x04
                    0005    612 	ar5 = 0x05
                    0006    613 	ar6 = 0x06
                    0007    614 	ar7 = 0x07
                    0000    615 	ar0 = 0x00
                    0001    616 	ar1 = 0x01
   0000 C0*00               617 	push	_bp
   0002 E5 81               618 	mov	a,sp
   0004 F5*00               619 	mov	_bp,a
   0006 24 07               620 	add	a,#0x07
   0008 F5 81               621 	mov	sp,a
   000A AA 82               622 	mov	r2,dpl
   000C AB 83               623 	mov	r3,dph
   000E AC F0               624 	mov	r4,b
                            625 ;	../../../core/net/rime/runicast.c:76: struct runicast_conn *c = (struct runicast_conn *)stunicast;
   0010 A8*00               626 	mov	r0,_bp
   0012 08                  627 	inc	r0
   0013 A6 02               628 	mov	@r0,ar2
   0015 08                  629 	inc	r0
   0016 A6 03               630 	mov	@r0,ar3
   0018 08                  631 	inc	r0
   0019 A6 04               632 	mov	@r0,ar4
                            633 ;	../../../core/net/rime/runicast.c:82: if(packetbuf_attr(PACKETBUF_ATTR_PACKET_TYPE) == PACKETBUF_ATTR_PACKET_TYPE_DATA) {
   001B 75 82 0E            634 	mov	dpl,#0x0E
   001E C0 02               635 	push	ar2
   0020 C0 03               636 	push	ar3
   0022 C0 04               637 	push	ar4
   0024 12s00r00            638 	lcall	_packetbuf_attr
   0027 E5 82               639 	mov	a,dpl
   0029 85 83 F0            640 	mov	b,dph
   002C D0 04               641 	pop	ar4
   002E D0 03               642 	pop	ar3
   0030 D0 02               643 	pop	ar2
   0032 45 F0               644 	orl	a,b
   0034 60 03               645 	jz	00119$
   0036 02s02r1F            646 	ljmp	00110$
   0039                     647 00119$:
                            648 ;	../../../core/net/rime/runicast.c:84: c->rxmit += 1;
   0039 74 34               649 	mov	a,#0x34
   003B 2A                  650 	add	a,r2
   003C FA                  651 	mov	r2,a
   003D E4                  652 	clr	a
   003E 3B                  653 	addc	a,r3
   003F FB                  654 	mov	r3,a
   0040 8A 82               655 	mov	dpl,r2
   0042 8B 83               656 	mov	dph,r3
   0044 8C F0               657 	mov	b,r4
   0046 12s00r00            658 	lcall	__gptrget
   0049 FD                  659 	mov	r5,a
   004A 0D                  660 	inc	r5
   004B 8A 82               661 	mov	dpl,r2
   004D 8B 83               662 	mov	dph,r3
   004F 8C F0               663 	mov	b,r4
                            664 ;	../../../core/net/rime/runicast.c:86: if(c->rxmit != 0) {
   0051 ED                  665 	mov	a,r5
   0052 12s00r00            666 	lcall	__gptrput
   0055 60 29               667 	jz	00102$
                            668 ;	../../../core/net/rime/runicast.c:87: RIMESTATS_ADD(rexmit);
   0057 90s00r10            669 	mov	dptr,#(_rimestats + 0x0010)
   005A E0                  670 	movx	a,@dptr
   005B FA                  671 	mov	r2,a
   005C A3                  672 	inc	dptr
   005D E0                  673 	movx	a,@dptr
   005E FB                  674 	mov	r3,a
   005F A3                  675 	inc	dptr
   0060 E0                  676 	movx	a,@dptr
   0061 FC                  677 	mov	r4,a
   0062 A3                  678 	inc	dptr
   0063 E0                  679 	movx	a,@dptr
   0064 FD                  680 	mov	r5,a
   0065 0A                  681 	inc	r2
   0066 BA 00 09            682 	cjne	r2,#0x00,00121$
   0069 0B                  683 	inc	r3
   006A BB 00 05            684 	cjne	r3,#0x00,00121$
   006D 0C                  685 	inc	r4
   006E BC 00 01            686 	cjne	r4,#0x00,00121$
   0071 0D                  687 	inc	r5
   0072                     688 00121$:
   0072 90s00r10            689 	mov	dptr,#(_rimestats + 0x0010)
   0075 EA                  690 	mov	a,r2
   0076 F0                  691 	movx	@dptr,a
   0077 A3                  692 	inc	dptr
   0078 EB                  693 	mov	a,r3
   0079 F0                  694 	movx	@dptr,a
   007A A3                  695 	inc	dptr
   007B EC                  696 	mov	a,r4
   007C F0                  697 	movx	@dptr,a
   007D A3                  698 	inc	dptr
   007E ED                  699 	mov	a,r5
   007F F0                  700 	movx	@dptr,a
                            701 ;	../../../core/net/rime/runicast.c:108: stunicast_set_timer(&c->c, (REXMIT_TIME) << shift);
                            702 ;	../../../core/net/rime/runicast.c:87: RIMESTATS_ADD(rexmit);
   0080                     703 00102$:
                            704 ;	../../../core/net/rime/runicast.c:93: if(c->rxmit >= c->max_rxmit) {
   0080 A8*00               705 	mov	r0,_bp
   0082 08                  706 	inc	r0
   0083 74 34               707 	mov	a,#0x34
   0085 26                  708 	add	a,@r0
   0086 FA                  709 	mov	r2,a
   0087 E4                  710 	clr	a
   0088 08                  711 	inc	r0
   0089 36                  712 	addc	a,@r0
   008A FB                  713 	mov	r3,a
   008B 08                  714 	inc	r0
   008C 86 04               715 	mov	ar4,@r0
   008E 8A 82               716 	mov	dpl,r2
   0090 8B 83               717 	mov	dph,r3
   0092 8C F0               718 	mov	b,r4
   0094 E5*00               719 	mov	a,_bp
   0096 24 04               720 	add	a,#0x04
   0098 F8                  721 	mov	r0,a
   0099 12s00r00            722 	lcall	__gptrget
   009C F6                  723 	mov	@r0,a
   009D A8*00               724 	mov	r0,_bp
   009F 08                  725 	inc	r0
   00A0 74 35               726 	mov	a,#0x35
   00A2 26                  727 	add	a,@r0
   00A3 FD                  728 	mov	r5,a
   00A4 E4                  729 	clr	a
   00A5 08                  730 	inc	r0
   00A6 36                  731 	addc	a,@r0
   00A7 FE                  732 	mov	r6,a
   00A8 08                  733 	inc	r0
   00A9 86 07               734 	mov	ar7,@r0
   00AB 8D 82               735 	mov	dpl,r5
   00AD 8E 83               736 	mov	dph,r6
   00AF 8F F0               737 	mov	b,r7
   00B1 12s00r00            738 	lcall	__gptrget
   00B4 FD                  739 	mov	r5,a
   00B5 E5*00               740 	mov	a,_bp
   00B7 24 04               741 	add	a,#0x04
   00B9 F8                  742 	mov	r0,a
   00BA E6                  743 	mov	a,@r0
   00BB B5 05 00            744 	cjne	a,ar5,00122$
   00BE                     745 00122$:
   00BE 50 03               746 	jnc	00123$
   00C0 02s01rE1            747 	ljmp	00106$
   00C3                     748 00123$:
                            749 ;	../../../core/net/rime/runicast.c:94: RIMESTATS_ADD(timedout);
   00C3 C0 02               750 	push	ar2
   00C5 C0 03               751 	push	ar3
   00C7 C0 04               752 	push	ar4
   00C9 90s00r20            753 	mov	dptr,#(_rimestats + 0x0020)
   00CC E0                  754 	movx	a,@dptr
   00CD FD                  755 	mov	r5,a
   00CE A3                  756 	inc	dptr
   00CF E0                  757 	movx	a,@dptr
   00D0 FE                  758 	mov	r6,a
   00D1 A3                  759 	inc	dptr
   00D2 E0                  760 	movx	a,@dptr
   00D3 FF                  761 	mov	r7,a
   00D4 A3                  762 	inc	dptr
   00D5 E0                  763 	movx	a,@dptr
   00D6 FA                  764 	mov	r2,a
   00D7 0D                  765 	inc	r5
   00D8 BD 00 09            766 	cjne	r5,#0x00,00124$
   00DB 0E                  767 	inc	r6
   00DC BE 00 05            768 	cjne	r6,#0x00,00124$
   00DF 0F                  769 	inc	r7
   00E0 BF 00 01            770 	cjne	r7,#0x00,00124$
   00E3 0A                  771 	inc	r2
   00E4                     772 00124$:
   00E4 90s00r20            773 	mov	dptr,#(_rimestats + 0x0020)
   00E7 ED                  774 	mov	a,r5
   00E8 F0                  775 	movx	@dptr,a
   00E9 A3                  776 	inc	dptr
   00EA EE                  777 	mov	a,r6
   00EB F0                  778 	movx	@dptr,a
   00EC A3                  779 	inc	dptr
   00ED EF                  780 	mov	a,r7
   00EE F0                  781 	movx	@dptr,a
   00EF A3                  782 	inc	dptr
   00F0 EA                  783 	mov	a,r2
   00F1 F0                  784 	movx	@dptr,a
                            785 ;	../../../core/net/rime/runicast.c:95: c->is_tx = 0;
   00F2 A8*00               786 	mov	r0,_bp
   00F4 08                  787 	inc	r0
   00F5 74 33               788 	mov	a,#0x33
   00F7 26                  789 	add	a,@r0
   00F8 FA                  790 	mov	r2,a
   00F9 E4                  791 	clr	a
   00FA 08                  792 	inc	r0
   00FB 36                  793 	addc	a,@r0
   00FC FB                  794 	mov	r3,a
   00FD 08                  795 	inc	r0
   00FE 86 04               796 	mov	ar4,@r0
   0100 8A 82               797 	mov	dpl,r2
   0102 8B 83               798 	mov	dph,r3
   0104 8C F0               799 	mov	b,r4
   0106 E4                  800 	clr	a
   0107 12s00r00            801 	lcall	__gptrput
                            802 ;	../../../core/net/rime/runicast.c:96: stunicast_cancel(&c->c);
   010A A8*00               803 	mov	r0,_bp
   010C 08                  804 	inc	r0
   010D 86 82               805 	mov	dpl,@r0
   010F 08                  806 	inc	r0
   0110 86 83               807 	mov	dph,@r0
   0112 08                  808 	inc	r0
   0113 86 F0               809 	mov	b,@r0
   0115 C0 02               810 	push	ar2
   0117 C0 03               811 	push	ar3
   0119 C0 04               812 	push	ar4
   011B 12s00r00            813 	lcall	_stunicast_cancel
   011E D0 04               814 	pop	ar4
   0120 D0 03               815 	pop	ar3
   0122 D0 02               816 	pop	ar2
                            817 ;	../../../core/net/rime/runicast.c:97: if(c->u->timedout) {
   0124 A8*00               818 	mov	r0,_bp
   0126 08                  819 	inc	r0
   0127 74 2F               820 	mov	a,#0x2F
   0129 26                  821 	add	a,@r0
   012A FA                  822 	mov	r2,a
   012B E4                  823 	clr	a
   012C 08                  824 	inc	r0
   012D 36                  825 	addc	a,@r0
   012E FB                  826 	mov	r3,a
   012F 08                  827 	inc	r0
   0130 86 04               828 	mov	ar4,@r0
   0132 8A 82               829 	mov	dpl,r2
   0134 8B 83               830 	mov	dph,r3
   0136 8C F0               831 	mov	b,r4
   0138 12s00r00            832 	lcall	__gptrget
   013B FA                  833 	mov	r2,a
   013C A3                  834 	inc	dptr
   013D 12s00r00            835 	lcall	__gptrget
   0140 FB                  836 	mov	r3,a
   0141 A3                  837 	inc	dptr
   0142 12s00r00            838 	lcall	__gptrget
   0145 FC                  839 	mov	r4,a
   0146 74 04               840 	mov	a,#0x04
   0148 2A                  841 	add	a,r2
   0149 FA                  842 	mov	r2,a
   014A E4                  843 	clr	a
   014B 3B                  844 	addc	a,r3
   014C FB                  845 	mov	r3,a
   014D 8A 82               846 	mov	dpl,r2
   014F 8B 83               847 	mov	dph,r3
   0151 8C F0               848 	mov	b,r4
   0153 E5*00               849 	mov	a,_bp
   0155 24 05               850 	add	a,#0x05
   0157 F8                  851 	mov	r0,a
   0158 12s00r00            852 	lcall	__gptrget
   015B F6                  853 	mov	@r0,a
   015C A3                  854 	inc	dptr
   015D 12s00r00            855 	lcall	__gptrget
   0160 08                  856 	inc	r0
   0161 F6                  857 	mov	@r0,a
   0162 D0 04               858 	pop	ar4
   0164 D0 03               859 	pop	ar3
   0166 D0 02               860 	pop	ar2
   0168 E5*00               861 	mov	a,_bp
   016A 24 05               862 	add	a,#0x05
   016C F8                  863 	mov	r0,a
   016D E6                  864 	mov	a,@r0
   016E 08                  865 	inc	r0
   016F 46                  866 	orl	a,@r0
   0170 60 63               867 	jz	00104$
                            868 ;	../../../core/net/rime/runicast.c:98: c->u->timedout(c, stunicast_receiver(&c->c), c->rxmit);
   0172 8A 82               869 	mov	dpl,r2
   0174 8B 83               870 	mov	dph,r3
   0176 8C F0               871 	mov	b,r4
   0178 E5*00               872 	mov	a,_bp
   017A 24 07               873 	add	a,#0x07
   017C F8                  874 	mov	r0,a
   017D 12s00r00            875 	lcall	__gptrget
   0180 F6                  876 	mov	@r0,a
   0181 A8*00               877 	mov	r0,_bp
   0183 08                  878 	inc	r0
   0184 86 82               879 	mov	dpl,@r0
   0186 08                  880 	inc	r0
   0187 86 83               881 	mov	dph,@r0
   0189 08                  882 	inc	r0
   018A 86 F0               883 	mov	b,@r0
   018C C0 02               884 	push	ar2
   018E C0 03               885 	push	ar3
   0190 C0 04               886 	push	ar4
   0192 12s00r00            887 	lcall	_stunicast_receiver
   0195 AE 82               888 	mov	r6,dpl
   0197 AF 83               889 	mov	r7,dph
   0199 AD F0               890 	mov	r5,b
   019B E5*00               891 	mov	a,_bp
   019D 24 07               892 	add	a,#0x07
   019F F8                  893 	mov	r0,a
   01A0 E6                  894 	mov	a,@r0
   01A1 C0 E0               895 	push	acc
   01A3 C0 06               896 	push	ar6
   01A5 C0 07               897 	push	ar7
   01A7 C0 05               898 	push	ar5
   01A9 74rC9               899 	mov	a,#00126$
   01AB C0 E0               900 	push	acc
   01AD 74s01               901 	mov	a,#(00126$ >> 8)
   01AF C0 E0               902 	push	acc
   01B1 E5*00               903 	mov	a,_bp
   01B3 24 05               904 	add	a,#0x05
   01B5 F8                  905 	mov	r0,a
   01B6 E6                  906 	mov	a,@r0
   01B7 C0 E0               907 	push	acc
   01B9 08                  908 	inc	r0
   01BA E6                  909 	mov	a,@r0
   01BB C0 E0               910 	push	acc
   01BD A8*00               911 	mov	r0,_bp
   01BF 08                  912 	inc	r0
   01C0 86 82               913 	mov	dpl,@r0
   01C2 08                  914 	inc	r0
   01C3 86 83               915 	mov	dph,@r0
   01C5 08                  916 	inc	r0
   01C6 86 F0               917 	mov	b,@r0
   01C8 22                  918 	ret
   01C9                     919 00126$:
   01C9 E5 81               920 	mov	a,sp
   01CB 24 FC               921 	add	a,#0xfc
   01CD F5 81               922 	mov	sp,a
   01CF D0 04               923 	pop	ar4
   01D1 D0 03               924 	pop	ar3
   01D3 D0 02               925 	pop	ar2
   01D5                     926 00104$:
                            927 ;	../../../core/net/rime/runicast.c:100: c->rxmit = 0;
   01D5 8A 82               928 	mov	dpl,r2
   01D7 8B 83               929 	mov	dph,r3
   01D9 8C F0               930 	mov	b,r4
   01DB E4                  931 	clr	a
   01DC 12s00r00            932 	lcall	__gptrput
   01DF 80 3E               933 	sjmp	00110$
   01E1                     934 00106$:
                            935 ;	../../../core/net/rime/runicast.c:107: shift = c->rxmit > 4? 4: c->rxmit;
   01E1 E5*00               936 	mov	a,_bp
   01E3 24 04               937 	add	a,#0x04
   01E5 F8                  938 	mov	r0,a
   01E6 E6                  939 	mov	a,@r0
   01E7 24 FB               940 	add	a,#0xff - 0x04
   01E9 50 04               941 	jnc	00112$
   01EB 7A 04               942 	mov	r2,#0x04
   01ED 80 07               943 	sjmp	00113$
   01EF                     944 00112$:
   01EF E5*00               945 	mov	a,_bp
   01F1 24 04               946 	add	a,#0x04
   01F3 F8                  947 	mov	r0,a
   01F4 86 02               948 	mov	ar2,@r0
   01F6                     949 00113$:
                            950 ;	../../../core/net/rime/runicast.c:108: stunicast_set_timer(&c->c, (REXMIT_TIME) << shift);
   01F6 8A F0               951 	mov	b,r2
   01F8 05 F0               952 	inc	b
   01FA 7A 80               953 	mov	r2,#0x80
   01FC 7B 00               954 	mov	r3,#0x00
   01FE 80 06               955 	sjmp	00129$
   0200                     956 00128$:
   0200 EA                  957 	mov	a,r2
   0201 2A                  958 	add	a,r2
   0202 FA                  959 	mov	r2,a
   0203 EB                  960 	mov	a,r3
   0204 33                  961 	rlc	a
   0205 FB                  962 	mov	r3,a
   0206                     963 00129$:
   0206 D5 F0 F7            964 	djnz	b,00128$
   0209 C0 02               965 	push	ar2
   020B C0 03               966 	push	ar3
   020D A8*00               967 	mov	r0,_bp
   020F 08                  968 	inc	r0
   0210 86 82               969 	mov	dpl,@r0
   0212 08                  970 	inc	r0
   0213 86 83               971 	mov	dph,@r0
   0215 08                  972 	inc	r0
   0216 86 F0               973 	mov	b,@r0
   0218 12s00r00            974 	lcall	_stunicast_set_timer
   021B 15 81               975 	dec	sp
   021D 15 81               976 	dec	sp
   021F                     977 00110$:
   021F 85*00 81            978 	mov	sp,_bp
   0222 D0*00               979 	pop	_bp
   0224 22                  980 	ret
                            981 ;------------------------------------------------------------
                            982 ;Allocation info for local variables in function 'recv_from_stunicast'
                            983 ;------------------------------------------------------------
                            984 ;from                      Allocated to stack - offset -5
                            985 ;stunicast                 Allocated to stack - offset 1
                            986 ;c                         Allocated to stack - offset 4
                            987 ;packet_seqno              Allocated to registers r2 r3 
                            988 ;q                         Allocated to stack - offset 7
                            989 ;sloc0                     Allocated to stack - offset 10
                            990 ;------------------------------------------------------------
                            991 ;	../../../core/net/rime/runicast.c:114: recv_from_stunicast(struct stunicast_conn *stunicast, const rimeaddr_t *from)
                            992 ;	-----------------------------------------
                            993 ;	 function recv_from_stunicast
                            994 ;	-----------------------------------------
   0225                     995 _recv_from_stunicast:
   0225 C0*00               996 	push	_bp
   0227 85 81*00            997 	mov	_bp,sp
   022A C0 82               998 	push	dpl
   022C C0 83               999 	push	dph
   022E C0 F0              1000 	push	b
   0230 E5 81              1001 	mov	a,sp
   0232 24 0C              1002 	add	a,#0x0c
   0234 F5 81              1003 	mov	sp,a
                           1004 ;	../../../core/net/rime/runicast.c:116: struct runicast_conn *c = (struct runicast_conn *)stunicast;
   0236 A8*00              1005 	mov	r0,_bp
   0238 08                 1006 	inc	r0
   0239 E5*00              1007 	mov	a,_bp
   023B 24 04              1008 	add	a,#0x04
   023D F9                 1009 	mov	r1,a
   023E E6                 1010 	mov	a,@r0
   023F F7                 1011 	mov	@r1,a
   0240 08                 1012 	inc	r0
   0241 09                 1013 	inc	r1
   0242 E6                 1014 	mov	a,@r0
   0243 F7                 1015 	mov	@r1,a
   0244 08                 1016 	inc	r0
   0245 09                 1017 	inc	r1
   0246 E6                 1018 	mov	a,@r0
   0247 F7                 1019 	mov	@r1,a
                           1020 ;	../../../core/net/rime/runicast.c:125: if(packetbuf_attr(PACKETBUF_ATTR_PACKET_TYPE) ==
   0248 75 82 0E           1021 	mov	dpl,#0x0E
   024B 12s00r00           1022 	lcall	_packetbuf_attr
   024E AD 82              1023 	mov	r5,dpl
   0250 AE 83              1024 	mov	r6,dph
   0252 BD 01 05           1025 	cjne	r5,#0x01,00123$
   0255 BE 00 02           1026 	cjne	r6,#0x00,00123$
   0258 80 03              1027 	sjmp	00124$
   025A                    1028 00123$:
   025A 02s03rEB           1029 	ljmp	00113$
   025D                    1030 00124$:
                           1031 ;	../../../core/net/rime/runicast.c:132: if(packetbuf_attr(PACKETBUF_ATTR_PACKET_ID) == c->sndnxt) {
   025D 75 82 0D           1032 	mov	dpl,#0x0D
   0260 12s00r00           1033 	lcall	_packetbuf_attr
   0263 AD 82              1034 	mov	r5,dpl
   0265 AE 83              1035 	mov	r6,dph
   0267 A8*00              1036 	mov	r0,_bp
   0269 08                 1037 	inc	r0
   026A E5*00              1038 	mov	a,_bp
   026C 24 0A              1039 	add	a,#0x0a
   026E F9                 1040 	mov	r1,a
   026F 74 32              1041 	mov	a,#0x32
   0271 26                 1042 	add	a,@r0
   0272 F7                 1043 	mov	@r1,a
   0273 E4                 1044 	clr	a
   0274 08                 1045 	inc	r0
   0275 36                 1046 	addc	a,@r0
   0276 09                 1047 	inc	r1
   0277 F7                 1048 	mov	@r1,a
   0278 08                 1049 	inc	r0
   0279 09                 1050 	inc	r1
   027A E6                 1051 	mov	a,@r0
   027B F7                 1052 	mov	@r1,a
   027C E5*00              1053 	mov	a,_bp
   027E 24 0A              1054 	add	a,#0x0a
   0280 F8                 1055 	mov	r0,a
   0281 86 82              1056 	mov	dpl,@r0
   0283 08                 1057 	inc	r0
   0284 86 83              1058 	mov	dph,@r0
   0286 08                 1059 	inc	r0
   0287 86 F0              1060 	mov	b,@r0
   0289 12s00r00           1061 	lcall	__gptrget
   028C FF                 1062 	mov	r7,a
   028D FA                 1063 	mov	r2,a
   028E 7B 00              1064 	mov	r3,#0x00
   0290 ED                 1065 	mov	a,r5
   0291 B5 02 06           1066 	cjne	a,ar2,00125$
   0294 EE                 1067 	mov	a,r6
   0295 B5 03 02           1068 	cjne	a,ar3,00125$
   0298 80 03              1069 	sjmp	00126$
   029A                    1070 00125$:
   029A 02s03rBF           1071 	ljmp	00104$
   029D                    1072 00126$:
                           1073 ;	../../../core/net/rime/runicast.c:133: RIMESTATS_ADD(ackrx);
   029D 90s00r1C           1074 	mov	dptr,#(_rimestats + 0x001c)
   02A0 E0                 1075 	movx	a,@dptr
   02A1 FD                 1076 	mov	r5,a
   02A2 A3                 1077 	inc	dptr
   02A3 E0                 1078 	movx	a,@dptr
   02A4 FE                 1079 	mov	r6,a
   02A5 A3                 1080 	inc	dptr
   02A6 E0                 1081 	movx	a,@dptr
   02A7 FA                 1082 	mov	r2,a
   02A8 A3                 1083 	inc	dptr
   02A9 E0                 1084 	movx	a,@dptr
   02AA FB                 1085 	mov	r3,a
   02AB 0D                 1086 	inc	r5
   02AC BD 00 09           1087 	cjne	r5,#0x00,00127$
   02AF 0E                 1088 	inc	r6
   02B0 BE 00 05           1089 	cjne	r6,#0x00,00127$
   02B3 0A                 1090 	inc	r2
   02B4 BA 00 01           1091 	cjne	r2,#0x00,00127$
   02B7 0B                 1092 	inc	r3
   02B8                    1093 00127$:
   02B8 90s00r1C           1094 	mov	dptr,#(_rimestats + 0x001c)
   02BB ED                 1095 	mov	a,r5
   02BC F0                 1096 	movx	@dptr,a
   02BD A3                 1097 	inc	dptr
   02BE EE                 1098 	mov	a,r6
   02BF F0                 1099 	movx	@dptr,a
   02C0 A3                 1100 	inc	dptr
   02C1 EA                 1101 	mov	a,r2
   02C2 F0                 1102 	movx	@dptr,a
   02C3 A3                 1103 	inc	dptr
   02C4 EB                 1104 	mov	a,r3
   02C5 F0                 1105 	movx	@dptr,a
                           1106 ;	../../../core/net/rime/runicast.c:137: c->sndnxt = (c->sndnxt + 1) % (1 << RUNICAST_PACKET_ID_BITS);
   02C6 7A 00              1107 	mov	r2,#0x00
   02C8 0F                 1108 	inc	r7
   02C9 BF 00 01           1109 	cjne	r7,#0x00,00128$
   02CC 0A                 1110 	inc	r2
   02CD                    1111 00128$:
   02CD 74 04              1112 	mov	a,#0x04
   02CF C0 E0              1113 	push	acc
   02D1 E4                 1114 	clr	a
   02D2 C0 E0              1115 	push	acc
   02D4 8F 82              1116 	mov	dpl,r7
   02D6 8A 83              1117 	mov	dph,r2
   02D8 12s00r00           1118 	lcall	__modsint
   02DB AA 82              1119 	mov	r2,dpl
   02DD 15 81              1120 	dec	sp
   02DF 15 81              1121 	dec	sp
   02E1 E5*00              1122 	mov	a,_bp
   02E3 24 0A              1123 	add	a,#0x0a
   02E5 F8                 1124 	mov	r0,a
   02E6 86 82              1125 	mov	dpl,@r0
   02E8 08                 1126 	inc	r0
   02E9 86 83              1127 	mov	dph,@r0
   02EB 08                 1128 	inc	r0
   02EC 86 F0              1129 	mov	b,@r0
   02EE EA                 1130 	mov	a,r2
   02EF 12s00r00           1131 	lcall	__gptrput
                           1132 ;	../../../core/net/rime/runicast.c:138: c->is_tx = 0;
   02F2 A8*00              1133 	mov	r0,_bp
   02F4 08                 1134 	inc	r0
   02F5 74 33              1135 	mov	a,#0x33
   02F7 26                 1136 	add	a,@r0
   02F8 FA                 1137 	mov	r2,a
   02F9 E4                 1138 	clr	a
   02FA 08                 1139 	inc	r0
   02FB 36                 1140 	addc	a,@r0
   02FC FB                 1141 	mov	r3,a
   02FD 08                 1142 	inc	r0
   02FE 86 04              1143 	mov	ar4,@r0
   0300 8A 82              1144 	mov	dpl,r2
   0302 8B 83              1145 	mov	dph,r3
   0304 8C F0              1146 	mov	b,r4
   0306 E4                 1147 	clr	a
   0307 12s00r00           1148 	lcall	__gptrput
                           1149 ;	../../../core/net/rime/runicast.c:139: stunicast_cancel(&c->c);
   030A A8*00              1150 	mov	r0,_bp
   030C 08                 1151 	inc	r0
   030D 86 82              1152 	mov	dpl,@r0
   030F 08                 1153 	inc	r0
   0310 86 83              1154 	mov	dph,@r0
   0312 08                 1155 	inc	r0
   0313 86 F0              1156 	mov	b,@r0
   0315 12s00r00           1157 	lcall	_stunicast_cancel
                           1158 ;	../../../core/net/rime/runicast.c:140: if(c->u->sent != NULL) {
   0318 A8*00              1159 	mov	r0,_bp
   031A 08                 1160 	inc	r0
   031B 74 2F              1161 	mov	a,#0x2F
   031D 26                 1162 	add	a,@r0
   031E FA                 1163 	mov	r2,a
   031F E4                 1164 	clr	a
   0320 08                 1165 	inc	r0
   0321 36                 1166 	addc	a,@r0
   0322 FB                 1167 	mov	r3,a
   0323 08                 1168 	inc	r0
   0324 86 04              1169 	mov	ar4,@r0
   0326 8A 82              1170 	mov	dpl,r2
   0328 8B 83              1171 	mov	dph,r3
   032A 8C F0              1172 	mov	b,r4
   032C 12s00r00           1173 	lcall	__gptrget
   032F FA                 1174 	mov	r2,a
   0330 A3                 1175 	inc	dptr
   0331 12s00r00           1176 	lcall	__gptrget
   0334 FB                 1177 	mov	r3,a
   0335 A3                 1178 	inc	dptr
   0336 12s00r00           1179 	lcall	__gptrget
   0339 FC                 1180 	mov	r4,a
   033A 74 02              1181 	mov	a,#0x02
   033C 2A                 1182 	add	a,r2
   033D FA                 1183 	mov	r2,a
   033E E4                 1184 	clr	a
   033F 3B                 1185 	addc	a,r3
   0340 FB                 1186 	mov	r3,a
   0341 8A 82              1187 	mov	dpl,r2
   0343 8B 83              1188 	mov	dph,r3
   0345 8C F0              1189 	mov	b,r4
   0347 12s00r00           1190 	lcall	__gptrget
   034A FA                 1191 	mov	r2,a
   034B A3                 1192 	inc	dptr
   034C 12s00r00           1193 	lcall	__gptrget
   034F FB                 1194 	mov	r3,a
   0350 4A                 1195 	orl	a,r2
   0351 70 03              1196 	jnz	00129$
   0353 02s05r74           1197 	ljmp	00115$
   0356                    1198 00129$:
                           1199 ;	../../../core/net/rime/runicast.c:141: c->u->sent(c, stunicast_receiver(&c->c), c->rxmit);
   0356 A8*00              1200 	mov	r0,_bp
   0358 08                 1201 	inc	r0
   0359 74 34              1202 	mov	a,#0x34
   035B 26                 1203 	add	a,@r0
   035C FC                 1204 	mov	r4,a
   035D E4                 1205 	clr	a
   035E 08                 1206 	inc	r0
   035F 36                 1207 	addc	a,@r0
   0360 FD                 1208 	mov	r5,a
   0361 08                 1209 	inc	r0
   0362 86 06              1210 	mov	ar6,@r0
   0364 8C 82              1211 	mov	dpl,r4
   0366 8D 83              1212 	mov	dph,r5
   0368 8E F0              1213 	mov	b,r6
   036A 12s00r00           1214 	lcall	__gptrget
   036D FC                 1215 	mov	r4,a
   036E A8*00              1216 	mov	r0,_bp
   0370 08                 1217 	inc	r0
   0371 86 82              1218 	mov	dpl,@r0
   0373 08                 1219 	inc	r0
   0374 86 83              1220 	mov	dph,@r0
   0376 08                 1221 	inc	r0
   0377 86 F0              1222 	mov	b,@r0
   0379 C0 02              1223 	push	ar2
   037B C0 03              1224 	push	ar3
   037D C0 04              1225 	push	ar4
   037F 12s00r00           1226 	lcall	_stunicast_receiver
   0382 AD 82              1227 	mov	r5,dpl
   0384 AE 83              1228 	mov	r6,dph
   0386 AF F0              1229 	mov	r7,b
   0388 D0 04              1230 	pop	ar4
   038A D0 03              1231 	pop	ar3
   038C D0 02              1232 	pop	ar2
   038E C0 02              1233 	push	ar2
   0390 C0 03              1234 	push	ar3
   0392 C0 04              1235 	push	ar4
   0394 C0 05              1236 	push	ar5
   0396 C0 06              1237 	push	ar6
   0398 C0 07              1238 	push	ar7
   039A 74rB2              1239 	mov	a,#00130$
   039C C0 E0              1240 	push	acc
   039E 74s03              1241 	mov	a,#(00130$ >> 8)
   03A0 C0 E0              1242 	push	acc
   03A2 C0 02              1243 	push	ar2
   03A4 C0 03              1244 	push	ar3
   03A6 A8*00              1245 	mov	r0,_bp
   03A8 08                 1246 	inc	r0
   03A9 86 82              1247 	mov	dpl,@r0
   03AB 08                 1248 	inc	r0
   03AC 86 83              1249 	mov	dph,@r0
   03AE 08                 1250 	inc	r0
   03AF 86 F0              1251 	mov	b,@r0
   03B1 22                 1252 	ret
   03B2                    1253 00130$:
   03B2 E5 81              1254 	mov	a,sp
   03B4 24 FC              1255 	add	a,#0xfc
   03B6 F5 81              1256 	mov	sp,a
   03B8 D0 03              1257 	pop	ar3
   03BA D0 02              1258 	pop	ar2
   03BC 02s05r74           1259 	ljmp	00115$
   03BF                    1260 00104$:
                           1261 ;	../../../core/net/rime/runicast.c:148: RIMESTATS_ADD(badackrx);
   03BF 90s00r24           1262 	mov	dptr,#(_rimestats + 0x0024)
   03C2 E0                 1263 	movx	a,@dptr
   03C3 FA                 1264 	mov	r2,a
   03C4 A3                 1265 	inc	dptr
   03C5 E0                 1266 	movx	a,@dptr
   03C6 FB                 1267 	mov	r3,a
   03C7 A3                 1268 	inc	dptr
   03C8 E0                 1269 	movx	a,@dptr
   03C9 FC                 1270 	mov	r4,a
   03CA A3                 1271 	inc	dptr
   03CB E0                 1272 	movx	a,@dptr
   03CC FD                 1273 	mov	r5,a
   03CD 0A                 1274 	inc	r2
   03CE BA 00 09           1275 	cjne	r2,#0x00,00131$
   03D1 0B                 1276 	inc	r3
   03D2 BB 00 05           1277 	cjne	r3,#0x00,00131$
   03D5 0C                 1278 	inc	r4
   03D6 BC 00 01           1279 	cjne	r4,#0x00,00131$
   03D9 0D                 1280 	inc	r5
   03DA                    1281 00131$:
   03DA 90s00r24           1282 	mov	dptr,#(_rimestats + 0x0024)
   03DD EA                 1283 	mov	a,r2
   03DE F0                 1284 	movx	@dptr,a
   03DF A3                 1285 	inc	dptr
   03E0 EB                 1286 	mov	a,r3
   03E1 F0                 1287 	movx	@dptr,a
   03E2 A3                 1288 	inc	dptr
   03E3 EC                 1289 	mov	a,r4
   03E4 F0                 1290 	movx	@dptr,a
   03E5 A3                 1291 	inc	dptr
   03E6 ED                 1292 	mov	a,r5
   03E7 F0                 1293 	movx	@dptr,a
   03E8 02s05r74           1294 	ljmp	00115$
   03EB                    1295 00113$:
                           1296 ;	../../../core/net/rime/runicast.c:150: } else if(packetbuf_attr(PACKETBUF_ATTR_PACKET_TYPE) ==
   03EB 75 82 0E           1297 	mov	dpl,#0x0E
   03EE 12s00r00           1298 	lcall	_packetbuf_attr
   03F1 E5 82              1299 	mov	a,dpl
   03F3 85 83 F0           1300 	mov	b,dph
   03F6 45 F0              1301 	orl	a,b
   03F8 60 03              1302 	jz	00132$
   03FA 02s05r74           1303 	ljmp	00115$
   03FD                    1304 00132$:
                           1305 ;	../../../core/net/rime/runicast.c:156: RIMESTATS_ADD(reliablerx);
   03FD 90s00r0C           1306 	mov	dptr,#(_rimestats + 0x000c)
   0400 E0                 1307 	movx	a,@dptr
   0401 FA                 1308 	mov	r2,a
   0402 A3                 1309 	inc	dptr
   0403 E0                 1310 	movx	a,@dptr
   0404 FB                 1311 	mov	r3,a
   0405 A3                 1312 	inc	dptr
   0406 E0                 1313 	movx	a,@dptr
   0407 FC                 1314 	mov	r4,a
   0408 A3                 1315 	inc	dptr
   0409 E0                 1316 	movx	a,@dptr
   040A FD                 1317 	mov	r5,a
   040B 0A                 1318 	inc	r2
   040C BA 00 09           1319 	cjne	r2,#0x00,00133$
   040F 0B                 1320 	inc	r3
   0410 BB 00 05           1321 	cjne	r3,#0x00,00133$
   0413 0C                 1322 	inc	r4
   0414 BC 00 01           1323 	cjne	r4,#0x00,00133$
   0417 0D                 1324 	inc	r5
   0418                    1325 00133$:
   0418 90s00r0C           1326 	mov	dptr,#(_rimestats + 0x000c)
   041B EA                 1327 	mov	a,r2
   041C F0                 1328 	movx	@dptr,a
   041D A3                 1329 	inc	dptr
   041E EB                 1330 	mov	a,r3
   041F F0                 1331 	movx	@dptr,a
   0420 A3                 1332 	inc	dptr
   0421 EC                 1333 	mov	a,r4
   0422 F0                 1334 	movx	@dptr,a
   0423 A3                 1335 	inc	dptr
   0424 ED                 1336 	mov	a,r5
   0425 F0                 1337 	movx	@dptr,a
                           1338 ;	../../../core/net/rime/runicast.c:162: packet_seqno = packetbuf_attr(PACKETBUF_ATTR_PACKET_ID);
   0426 75 82 0D           1339 	mov	dpl,#0x0D
   0429 12s00r00           1340 	lcall	_packetbuf_attr
   042C AA 82              1341 	mov	r2,dpl
   042E AB 83              1342 	mov	r3,dph
                           1343 ;	../../../core/net/rime/runicast.c:166: q = queuebuf_new_from_packetbuf();
   0430 C0 02              1344 	push	ar2
   0432 C0 03              1345 	push	ar3
   0434 12s00r00           1346 	lcall	_queuebuf_new_from_packetbuf
   0437 AC 82              1347 	mov	r4,dpl
   0439 AD 83              1348 	mov	r5,dph
   043B AE F0              1349 	mov	r6,b
   043D D0 03              1350 	pop	ar3
   043F D0 02              1351 	pop	ar2
   0441 E5*00              1352 	mov	a,_bp
   0443 24 07              1353 	add	a,#0x07
   0445 F8                 1354 	mov	r0,a
   0446 A6 04              1355 	mov	@r0,ar4
   0448 08                 1356 	inc	r0
   0449 A6 05              1357 	mov	@r0,ar5
   044B 08                 1358 	inc	r0
   044C A6 06              1359 	mov	@r0,ar6
                           1360 ;	../../../core/net/rime/runicast.c:167: if(q != NULL) {
   044E E5*00              1361 	mov	a,_bp
   0450 24 07              1362 	add	a,#0x07
   0452 F8                 1363 	mov	r0,a
   0453 E6                 1364 	mov	a,@r0
   0454 08                 1365 	inc	r0
   0455 46                 1366 	orl	a,@r0
   0456 08                 1367 	inc	r0
   0457 46                 1368 	orl	a,@r0
   0458 70 03              1369 	jnz	00134$
   045A 02s05r04           1370 	ljmp	00107$
   045D                    1371 00134$:
                           1372 ;	../../../core/net/rime/runicast.c:172: packetbuf_clear();
   045D C0 02              1373 	push	ar2
   045F C0 03              1374 	push	ar3
   0461 12s00r00           1375 	lcall	_packetbuf_clear
                           1376 ;	../../../core/net/rime/runicast.c:177: packetbuf_set_attr(PACKETBUF_ATTR_PACKET_TYPE, PACKETBUF_ATTR_PACKET_TYPE_ACK);
   0464 74 01              1377 	mov	a,#0x01
   0466 C0 E0              1378 	push	acc
   0468 E4                 1379 	clr	a
   0469 C0 E0              1380 	push	acc
   046B 75 82 0E           1381 	mov	dpl,#0x0E
   046E 12s00r00           1382 	lcall	_packetbuf_set_attr
   0471 15 81              1383 	dec	sp
   0473 15 81              1384 	dec	sp
   0475 D0 03              1385 	pop	ar3
   0477 D0 02              1386 	pop	ar2
                           1387 ;	../../../core/net/rime/runicast.c:178: packetbuf_set_attr(PACKETBUF_ATTR_PACKET_ID, packet_seqno);
   0479 C0 02              1388 	push	ar2
   047B C0 03              1389 	push	ar3
   047D C0 02              1390 	push	ar2
   047F C0 03              1391 	push	ar3
   0481 75 82 0D           1392 	mov	dpl,#0x0D
   0484 12s00r00           1393 	lcall	_packetbuf_set_attr
   0487 15 81              1394 	dec	sp
   0489 15 81              1395 	dec	sp
                           1396 ;	../../../core/net/rime/runicast.c:179: stunicast_send(&c->c, from);
   048B E5*00              1397 	mov	a,_bp
   048D 24 FB              1398 	add	a,#0xfb
   048F F8                 1399 	mov	r0,a
   0490 E6                 1400 	mov	a,@r0
   0491 C0 E0              1401 	push	acc
   0493 08                 1402 	inc	r0
   0494 E6                 1403 	mov	a,@r0
   0495 C0 E0              1404 	push	acc
   0497 08                 1405 	inc	r0
   0498 E6                 1406 	mov	a,@r0
   0499 C0 E0              1407 	push	acc
   049B A8*00              1408 	mov	r0,_bp
   049D 08                 1409 	inc	r0
   049E 86 82              1410 	mov	dpl,@r0
   04A0 08                 1411 	inc	r0
   04A1 86 83              1412 	mov	dph,@r0
   04A3 08                 1413 	inc	r0
   04A4 86 F0              1414 	mov	b,@r0
   04A6 12s00r00           1415 	lcall	_stunicast_send
   04A9 15 81              1416 	dec	sp
   04AB 15 81              1417 	dec	sp
   04AD 15 81              1418 	dec	sp
                           1419 ;	../../../core/net/rime/runicast.c:180: RIMESTATS_ADD(acktx);
   04AF 90s00r14           1420 	mov	dptr,#(_rimestats + 0x0014)
   04B2 E0                 1421 	movx	a,@dptr
   04B3 FF                 1422 	mov	r7,a
   04B4 A3                 1423 	inc	dptr
   04B5 E0                 1424 	movx	a,@dptr
   04B6 FA                 1425 	mov	r2,a
   04B7 A3                 1426 	inc	dptr
   04B8 E0                 1427 	movx	a,@dptr
   04B9 FB                 1428 	mov	r3,a
   04BA A3                 1429 	inc	dptr
   04BB E0                 1430 	movx	a,@dptr
   04BC FC                 1431 	mov	r4,a
   04BD 0F                 1432 	inc	r7
   04BE BF 00 09           1433 	cjne	r7,#0x00,00135$
   04C1 0A                 1434 	inc	r2
   04C2 BA 00 05           1435 	cjne	r2,#0x00,00135$
   04C5 0B                 1436 	inc	r3
   04C6 BB 00 01           1437 	cjne	r3,#0x00,00135$
   04C9 0C                 1438 	inc	r4
   04CA                    1439 00135$:
   04CA 90s00r14           1440 	mov	dptr,#(_rimestats + 0x0014)
   04CD EF                 1441 	mov	a,r7
   04CE F0                 1442 	movx	@dptr,a
   04CF A3                 1443 	inc	dptr
   04D0 EA                 1444 	mov	a,r2
   04D1 F0                 1445 	movx	@dptr,a
   04D2 A3                 1446 	inc	dptr
   04D3 EB                 1447 	mov	a,r3
   04D4 F0                 1448 	movx	@dptr,a
   04D5 A3                 1449 	inc	dptr
   04D6 EC                 1450 	mov	a,r4
   04D7 F0                 1451 	movx	@dptr,a
                           1452 ;	../../../core/net/rime/runicast.c:182: queuebuf_to_packetbuf(q);
   04D8 E5*00              1453 	mov	a,_bp
   04DA 24 07              1454 	add	a,#0x07
   04DC F8                 1455 	mov	r0,a
   04DD 86 82              1456 	mov	dpl,@r0
   04DF 08                 1457 	inc	r0
   04E0 86 83              1458 	mov	dph,@r0
   04E2 08                 1459 	inc	r0
   04E3 86 F0              1460 	mov	b,@r0
   04E5 C0 02              1461 	push	ar2
   04E7 C0 03              1462 	push	ar3
   04E9 12s00r00           1463 	lcall	_queuebuf_to_packetbuf
                           1464 ;	../../../core/net/rime/runicast.c:183: queuebuf_free(q);
   04EC E5*00              1465 	mov	a,_bp
   04EE 24 07              1466 	add	a,#0x07
   04F0 F8                 1467 	mov	r0,a
   04F1 86 82              1468 	mov	dpl,@r0
   04F3 08                 1469 	inc	r0
   04F4 86 83              1470 	mov	dph,@r0
   04F6 08                 1471 	inc	r0
   04F7 86 F0              1472 	mov	b,@r0
   04F9 12s00r00           1473 	lcall	_queuebuf_free
   04FC D0 03              1474 	pop	ar3
   04FE D0 02              1475 	pop	ar2
                           1476 ;	../../../core/net/rime/runicast.c:191: c->u->recv(c, from, packet_seqno);
   0500 D0 03              1477 	pop	ar3
   0502 D0 02              1478 	pop	ar2
                           1479 ;	../../../core/net/rime/runicast.c:183: queuebuf_free(q);
   0504                    1480 00107$:
                           1481 ;	../../../core/net/rime/runicast.c:190: if(c->u->recv != NULL) {
   0504 E5*00              1482 	mov	a,_bp
   0506 24 04              1483 	add	a,#0x04
   0508 F8                 1484 	mov	r0,a
   0509 74 2F              1485 	mov	a,#0x2F
   050B 26                 1486 	add	a,@r0
   050C FC                 1487 	mov	r4,a
   050D E4                 1488 	clr	a
   050E 08                 1489 	inc	r0
   050F 36                 1490 	addc	a,@r0
   0510 FD                 1491 	mov	r5,a
   0511 08                 1492 	inc	r0
   0512 86 06              1493 	mov	ar6,@r0
   0514 8C 82              1494 	mov	dpl,r4
   0516 8D 83              1495 	mov	dph,r5
   0518 8E F0              1496 	mov	b,r6
   051A 12s00r00           1497 	lcall	__gptrget
   051D FC                 1498 	mov	r4,a
   051E A3                 1499 	inc	dptr
   051F 12s00r00           1500 	lcall	__gptrget
   0522 FD                 1501 	mov	r5,a
   0523 A3                 1502 	inc	dptr
   0524 12s00r00           1503 	lcall	__gptrget
   0527 FE                 1504 	mov	r6,a
   0528 8C 82              1505 	mov	dpl,r4
   052A 8D 83              1506 	mov	dph,r5
   052C 8E F0              1507 	mov	b,r6
   052E 12s00r00           1508 	lcall	__gptrget
   0531 FC                 1509 	mov	r4,a
   0532 A3                 1510 	inc	dptr
   0533 12s00r00           1511 	lcall	__gptrget
   0536 FD                 1512 	mov	r5,a
   0537 4C                 1513 	orl	a,r4
   0538 60 3A              1514 	jz	00115$
                           1515 ;	../../../core/net/rime/runicast.c:191: c->u->recv(c, from, packet_seqno);
   053A C0 04              1516 	push	ar4
   053C C0 05              1517 	push	ar5
   053E C0 02              1518 	push	ar2
   0540 E5*00              1519 	mov	a,_bp
   0542 24 FB              1520 	add	a,#0xfb
   0544 F8                 1521 	mov	r0,a
   0545 E6                 1522 	mov	a,@r0
   0546 C0 E0              1523 	push	acc
   0548 08                 1524 	inc	r0
   0549 E6                 1525 	mov	a,@r0
   054A C0 E0              1526 	push	acc
   054C 08                 1527 	inc	r0
   054D E6                 1528 	mov	a,@r0
   054E C0 E0              1529 	push	acc
   0550 74r6A              1530 	mov	a,#00137$
   0552 C0 E0              1531 	push	acc
   0554 74s05              1532 	mov	a,#(00137$ >> 8)
   0556 C0 E0              1533 	push	acc
   0558 C0 04              1534 	push	ar4
   055A C0 05              1535 	push	ar5
   055C E5*00              1536 	mov	a,_bp
   055E 24 04              1537 	add	a,#0x04
   0560 F8                 1538 	mov	r0,a
   0561 86 82              1539 	mov	dpl,@r0
   0563 08                 1540 	inc	r0
   0564 86 83              1541 	mov	dph,@r0
   0566 08                 1542 	inc	r0
   0567 86 F0              1543 	mov	b,@r0
   0569 22                 1544 	ret
   056A                    1545 00137$:
   056A E5 81              1546 	mov	a,sp
   056C 24 FC              1547 	add	a,#0xfc
   056E F5 81              1548 	mov	sp,a
   0570 D0 05              1549 	pop	ar5
   0572 D0 04              1550 	pop	ar4
   0574                    1551 00115$:
   0574 85*00 81           1552 	mov	sp,_bp
   0577 D0*00              1553 	pop	_bp
   0579 22                 1554 	ret
                           1555 ;------------------------------------------------------------
                           1556 ;Allocation info for local variables in function 'runicast_open'
                           1557 ;------------------------------------------------------------
                           1558 ;channel                   Allocated to stack - offset -4
                           1559 ;u                         Allocated to stack - offset -7
                           1560 ;c                         Allocated to registers r2 r3 r4 
                           1561 ;------------------------------------------------------------
                           1562 ;	../../../core/net/rime/runicast.c:200: runicast_open(struct runicast_conn *c, uint16_t channel,
                           1563 ;	-----------------------------------------
                           1564 ;	 function runicast_open
                           1565 ;	-----------------------------------------
   057A                    1566 _runicast_open:
   057A C0*00              1567 	push	_bp
   057C 85 81*00           1568 	mov	_bp,sp
   057F AA 82              1569 	mov	r2,dpl
   0581 AB 83              1570 	mov	r3,dph
   0583 AC F0              1571 	mov	r4,b
                           1572 ;	../../../core/net/rime/runicast.c:203: stunicast_open(&c->c, channel, &runicast);
   0585 C0 02              1573 	push	ar2
   0587 C0 03              1574 	push	ar3
   0589 C0 04              1575 	push	ar4
   058B 74r0A              1576 	mov	a,#_runicast
   058D C0 E0              1577 	push	acc
   058F 74s00              1578 	mov	a,#(_runicast >> 8)
   0591 C0 E0              1579 	push	acc
   0593 74 80              1580 	mov	a,#0x80
   0595 C0 E0              1581 	push	acc
   0597 E5*00              1582 	mov	a,_bp
   0599 24 FC              1583 	add	a,#0xfc
   059B F8                 1584 	mov	r0,a
   059C E6                 1585 	mov	a,@r0
   059D C0 E0              1586 	push	acc
   059F 08                 1587 	inc	r0
   05A0 E6                 1588 	mov	a,@r0
   05A1 C0 E0              1589 	push	acc
   05A3 8A 82              1590 	mov	dpl,r2
   05A5 8B 83              1591 	mov	dph,r3
   05A7 8C F0              1592 	mov	b,r4
   05A9 12s00r00           1593 	lcall	_stunicast_open
   05AC E5 81              1594 	mov	a,sp
   05AE 24 FB              1595 	add	a,#0xfb
   05B0 F5 81              1596 	mov	sp,a
                           1597 ;	../../../core/net/rime/runicast.c:204: channel_set_attributes(channel, attributes);
   05B2 74r00              1598 	mov	a,#_attributes
   05B4 C0 E0              1599 	push	acc
   05B6 74s00              1600 	mov	a,#(_attributes >> 8)
   05B8 C0 E0              1601 	push	acc
   05BA 74 80              1602 	mov	a,#0x80
   05BC C0 E0              1603 	push	acc
   05BE E5*00              1604 	mov	a,_bp
   05C0 24 FC              1605 	add	a,#0xfc
   05C2 F8                 1606 	mov	r0,a
   05C3 86 82              1607 	mov	dpl,@r0
   05C5 08                 1608 	inc	r0
   05C6 86 83              1609 	mov	dph,@r0
   05C8 12s00r00           1610 	lcall	_channel_set_attributes
   05CB 15 81              1611 	dec	sp
   05CD 15 81              1612 	dec	sp
   05CF 15 81              1613 	dec	sp
   05D1 D0 04              1614 	pop	ar4
   05D3 D0 03              1615 	pop	ar3
   05D5 D0 02              1616 	pop	ar2
                           1617 ;	../../../core/net/rime/runicast.c:205: c->u = u;
   05D7 74 2F              1618 	mov	a,#0x2F
   05D9 2A                 1619 	add	a,r2
   05DA FD                 1620 	mov	r5,a
   05DB E4                 1621 	clr	a
   05DC 3B                 1622 	addc	a,r3
   05DD FE                 1623 	mov	r6,a
   05DE 8C 07              1624 	mov	ar7,r4
   05E0 8D 82              1625 	mov	dpl,r5
   05E2 8E 83              1626 	mov	dph,r6
   05E4 8F F0              1627 	mov	b,r7
   05E6 E5*00              1628 	mov	a,_bp
   05E8 24 F9              1629 	add	a,#0xf9
   05EA F8                 1630 	mov	r0,a
   05EB E6                 1631 	mov	a,@r0
   05EC 12s00r00           1632 	lcall	__gptrput
   05EF A3                 1633 	inc	dptr
   05F0 08                 1634 	inc	r0
   05F1 E6                 1635 	mov	a,@r0
   05F2 12s00r00           1636 	lcall	__gptrput
   05F5 A3                 1637 	inc	dptr
   05F6 08                 1638 	inc	r0
   05F7 E6                 1639 	mov	a,@r0
   05F8 12s00r00           1640 	lcall	__gptrput
                           1641 ;	../../../core/net/rime/runicast.c:206: c->is_tx = 0;
   05FB 74 33              1642 	mov	a,#0x33
   05FD 2A                 1643 	add	a,r2
   05FE FD                 1644 	mov	r5,a
   05FF E4                 1645 	clr	a
   0600 3B                 1646 	addc	a,r3
   0601 FE                 1647 	mov	r6,a
   0602 8C 07              1648 	mov	ar7,r4
   0604 8D 82              1649 	mov	dpl,r5
   0606 8E 83              1650 	mov	dph,r6
   0608 8F F0              1651 	mov	b,r7
   060A E4                 1652 	clr	a
   060B 12s00r00           1653 	lcall	__gptrput
                           1654 ;	../../../core/net/rime/runicast.c:207: c->rxmit = 0;
   060E 74 34              1655 	mov	a,#0x34
   0610 2A                 1656 	add	a,r2
   0611 FD                 1657 	mov	r5,a
   0612 E4                 1658 	clr	a
   0613 3B                 1659 	addc	a,r3
   0614 FE                 1660 	mov	r6,a
   0615 8C 07              1661 	mov	ar7,r4
   0617 8D 82              1662 	mov	dpl,r5
   0619 8E 83              1663 	mov	dph,r6
   061B 8F F0              1664 	mov	b,r7
   061D E4                 1665 	clr	a
   061E 12s00r00           1666 	lcall	__gptrput
                           1667 ;	../../../core/net/rime/runicast.c:208: c->sndnxt = 0;
   0621 74 32              1668 	mov	a,#0x32
   0623 2A                 1669 	add	a,r2
   0624 FA                 1670 	mov	r2,a
   0625 E4                 1671 	clr	a
   0626 3B                 1672 	addc	a,r3
   0627 FB                 1673 	mov	r3,a
   0628 8A 82              1674 	mov	dpl,r2
   062A 8B 83              1675 	mov	dph,r3
   062C 8C F0              1676 	mov	b,r4
   062E E4                 1677 	clr	a
   062F 12s00r00           1678 	lcall	__gptrput
   0632 D0*00              1679 	pop	_bp
   0634 22                 1680 	ret
                           1681 ;------------------------------------------------------------
                           1682 ;Allocation info for local variables in function 'runicast_close'
                           1683 ;------------------------------------------------------------
                           1684 ;c                         Allocated to registers r2 r3 r4 
                           1685 ;------------------------------------------------------------
                           1686 ;	../../../core/net/rime/runicast.c:212: runicast_close(struct runicast_conn *c)
                           1687 ;	-----------------------------------------
                           1688 ;	 function runicast_close
                           1689 ;	-----------------------------------------
   0635                    1690 _runicast_close:
                           1691 ;	../../../core/net/rime/runicast.c:214: stunicast_close(&c->c);
   0635 02s00r00           1692 	ljmp	_stunicast_close
                           1693 ;------------------------------------------------------------
                           1694 ;Allocation info for local variables in function 'runicast_is_transmitting'
                           1695 ;------------------------------------------------------------
                           1696 ;c                         Allocated to registers r2 r3 r4 
                           1697 ;------------------------------------------------------------
                           1698 ;	../../../core/net/rime/runicast.c:218: runicast_is_transmitting(struct runicast_conn *c)
                           1699 ;	-----------------------------------------
                           1700 ;	 function runicast_is_transmitting
                           1701 ;	-----------------------------------------
   0638                    1702 _runicast_is_transmitting:
   0638 AA 82              1703 	mov	r2,dpl
   063A AB 83              1704 	mov	r3,dph
   063C AC F0              1705 	mov	r4,b
                           1706 ;	../../../core/net/rime/runicast.c:220: return c->is_tx;
   063E 74 33              1707 	mov	a,#0x33
   0640 2A                 1708 	add	a,r2
   0641 FA                 1709 	mov	r2,a
   0642 E4                 1710 	clr	a
   0643 3B                 1711 	addc	a,r3
   0644 FB                 1712 	mov	r3,a
   0645 8A 82              1713 	mov	dpl,r2
   0647 8B 83              1714 	mov	dph,r3
   0649 8C F0              1715 	mov	b,r4
   064B 12s00r00           1716 	lcall	__gptrget
   064E F5 82              1717 	mov	dpl,a
   0650 22                 1718 	ret
                           1719 ;------------------------------------------------------------
                           1720 ;Allocation info for local variables in function 'runicast_send'
                           1721 ;------------------------------------------------------------
                           1722 ;receiver                  Allocated to stack - offset -5
                           1723 ;max_retransmissions       Allocated to stack - offset -6
                           1724 ;c                         Allocated to stack - offset 1
                           1725 ;ret                       Allocated to registers r2 r3 
                           1726 ;sloc0                     Allocated to stack - offset 4
                           1727 ;------------------------------------------------------------
                           1728 ;	../../../core/net/rime/runicast.c:224: runicast_send(struct runicast_conn *c, const rimeaddr_t *receiver,
                           1729 ;	-----------------------------------------
                           1730 ;	 function runicast_send
                           1731 ;	-----------------------------------------
   0651                    1732 _runicast_send:
   0651 C0*00              1733 	push	_bp
   0653 85 81*00           1734 	mov	_bp,sp
   0656 C0 82              1735 	push	dpl
   0658 C0 83              1736 	push	dph
   065A C0 F0              1737 	push	b
   065C 05 81              1738 	inc	sp
   065E 05 81              1739 	inc	sp
   0660 05 81              1740 	inc	sp
                           1741 ;	../../../core/net/rime/runicast.c:228: if(runicast_is_transmitting(c)) {
   0662 A8*00              1742 	mov	r0,_bp
   0664 08                 1743 	inc	r0
   0665 86 82              1744 	mov	dpl,@r0
   0667 08                 1745 	inc	r0
   0668 86 83              1746 	mov	dph,@r0
   066A 08                 1747 	inc	r0
   066B 86 F0              1748 	mov	b,@r0
   066D 12s06r38           1749 	lcall	_runicast_is_transmitting
   0670 E5 82              1750 	mov	a,dpl
   0672 60 06              1751 	jz	00102$
                           1752 ;	../../../core/net/rime/runicast.c:231: return 0;
   0674 90 00 00           1753 	mov	dptr,#0x0000
   0677 02s07rA0           1754 	ljmp	00105$
   067A                    1755 00102$:
                           1756 ;	../../../core/net/rime/runicast.c:233: packetbuf_set_attr(PACKETBUF_ATTR_RELIABLE, 1);
   067A 74 01              1757 	mov	a,#0x01
   067C C0 E0              1758 	push	acc
   067E E4                 1759 	clr	a
   067F C0 E0              1760 	push	acc
   0681 75 82 0C           1761 	mov	dpl,#0x0C
   0684 12s00r00           1762 	lcall	_packetbuf_set_attr
   0687 15 81              1763 	dec	sp
   0689 15 81              1764 	dec	sp
                           1765 ;	../../../core/net/rime/runicast.c:234: packetbuf_set_attr(PACKETBUF_ATTR_PACKET_TYPE, PACKETBUF_ATTR_PACKET_TYPE_DATA);
   068B E4                 1766 	clr	a
   068C C0 E0              1767 	push	acc
   068E C0 E0              1768 	push	acc
   0690 75 82 0E           1769 	mov	dpl,#0x0E
   0693 12s00r00           1770 	lcall	_packetbuf_set_attr
   0696 15 81              1771 	dec	sp
   0698 15 81              1772 	dec	sp
                           1773 ;	../../../core/net/rime/runicast.c:235: packetbuf_set_attr(PACKETBUF_ATTR_PACKET_ID, c->sndnxt);
   069A A8*00              1774 	mov	r0,_bp
   069C 08                 1775 	inc	r0
   069D 74 32              1776 	mov	a,#0x32
   069F 26                 1777 	add	a,@r0
   06A0 FD                 1778 	mov	r5,a
   06A1 E4                 1779 	clr	a
   06A2 08                 1780 	inc	r0
   06A3 36                 1781 	addc	a,@r0
   06A4 FE                 1782 	mov	r6,a
   06A5 08                 1783 	inc	r0
   06A6 86 07              1784 	mov	ar7,@r0
   06A8 8D 82              1785 	mov	dpl,r5
   06AA 8E 83              1786 	mov	dph,r6
   06AC 8F F0              1787 	mov	b,r7
   06AE 12s00r00           1788 	lcall	__gptrget
   06B1 FD                 1789 	mov	r5,a
   06B2 7E 00              1790 	mov	r6,#0x00
   06B4 C0 05              1791 	push	ar5
   06B6 C0 06              1792 	push	ar6
   06B8 75 82 0D           1793 	mov	dpl,#0x0D
   06BB 12s00r00           1794 	lcall	_packetbuf_set_attr
   06BE 15 81              1795 	dec	sp
   06C0 15 81              1796 	dec	sp
                           1797 ;	../../../core/net/rime/runicast.c:236: packetbuf_set_attr(PACKETBUF_ATTR_MAX_MAC_TRANSMISSIONS, 3);
   06C2 74 03              1798 	mov	a,#0x03
   06C4 C0 E0              1799 	push	acc
   06C6 E4                 1800 	clr	a
   06C7 C0 E0              1801 	push	acc
   06C9 75 82 09           1802 	mov	dpl,#0x09
   06CC 12s00r00           1803 	lcall	_packetbuf_set_attr
   06CF 15 81              1804 	dec	sp
   06D1 15 81              1805 	dec	sp
                           1806 ;	../../../core/net/rime/runicast.c:237: c->max_rxmit = max_retransmissions;
   06D3 A8*00              1807 	mov	r0,_bp
   06D5 08                 1808 	inc	r0
   06D6 74 35              1809 	mov	a,#0x35
   06D8 26                 1810 	add	a,@r0
   06D9 FD                 1811 	mov	r5,a
   06DA E4                 1812 	clr	a
   06DB 08                 1813 	inc	r0
   06DC 36                 1814 	addc	a,@r0
   06DD FE                 1815 	mov	r6,a
   06DE 08                 1816 	inc	r0
   06DF 86 07              1817 	mov	ar7,@r0
   06E1 8D 82              1818 	mov	dpl,r5
   06E3 8E 83              1819 	mov	dph,r6
   06E5 8F F0              1820 	mov	b,r7
   06E7 E5*00              1821 	mov	a,_bp
   06E9 24 FA              1822 	add	a,#0xfa
   06EB F8                 1823 	mov	r0,a
   06EC E6                 1824 	mov	a,@r0
   06ED 12s00r00           1825 	lcall	__gptrput
                           1826 ;	../../../core/net/rime/runicast.c:238: c->rxmit = 0;
   06F0 A8*00              1827 	mov	r0,_bp
   06F2 08                 1828 	inc	r0
   06F3 74 34              1829 	mov	a,#0x34
   06F5 26                 1830 	add	a,@r0
   06F6 FD                 1831 	mov	r5,a
   06F7 E4                 1832 	clr	a
   06F8 08                 1833 	inc	r0
   06F9 36                 1834 	addc	a,@r0
   06FA FE                 1835 	mov	r6,a
   06FB 08                 1836 	inc	r0
   06FC 86 07              1837 	mov	ar7,@r0
   06FE 8D 82              1838 	mov	dpl,r5
   0700 8E 83              1839 	mov	dph,r6
   0702 8F F0              1840 	mov	b,r7
   0704 E4                 1841 	clr	a
   0705 12s00r00           1842 	lcall	__gptrput
                           1843 ;	../../../core/net/rime/runicast.c:239: c->is_tx = 1;
   0708 A8*00              1844 	mov	r0,_bp
   070A 08                 1845 	inc	r0
   070B E5*00              1846 	mov	a,_bp
   070D 24 04              1847 	add	a,#0x04
   070F F9                 1848 	mov	r1,a
   0710 74 33              1849 	mov	a,#0x33
   0712 26                 1850 	add	a,@r0
   0713 F7                 1851 	mov	@r1,a
   0714 E4                 1852 	clr	a
   0715 08                 1853 	inc	r0
   0716 36                 1854 	addc	a,@r0
   0717 09                 1855 	inc	r1
   0718 F7                 1856 	mov	@r1,a
   0719 08                 1857 	inc	r0
   071A 09                 1858 	inc	r1
   071B E6                 1859 	mov	a,@r0
   071C F7                 1860 	mov	@r1,a
   071D E5*00              1861 	mov	a,_bp
   071F 24 04              1862 	add	a,#0x04
   0721 F8                 1863 	mov	r0,a
   0722 86 82              1864 	mov	dpl,@r0
   0724 08                 1865 	inc	r0
   0725 86 83              1866 	mov	dph,@r0
   0727 08                 1867 	inc	r0
   0728 86 F0              1868 	mov	b,@r0
   072A 74 01              1869 	mov	a,#0x01
   072C 12s00r00           1870 	lcall	__gptrput
                           1871 ;	../../../core/net/rime/runicast.c:240: RIMESTATS_ADD(reliabletx);
   072F 90s00r08           1872 	mov	dptr,#(_rimestats + 0x0008)
   0732 E0                 1873 	movx	a,@dptr
   0733 FA                 1874 	mov	r2,a
   0734 A3                 1875 	inc	dptr
   0735 E0                 1876 	movx	a,@dptr
   0736 FB                 1877 	mov	r3,a
   0737 A3                 1878 	inc	dptr
   0738 E0                 1879 	movx	a,@dptr
   0739 FC                 1880 	mov	r4,a
   073A A3                 1881 	inc	dptr
   073B E0                 1882 	movx	a,@dptr
   073C FD                 1883 	mov	r5,a
   073D 0A                 1884 	inc	r2
   073E BA 00 09           1885 	cjne	r2,#0x00,00110$
   0741 0B                 1886 	inc	r3
   0742 BB 00 05           1887 	cjne	r3,#0x00,00110$
   0745 0C                 1888 	inc	r4
   0746 BC 00 01           1889 	cjne	r4,#0x00,00110$
   0749 0D                 1890 	inc	r5
   074A                    1891 00110$:
   074A 90s00r08           1892 	mov	dptr,#(_rimestats + 0x0008)
   074D EA                 1893 	mov	a,r2
   074E F0                 1894 	movx	@dptr,a
   074F A3                 1895 	inc	dptr
   0750 EB                 1896 	mov	a,r3
   0751 F0                 1897 	movx	@dptr,a
   0752 A3                 1898 	inc	dptr
   0753 EC                 1899 	mov	a,r4
   0754 F0                 1900 	movx	@dptr,a
   0755 A3                 1901 	inc	dptr
   0756 ED                 1902 	mov	a,r5
   0757 F0                 1903 	movx	@dptr,a
                           1904 ;	../../../core/net/rime/runicast.c:244: ret = stunicast_send_stubborn(&c->c, receiver, REXMIT_TIME);
   0758 74 80              1905 	mov	a,#0x80
   075A C0 E0              1906 	push	acc
   075C E4                 1907 	clr	a
   075D C0 E0              1908 	push	acc
   075F E5*00              1909 	mov	a,_bp
   0761 24 FB              1910 	add	a,#0xfb
   0763 F8                 1911 	mov	r0,a
   0764 E6                 1912 	mov	a,@r0
   0765 C0 E0              1913 	push	acc
   0767 08                 1914 	inc	r0
   0768 E6                 1915 	mov	a,@r0
   0769 C0 E0              1916 	push	acc
   076B 08                 1917 	inc	r0
   076C E6                 1918 	mov	a,@r0
   076D C0 E0              1919 	push	acc
   076F A8*00              1920 	mov	r0,_bp
   0771 08                 1921 	inc	r0
   0772 86 82              1922 	mov	dpl,@r0
   0774 08                 1923 	inc	r0
   0775 86 83              1924 	mov	dph,@r0
   0777 08                 1925 	inc	r0
   0778 86 F0              1926 	mov	b,@r0
   077A 12s00r00           1927 	lcall	_stunicast_send_stubborn
   077D AA 82              1928 	mov	r2,dpl
   077F AB 83              1929 	mov	r3,dph
   0781 E5 81              1930 	mov	a,sp
   0783 24 FB              1931 	add	a,#0xfb
   0785 F5 81              1932 	mov	sp,a
                           1933 ;	../../../core/net/rime/runicast.c:245: if(!ret) {
   0787 EA                 1934 	mov	a,r2
   0788 4B                 1935 	orl	a,r3
   0789 70 11              1936 	jnz	00104$
                           1937 ;	../../../core/net/rime/runicast.c:246: c->is_tx = 0;
   078B E5*00              1938 	mov	a,_bp
   078D 24 04              1939 	add	a,#0x04
   078F F8                 1940 	mov	r0,a
   0790 86 82              1941 	mov	dpl,@r0
   0792 08                 1942 	inc	r0
   0793 86 83              1943 	mov	dph,@r0
   0795 08                 1944 	inc	r0
   0796 86 F0              1945 	mov	b,@r0
   0798 E4                 1946 	clr	a
   0799 12s00r00           1947 	lcall	__gptrput
   079C                    1948 00104$:
                           1949 ;	../../../core/net/rime/runicast.c:248: return ret;
   079C 8A 82              1950 	mov	dpl,r2
   079E 8B 83              1951 	mov	dph,r3
   07A0                    1952 00105$:
   07A0 85*00 81           1953 	mov	sp,_bp
   07A3 D0*00              1954 	pop	_bp
   07A5 22                 1955 	ret
                           1956 	.area CSEG    (CODE)
                           1957 	.area CONST   (CODE)
   0000                    1958 _attributes:
   0000 0E                 1959 	.db #0x0E	; 14
   0001 01                 1960 	.db #0x01	; 1
   0002 0D                 1961 	.db #0x0D	; 13
   0003 02                 1962 	.db #0x02	; 2
   0004 19                 1963 	.db #0x19	; 25
   0005 10                 1964 	.db #0x10	; 16
   0006 18                 1965 	.db #0x18	; 24
   0007 10                 1966 	.db #0x10	; 16
   0008 00                 1967 	.db #0x00	; 0
   0009 00                 1968 	.db #0x00	; 0
   000A                    1969 _runicast:
   000Ar25s02              1970 	.byte _recv_from_stunicast,(_recv_from_stunicast >> 8)
   000Cr00s00              1971 	.byte _sent_by_stunicast,(_sent_by_stunicast >> 8)
                           1972 	.area XINIT   (CODE)
                           1973 	.area CABS    (ABS,CODE)
