                              1 ;--------------------------------------------------------
                              2 ; File Created by SDCC : free open source ANSI-C Compiler
                              3 ; Version 3.0.1 #6121 (Nov 17 2015) (CYGWIN)
                              4 ; This file was generated Sat Jan 27 13:26:25 2018
                              5 ;--------------------------------------------------------
                              6 	.module serial_line
                              7 	.optsdcc -mmcs51 --model-large
                              8 	
                              9 ;--------------------------------------------------------
                             10 ; Public variables in this module
                             11 ;--------------------------------------------------------
                             12 	.globl _IRCON2_P2IF
                             13 	.globl _IRCON2_UTX0IF
                             14 	.globl _IRCON2_UTX1IF
                             15 	.globl _IRCON2_P1IF
                             16 	.globl _IRCON2_WDTIF
                             17 	.globl _CY
                             18 	.globl _AC
                             19 	.globl _F0
                             20 	.globl _RS1
                             21 	.globl _RS0
                             22 	.globl _OV
                             23 	.globl _F1
                             24 	.globl _P
                             25 	.globl _IRCON_DMAIF
                             26 	.globl _IRCON_T1IF
                             27 	.globl _IRCON_T2IF
                             28 	.globl _IRCON_T3IF
                             29 	.globl _IRCON_T4IF
                             30 	.globl _IRCON_P0IF
                             31 	.globl _IRCON_STIF
                             32 	.globl _IEN1_DMAIE
                             33 	.globl _IEN1_T1IE
                             34 	.globl _IEN1_T2IE
                             35 	.globl _IEN1_T3IE
                             36 	.globl _IEN1_T4IE
                             37 	.globl _IEN1_P0IE
                             38 	.globl _IEN0_RFERRIE
                             39 	.globl _IEN0_ADCIE
                             40 	.globl _IEN0_URX0IE
                             41 	.globl _IEN0_URX1IE
                             42 	.globl _IEN0_ENCIE
                             43 	.globl _IEN0_STIE
                             44 	.globl _IEN0_EA
                             45 	.globl _EA
                             46 	.globl _P2_4
                             47 	.globl _P2_3
                             48 	.globl _P2_2
                             49 	.globl _P2_1
                             50 	.globl _P2_0
                             51 	.globl _S0CON_ENCIF_0
                             52 	.globl _S0CON_ENCIF_1
                             53 	.globl _P1_7
                             54 	.globl _P1_6
                             55 	.globl _P1_5
                             56 	.globl _P1_4
                             57 	.globl _P1_3
                             58 	.globl _P1_2
                             59 	.globl _P1_1
                             60 	.globl _P1_0
                             61 	.globl _TCON_IT0
                             62 	.globl _TCON_RFERRIF
                             63 	.globl _TCON_IT1
                             64 	.globl _TCON_URX0IF
                             65 	.globl _TCON_ADCIF
                             66 	.globl _TCON_URX1IF
                             67 	.globl _P0_0
                             68 	.globl _P0_1
                             69 	.globl _P0_2
                             70 	.globl _P0_3
                             71 	.globl _P0_4
                             72 	.globl _P0_5
                             73 	.globl _P0_6
                             74 	.globl _P0_7
                             75 	.globl _P2DIR
                             76 	.globl _P1DIR
                             77 	.globl _P0DIR
                             78 	.globl _U1GCR
                             79 	.globl _U1UCR
                             80 	.globl _U1BAUD
                             81 	.globl _U1BUF
                             82 	.globl _U1CSR
                             83 	.globl _P2INP
                             84 	.globl _P1INP
                             85 	.globl _P2SEL
                             86 	.globl _P1SEL
                             87 	.globl _P0SEL
                             88 	.globl _ADCCFG
                             89 	.globl _PERCFG
                             90 	.globl _B
                             91 	.globl _T4CC1
                             92 	.globl _T4CCTL1
                             93 	.globl _T4CC0
                             94 	.globl _T4CCTL0
                             95 	.globl _T4CTL
                             96 	.globl _T4CNT
                             97 	.globl _RFIF
                             98 	.globl _IRCON2
                             99 	.globl _T1CCTL2
                            100 	.globl _T1CCTL1
                            101 	.globl _T1CCTL0
                            102 	.globl _T1CTL
                            103 	.globl _T1CNTH
                            104 	.globl _T1CNTL
                            105 	.globl _RFST
                            106 	.globl _ACC
                            107 	.globl _T1CC2H
                            108 	.globl _T1CC2L
                            109 	.globl _T1CC1H
                            110 	.globl _T1CC1L
                            111 	.globl _T1CC0H
                            112 	.globl _T1CC0L
                            113 	.globl _RFD
                            114 	.globl _TIMIF
                            115 	.globl _DMAREQ
                            116 	.globl _DMAARM
                            117 	.globl _DMA0CFGH
                            118 	.globl _DMA0CFGL
                            119 	.globl _DMA1CFGH
                            120 	.globl _DMA1CFGL
                            121 	.globl _DMAIRQ
                            122 	.globl _PSW
                            123 	.globl _T3CC1
                            124 	.globl _T3CCTL1
                            125 	.globl _T3CC0
                            126 	.globl _T3CCTL0
                            127 	.globl _T3CTL
                            128 	.globl _T3CNT
                            129 	.globl _WDCTL
                            130 	.globl _T2CON
                            131 	.globl _MEMCTR
                            132 	.globl _CLKCON
                            133 	.globl _U0GCR
                            134 	.globl _U0UCR
                            135 	.globl _T2CNF
                            136 	.globl _U0BAUD
                            137 	.globl _U0BUF
                            138 	.globl _IRCON
                            139 	.globl _SLEEP
                            140 	.globl _RNDH
                            141 	.globl _RNDL
                            142 	.globl _ADCH
                            143 	.globl _ADCL
                            144 	.globl _IP1
                            145 	.globl _IEN1
                            146 	.globl _RCCTL
                            147 	.globl _ADCCON3
                            148 	.globl _ADCCON2
                            149 	.globl _ADCCON1
                            150 	.globl _ENCCS
                            151 	.globl _ENCDO
                            152 	.globl _ENCDI
                            153 	.globl _FWDATA
                            154 	.globl _FCTL
                            155 	.globl _FADDRH
                            156 	.globl _FADDRL
                            157 	.globl _FWT
                            158 	.globl _IP0
                            159 	.globl _IEN0
                            160 	.globl _IE
                            161 	.globl _T2THD
                            162 	.globl _T2TLD
                            163 	.globl _T2CAPHPH
                            164 	.globl _T2CAPLPL
                            165 	.globl _T2OF2
                            166 	.globl _T2OF1
                            167 	.globl _T2OF0
                            168 	.globl _P2
                            169 	.globl _PSBANK
                            170 	.globl _FMAP
                            171 	.globl _T2PEROF2
                            172 	.globl _T2PEROF1
                            173 	.globl _T2PEROF0
                            174 	.globl _S1CON
                            175 	.globl _IEN2
                            176 	.globl _HSRC
                            177 	.globl _S0CON
                            178 	.globl _ST2
                            179 	.globl _ST1
                            180 	.globl _ST0
                            181 	.globl _T2CMP
                            182 	.globl __XPAGE
                            183 	.globl _DPS
                            184 	.globl _RFIM
                            185 	.globl _P1
                            186 	.globl _P0INP
                            187 	.globl _P1IEN
                            188 	.globl _PICTL
                            189 	.globl _P2IFG
                            190 	.globl _P1IFG
                            191 	.globl _P0IFG
                            192 	.globl _TCON
                            193 	.globl _PCON
                            194 	.globl _U0CSR
                            195 	.globl _DPH1
                            196 	.globl _DPL1
                            197 	.globl _DPH0
                            198 	.globl _DPL0
                            199 	.globl _SP
                            200 	.globl _P0
                            201 	.globl _serial_line_process
                            202 	.globl _serial_line_event_message
                            203 	.globl _ADC_SHADOW
                            204 	.globl _U1BUF_SHADOW
                            205 	.globl _RFD_SHADOW
                            206 	.globl _U0BUF_SHADOW
                            207 	.globl _RFSTATUS
                            208 	.globl _CHIPID
                            209 	.globl _CHVER
                            210 	.globl _FSMTC1
                            211 	.globl _RXFIFOCNT
                            212 	.globl _IOCFG3
                            213 	.globl _IOCFG2
                            214 	.globl _IOCFG1
                            215 	.globl _IOCFG0
                            216 	.globl _SHORTADDRL
                            217 	.globl _SHORTADDRH
                            218 	.globl _PANIDL
                            219 	.globl _PANIDH
                            220 	.globl _IEEE_ADDR7
                            221 	.globl _IEEE_ADDR6
                            222 	.globl _IEEE_ADDR5
                            223 	.globl _IEEE_ADDR4
                            224 	.globl _IEEE_ADDR3
                            225 	.globl _IEEE_ADDR2
                            226 	.globl _IEEE_ADDR1
                            227 	.globl _IEEE_ADDR0
                            228 	.globl _DACTSTL
                            229 	.globl _DACTSTH
                            230 	.globl _ADCTSTL
                            231 	.globl _ADCTSTH
                            232 	.globl _FSMSTATE
                            233 	.globl _AGCCTRLL
                            234 	.globl _AGCCTRLH
                            235 	.globl _MANORL
                            236 	.globl _MANORH
                            237 	.globl _MANANDL
                            238 	.globl _MANANDH
                            239 	.globl _FSMTCL
                            240 	.globl _FSMTCH
                            241 	.globl _RFPWR
                            242 	.globl _CSPT
                            243 	.globl _CSPCTRL
                            244 	.globl _CSPZ
                            245 	.globl _CSPY
                            246 	.globl _CSPX
                            247 	.globl _FSCTRLL
                            248 	.globl _FSCTRLH
                            249 	.globl _RXCTRL1L
                            250 	.globl _RXCTRL1H
                            251 	.globl _RXCTRL0L
                            252 	.globl _RXCTRL0H
                            253 	.globl _TXCTRLL
                            254 	.globl _TXCTRLH
                            255 	.globl _SYNCWORDL
                            256 	.globl _SYNCWORDH
                            257 	.globl _RSSIL
                            258 	.globl _RSSIH
                            259 	.globl _MDMCTRL1L
                            260 	.globl _MDMCTRL1H
                            261 	.globl _MDMCTRL0L
                            262 	.globl _MDMCTRL0H
                            263 	.globl _serial_line_input_byte
                            264 	.globl _serial_line_init
                            265 ;--------------------------------------------------------
                            266 ; special function registers
                            267 ;--------------------------------------------------------
                            268 	.area RSEG    (ABS,DATA)
   0000                     269 	.org 0x0000
                    0080    270 _P0	=	0x0080
                    0081    271 _SP	=	0x0081
                    0082    272 _DPL0	=	0x0082
                    0083    273 _DPH0	=	0x0083
                    0084    274 _DPL1	=	0x0084
                    0085    275 _DPH1	=	0x0085
                    0086    276 _U0CSR	=	0x0086
                    0087    277 _PCON	=	0x0087
                    0088    278 _TCON	=	0x0088
                    0089    279 _P0IFG	=	0x0089
                    008A    280 _P1IFG	=	0x008a
                    008B    281 _P2IFG	=	0x008b
                    008C    282 _PICTL	=	0x008c
                    008D    283 _P1IEN	=	0x008d
                    008F    284 _P0INP	=	0x008f
                    0090    285 _P1	=	0x0090
                    0091    286 _RFIM	=	0x0091
                    0092    287 _DPS	=	0x0092
                    0093    288 __XPAGE	=	0x0093
                    0094    289 _T2CMP	=	0x0094
                    0095    290 _ST0	=	0x0095
                    0096    291 _ST1	=	0x0096
                    0097    292 _ST2	=	0x0097
                    0098    293 _S0CON	=	0x0098
                    0099    294 _HSRC	=	0x0099
                    009A    295 _IEN2	=	0x009a
                    009B    296 _S1CON	=	0x009b
                    009C    297 _T2PEROF0	=	0x009c
                    009D    298 _T2PEROF1	=	0x009d
                    009E    299 _T2PEROF2	=	0x009e
                    009F    300 _FMAP	=	0x009f
                    009F    301 _PSBANK	=	0x009f
                    00A0    302 _P2	=	0x00a0
                    00A1    303 _T2OF0	=	0x00a1
                    00A2    304 _T2OF1	=	0x00a2
                    00A3    305 _T2OF2	=	0x00a3
                    00A4    306 _T2CAPLPL	=	0x00a4
                    00A5    307 _T2CAPHPH	=	0x00a5
                    00A6    308 _T2TLD	=	0x00a6
                    00A7    309 _T2THD	=	0x00a7
                    00A8    310 _IE	=	0x00a8
                    00A8    311 _IEN0	=	0x00a8
                    00A9    312 _IP0	=	0x00a9
                    00AB    313 _FWT	=	0x00ab
                    00AC    314 _FADDRL	=	0x00ac
                    00AD    315 _FADDRH	=	0x00ad
                    00AE    316 _FCTL	=	0x00ae
                    00AF    317 _FWDATA	=	0x00af
                    00B1    318 _ENCDI	=	0x00b1
                    00B2    319 _ENCDO	=	0x00b2
                    00B3    320 _ENCCS	=	0x00b3
                    00B4    321 _ADCCON1	=	0x00b4
                    00B5    322 _ADCCON2	=	0x00b5
                    00B6    323 _ADCCON3	=	0x00b6
                    00B7    324 _RCCTL	=	0x00b7
                    00B8    325 _IEN1	=	0x00b8
                    00B9    326 _IP1	=	0x00b9
                    00BA    327 _ADCL	=	0x00ba
                    00BB    328 _ADCH	=	0x00bb
                    00BC    329 _RNDL	=	0x00bc
                    00BD    330 _RNDH	=	0x00bd
                    00BE    331 _SLEEP	=	0x00be
                    00C0    332 _IRCON	=	0x00c0
                    00C1    333 _U0BUF	=	0x00c1
                    00C2    334 _U0BAUD	=	0x00c2
                    00C3    335 _T2CNF	=	0x00c3
                    00C4    336 _U0UCR	=	0x00c4
                    00C5    337 _U0GCR	=	0x00c5
                    00C6    338 _CLKCON	=	0x00c6
                    00C7    339 _MEMCTR	=	0x00c7
                    00C8    340 _T2CON	=	0x00c8
                    00C9    341 _WDCTL	=	0x00c9
                    00CA    342 _T3CNT	=	0x00ca
                    00CB    343 _T3CTL	=	0x00cb
                    00CC    344 _T3CCTL0	=	0x00cc
                    00CD    345 _T3CC0	=	0x00cd
                    00CE    346 _T3CCTL1	=	0x00ce
                    00CF    347 _T3CC1	=	0x00cf
                    00D0    348 _PSW	=	0x00d0
                    00D1    349 _DMAIRQ	=	0x00d1
                    00D2    350 _DMA1CFGL	=	0x00d2
                    00D3    351 _DMA1CFGH	=	0x00d3
                    00D4    352 _DMA0CFGL	=	0x00d4
                    00D5    353 _DMA0CFGH	=	0x00d5
                    00D6    354 _DMAARM	=	0x00d6
                    00D7    355 _DMAREQ	=	0x00d7
                    00D8    356 _TIMIF	=	0x00d8
                    00D9    357 _RFD	=	0x00d9
                    00DA    358 _T1CC0L	=	0x00da
                    00DB    359 _T1CC0H	=	0x00db
                    00DC    360 _T1CC1L	=	0x00dc
                    00DD    361 _T1CC1H	=	0x00dd
                    00DE    362 _T1CC2L	=	0x00de
                    00DF    363 _T1CC2H	=	0x00df
                    00E0    364 _ACC	=	0x00e0
                    00E1    365 _RFST	=	0x00e1
                    00E2    366 _T1CNTL	=	0x00e2
                    00E3    367 _T1CNTH	=	0x00e3
                    00E4    368 _T1CTL	=	0x00e4
                    00E5    369 _T1CCTL0	=	0x00e5
                    00E6    370 _T1CCTL1	=	0x00e6
                    00E7    371 _T1CCTL2	=	0x00e7
                    00E8    372 _IRCON2	=	0x00e8
                    00E9    373 _RFIF	=	0x00e9
                    00EA    374 _T4CNT	=	0x00ea
                    00EB    375 _T4CTL	=	0x00eb
                    00EC    376 _T4CCTL0	=	0x00ec
                    00ED    377 _T4CC0	=	0x00ed
                    00EE    378 _T4CCTL1	=	0x00ee
                    00EF    379 _T4CC1	=	0x00ef
                    00F0    380 _B	=	0x00f0
                    00F1    381 _PERCFG	=	0x00f1
                    00F2    382 _ADCCFG	=	0x00f2
                    00F3    383 _P0SEL	=	0x00f3
                    00F4    384 _P1SEL	=	0x00f4
                    00F5    385 _P2SEL	=	0x00f5
                    00F6    386 _P1INP	=	0x00f6
                    00F7    387 _P2INP	=	0x00f7
                    00F8    388 _U1CSR	=	0x00f8
                    00F9    389 _U1BUF	=	0x00f9
                    00FA    390 _U1BAUD	=	0x00fa
                    00FB    391 _U1UCR	=	0x00fb
                    00FC    392 _U1GCR	=	0x00fc
                    00FD    393 _P0DIR	=	0x00fd
                    00FE    394 _P1DIR	=	0x00fe
                    00FF    395 _P2DIR	=	0x00ff
                            396 ;--------------------------------------------------------
                            397 ; special function bits
                            398 ;--------------------------------------------------------
                            399 	.area RSEG    (ABS,DATA)
   0000                     400 	.org 0x0000
                    0087    401 _P0_7	=	0x0087
                    0086    402 _P0_6	=	0x0086
                    0085    403 _P0_5	=	0x0085
                    0084    404 _P0_4	=	0x0084
                    0083    405 _P0_3	=	0x0083
                    0082    406 _P0_2	=	0x0082
                    0081    407 _P0_1	=	0x0081
                    0080    408 _P0_0	=	0x0080
                    008F    409 _TCON_URX1IF	=	0x008f
                    008D    410 _TCON_ADCIF	=	0x008d
                    008B    411 _TCON_URX0IF	=	0x008b
                    008A    412 _TCON_IT1	=	0x008a
                    0089    413 _TCON_RFERRIF	=	0x0089
                    0088    414 _TCON_IT0	=	0x0088
                    0090    415 _P1_0	=	0x0090
                    0091    416 _P1_1	=	0x0091
                    0092    417 _P1_2	=	0x0092
                    0093    418 _P1_3	=	0x0093
                    0094    419 _P1_4	=	0x0094
                    0095    420 _P1_5	=	0x0095
                    0096    421 _P1_6	=	0x0096
                    0097    422 _P1_7	=	0x0097
                    0099    423 _S0CON_ENCIF_1	=	0x0099
                    0098    424 _S0CON_ENCIF_0	=	0x0098
                    00A0    425 _P2_0	=	0x00a0
                    00A1    426 _P2_1	=	0x00a1
                    00A2    427 _P2_2	=	0x00a2
                    00A3    428 _P2_3	=	0x00a3
                    00A4    429 _P2_4	=	0x00a4
                    00AF    430 _EA	=	0x00af
                    00AF    431 _IEN0_EA	=	0x00af
                    00AD    432 _IEN0_STIE	=	0x00ad
                    00AC    433 _IEN0_ENCIE	=	0x00ac
                    00AB    434 _IEN0_URX1IE	=	0x00ab
                    00AA    435 _IEN0_URX0IE	=	0x00aa
                    00A9    436 _IEN0_ADCIE	=	0x00a9
                    00A8    437 _IEN0_RFERRIE	=	0x00a8
                    00BD    438 _IEN1_P0IE	=	0x00bd
                    00BC    439 _IEN1_T4IE	=	0x00bc
                    00BB    440 _IEN1_T3IE	=	0x00bb
                    00BA    441 _IEN1_T2IE	=	0x00ba
                    00B9    442 _IEN1_T1IE	=	0x00b9
                    00B8    443 _IEN1_DMAIE	=	0x00b8
                    00C7    444 _IRCON_STIF	=	0x00c7
                    00C5    445 _IRCON_P0IF	=	0x00c5
                    00C4    446 _IRCON_T4IF	=	0x00c4
                    00C3    447 _IRCON_T3IF	=	0x00c3
                    00C2    448 _IRCON_T2IF	=	0x00c2
                    00C1    449 _IRCON_T1IF	=	0x00c1
                    00C0    450 _IRCON_DMAIF	=	0x00c0
                    00D0    451 _P	=	0x00d0
                    00D1    452 _F1	=	0x00d1
                    00D2    453 _OV	=	0x00d2
                    00D3    454 _RS0	=	0x00d3
                    00D4    455 _RS1	=	0x00d4
                    00D5    456 _F0	=	0x00d5
                    00D6    457 _AC	=	0x00d6
                    00D7    458 _CY	=	0x00d7
                    00EC    459 _IRCON2_WDTIF	=	0x00ec
                    00EB    460 _IRCON2_P1IF	=	0x00eb
                    00EA    461 _IRCON2_UTX1IF	=	0x00ea
                    00E9    462 _IRCON2_UTX0IF	=	0x00e9
                    00E8    463 _IRCON2_P2IF	=	0x00e8
                            464 ;--------------------------------------------------------
                            465 ; overlayable register banks
                            466 ;--------------------------------------------------------
                            467 	.area REG_BANK_0	(REL,OVR,DATA)
   0000                     468 	.ds 8
                            469 ;--------------------------------------------------------
                            470 ; internal ram data
                            471 ;--------------------------------------------------------
                            472 	.area DSEG    (DATA)
                            473 ;--------------------------------------------------------
                            474 ; overlayable items in internal ram 
                            475 ;--------------------------------------------------------
                            476 	.area OSEG    (OVR,DATA)
                            477 ;--------------------------------------------------------
                            478 ; indirectly addressable internal ram data
                            479 ;--------------------------------------------------------
                            480 	.area ISEG    (DATA)
                            481 ;--------------------------------------------------------
                            482 ; absolute internal ram data
                            483 ;--------------------------------------------------------
                            484 	.area IABS    (ABS,DATA)
                            485 	.area IABS    (ABS,DATA)
                            486 ;--------------------------------------------------------
                            487 ; bit data
                            488 ;--------------------------------------------------------
                            489 	.area BSEG    (BIT)
                            490 ;--------------------------------------------------------
                            491 ; paged external ram data
                            492 ;--------------------------------------------------------
                            493 	.area PSEG    (PAG,XDATA)
                            494 ;--------------------------------------------------------
                            495 ; external ram data
                            496 ;--------------------------------------------------------
                            497 	.area XSEG    (XDATA)
                    DF02    498 _MDMCTRL0H	=	0xdf02
                    DF03    499 _MDMCTRL0L	=	0xdf03
                    DF04    500 _MDMCTRL1H	=	0xdf04
                    DF05    501 _MDMCTRL1L	=	0xdf05
                    DF06    502 _RSSIH	=	0xdf06
                    DF07    503 _RSSIL	=	0xdf07
                    DF08    504 _SYNCWORDH	=	0xdf08
                    DF09    505 _SYNCWORDL	=	0xdf09
                    DF0A    506 _TXCTRLH	=	0xdf0a
                    DF0B    507 _TXCTRLL	=	0xdf0b
                    DF0C    508 _RXCTRL0H	=	0xdf0c
                    DF0D    509 _RXCTRL0L	=	0xdf0d
                    DF0E    510 _RXCTRL1H	=	0xdf0e
                    DF0F    511 _RXCTRL1L	=	0xdf0f
                    DF10    512 _FSCTRLH	=	0xdf10
                    DF11    513 _FSCTRLL	=	0xdf11
                    DF12    514 _CSPX	=	0xdf12
                    DF13    515 _CSPY	=	0xdf13
                    DF14    516 _CSPZ	=	0xdf14
                    DF15    517 _CSPCTRL	=	0xdf15
                    DF16    518 _CSPT	=	0xdf16
                    DF17    519 _RFPWR	=	0xdf17
                    DF20    520 _FSMTCH	=	0xdf20
                    DF21    521 _FSMTCL	=	0xdf21
                    DF22    522 _MANANDH	=	0xdf22
                    DF23    523 _MANANDL	=	0xdf23
                    DF24    524 _MANORH	=	0xdf24
                    DF25    525 _MANORL	=	0xdf25
                    DF26    526 _AGCCTRLH	=	0xdf26
                    DF27    527 _AGCCTRLL	=	0xdf27
                    DF39    528 _FSMSTATE	=	0xdf39
                    DF3A    529 _ADCTSTH	=	0xdf3a
                    DF3B    530 _ADCTSTL	=	0xdf3b
                    DF3C    531 _DACTSTH	=	0xdf3c
                    DF3D    532 _DACTSTL	=	0xdf3d
                    DF43    533 _IEEE_ADDR0	=	0xdf43
                    DF44    534 _IEEE_ADDR1	=	0xdf44
                    DF45    535 _IEEE_ADDR2	=	0xdf45
                    DF46    536 _IEEE_ADDR3	=	0xdf46
                    DF47    537 _IEEE_ADDR4	=	0xdf47
                    DF48    538 _IEEE_ADDR5	=	0xdf48
                    DF49    539 _IEEE_ADDR6	=	0xdf49
                    DF4A    540 _IEEE_ADDR7	=	0xdf4a
                    DF4B    541 _PANIDH	=	0xdf4b
                    DF4C    542 _PANIDL	=	0xdf4c
                    DF4D    543 _SHORTADDRH	=	0xdf4d
                    DF4E    544 _SHORTADDRL	=	0xdf4e
                    DF4F    545 _IOCFG0	=	0xdf4f
                    DF50    546 _IOCFG1	=	0xdf50
                    DF51    547 _IOCFG2	=	0xdf51
                    DF52    548 _IOCFG3	=	0xdf52
                    DF53    549 _RXFIFOCNT	=	0xdf53
                    DF54    550 _FSMTC1	=	0xdf54
                    DF60    551 _CHVER	=	0xdf60
                    DF61    552 _CHIPID	=	0xdf61
                    DF62    553 _RFSTATUS	=	0xdf62
                    DFC1    554 _U0BUF_SHADOW	=	0xdfc1
                    DFD9    555 _RFD_SHADOW	=	0xdfd9
                    DFF9    556 _U1BUF_SHADOW	=	0xdff9
                    DFBA    557 _ADC_SHADOW	=	0xdfba
   0000                     558 _rxbuf:
   0000                     559 	.ds 6
   0006                     560 _rxbuf_data:
   0006                     561 	.ds 128
   0086                     562 _serial_line_event_message::
   0086                     563 	.ds 1
   0087                     564 _serial_line_input_byte_overflow_1_1:
   0087                     565 	.ds 1
   0088                     566 _process_thread_serial_line_process_buf_1_1:
   0088                     567 	.ds 128
   0108                     568 _process_thread_serial_line_process_ptr_1_1:
   0108                     569 	.ds 2
   010A                     570 _process_thread_serial_line_process_ch_1_1:
   010A                     571 	.ds 2
                            572 ;--------------------------------------------------------
                            573 ; absolute external ram data
                            574 ;--------------------------------------------------------
                            575 	.area XABS    (ABS,XDATA)
                            576 ;--------------------------------------------------------
                            577 ; external initialized ram data
                            578 ;--------------------------------------------------------
                            579 	.area XISEG   (XDATA)
   0000                     580 _serial_line_process::
   0000                     581 	.ds 9
                            582 	.area HOME    (CODE)
                            583 	.area GSINIT0 (CODE)
                            584 	.area GSINIT1 (CODE)
                            585 	.area GSINIT2 (CODE)
                            586 	.area GSINIT3 (CODE)
                            587 	.area GSINIT4 (CODE)
                            588 	.area GSINIT5 (CODE)
                            589 	.area GSINIT  (CODE)
                            590 	.area GSFINAL (CODE)
                            591 	.area CSEG    (CODE)
                            592 ;--------------------------------------------------------
                            593 ; global & static initialisations
                            594 ;--------------------------------------------------------
                            595 	.area HOME    (CODE)
                            596 	.area GSINIT  (CODE)
                            597 	.area GSFINAL (CODE)
                            598 	.area GSINIT  (CODE)
                            599 ;------------------------------------------------------------
                            600 ;Allocation info for local variables in function 'serial_line_input_byte'
                            601 ;------------------------------------------------------------
                            602 ;c                         Allocated to registers r2 
                            603 ;overflow                  Allocated with name '_serial_line_input_byte_overflow_1_1'
                            604 ;------------------------------------------------------------
                            605 ;	../../../core/dev/serial-line.c:63: static uint8_t overflow = 0; /* Buffer overflow: ignore until END */
   0000 90s00r87            606 	mov	dptr,#_serial_line_input_byte_overflow_1_1
   0003 E4                  607 	clr	a
   0004 F0                  608 	movx	@dptr,a
                            609 ;--------------------------------------------------------
                            610 ; Home
                            611 ;--------------------------------------------------------
                            612 	.area HOME    (CODE)
                            613 	.area HOME    (CODE)
                            614 ;--------------------------------------------------------
                            615 ; code
                            616 ;--------------------------------------------------------
                            617 	.area CSEG    (CODE)
                            618 ;------------------------------------------------------------
                            619 ;Allocation info for local variables in function 'serial_line_input_byte'
                            620 ;------------------------------------------------------------
                            621 ;c                         Allocated to registers r2 
                            622 ;overflow                  Allocated with name '_serial_line_input_byte_overflow_1_1'
                            623 ;------------------------------------------------------------
                            624 ;	../../../core/dev/serial-line.c:61: serial_line_input_byte(unsigned char c)
                            625 ;	-----------------------------------------
                            626 ;	 function serial_line_input_byte
                            627 ;	-----------------------------------------
   0000                     628 _serial_line_input_byte:
                    0002    629 	ar2 = 0x02
                    0003    630 	ar3 = 0x03
                    0004    631 	ar4 = 0x04
                    0005    632 	ar5 = 0x05
                    0006    633 	ar6 = 0x06
                    0007    634 	ar7 = 0x07
                    0000    635 	ar0 = 0x00
                    0001    636 	ar1 = 0x01
   0000 AA 82               637 	mov	r2,dpl
                            638 ;	../../../core/dev/serial-line.c:67: if(!overflow) {
   0002 90s00r87            639 	mov	dptr,#_serial_line_input_byte_overflow_1_1
   0005 E0                  640 	movx	a,@dptr
   0006 FB                  641 	mov	r3,a
   0007 70 1D               642 	jnz	00107$
                            643 ;	../../../core/dev/serial-line.c:69: if(ringbuf_put(&rxbuf, c) == 0) {
   0009 C0 02               644 	push	ar2
   000B 90s00r00            645 	mov	dptr,#_rxbuf
   000E 75 F0 00            646 	mov	b,#0x00
   0011 12s00r00            647 	lcall	_ringbuf_put
   0014 AB 82               648 	mov	r3,dpl
   0016 AC 83               649 	mov	r4,dph
   0018 15 81               650 	dec	sp
   001A EB                  651 	mov	a,r3
   001B 4C                  652 	orl	a,r4
   001C 70 25               653 	jnz	00108$
                            654 ;	../../../core/dev/serial-line.c:71: overflow = 1;
   001E 90s00r87            655 	mov	dptr,#_serial_line_input_byte_overflow_1_1
   0021 74 01               656 	mov	a,#0x01
   0023 F0                  657 	movx	@dptr,a
   0024 80 1D               658 	sjmp	00108$
   0026                     659 00107$:
                            660 ;	../../../core/dev/serial-line.c:76: if(c == END && ringbuf_put(&rxbuf, c) != 0) {
   0026 BA 0D 1A            661 	cjne	r2,#0x0D,00108$
   0029 C0 02               662 	push	ar2
   002B 90s00r00            663 	mov	dptr,#_rxbuf
   002E 75 F0 00            664 	mov	b,#0x00
   0031 12s00r00            665 	lcall	_ringbuf_put
   0034 AA 82               666 	mov	r2,dpl
   0036 AB 83               667 	mov	r3,dph
   0038 15 81               668 	dec	sp
   003A EA                  669 	mov	a,r2
   003B 4B                  670 	orl	a,r3
   003C 60 05               671 	jz	00108$
                            672 ;	../../../core/dev/serial-line.c:77: overflow = 0;
   003E 90s00r87            673 	mov	dptr,#_serial_line_input_byte_overflow_1_1
   0041 E4                  674 	clr	a
   0042 F0                  675 	movx	@dptr,a
   0043                     676 00108$:
                            677 ;	../../../core/dev/serial-line.c:82: process_poll(&serial_line_process);
   0043 90s00r00            678 	mov	dptr,#_serial_line_process
   0046 75 F0 00            679 	mov	b,#0x00
   0049 12s00r00            680 	lcall	_process_poll
                            681 ;	../../../core/dev/serial-line.c:83: return 1;
   004C 90 00 01            682 	mov	dptr,#0x0001
   004F 22                  683 	ret
                            684 ;------------------------------------------------------------
                            685 ;Allocation info for local variables in function 'process_thread_serial_line_process'
                            686 ;------------------------------------------------------------
                            687 ;ev                        Allocated to stack - offset -3
                            688 ;data                      Allocated to stack - offset -6
                            689 ;process_pt                Allocated to registers r2 r3 r4 
                            690 ;PT_YIELD_FLAG             Allocated to registers r5 
                            691 ;c                         Allocated to registers r6 r7 
                            692 ;buf                       Allocated with name '_process_thread_serial_line_process_buf_1_1'
                            693 ;ptr                       Allocated with name '_process_thread_serial_line_process_ptr_1_1'
                            694 ;ch                        Allocated with name '_process_thread_serial_line_process_ch_1_1'
                            695 ;------------------------------------------------------------
                            696 ;	../../../core/dev/serial-line.c:86: PROCESS_THREAD(serial_line_process, ev, data)
                            697 ;	-----------------------------------------
                            698 ;	 function process_thread_serial_line_process
                            699 ;	-----------------------------------------
   0050                     700 _process_thread_serial_line_process:
   0050 C0*00               701 	push	_bp
   0052 85 81*00            702 	mov	_bp,sp
                            703 ;	../../../core/dev/serial-line.c:91: PROCESS_BEGIN();
   0055 AA 82               704 	mov	r2,dpl
   0057 AB 83               705 	mov	r3,dph
   0059 AC F0               706 	mov	r4,b
   005B 7D 01               707 	mov	r5,#0x01
   005D 12s00r00            708 	lcall	__gptrget
   0060 FE                  709 	mov	r6,a
   0061 A3                  710 	inc	dptr
   0062 12s00r00            711 	lcall	__gptrget
   0065 FF                  712 	mov	r7,a
   0066 BE 00 05            713 	cjne	r6,#0x00,00134$
   0069 BF 00 02            714 	cjne	r7,#0x00,00134$
   006C 80 14               715 	sjmp	00101$
   006E                     716 00134$:
   006E BE 66 05            717 	cjne	r6,#0x66,00135$
   0071 BF 00 02            718 	cjne	r7,#0x00,00135$
   0074 80 59               719 	sjmp	00102$
   0076                     720 00135$:
   0076 BE 75 06            721 	cjne	r6,#0x75,00136$
   0079 BF 00 03            722 	cjne	r7,#0x00,00136$
   007C 02s01r68            723 	ljmp	00108$
   007F                     724 00136$:
   007F 02s01r7B            725 	ljmp	00123$
   0082                     726 00101$:
                            727 ;	../../../core/dev/serial-line.c:93: serial_line_event_message = process_alloc_event();
   0082 C0 02               728 	push	ar2
   0084 C0 03               729 	push	ar3
   0086 C0 04               730 	push	ar4
   0088 12s00r00            731 	lcall	_process_alloc_event
   008B E5 82               732 	mov	a,dpl
   008D D0 04               733 	pop	ar4
   008F D0 03               734 	pop	ar3
   0091 D0 02               735 	pop	ar2
   0093 90s00r86            736 	mov	dptr,#_serial_line_event_message
   0096 F0                  737 	movx	@dptr,a
                            738 ;	../../../core/dev/serial-line.c:94: ptr = 0;
   0097 90s01r08            739 	mov	dptr,#_process_thread_serial_line_process_ptr_1_1
   009A E4                  740 	clr	a
   009B F0                  741 	movx	@dptr,a
   009C A3                  742 	inc	dptr
   009D F0                  743 	movx	@dptr,a
                            744 ;	../../../core/dev/serial-line.c:96: while(1) {
   009E                     745 00121$:
                            746 ;	../../../core/dev/serial-line.c:98: int c = ringbuf_get(&rxbuf);
   009E 90s00r00            747 	mov	dptr,#_rxbuf
   00A1 75 F0 00            748 	mov	b,#0x00
   00A4 C0 02               749 	push	ar2
   00A6 C0 03               750 	push	ar3
   00A8 C0 04               751 	push	ar4
   00AA 12s00r00            752 	lcall	_ringbuf_get
   00AD AE 82               753 	mov	r6,dpl
   00AF AF 83               754 	mov	r7,dph
   00B1 D0 04               755 	pop	ar4
   00B3 D0 03               756 	pop	ar3
   00B5 D0 02               757 	pop	ar2
                            758 ;	../../../core/dev/serial-line.c:100: if(c == -1) {
   00B7 BE FF 1E            759 	cjne	r6,#0xFF,00118$
   00BA BF FF 1B            760 	cjne	r7,#0xFF,00118$
                            761 ;	../../../core/dev/serial-line.c:102: PROCESS_YIELD();
   00BD 7D 00               762 	mov	r5,#0x00
   00BF 8A 82               763 	mov	dpl,r2
   00C1 8B 83               764 	mov	dph,r3
   00C3 8C F0               765 	mov	b,r4
   00C5 74 66               766 	mov	a,#0x66
   00C7 12s00r00            767 	lcall	__gptrput
   00CA A3                  768 	inc	dptr
   00CB E4                  769 	clr	a
   00CC 12s00r00            770 	lcall	__gptrput
   00CF                     771 00102$:
   00CF ED                  772 	mov	a,r5
   00D0 70 CC               773 	jnz	00121$
   00D2 75 82 01            774 	mov	dpl,#0x01
   00D5 02s01r8D            775 	ljmp	00124$
   00D8                     776 00118$:
                            777 ;	../../../core/dev/serial-line.c:106: ch = (uint8_t)c;
   00D8 C0 02               778 	push	ar2
   00DA C0 03               779 	push	ar3
   00DC C0 04               780 	push	ar4
   00DE 90s01r0A            781 	mov	dptr,#_process_thread_serial_line_process_ch_1_1
   00E1 EE                  782 	mov	a,r6
   00E2 F0                  783 	movx	@dptr,a
   00E3 A3                  784 	inc	dptr
   00E4 E4                  785 	clr	a
   00E5 F0                  786 	movx	@dptr,a
                            787 ;	../../../core/dev/serial-line.c:112: process_post(PROCESS_BROADCAST, serial_line_event_message, &ch);
   00E6 C0 02               788 	push	ar2
   00E8 C0 03               789 	push	ar3
   00EA C0 04               790 	push	ar4
   00EC 74r0A               791 	mov	a,#_process_thread_serial_line_process_ch_1_1
   00EE C0 E0               792 	push	acc
   00F0 74s01               793 	mov	a,#(_process_thread_serial_line_process_ch_1_1 >> 8)
   00F2 C0 E0               794 	push	acc
   00F4 E4                  795 	clr	a
   00F5 C0 E0               796 	push	acc
   00F7 90s00r86            797 	mov	dptr,#_serial_line_event_message
   00FA E0                  798 	movx	a,@dptr
   00FB C0 E0               799 	push	acc
   00FD 90 00 00            800 	mov	dptr,#0x0000
   0100 75 F0 00            801 	mov	b,#0x00
   0103 12s00r00            802 	lcall	_process_post
   0106 E5 81               803 	mov	a,sp
   0108 24 FC               804 	add	a,#0xfc
   010A F5 81               805 	mov	sp,a
   010C D0 04               806 	pop	ar4
   010E D0 03               807 	pop	ar3
   0110 D0 02               808 	pop	ar2
                            809 ;	../../../core/dev/serial-line.c:116: process_post(PROCESS_CURRENT(), PROCESS_EVENT_CONTINUE, NULL)) {
   0112 90s00r00            810 	mov	dptr,#_process_current
   0115 E0                  811 	movx	a,@dptr
   0116 FE                  812 	mov	r6,a
   0117 A3                  813 	inc	dptr
   0118 E0                  814 	movx	a,@dptr
   0119 FF                  815 	mov	r7,a
   011A A3                  816 	inc	dptr
   011B E0                  817 	movx	a,@dptr
   011C FA                  818 	mov	r2,a
   011D C0 04               819 	push	ar4
   011F E4                  820 	clr	a
   0120 C0 E0               821 	push	acc
   0122 C0 E0               822 	push	acc
   0124 C0 E0               823 	push	acc
   0126 74 85               824 	mov	a,#0x85
   0128 C0 E0               825 	push	acc
   012A 8E 82               826 	mov	dpl,r6
   012C 8F 83               827 	mov	dph,r7
   012E 8A F0               828 	mov	b,r2
   0130 12s00r00            829 	lcall	_process_post
   0133 AA 82               830 	mov	r2,dpl
   0135 AB 83               831 	mov	r3,dph
   0137 E5 81               832 	mov	a,sp
   0139 24 FC               833 	add	a,#0xfc
   013B F5 81               834 	mov	sp,a
   013D D0 04               835 	pop	ar4
   013F BA 00 05            836 	cjne	r2,#0x00,00140$
   0142 BB 00 02            837 	cjne	r3,#0x00,00140$
   0145 80 09               838 	sjmp	00141$
   0147                     839 00140$:
   0147 D0 04               840 	pop	ar4
   0149 D0 03               841 	pop	ar3
   014B D0 02               842 	pop	ar2
   014D 02s00r9E            843 	ljmp	00121$
   0150                     844 00141$:
   0150 D0 04               845 	pop	ar4
   0152 D0 03               846 	pop	ar3
   0154 D0 02               847 	pop	ar2
                            848 ;	../../../core/dev/serial-line.c:117: PROCESS_WAIT_EVENT_UNTIL(ev == PROCESS_EVENT_CONTINUE);
   0156 7D 00               849 	mov	r5,#0x00
   0158 8A 82               850 	mov	dpl,r2
   015A 8B 83               851 	mov	dph,r3
   015C 8C F0               852 	mov	b,r4
   015E 74 75               853 	mov	a,#0x75
   0160 12s00r00            854 	lcall	__gptrput
   0163 A3                  855 	inc	dptr
   0164 E4                  856 	clr	a
   0165 12s00r00            857 	lcall	__gptrput
   0168                     858 00108$:
   0168 ED                  859 	mov	a,r5
   0169 60 0B               860 	jz	00109$
   016B E5*00               861 	mov	a,_bp
   016D 24 FD               862 	add	a,#0xfd
   016F F8                  863 	mov	r0,a
   0170 B6 85 03            864 	cjne	@r0,#0x85,00143$
   0173 02s00r9E            865 	ljmp	00121$
   0176                     866 00143$:
   0176                     867 00109$:
   0176 75 82 01            868 	mov	dpl,#0x01
                            869 ;	../../../core/dev/serial-line.c:124: PROCESS_END();
   0179 80 12               870 	sjmp	00124$
   017B                     871 00123$:
   017B 8A 82               872 	mov	dpl,r2
   017D 8B 83               873 	mov	dph,r3
   017F 8C F0               874 	mov	b,r4
   0181 E4                  875 	clr	a
   0182 12s00r00            876 	lcall	__gptrput
   0185 A3                  877 	inc	dptr
   0186 E4                  878 	clr	a
   0187 12s00r00            879 	lcall	__gptrput
   018A 75 82 03            880 	mov	dpl,#0x03
   018D                     881 00124$:
   018D D0*00               882 	pop	_bp
   018F 22                  883 	ret
                            884 ;------------------------------------------------------------
                            885 ;Allocation info for local variables in function 'serial_line_init'
                            886 ;------------------------------------------------------------
                            887 ;------------------------------------------------------------
                            888 ;	../../../core/dev/serial-line.c:128: serial_line_init(void)
                            889 ;	-----------------------------------------
                            890 ;	 function serial_line_init
                            891 ;	-----------------------------------------
   0190                     892 _serial_line_init:
                            893 ;	../../../core/dev/serial-line.c:130: ringbuf_init(&rxbuf, rxbuf_data, sizeof(rxbuf_data));
   0190 74 80               894 	mov	a,#0x80
   0192 C0 E0               895 	push	acc
   0194 74r06               896 	mov	a,#_rxbuf_data
   0196 C0 E0               897 	push	acc
   0198 74s00               898 	mov	a,#(_rxbuf_data >> 8)
   019A C0 E0               899 	push	acc
   019C E4                  900 	clr	a
   019D C0 E0               901 	push	acc
   019F 90s00r00            902 	mov	dptr,#_rxbuf
   01A2 75 F0 00            903 	mov	b,#0x00
   01A5 12s00r00            904 	lcall	_ringbuf_init
   01A8 E5 81               905 	mov	a,sp
   01AA 24 FC               906 	add	a,#0xfc
   01AC F5 81               907 	mov	sp,a
                            908 ;	../../../core/dev/serial-line.c:131: process_start(&serial_line_process, NULL);
   01AE E4                  909 	clr	a
   01AF C0 E0               910 	push	acc
   01B1 C0 E0               911 	push	acc
   01B3 C0 E0               912 	push	acc
   01B5 90s00r00            913 	mov	dptr,#_serial_line_process
   01B8 75 F0 00            914 	mov	b,#0x00
   01BB 12s00r00            915 	lcall	_process_start
   01BE 15 81               916 	dec	sp
   01C0 15 81               917 	dec	sp
   01C2 15 81               918 	dec	sp
   01C4 22                  919 	ret
                            920 	.area CSEG    (CODE)
                            921 	.area CONST   (CODE)
                            922 	.area XINIT   (CODE)
   0000                     923 __xinit__serial_line_process:
                            924 ; generic printIvalPtr
   0000 00 00 00            925 	.byte #0x00,#0x00,#0x00
   0003r50s00               926 	.byte _process_thread_serial_line_process,(_process_thread_serial_line_process >> 8)
   0005 00 00               927 	.byte #0x00,#0x00	; 0
   0007 00                  928 	.db #0x00	; 0
   0008 00                  929 	.db #0x00	; 0
                            930 	.area CABS    (ABS,CODE)
