                              1 ;--------------------------------------------------------
                              2 ; File Created by SDCC : free open source ANSI-C Compiler
                              3 ; Version 3.0.1 #6121 (Nov 17 2015) (CYGWIN)
                              4 ; This file was generated Sat Jan 27 13:24:58 2018
                              5 ;--------------------------------------------------------
                              6 	.module stunicast
                              7 	.optsdcc -mmcs51 --model-large
                              8 	
                              9 ;--------------------------------------------------------
                             10 ; Public variables in this module
                             11 ;--------------------------------------------------------
                             12 	.globl _IRCON2_P2IF
                             13 	.globl _IRCON2_UTX0IF
                             14 	.globl _IRCON2_UTX1IF
                             15 	.globl _IRCON2_P1IF
                             16 	.globl _IRCON2_WDTIF
                             17 	.globl _CY
                             18 	.globl _AC
                             19 	.globl _F0
                             20 	.globl _RS1
                             21 	.globl _RS0
                             22 	.globl _OV
                             23 	.globl _F1
                             24 	.globl _P
                             25 	.globl _IRCON_DMAIF
                             26 	.globl _IRCON_T1IF
                             27 	.globl _IRCON_T2IF
                             28 	.globl _IRCON_T3IF
                             29 	.globl _IRCON_T4IF
                             30 	.globl _IRCON_P0IF
                             31 	.globl _IRCON_STIF
                             32 	.globl _IEN1_DMAIE
                             33 	.globl _IEN1_T1IE
                             34 	.globl _IEN1_T2IE
                             35 	.globl _IEN1_T3IE
                             36 	.globl _IEN1_T4IE
                             37 	.globl _IEN1_P0IE
                             38 	.globl _IEN0_RFERRIE
                             39 	.globl _IEN0_ADCIE
                             40 	.globl _IEN0_URX0IE
                             41 	.globl _IEN0_URX1IE
                             42 	.globl _IEN0_ENCIE
                             43 	.globl _IEN0_STIE
                             44 	.globl _IEN0_EA
                             45 	.globl _EA
                             46 	.globl _P2_4
                             47 	.globl _P2_3
                             48 	.globl _P2_2
                             49 	.globl _P2_1
                             50 	.globl _P2_0
                             51 	.globl _S0CON_ENCIF_0
                             52 	.globl _S0CON_ENCIF_1
                             53 	.globl _P1_7
                             54 	.globl _P1_6
                             55 	.globl _P1_5
                             56 	.globl _P1_4
                             57 	.globl _P1_3
                             58 	.globl _P1_2
                             59 	.globl _P1_1
                             60 	.globl _P1_0
                             61 	.globl _TCON_IT0
                             62 	.globl _TCON_RFERRIF
                             63 	.globl _TCON_IT1
                             64 	.globl _TCON_URX0IF
                             65 	.globl _TCON_ADCIF
                             66 	.globl _TCON_URX1IF
                             67 	.globl _P0_0
                             68 	.globl _P0_1
                             69 	.globl _P0_2
                             70 	.globl _P0_3
                             71 	.globl _P0_4
                             72 	.globl _P0_5
                             73 	.globl _P0_6
                             74 	.globl _P0_7
                             75 	.globl _P2DIR
                             76 	.globl _P1DIR
                             77 	.globl _P0DIR
                             78 	.globl _U1GCR
                             79 	.globl _U1UCR
                             80 	.globl _U1BAUD
                             81 	.globl _U1BUF
                             82 	.globl _U1CSR
                             83 	.globl _P2INP
                             84 	.globl _P1INP
                             85 	.globl _P2SEL
                             86 	.globl _P1SEL
                             87 	.globl _P0SEL
                             88 	.globl _ADCCFG
                             89 	.globl _PERCFG
                             90 	.globl _B
                             91 	.globl _T4CC1
                             92 	.globl _T4CCTL1
                             93 	.globl _T4CC0
                             94 	.globl _T4CCTL0
                             95 	.globl _T4CTL
                             96 	.globl _T4CNT
                             97 	.globl _RFIF
                             98 	.globl _IRCON2
                             99 	.globl _T1CCTL2
                            100 	.globl _T1CCTL1
                            101 	.globl _T1CCTL0
                            102 	.globl _T1CTL
                            103 	.globl _T1CNTH
                            104 	.globl _T1CNTL
                            105 	.globl _RFST
                            106 	.globl _ACC
                            107 	.globl _T1CC2H
                            108 	.globl _T1CC2L
                            109 	.globl _T1CC1H
                            110 	.globl _T1CC1L
                            111 	.globl _T1CC0H
                            112 	.globl _T1CC0L
                            113 	.globl _RFD
                            114 	.globl _TIMIF
                            115 	.globl _DMAREQ
                            116 	.globl _DMAARM
                            117 	.globl _DMA0CFGH
                            118 	.globl _DMA0CFGL
                            119 	.globl _DMA1CFGH
                            120 	.globl _DMA1CFGL
                            121 	.globl _DMAIRQ
                            122 	.globl _PSW
                            123 	.globl _T3CC1
                            124 	.globl _T3CCTL1
                            125 	.globl _T3CC0
                            126 	.globl _T3CCTL0
                            127 	.globl _T3CTL
                            128 	.globl _T3CNT
                            129 	.globl _WDCTL
                            130 	.globl _T2CON
                            131 	.globl _MEMCTR
                            132 	.globl _CLKCON
                            133 	.globl _U0GCR
                            134 	.globl _U0UCR
                            135 	.globl _T2CNF
                            136 	.globl _U0BAUD
                            137 	.globl _U0BUF
                            138 	.globl _IRCON
                            139 	.globl _SLEEP
                            140 	.globl _RNDH
                            141 	.globl _RNDL
                            142 	.globl _ADCH
                            143 	.globl _ADCL
                            144 	.globl _IP1
                            145 	.globl _IEN1
                            146 	.globl _RCCTL
                            147 	.globl _ADCCON3
                            148 	.globl _ADCCON2
                            149 	.globl _ADCCON1
                            150 	.globl _ENCCS
                            151 	.globl _ENCDO
                            152 	.globl _ENCDI
                            153 	.globl _FWDATA
                            154 	.globl _FCTL
                            155 	.globl _FADDRH
                            156 	.globl _FADDRL
                            157 	.globl _FWT
                            158 	.globl _IP0
                            159 	.globl _IEN0
                            160 	.globl _IE
                            161 	.globl _T2THD
                            162 	.globl _T2TLD
                            163 	.globl _T2CAPHPH
                            164 	.globl _T2CAPLPL
                            165 	.globl _T2OF2
                            166 	.globl _T2OF1
                            167 	.globl _T2OF0
                            168 	.globl _P2
                            169 	.globl _PSBANK
                            170 	.globl _FMAP
                            171 	.globl _T2PEROF2
                            172 	.globl _T2PEROF1
                            173 	.globl _T2PEROF0
                            174 	.globl _S1CON
                            175 	.globl _IEN2
                            176 	.globl _HSRC
                            177 	.globl _S0CON
                            178 	.globl _ST2
                            179 	.globl _ST1
                            180 	.globl _ST0
                            181 	.globl _T2CMP
                            182 	.globl __XPAGE
                            183 	.globl _DPS
                            184 	.globl _RFIM
                            185 	.globl _P1
                            186 	.globl _P0INP
                            187 	.globl _P1IEN
                            188 	.globl _PICTL
                            189 	.globl _P2IFG
                            190 	.globl _P1IFG
                            191 	.globl _P0IFG
                            192 	.globl _TCON
                            193 	.globl _PCON
                            194 	.globl _U0CSR
                            195 	.globl _DPH1
                            196 	.globl _DPL1
                            197 	.globl _DPH0
                            198 	.globl _DPL0
                            199 	.globl _SP
                            200 	.globl _P0
                            201 	.globl _ADC_SHADOW
                            202 	.globl _U1BUF_SHADOW
                            203 	.globl _RFD_SHADOW
                            204 	.globl _U0BUF_SHADOW
                            205 	.globl _RFSTATUS
                            206 	.globl _CHIPID
                            207 	.globl _CHVER
                            208 	.globl _FSMTC1
                            209 	.globl _RXFIFOCNT
                            210 	.globl _IOCFG3
                            211 	.globl _IOCFG2
                            212 	.globl _IOCFG1
                            213 	.globl _IOCFG0
                            214 	.globl _SHORTADDRL
                            215 	.globl _SHORTADDRH
                            216 	.globl _PANIDL
                            217 	.globl _PANIDH
                            218 	.globl _IEEE_ADDR7
                            219 	.globl _IEEE_ADDR6
                            220 	.globl _IEEE_ADDR5
                            221 	.globl _IEEE_ADDR4
                            222 	.globl _IEEE_ADDR3
                            223 	.globl _IEEE_ADDR2
                            224 	.globl _IEEE_ADDR1
                            225 	.globl _IEEE_ADDR0
                            226 	.globl _DACTSTL
                            227 	.globl _DACTSTH
                            228 	.globl _ADCTSTL
                            229 	.globl _ADCTSTH
                            230 	.globl _FSMSTATE
                            231 	.globl _AGCCTRLL
                            232 	.globl _AGCCTRLH
                            233 	.globl _MANORL
                            234 	.globl _MANORH
                            235 	.globl _MANANDL
                            236 	.globl _MANANDH
                            237 	.globl _FSMTCL
                            238 	.globl _FSMTCH
                            239 	.globl _RFPWR
                            240 	.globl _CSPT
                            241 	.globl _CSPCTRL
                            242 	.globl _CSPZ
                            243 	.globl _CSPY
                            244 	.globl _CSPX
                            245 	.globl _FSCTRLL
                            246 	.globl _FSCTRLH
                            247 	.globl _RXCTRL1L
                            248 	.globl _RXCTRL1H
                            249 	.globl _RXCTRL0L
                            250 	.globl _RXCTRL0H
                            251 	.globl _TXCTRLL
                            252 	.globl _TXCTRLH
                            253 	.globl _SYNCWORDL
                            254 	.globl _SYNCWORDH
                            255 	.globl _RSSIL
                            256 	.globl _RSSIH
                            257 	.globl _MDMCTRL1L
                            258 	.globl _MDMCTRL1H
                            259 	.globl _MDMCTRL0L
                            260 	.globl _MDMCTRL0H
                            261 	.globl _stunicast_open
                            262 	.globl _stunicast_close
                            263 	.globl _stunicast_receiver
                            264 	.globl _stunicast_set_timer
                            265 	.globl _stunicast_send_stubborn
                            266 	.globl _stunicast_send
                            267 	.globl _stunicast_cancel
                            268 ;--------------------------------------------------------
                            269 ; special function registers
                            270 ;--------------------------------------------------------
                            271 	.area RSEG    (ABS,DATA)
   0000                     272 	.org 0x0000
                    0080    273 _P0	=	0x0080
                    0081    274 _SP	=	0x0081
                    0082    275 _DPL0	=	0x0082
                    0083    276 _DPH0	=	0x0083
                    0084    277 _DPL1	=	0x0084
                    0085    278 _DPH1	=	0x0085
                    0086    279 _U0CSR	=	0x0086
                    0087    280 _PCON	=	0x0087
                    0088    281 _TCON	=	0x0088
                    0089    282 _P0IFG	=	0x0089
                    008A    283 _P1IFG	=	0x008a
                    008B    284 _P2IFG	=	0x008b
                    008C    285 _PICTL	=	0x008c
                    008D    286 _P1IEN	=	0x008d
                    008F    287 _P0INP	=	0x008f
                    0090    288 _P1	=	0x0090
                    0091    289 _RFIM	=	0x0091
                    0092    290 _DPS	=	0x0092
                    0093    291 __XPAGE	=	0x0093
                    0094    292 _T2CMP	=	0x0094
                    0095    293 _ST0	=	0x0095
                    0096    294 _ST1	=	0x0096
                    0097    295 _ST2	=	0x0097
                    0098    296 _S0CON	=	0x0098
                    0099    297 _HSRC	=	0x0099
                    009A    298 _IEN2	=	0x009a
                    009B    299 _S1CON	=	0x009b
                    009C    300 _T2PEROF0	=	0x009c
                    009D    301 _T2PEROF1	=	0x009d
                    009E    302 _T2PEROF2	=	0x009e
                    009F    303 _FMAP	=	0x009f
                    009F    304 _PSBANK	=	0x009f
                    00A0    305 _P2	=	0x00a0
                    00A1    306 _T2OF0	=	0x00a1
                    00A2    307 _T2OF1	=	0x00a2
                    00A3    308 _T2OF2	=	0x00a3
                    00A4    309 _T2CAPLPL	=	0x00a4
                    00A5    310 _T2CAPHPH	=	0x00a5
                    00A6    311 _T2TLD	=	0x00a6
                    00A7    312 _T2THD	=	0x00a7
                    00A8    313 _IE	=	0x00a8
                    00A8    314 _IEN0	=	0x00a8
                    00A9    315 _IP0	=	0x00a9
                    00AB    316 _FWT	=	0x00ab
                    00AC    317 _FADDRL	=	0x00ac
                    00AD    318 _FADDRH	=	0x00ad
                    00AE    319 _FCTL	=	0x00ae
                    00AF    320 _FWDATA	=	0x00af
                    00B1    321 _ENCDI	=	0x00b1
                    00B2    322 _ENCDO	=	0x00b2
                    00B3    323 _ENCCS	=	0x00b3
                    00B4    324 _ADCCON1	=	0x00b4
                    00B5    325 _ADCCON2	=	0x00b5
                    00B6    326 _ADCCON3	=	0x00b6
                    00B7    327 _RCCTL	=	0x00b7
                    00B8    328 _IEN1	=	0x00b8
                    00B9    329 _IP1	=	0x00b9
                    00BA    330 _ADCL	=	0x00ba
                    00BB    331 _ADCH	=	0x00bb
                    00BC    332 _RNDL	=	0x00bc
                    00BD    333 _RNDH	=	0x00bd
                    00BE    334 _SLEEP	=	0x00be
                    00C0    335 _IRCON	=	0x00c0
                    00C1    336 _U0BUF	=	0x00c1
                    00C2    337 _U0BAUD	=	0x00c2
                    00C3    338 _T2CNF	=	0x00c3
                    00C4    339 _U0UCR	=	0x00c4
                    00C5    340 _U0GCR	=	0x00c5
                    00C6    341 _CLKCON	=	0x00c6
                    00C7    342 _MEMCTR	=	0x00c7
                    00C8    343 _T2CON	=	0x00c8
                    00C9    344 _WDCTL	=	0x00c9
                    00CA    345 _T3CNT	=	0x00ca
                    00CB    346 _T3CTL	=	0x00cb
                    00CC    347 _T3CCTL0	=	0x00cc
                    00CD    348 _T3CC0	=	0x00cd
                    00CE    349 _T3CCTL1	=	0x00ce
                    00CF    350 _T3CC1	=	0x00cf
                    00D0    351 _PSW	=	0x00d0
                    00D1    352 _DMAIRQ	=	0x00d1
                    00D2    353 _DMA1CFGL	=	0x00d2
                    00D3    354 _DMA1CFGH	=	0x00d3
                    00D4    355 _DMA0CFGL	=	0x00d4
                    00D5    356 _DMA0CFGH	=	0x00d5
                    00D6    357 _DMAARM	=	0x00d6
                    00D7    358 _DMAREQ	=	0x00d7
                    00D8    359 _TIMIF	=	0x00d8
                    00D9    360 _RFD	=	0x00d9
                    00DA    361 _T1CC0L	=	0x00da
                    00DB    362 _T1CC0H	=	0x00db
                    00DC    363 _T1CC1L	=	0x00dc
                    00DD    364 _T1CC1H	=	0x00dd
                    00DE    365 _T1CC2L	=	0x00de
                    00DF    366 _T1CC2H	=	0x00df
                    00E0    367 _ACC	=	0x00e0
                    00E1    368 _RFST	=	0x00e1
                    00E2    369 _T1CNTL	=	0x00e2
                    00E3    370 _T1CNTH	=	0x00e3
                    00E4    371 _T1CTL	=	0x00e4
                    00E5    372 _T1CCTL0	=	0x00e5
                    00E6    373 _T1CCTL1	=	0x00e6
                    00E7    374 _T1CCTL2	=	0x00e7
                    00E8    375 _IRCON2	=	0x00e8
                    00E9    376 _RFIF	=	0x00e9
                    00EA    377 _T4CNT	=	0x00ea
                    00EB    378 _T4CTL	=	0x00eb
                    00EC    379 _T4CCTL0	=	0x00ec
                    00ED    380 _T4CC0	=	0x00ed
                    00EE    381 _T4CCTL1	=	0x00ee
                    00EF    382 _T4CC1	=	0x00ef
                    00F0    383 _B	=	0x00f0
                    00F1    384 _PERCFG	=	0x00f1
                    00F2    385 _ADCCFG	=	0x00f2
                    00F3    386 _P0SEL	=	0x00f3
                    00F4    387 _P1SEL	=	0x00f4
                    00F5    388 _P2SEL	=	0x00f5
                    00F6    389 _P1INP	=	0x00f6
                    00F7    390 _P2INP	=	0x00f7
                    00F8    391 _U1CSR	=	0x00f8
                    00F9    392 _U1BUF	=	0x00f9
                    00FA    393 _U1BAUD	=	0x00fa
                    00FB    394 _U1UCR	=	0x00fb
                    00FC    395 _U1GCR	=	0x00fc
                    00FD    396 _P0DIR	=	0x00fd
                    00FE    397 _P1DIR	=	0x00fe
                    00FF    398 _P2DIR	=	0x00ff
                            399 ;--------------------------------------------------------
                            400 ; special function bits
                            401 ;--------------------------------------------------------
                            402 	.area RSEG    (ABS,DATA)
   0000                     403 	.org 0x0000
                    0087    404 _P0_7	=	0x0087
                    0086    405 _P0_6	=	0x0086
                    0085    406 _P0_5	=	0x0085
                    0084    407 _P0_4	=	0x0084
                    0083    408 _P0_3	=	0x0083
                    0082    409 _P0_2	=	0x0082
                    0081    410 _P0_1	=	0x0081
                    0080    411 _P0_0	=	0x0080
                    008F    412 _TCON_URX1IF	=	0x008f
                    008D    413 _TCON_ADCIF	=	0x008d
                    008B    414 _TCON_URX0IF	=	0x008b
                    008A    415 _TCON_IT1	=	0x008a
                    0089    416 _TCON_RFERRIF	=	0x0089
                    0088    417 _TCON_IT0	=	0x0088
                    0090    418 _P1_0	=	0x0090
                    0091    419 _P1_1	=	0x0091
                    0092    420 _P1_2	=	0x0092
                    0093    421 _P1_3	=	0x0093
                    0094    422 _P1_4	=	0x0094
                    0095    423 _P1_5	=	0x0095
                    0096    424 _P1_6	=	0x0096
                    0097    425 _P1_7	=	0x0097
                    0099    426 _S0CON_ENCIF_1	=	0x0099
                    0098    427 _S0CON_ENCIF_0	=	0x0098
                    00A0    428 _P2_0	=	0x00a0
                    00A1    429 _P2_1	=	0x00a1
                    00A2    430 _P2_2	=	0x00a2
                    00A3    431 _P2_3	=	0x00a3
                    00A4    432 _P2_4	=	0x00a4
                    00AF    433 _EA	=	0x00af
                    00AF    434 _IEN0_EA	=	0x00af
                    00AD    435 _IEN0_STIE	=	0x00ad
                    00AC    436 _IEN0_ENCIE	=	0x00ac
                    00AB    437 _IEN0_URX1IE	=	0x00ab
                    00AA    438 _IEN0_URX0IE	=	0x00aa
                    00A9    439 _IEN0_ADCIE	=	0x00a9
                    00A8    440 _IEN0_RFERRIE	=	0x00a8
                    00BD    441 _IEN1_P0IE	=	0x00bd
                    00BC    442 _IEN1_T4IE	=	0x00bc
                    00BB    443 _IEN1_T3IE	=	0x00bb
                    00BA    444 _IEN1_T2IE	=	0x00ba
                    00B9    445 _IEN1_T1IE	=	0x00b9
                    00B8    446 _IEN1_DMAIE	=	0x00b8
                    00C7    447 _IRCON_STIF	=	0x00c7
                    00C5    448 _IRCON_P0IF	=	0x00c5
                    00C4    449 _IRCON_T4IF	=	0x00c4
                    00C3    450 _IRCON_T3IF	=	0x00c3
                    00C2    451 _IRCON_T2IF	=	0x00c2
                    00C1    452 _IRCON_T1IF	=	0x00c1
                    00C0    453 _IRCON_DMAIF	=	0x00c0
                    00D0    454 _P	=	0x00d0
                    00D1    455 _F1	=	0x00d1
                    00D2    456 _OV	=	0x00d2
                    00D3    457 _RS0	=	0x00d3
                    00D4    458 _RS1	=	0x00d4
                    00D5    459 _F0	=	0x00d5
                    00D6    460 _AC	=	0x00d6
                    00D7    461 _CY	=	0x00d7
                    00EC    462 _IRCON2_WDTIF	=	0x00ec
                    00EB    463 _IRCON2_P1IF	=	0x00eb
                    00EA    464 _IRCON2_UTX1IF	=	0x00ea
                    00E9    465 _IRCON2_UTX0IF	=	0x00e9
                    00E8    466 _IRCON2_P2IF	=	0x00e8
                            467 ;--------------------------------------------------------
                            468 ; overlayable register banks
                            469 ;--------------------------------------------------------
                            470 	.area REG_BANK_0	(REL,OVR,DATA)
   0000                     471 	.ds 8
                            472 ;--------------------------------------------------------
                            473 ; internal ram data
                            474 ;--------------------------------------------------------
                            475 	.area DSEG    (DATA)
                            476 ;--------------------------------------------------------
                            477 ; overlayable items in internal ram 
                            478 ;--------------------------------------------------------
                            479 	.area OSEG    (OVR,DATA)
                            480 ;--------------------------------------------------------
                            481 ; indirectly addressable internal ram data
                            482 ;--------------------------------------------------------
                            483 	.area ISEG    (DATA)
                            484 ;--------------------------------------------------------
                            485 ; absolute internal ram data
                            486 ;--------------------------------------------------------
                            487 	.area IABS    (ABS,DATA)
                            488 	.area IABS    (ABS,DATA)
                            489 ;--------------------------------------------------------
                            490 ; bit data
                            491 ;--------------------------------------------------------
                            492 	.area BSEG    (BIT)
                            493 ;--------------------------------------------------------
                            494 ; paged external ram data
                            495 ;--------------------------------------------------------
                            496 	.area PSEG    (PAG,XDATA)
                            497 ;--------------------------------------------------------
                            498 ; external ram data
                            499 ;--------------------------------------------------------
                            500 	.area XSEG    (XDATA)
                    DF02    501 _MDMCTRL0H	=	0xdf02
                    DF03    502 _MDMCTRL0L	=	0xdf03
                    DF04    503 _MDMCTRL1H	=	0xdf04
                    DF05    504 _MDMCTRL1L	=	0xdf05
                    DF06    505 _RSSIH	=	0xdf06
                    DF07    506 _RSSIL	=	0xdf07
                    DF08    507 _SYNCWORDH	=	0xdf08
                    DF09    508 _SYNCWORDL	=	0xdf09
                    DF0A    509 _TXCTRLH	=	0xdf0a
                    DF0B    510 _TXCTRLL	=	0xdf0b
                    DF0C    511 _RXCTRL0H	=	0xdf0c
                    DF0D    512 _RXCTRL0L	=	0xdf0d
                    DF0E    513 _RXCTRL1H	=	0xdf0e
                    DF0F    514 _RXCTRL1L	=	0xdf0f
                    DF10    515 _FSCTRLH	=	0xdf10
                    DF11    516 _FSCTRLL	=	0xdf11
                    DF12    517 _CSPX	=	0xdf12
                    DF13    518 _CSPY	=	0xdf13
                    DF14    519 _CSPZ	=	0xdf14
                    DF15    520 _CSPCTRL	=	0xdf15
                    DF16    521 _CSPT	=	0xdf16
                    DF17    522 _RFPWR	=	0xdf17
                    DF20    523 _FSMTCH	=	0xdf20
                    DF21    524 _FSMTCL	=	0xdf21
                    DF22    525 _MANANDH	=	0xdf22
                    DF23    526 _MANANDL	=	0xdf23
                    DF24    527 _MANORH	=	0xdf24
                    DF25    528 _MANORL	=	0xdf25
                    DF26    529 _AGCCTRLH	=	0xdf26
                    DF27    530 _AGCCTRLL	=	0xdf27
                    DF39    531 _FSMSTATE	=	0xdf39
                    DF3A    532 _ADCTSTH	=	0xdf3a
                    DF3B    533 _ADCTSTL	=	0xdf3b
                    DF3C    534 _DACTSTH	=	0xdf3c
                    DF3D    535 _DACTSTL	=	0xdf3d
                    DF43    536 _IEEE_ADDR0	=	0xdf43
                    DF44    537 _IEEE_ADDR1	=	0xdf44
                    DF45    538 _IEEE_ADDR2	=	0xdf45
                    DF46    539 _IEEE_ADDR3	=	0xdf46
                    DF47    540 _IEEE_ADDR4	=	0xdf47
                    DF48    541 _IEEE_ADDR5	=	0xdf48
                    DF49    542 _IEEE_ADDR6	=	0xdf49
                    DF4A    543 _IEEE_ADDR7	=	0xdf4a
                    DF4B    544 _PANIDH	=	0xdf4b
                    DF4C    545 _PANIDL	=	0xdf4c
                    DF4D    546 _SHORTADDRH	=	0xdf4d
                    DF4E    547 _SHORTADDRL	=	0xdf4e
                    DF4F    548 _IOCFG0	=	0xdf4f
                    DF50    549 _IOCFG1	=	0xdf50
                    DF51    550 _IOCFG2	=	0xdf51
                    DF52    551 _IOCFG3	=	0xdf52
                    DF53    552 _RXFIFOCNT	=	0xdf53
                    DF54    553 _FSMTC1	=	0xdf54
                    DF60    554 _CHVER	=	0xdf60
                    DF61    555 _CHIPID	=	0xdf61
                    DF62    556 _RFSTATUS	=	0xdf62
                    DFC1    557 _U0BUF_SHADOW	=	0xdfc1
                    DFD9    558 _RFD_SHADOW	=	0xdfd9
                    DFF9    559 _U1BUF_SHADOW	=	0xdff9
                    DFBA    560 _ADC_SHADOW	=	0xdfba
                            561 ;--------------------------------------------------------
                            562 ; absolute external ram data
                            563 ;--------------------------------------------------------
                            564 	.area XABS    (ABS,XDATA)
                            565 ;--------------------------------------------------------
                            566 ; external initialized ram data
                            567 ;--------------------------------------------------------
                            568 	.area XISEG   (XDATA)
                            569 	.area HOME    (CODE)
                            570 	.area GSINIT0 (CODE)
                            571 	.area GSINIT1 (CODE)
                            572 	.area GSINIT2 (CODE)
                            573 	.area GSINIT3 (CODE)
                            574 	.area GSINIT4 (CODE)
                            575 	.area GSINIT5 (CODE)
                            576 	.area GSINIT  (CODE)
                            577 	.area GSFINAL (CODE)
                            578 	.area CSEG    (CODE)
                            579 ;--------------------------------------------------------
                            580 ; global & static initialisations
                            581 ;--------------------------------------------------------
                            582 	.area HOME    (CODE)
                            583 	.area GSINIT  (CODE)
                            584 	.area GSFINAL (CODE)
                            585 	.area GSINIT  (CODE)
                            586 ;--------------------------------------------------------
                            587 ; Home
                            588 ;--------------------------------------------------------
                            589 	.area HOME    (CODE)
                            590 	.area HOME    (CODE)
                            591 ;--------------------------------------------------------
                            592 ; code
                            593 ;--------------------------------------------------------
                            594 	.area CSEG    (CODE)
                            595 ;------------------------------------------------------------
                            596 ;Allocation info for local variables in function 'recv_from_uc'
                            597 ;------------------------------------------------------------
                            598 ;from                      Allocated to stack - offset -5
                            599 ;uc                        Allocated to registers r2 r3 r4 
                            600 ;c                         Allocated to registers 
                            601 ;------------------------------------------------------------
                            602 ;	../../../core/net/rime/stunicast.c:60: recv_from_uc(struct unicast_conn *uc, const rimeaddr_t *from)
                            603 ;	-----------------------------------------
                            604 ;	 function recv_from_uc
                            605 ;	-----------------------------------------
   0000                     606 _recv_from_uc:
                    0002    607 	ar2 = 0x02
                    0003    608 	ar3 = 0x03
                    0004    609 	ar4 = 0x04
                    0005    610 	ar5 = 0x05
                    0006    611 	ar6 = 0x06
                    0007    612 	ar7 = 0x07
                    0000    613 	ar0 = 0x00
                    0001    614 	ar1 = 0x01
   0000 C0*00               615 	push	_bp
   0002 85 81*00            616 	mov	_bp,sp
   0005 AA 82               617 	mov	r2,dpl
   0007 AB 83               618 	mov	r3,dph
   0009 AC F0               619 	mov	r4,b
                            620 ;	../../../core/net/rime/stunicast.c:66: if(c->u->recv != NULL) {
   000B 74 2A               621 	mov	a,#0x2A
   000D 2A                  622 	add	a,r2
   000E FD                  623 	mov	r5,a
   000F E4                  624 	clr	a
   0010 3B                  625 	addc	a,r3
   0011 FE                  626 	mov	r6,a
   0012 8C 07               627 	mov	ar7,r4
   0014 8D 82               628 	mov	dpl,r5
   0016 8E 83               629 	mov	dph,r6
   0018 8F F0               630 	mov	b,r7
   001A 12s00r00            631 	lcall	__gptrget
   001D FD                  632 	mov	r5,a
   001E A3                  633 	inc	dptr
   001F 12s00r00            634 	lcall	__gptrget
   0022 FE                  635 	mov	r6,a
   0023 A3                  636 	inc	dptr
   0024 12s00r00            637 	lcall	__gptrget
   0027 FF                  638 	mov	r7,a
   0028 8D 82               639 	mov	dpl,r5
   002A 8E 83               640 	mov	dph,r6
   002C 8F F0               641 	mov	b,r7
   002E 12s00r00            642 	lcall	__gptrget
   0031 FD                  643 	mov	r5,a
   0032 A3                  644 	inc	dptr
   0033 12s00r00            645 	lcall	__gptrget
   0036 FE                  646 	mov	r6,a
   0037 4D                  647 	orl	a,r5
   0038 60 31               648 	jz	00103$
                            649 ;	../../../core/net/rime/stunicast.c:67: c->u->recv(c, from);
   003A C0 05               650 	push	ar5
   003C C0 06               651 	push	ar6
   003E E5*00               652 	mov	a,_bp
   0040 24 FB               653 	add	a,#0xfb
   0042 F8                  654 	mov	r0,a
   0043 E6                  655 	mov	a,@r0
   0044 C0 E0               656 	push	acc
   0046 08                  657 	inc	r0
   0047 E6                  658 	mov	a,@r0
   0048 C0 E0               659 	push	acc
   004A 08                  660 	inc	r0
   004B E6                  661 	mov	a,@r0
   004C C0 E0               662 	push	acc
   004E 74r61               663 	mov	a,#00107$
   0050 C0 E0               664 	push	acc
   0052 74s00               665 	mov	a,#(00107$ >> 8)
   0054 C0 E0               666 	push	acc
   0056 C0 05               667 	push	ar5
   0058 C0 06               668 	push	ar6
   005A 8A 82               669 	mov	dpl,r2
   005C 8B 83               670 	mov	dph,r3
   005E 8C F0               671 	mov	b,r4
   0060 22                  672 	ret
   0061                     673 00107$:
   0061 15 81               674 	dec	sp
   0063 15 81               675 	dec	sp
   0065 15 81               676 	dec	sp
   0067 D0 06               677 	pop	ar6
   0069 D0 05               678 	pop	ar5
   006B                     679 00103$:
   006B D0*00               680 	pop	_bp
   006D 22                  681 	ret
                            682 ;------------------------------------------------------------
                            683 ;Allocation info for local variables in function 'sent_by_uc'
                            684 ;------------------------------------------------------------
                            685 ;status                    Allocated to stack - offset -4
                            686 ;num_tx                    Allocated to stack - offset -6
                            687 ;uc                        Allocated to registers r2 r3 r4 
                            688 ;c                         Allocated to registers 
                            689 ;------------------------------------------------------------
                            690 ;	../../../core/net/rime/stunicast.c:72: sent_by_uc(struct unicast_conn *uc, int status, int num_tx)
                            691 ;	-----------------------------------------
                            692 ;	 function sent_by_uc
                            693 ;	-----------------------------------------
   006E                     694 _sent_by_uc:
   006E C0*00               695 	push	_bp
   0070 85 81*00            696 	mov	_bp,sp
   0073 AA 82               697 	mov	r2,dpl
   0075 AB 83               698 	mov	r3,dph
   0077 AC F0               699 	mov	r4,b
                            700 ;	../../../core/net/rime/stunicast.c:79: if(c->u->sent != NULL) {
   0079 74 2A               701 	mov	a,#0x2A
   007B 2A                  702 	add	a,r2
   007C FD                  703 	mov	r5,a
   007D E4                  704 	clr	a
   007E 3B                  705 	addc	a,r3
   007F FE                  706 	mov	r6,a
   0080 8C 07               707 	mov	ar7,r4
   0082 8D 82               708 	mov	dpl,r5
   0084 8E 83               709 	mov	dph,r6
   0086 8F F0               710 	mov	b,r7
   0088 12s00r00            711 	lcall	__gptrget
   008B FD                  712 	mov	r5,a
   008C A3                  713 	inc	dptr
   008D 12s00r00            714 	lcall	__gptrget
   0090 FE                  715 	mov	r6,a
   0091 A3                  716 	inc	dptr
   0092 12s00r00            717 	lcall	__gptrget
   0095 FF                  718 	mov	r7,a
   0096 74 02               719 	mov	a,#0x02
   0098 2D                  720 	add	a,r5
   0099 FD                  721 	mov	r5,a
   009A E4                  722 	clr	a
   009B 3E                  723 	addc	a,r6
   009C FE                  724 	mov	r6,a
   009D 8D 82               725 	mov	dpl,r5
   009F 8E 83               726 	mov	dph,r6
   00A1 8F F0               727 	mov	b,r7
   00A3 12s00r00            728 	lcall	__gptrget
   00A6 FD                  729 	mov	r5,a
   00A7 A3                  730 	inc	dptr
   00A8 12s00r00            731 	lcall	__gptrget
   00AB FE                  732 	mov	r6,a
   00AC 4D                  733 	orl	a,r5
   00AD 60 39               734 	jz	00103$
                            735 ;	../../../core/net/rime/stunicast.c:80: c->u->sent(c, status, num_tx);
   00AF C0 05               736 	push	ar5
   00B1 C0 06               737 	push	ar6
   00B3 E5*00               738 	mov	a,_bp
   00B5 24 FA               739 	add	a,#0xfa
   00B7 F8                  740 	mov	r0,a
   00B8 E6                  741 	mov	a,@r0
   00B9 C0 E0               742 	push	acc
   00BB 08                  743 	inc	r0
   00BC E6                  744 	mov	a,@r0
   00BD C0 E0               745 	push	acc
   00BF E5*00               746 	mov	a,_bp
   00C1 24 FC               747 	add	a,#0xfc
   00C3 F8                  748 	mov	r0,a
   00C4 E6                  749 	mov	a,@r0
   00C5 C0 E0               750 	push	acc
   00C7 08                  751 	inc	r0
   00C8 E6                  752 	mov	a,@r0
   00C9 C0 E0               753 	push	acc
   00CB 74rDE               754 	mov	a,#00107$
   00CD C0 E0               755 	push	acc
   00CF 74s00               756 	mov	a,#(00107$ >> 8)
   00D1 C0 E0               757 	push	acc
   00D3 C0 05               758 	push	ar5
   00D5 C0 06               759 	push	ar6
   00D7 8A 82               760 	mov	dpl,r2
   00D9 8B 83               761 	mov	dph,r3
   00DB 8C F0               762 	mov	b,r4
   00DD 22                  763 	ret
   00DE                     764 00107$:
   00DE E5 81               765 	mov	a,sp
   00E0 24 FC               766 	add	a,#0xfc
   00E2 F5 81               767 	mov	sp,a
   00E4 D0 06               768 	pop	ar6
   00E6 D0 05               769 	pop	ar5
   00E8                     770 00103$:
   00E8 D0*00               771 	pop	_bp
   00EA 22                  772 	ret
                            773 ;------------------------------------------------------------
                            774 ;Allocation info for local variables in function 'stunicast_open'
                            775 ;------------------------------------------------------------
                            776 ;channel                   Allocated to stack - offset -4
                            777 ;u                         Allocated to stack - offset -7
                            778 ;c                         Allocated to registers r2 r3 r4 
                            779 ;------------------------------------------------------------
                            780 ;	../../../core/net/rime/stunicast.c:88: stunicast_open(struct stunicast_conn *c, uint16_t channel,
                            781 ;	-----------------------------------------
                            782 ;	 function stunicast_open
                            783 ;	-----------------------------------------
   00EB                     784 _stunicast_open:
   00EB C0*00               785 	push	_bp
   00ED 85 81*00            786 	mov	_bp,sp
   00F0 AA 82               787 	mov	r2,dpl
   00F2 AB 83               788 	mov	r3,dph
   00F4 AC F0               789 	mov	r4,b
                            790 ;	../../../core/net/rime/stunicast.c:91: unicast_open(&c->c, channel, &stunicast);
   00F6 C0 02               791 	push	ar2
   00F8 C0 03               792 	push	ar3
   00FA C0 04               793 	push	ar4
   00FC 74r00               794 	mov	a,#_stunicast
   00FE C0 E0               795 	push	acc
   0100 74s00               796 	mov	a,#(_stunicast >> 8)
   0102 C0 E0               797 	push	acc
   0104 74 80               798 	mov	a,#0x80
   0106 C0 E0               799 	push	acc
   0108 E5*00               800 	mov	a,_bp
   010A 24 FC               801 	add	a,#0xfc
   010C F8                  802 	mov	r0,a
   010D E6                  803 	mov	a,@r0
   010E C0 E0               804 	push	acc
   0110 08                  805 	inc	r0
   0111 E6                  806 	mov	a,@r0
   0112 C0 E0               807 	push	acc
   0114 8A 82               808 	mov	dpl,r2
   0116 8B 83               809 	mov	dph,r3
   0118 8C F0               810 	mov	b,r4
   011A 12s00r00            811 	lcall	_unicast_open
   011D E5 81               812 	mov	a,sp
   011F 24 FB               813 	add	a,#0xfb
   0121 F5 81               814 	mov	sp,a
   0123 D0 04               815 	pop	ar4
   0125 D0 03               816 	pop	ar3
   0127 D0 02               817 	pop	ar2
                            818 ;	../../../core/net/rime/stunicast.c:92: c->u = u;
   0129 74 2A               819 	mov	a,#0x2A
   012B 2A                  820 	add	a,r2
   012C FA                  821 	mov	r2,a
   012D E4                  822 	clr	a
   012E 3B                  823 	addc	a,r3
   012F FB                  824 	mov	r3,a
   0130 8A 82               825 	mov	dpl,r2
   0132 8B 83               826 	mov	dph,r3
   0134 8C F0               827 	mov	b,r4
   0136 E5*00               828 	mov	a,_bp
   0138 24 F9               829 	add	a,#0xf9
   013A F8                  830 	mov	r0,a
   013B E6                  831 	mov	a,@r0
   013C 12s00r00            832 	lcall	__gptrput
   013F A3                  833 	inc	dptr
   0140 08                  834 	inc	r0
   0141 E6                  835 	mov	a,@r0
   0142 12s00r00            836 	lcall	__gptrput
   0145 A3                  837 	inc	dptr
   0146 08                  838 	inc	r0
   0147 E6                  839 	mov	a,@r0
   0148 12s00r00            840 	lcall	__gptrput
   014B D0*00               841 	pop	_bp
   014D 22                  842 	ret
                            843 ;------------------------------------------------------------
                            844 ;Allocation info for local variables in function 'stunicast_close'
                            845 ;------------------------------------------------------------
                            846 ;c                         Allocated to registers r2 r3 r4 
                            847 ;------------------------------------------------------------
                            848 ;	../../../core/net/rime/stunicast.c:96: stunicast_close(struct stunicast_conn *c)
                            849 ;	-----------------------------------------
                            850 ;	 function stunicast_close
                            851 ;	-----------------------------------------
   014E                     852 _stunicast_close:
                            853 ;	../../../core/net/rime/stunicast.c:98: unicast_close(&c->c);
   014E AA 82               854 	mov	r2,dpl
   0150 AB 83               855 	mov	r3,dph
   0152 AC F0               856 	mov	r4,b
   0154 C0 02               857 	push	ar2
   0156 C0 03               858 	push	ar3
   0158 C0 04               859 	push	ar4
   015A 12s00r00            860 	lcall	_unicast_close
   015D D0 04               861 	pop	ar4
   015F D0 03               862 	pop	ar3
   0161 D0 02               863 	pop	ar2
                            864 ;	../../../core/net/rime/stunicast.c:99: stunicast_cancel(c);
   0163 8A 82               865 	mov	dpl,r2
   0165 8B 83               866 	mov	dph,r3
   0167 8C F0               867 	mov	b,r4
   0169 02s03r84            868 	ljmp	_stunicast_cancel
                            869 ;------------------------------------------------------------
                            870 ;Allocation info for local variables in function 'stunicast_receiver'
                            871 ;------------------------------------------------------------
                            872 ;c                         Allocated to registers r2 r3 r4 
                            873 ;------------------------------------------------------------
                            874 ;	../../../core/net/rime/stunicast.c:103: stunicast_receiver(struct stunicast_conn *c)
                            875 ;	-----------------------------------------
                            876 ;	 function stunicast_receiver
                            877 ;	-----------------------------------------
   016C                     878 _stunicast_receiver:
   016C AA 82               879 	mov	r2,dpl
   016E AB 83               880 	mov	r3,dph
   0170 AC F0               881 	mov	r4,b
                            882 ;	../../../core/net/rime/stunicast.c:105: return &c->receiver;
   0172 74 2D               883 	mov	a,#0x2D
   0174 2A                  884 	add	a,r2
   0175 FA                  885 	mov	r2,a
   0176 E4                  886 	clr	a
   0177 3B                  887 	addc	a,r3
   0178 FB                  888 	mov	r3,a
   0179 8A 82               889 	mov	dpl,r2
   017B 8B 83               890 	mov	dph,r3
   017D 8C F0               891 	mov	b,r4
   017F 22                  892 	ret
                            893 ;------------------------------------------------------------
                            894 ;Allocation info for local variables in function 'send'
                            895 ;------------------------------------------------------------
                            896 ;ptr                       Allocated to registers r2 r3 r4 
                            897 ;c                         Allocated to registers 
                            898 ;------------------------------------------------------------
                            899 ;	../../../core/net/rime/stunicast.c:109: send(void *ptr)
                            900 ;	-----------------------------------------
                            901 ;	 function send
                            902 ;	-----------------------------------------
   0180                     903 _send:
   0180 AA 82               904 	mov	r2,dpl
   0182 AB 83               905 	mov	r3,dph
   0184 AC F0               906 	mov	r4,b
                            907 ;	../../../core/net/rime/stunicast.c:116: queuebuf_to_packetbuf(c->buf);
   0186 74 27               908 	mov	a,#0x27
   0188 2A                  909 	add	a,r2
   0189 FD                  910 	mov	r5,a
   018A E4                  911 	clr	a
   018B 3B                  912 	addc	a,r3
   018C FE                  913 	mov	r6,a
   018D 8C 07               914 	mov	ar7,r4
   018F 8D 82               915 	mov	dpl,r5
   0191 8E 83               916 	mov	dph,r6
   0193 8F F0               917 	mov	b,r7
   0195 12s00r00            918 	lcall	__gptrget
   0198 FD                  919 	mov	r5,a
   0199 A3                  920 	inc	dptr
   019A 12s00r00            921 	lcall	__gptrget
   019D FE                  922 	mov	r6,a
   019E A3                  923 	inc	dptr
   019F 12s00r00            924 	lcall	__gptrget
   01A2 FF                  925 	mov	r7,a
   01A3 8D 82               926 	mov	dpl,r5
   01A5 8E 83               927 	mov	dph,r6
   01A7 8F F0               928 	mov	b,r7
   01A9 C0 02               929 	push	ar2
   01AB C0 03               930 	push	ar3
   01AD C0 04               931 	push	ar4
   01AF 12s00r00            932 	lcall	_queuebuf_to_packetbuf
   01B2 D0 04               933 	pop	ar4
   01B4 D0 03               934 	pop	ar3
   01B6 D0 02               935 	pop	ar2
                            936 ;	../../../core/net/rime/stunicast.c:117: unicast_send(&c->c, &c->receiver);
   01B8 74 2D               937 	mov	a,#0x2D
   01BA 2A                  938 	add	a,r2
   01BB FD                  939 	mov	r5,a
   01BC E4                  940 	clr	a
   01BD 3B                  941 	addc	a,r3
   01BE FE                  942 	mov	r6,a
   01BF 8C 07               943 	mov	ar7,r4
   01C1 C0 02               944 	push	ar2
   01C3 C0 03               945 	push	ar3
   01C5 C0 04               946 	push	ar4
   01C7 C0 05               947 	push	ar5
   01C9 C0 06               948 	push	ar6
   01CB C0 07               949 	push	ar7
   01CD 8A 82               950 	mov	dpl,r2
   01CF 8B 83               951 	mov	dph,r3
   01D1 8C F0               952 	mov	b,r4
   01D3 12s00r00            953 	lcall	_unicast_send
   01D6 15 81               954 	dec	sp
   01D8 15 81               955 	dec	sp
   01DA 15 81               956 	dec	sp
   01DC D0 04               957 	pop	ar4
   01DE D0 03               958 	pop	ar3
   01E0 D0 02               959 	pop	ar2
                            960 ;	../../../core/net/rime/stunicast.c:118: stunicast_set_timer(c, CLOCK_SECOND);
   01E2 74 80               961 	mov	a,#0x80
   01E4 C0 E0               962 	push	acc
   01E6 E4                  963 	clr	a
   01E7 C0 E0               964 	push	acc
   01E9 8A 82               965 	mov	dpl,r2
   01EB 8B 83               966 	mov	dph,r3
   01ED 8C F0               967 	mov	b,r4
   01EF 12s01rF7            968 	lcall	_stunicast_set_timer
   01F2 15 81               969 	dec	sp
   01F4 15 81               970 	dec	sp
   01F6 22                  971 	ret
                            972 ;------------------------------------------------------------
                            973 ;Allocation info for local variables in function 'stunicast_set_timer'
                            974 ;------------------------------------------------------------
                            975 ;t                         Allocated to stack - offset -4
                            976 ;c                         Allocated to registers r2 r3 r4 
                            977 ;------------------------------------------------------------
                            978 ;	../../../core/net/rime/stunicast.c:125: stunicast_set_timer(struct stunicast_conn *c, clock_time_t t)
                            979 ;	-----------------------------------------
                            980 ;	 function stunicast_set_timer
                            981 ;	-----------------------------------------
   01F7                     982 _stunicast_set_timer:
   01F7 C0*00               983 	push	_bp
   01F9 85 81*00            984 	mov	_bp,sp
   01FC AA 82               985 	mov	r2,dpl
   01FE AB 83               986 	mov	r3,dph
   0200 AC F0               987 	mov	r4,b
                            988 ;	../../../core/net/rime/stunicast.c:127: ctimer_set(&c->t, t, send, c);
   0202 74 12               989 	mov	a,#0x12
   0204 2A                  990 	add	a,r2
   0205 FD                  991 	mov	r5,a
   0206 E4                  992 	clr	a
   0207 3B                  993 	addc	a,r3
   0208 FE                  994 	mov	r6,a
   0209 8C 07               995 	mov	ar7,r4
   020B C0 02               996 	push	ar2
   020D C0 03               997 	push	ar3
   020F C0 04               998 	push	ar4
   0211 74r80               999 	mov	a,#_send
   0213 C0 E0              1000 	push	acc
   0215 74s01              1001 	mov	a,#(_send >> 8)
   0217 C0 E0              1002 	push	acc
   0219 E5*00              1003 	mov	a,_bp
   021B 24 FC              1004 	add	a,#0xfc
   021D F8                 1005 	mov	r0,a
   021E E6                 1006 	mov	a,@r0
   021F C0 E0              1007 	push	acc
   0221 08                 1008 	inc	r0
   0222 E6                 1009 	mov	a,@r0
   0223 C0 E0              1010 	push	acc
   0225 8D 82              1011 	mov	dpl,r5
   0227 8E 83              1012 	mov	dph,r6
   0229 8F F0              1013 	mov	b,r7
   022B 12s00r00           1014 	lcall	_ctimer_set
   022E E5 81              1015 	mov	a,sp
   0230 24 F9              1016 	add	a,#0xf9
   0232 F5 81              1017 	mov	sp,a
   0234 D0*00              1018 	pop	_bp
   0236 22                 1019 	ret
                           1020 ;------------------------------------------------------------
                           1021 ;Allocation info for local variables in function 'stunicast_send_stubborn'
                           1022 ;------------------------------------------------------------
                           1023 ;receiver                  Allocated to stack - offset -5
                           1024 ;rxmittime                 Allocated to stack - offset -7
                           1025 ;c                         Allocated to stack - offset 1
                           1026 ;sloc0                     Allocated to stack - offset 4
                           1027 ;------------------------------------------------------------
                           1028 ;	../../../core/net/rime/stunicast.c:131: stunicast_send_stubborn(struct stunicast_conn *c, const rimeaddr_t *receiver,
                           1029 ;	-----------------------------------------
                           1030 ;	 function stunicast_send_stubborn
                           1031 ;	-----------------------------------------
   0237                    1032 _stunicast_send_stubborn:
   0237 C0*00              1033 	push	_bp
   0239 85 81*00           1034 	mov	_bp,sp
   023C C0 82              1035 	push	dpl
   023E C0 83              1036 	push	dph
   0240 C0 F0              1037 	push	b
                           1038 ;	../../../core/net/rime/stunicast.c:134: if(c->buf != NULL) {
   0242 A8*00              1039 	mov	r0,_bp
   0244 08                 1040 	inc	r0
   0245 74 27              1041 	mov	a,#0x27
   0247 26                 1042 	add	a,@r0
   0248 FD                 1043 	mov	r5,a
   0249 E4                 1044 	clr	a
   024A 08                 1045 	inc	r0
   024B 36                 1046 	addc	a,@r0
   024C FE                 1047 	mov	r6,a
   024D 08                 1048 	inc	r0
   024E 86 07              1049 	mov	ar7,@r0
   0250 8D 82              1050 	mov	dpl,r5
   0252 8E 83              1051 	mov	dph,r6
   0254 8F F0              1052 	mov	b,r7
   0256 12s00r00           1053 	lcall	__gptrget
   0259 FA                 1054 	mov	r2,a
   025A A3                 1055 	inc	dptr
   025B 12s00r00           1056 	lcall	__gptrget
   025E FB                 1057 	mov	r3,a
   025F A3                 1058 	inc	dptr
   0260 12s00r00           1059 	lcall	__gptrget
   0263 FC                 1060 	mov	r4,a
   0264 EA                 1061 	mov	a,r2
   0265 4B                 1062 	orl	a,r3
   0266 4C                 1063 	orl	a,r4
   0267 60 15              1064 	jz	00102$
                           1065 ;	../../../core/net/rime/stunicast.c:135: queuebuf_free(c->buf);
   0269 8A 82              1066 	mov	dpl,r2
   026B 8B 83              1067 	mov	dph,r3
   026D 8C F0              1068 	mov	b,r4
   026F C0 05              1069 	push	ar5
   0271 C0 06              1070 	push	ar6
   0273 C0 07              1071 	push	ar7
   0275 12s00r00           1072 	lcall	_queuebuf_free
   0278 D0 07              1073 	pop	ar7
   027A D0 06              1074 	pop	ar6
   027C D0 05              1075 	pop	ar5
   027E                    1076 00102$:
                           1077 ;	../../../core/net/rime/stunicast.c:137: c->buf = queuebuf_new_from_packetbuf();
   027E C0 05              1078 	push	ar5
   0280 C0 06              1079 	push	ar6
   0282 C0 07              1080 	push	ar7
   0284 12s00r00           1081 	lcall	_queuebuf_new_from_packetbuf
   0287 AA 82              1082 	mov	r2,dpl
   0289 AB 83              1083 	mov	r3,dph
   028B AC F0              1084 	mov	r4,b
   028D D0 07              1085 	pop	ar7
   028F D0 06              1086 	pop	ar6
   0291 D0 05              1087 	pop	ar5
   0293 8D 82              1088 	mov	dpl,r5
   0295 8E 83              1089 	mov	dph,r6
   0297 8F F0              1090 	mov	b,r7
   0299 EA                 1091 	mov	a,r2
   029A 12s00r00           1092 	lcall	__gptrput
   029D A3                 1093 	inc	dptr
   029E EB                 1094 	mov	a,r3
   029F 12s00r00           1095 	lcall	__gptrput
   02A2 A3                 1096 	inc	dptr
   02A3 EC                 1097 	mov	a,r4
   02A4 12s00r00           1098 	lcall	__gptrput
                           1099 ;	../../../core/net/rime/stunicast.c:138: if(c->buf == NULL) {
   02A7 EA                 1100 	mov	a,r2
   02A8 4B                 1101 	orl	a,r3
   02A9 4C                 1102 	orl	a,r4
   02AA 70 06              1103 	jnz	00104$
                           1104 ;	../../../core/net/rime/stunicast.c:139: return 0;
   02AC 90 00 00           1105 	mov	dptr,#0x0000
   02AF 02s03r49           1106 	ljmp	00105$
   02B2                    1107 00104$:
                           1108 ;	../../../core/net/rime/stunicast.c:141: rimeaddr_copy(&c->receiver, receiver);
   02B2 A8*00              1109 	mov	r0,_bp
   02B4 08                 1110 	inc	r0
   02B5 74 2D              1111 	mov	a,#0x2D
   02B7 26                 1112 	add	a,@r0
   02B8 FA                 1113 	mov	r2,a
   02B9 E4                 1114 	clr	a
   02BA 08                 1115 	inc	r0
   02BB 36                 1116 	addc	a,@r0
   02BC FB                 1117 	mov	r3,a
   02BD 08                 1118 	inc	r0
   02BE 86 04              1119 	mov	ar4,@r0
   02C0 E5*00              1120 	mov	a,_bp
   02C2 24 FB              1121 	add	a,#0xfb
   02C4 F8                 1122 	mov	r0,a
   02C5 E6                 1123 	mov	a,@r0
   02C6 C0 E0              1124 	push	acc
   02C8 08                 1125 	inc	r0
   02C9 E6                 1126 	mov	a,@r0
   02CA C0 E0              1127 	push	acc
   02CC 08                 1128 	inc	r0
   02CD E6                 1129 	mov	a,@r0
   02CE C0 E0              1130 	push	acc
   02D0 8A 82              1131 	mov	dpl,r2
   02D2 8B 83              1132 	mov	dph,r3
   02D4 8C F0              1133 	mov	b,r4
   02D6 12s00r00           1134 	lcall	_rimeaddr_copy
   02D9 15 81              1135 	dec	sp
   02DB 15 81              1136 	dec	sp
   02DD 15 81              1137 	dec	sp
                           1138 ;	../../../core/net/rime/stunicast.c:142: ctimer_set(&c->t, rxmittime, send, c);
   02DF A8*00              1139 	mov	r0,_bp
   02E1 08                 1140 	inc	r0
   02E2 74 12              1141 	mov	a,#0x12
   02E4 26                 1142 	add	a,@r0
   02E5 FA                 1143 	mov	r2,a
   02E6 E4                 1144 	clr	a
   02E7 08                 1145 	inc	r0
   02E8 36                 1146 	addc	a,@r0
   02E9 FB                 1147 	mov	r3,a
   02EA 08                 1148 	inc	r0
   02EB 86 04              1149 	mov	ar4,@r0
   02ED A8*00              1150 	mov	r0,_bp
   02EF 08                 1151 	inc	r0
   02F0 E6                 1152 	mov	a,@r0
   02F1 C0 E0              1153 	push	acc
   02F3 08                 1154 	inc	r0
   02F4 E6                 1155 	mov	a,@r0
   02F5 C0 E0              1156 	push	acc
   02F7 08                 1157 	inc	r0
   02F8 E6                 1158 	mov	a,@r0
   02F9 C0 E0              1159 	push	acc
   02FB 74r80              1160 	mov	a,#_send
   02FD C0 E0              1161 	push	acc
   02FF 74s01              1162 	mov	a,#(_send >> 8)
   0301 C0 E0              1163 	push	acc
   0303 E5*00              1164 	mov	a,_bp
   0305 24 F9              1165 	add	a,#0xf9
   0307 F8                 1166 	mov	r0,a
   0308 E6                 1167 	mov	a,@r0
   0309 C0 E0              1168 	push	acc
   030B 08                 1169 	inc	r0
   030C E6                 1170 	mov	a,@r0
   030D C0 E0              1171 	push	acc
   030F 8A 82              1172 	mov	dpl,r2
   0311 8B 83              1173 	mov	dph,r3
   0313 8C F0              1174 	mov	b,r4
   0315 12s00r00           1175 	lcall	_ctimer_set
   0318 E5 81              1176 	mov	a,sp
   031A 24 F9              1177 	add	a,#0xf9
   031C F5 81              1178 	mov	sp,a
                           1179 ;	../../../core/net/rime/stunicast.c:147: unicast_send(&c->c, &c->receiver);
   031E A8*00              1180 	mov	r0,_bp
   0320 08                 1181 	inc	r0
   0321 74 2D              1182 	mov	a,#0x2D
   0323 26                 1183 	add	a,@r0
   0324 FA                 1184 	mov	r2,a
   0325 E4                 1185 	clr	a
   0326 08                 1186 	inc	r0
   0327 36                 1187 	addc	a,@r0
   0328 FB                 1188 	mov	r3,a
   0329 08                 1189 	inc	r0
   032A 86 04              1190 	mov	ar4,@r0
   032C C0 02              1191 	push	ar2
   032E C0 03              1192 	push	ar3
   0330 C0 04              1193 	push	ar4
   0332 A8*00              1194 	mov	r0,_bp
   0334 08                 1195 	inc	r0
   0335 86 82              1196 	mov	dpl,@r0
   0337 08                 1197 	inc	r0
   0338 86 83              1198 	mov	dph,@r0
   033A 08                 1199 	inc	r0
   033B 86 F0              1200 	mov	b,@r0
   033D 12s00r00           1201 	lcall	_unicast_send
   0340 15 81              1202 	dec	sp
   0342 15 81              1203 	dec	sp
   0344 15 81              1204 	dec	sp
                           1205 ;	../../../core/net/rime/stunicast.c:152: return 1;
   0346 90 00 01           1206 	mov	dptr,#0x0001
   0349                    1207 00105$:
   0349 85*00 81           1208 	mov	sp,_bp
   034C D0*00              1209 	pop	_bp
   034E 22                 1210 	ret
                           1211 ;------------------------------------------------------------
                           1212 ;Allocation info for local variables in function 'stunicast_send'
                           1213 ;------------------------------------------------------------
                           1214 ;receiver                  Allocated to stack - offset -5
                           1215 ;c                         Allocated to registers r2 r3 r4 
                           1216 ;------------------------------------------------------------
                           1217 ;	../../../core/net/rime/stunicast.c:157: stunicast_send(struct stunicast_conn *c, const rimeaddr_t *receiver)
                           1218 ;	-----------------------------------------
                           1219 ;	 function stunicast_send
                           1220 ;	-----------------------------------------
   034F                    1221 _stunicast_send:
   034F C0*00              1222 	push	_bp
   0351 85 81*00           1223 	mov	_bp,sp
   0354 AA 82              1224 	mov	r2,dpl
   0356 AB 83              1225 	mov	r3,dph
   0358 AC F0              1226 	mov	r4,b
                           1227 ;	../../../core/net/rime/stunicast.c:162: return unicast_send(&c->c, receiver);
   035A E5*00              1228 	mov	a,_bp
   035C 24 FB              1229 	add	a,#0xfb
   035E F8                 1230 	mov	r0,a
   035F E6                 1231 	mov	a,@r0
   0360 C0 E0              1232 	push	acc
   0362 08                 1233 	inc	r0
   0363 E6                 1234 	mov	a,@r0
   0364 C0 E0              1235 	push	acc
   0366 08                 1236 	inc	r0
   0367 E6                 1237 	mov	a,@r0
   0368 C0 E0              1238 	push	acc
   036A 8A 82              1239 	mov	dpl,r2
   036C 8B 83              1240 	mov	dph,r3
   036E 8C F0              1241 	mov	b,r4
   0370 12s00r00           1242 	lcall	_unicast_send
   0373 AA 82              1243 	mov	r2,dpl
   0375 AB 83              1244 	mov	r3,dph
   0377 15 81              1245 	dec	sp
   0379 15 81              1246 	dec	sp
   037B 15 81              1247 	dec	sp
   037D 8A 82              1248 	mov	dpl,r2
   037F 8B 83              1249 	mov	dph,r3
   0381 D0*00              1250 	pop	_bp
   0383 22                 1251 	ret
                           1252 ;------------------------------------------------------------
                           1253 ;Allocation info for local variables in function 'stunicast_cancel'
                           1254 ;------------------------------------------------------------
                           1255 ;c                         Allocated to registers r2 r3 r4 
                           1256 ;------------------------------------------------------------
                           1257 ;	../../../core/net/rime/stunicast.c:166: stunicast_cancel(struct stunicast_conn *c)
                           1258 ;	-----------------------------------------
                           1259 ;	 function stunicast_cancel
                           1260 ;	-----------------------------------------
   0384                    1261 _stunicast_cancel:
   0384 AA 82              1262 	mov	r2,dpl
   0386 AB 83              1263 	mov	r3,dph
   0388 AC F0              1264 	mov	r4,b
                           1265 ;	../../../core/net/rime/stunicast.c:168: ctimer_stop(&c->t);
   038A 74 12              1266 	mov	a,#0x12
   038C 2A                 1267 	add	a,r2
   038D FD                 1268 	mov	r5,a
   038E E4                 1269 	clr	a
   038F 3B                 1270 	addc	a,r3
   0390 FE                 1271 	mov	r6,a
   0391 8C 07              1272 	mov	ar7,r4
   0393 8D 82              1273 	mov	dpl,r5
   0395 8E 83              1274 	mov	dph,r6
   0397 8F F0              1275 	mov	b,r7
   0399 C0 02              1276 	push	ar2
   039B C0 03              1277 	push	ar3
   039D C0 04              1278 	push	ar4
   039F 12s00r00           1279 	lcall	_ctimer_stop
   03A2 D0 04              1280 	pop	ar4
   03A4 D0 03              1281 	pop	ar3
   03A6 D0 02              1282 	pop	ar2
                           1283 ;	../../../core/net/rime/stunicast.c:169: if(c->buf != NULL) {
   03A8 74 27              1284 	mov	a,#0x27
   03AA 2A                 1285 	add	a,r2
   03AB FA                 1286 	mov	r2,a
   03AC E4                 1287 	clr	a
   03AD 3B                 1288 	addc	a,r3
   03AE FB                 1289 	mov	r3,a
   03AF 8A 82              1290 	mov	dpl,r2
   03B1 8B 83              1291 	mov	dph,r3
   03B3 8C F0              1292 	mov	b,r4
   03B5 12s00r00           1293 	lcall	__gptrget
   03B8 FD                 1294 	mov	r5,a
   03B9 A3                 1295 	inc	dptr
   03BA 12s00r00           1296 	lcall	__gptrget
   03BD FE                 1297 	mov	r6,a
   03BE A3                 1298 	inc	dptr
   03BF 12s00r00           1299 	lcall	__gptrget
   03C2 FF                 1300 	mov	r7,a
   03C3 ED                 1301 	mov	a,r5
   03C4 4E                 1302 	orl	a,r6
   03C5 4F                 1303 	orl	a,r7
   03C6 60 29              1304 	jz	00103$
                           1305 ;	../../../core/net/rime/stunicast.c:170: queuebuf_free(c->buf);
   03C8 8D 82              1306 	mov	dpl,r5
   03CA 8E 83              1307 	mov	dph,r6
   03CC 8F F0              1308 	mov	b,r7
   03CE C0 02              1309 	push	ar2
   03D0 C0 03              1310 	push	ar3
   03D2 C0 04              1311 	push	ar4
   03D4 12s00r00           1312 	lcall	_queuebuf_free
   03D7 D0 04              1313 	pop	ar4
   03D9 D0 03              1314 	pop	ar3
   03DB D0 02              1315 	pop	ar2
                           1316 ;	../../../core/net/rime/stunicast.c:171: c->buf = NULL;
   03DD 8A 82              1317 	mov	dpl,r2
   03DF 8B 83              1318 	mov	dph,r3
   03E1 8C F0              1319 	mov	b,r4
   03E3 E4                 1320 	clr	a
   03E4 12s00r00           1321 	lcall	__gptrput
   03E7 A3                 1322 	inc	dptr
   03E8 E4                 1323 	clr	a
   03E9 12s00r00           1324 	lcall	__gptrput
   03EC A3                 1325 	inc	dptr
   03ED E4                 1326 	clr	a
   03EE 02s00r00           1327 	ljmp	__gptrput
   03F1                    1328 00103$:
   03F1 22                 1329 	ret
                           1330 	.area CSEG    (CODE)
                           1331 	.area CONST   (CODE)
   0000                    1332 _stunicast:
   0000r00s00              1333 	.byte _recv_from_uc,(_recv_from_uc >> 8)
   0002r6Es00              1334 	.byte _sent_by_uc,(_sent_by_uc >> 8)
                           1335 	.area XINIT   (CODE)
                           1336 	.area CABS    (ABS,CODE)
