                              1 ;--------------------------------------------------------
                              2 ; File Created by SDCC : free open source ANSI-C Compiler
                              3 ; Version 3.0.1 #6121 (Nov 17 2015) (CYGWIN)
                              4 ; This file was generated Sat Jan 27 13:27:56 2018
                              5 ;--------------------------------------------------------
                              6 	.module uart_intr
                              7 	.optsdcc -mmcs51 --model-large
                              8 	
                              9 ;--------------------------------------------------------
                             10 ; Public variables in this module
                             11 ;--------------------------------------------------------
                             12 	.globl _IRCON2_P2IF
                             13 	.globl _IRCON2_UTX0IF
                             14 	.globl _IRCON2_UTX1IF
                             15 	.globl _IRCON2_P1IF
                             16 	.globl _IRCON2_WDTIF
                             17 	.globl _CY
                             18 	.globl _AC
                             19 	.globl _F0
                             20 	.globl _RS1
                             21 	.globl _RS0
                             22 	.globl _OV
                             23 	.globl _F1
                             24 	.globl _P
                             25 	.globl _IRCON_DMAIF
                             26 	.globl _IRCON_T1IF
                             27 	.globl _IRCON_T2IF
                             28 	.globl _IRCON_T3IF
                             29 	.globl _IRCON_T4IF
                             30 	.globl _IRCON_P0IF
                             31 	.globl _IRCON_STIF
                             32 	.globl _IEN1_DMAIE
                             33 	.globl _IEN1_T1IE
                             34 	.globl _IEN1_T2IE
                             35 	.globl _IEN1_T3IE
                             36 	.globl _IEN1_T4IE
                             37 	.globl _IEN1_P0IE
                             38 	.globl _IEN0_RFERRIE
                             39 	.globl _IEN0_ADCIE
                             40 	.globl _IEN0_URX0IE
                             41 	.globl _IEN0_URX1IE
                             42 	.globl _IEN0_ENCIE
                             43 	.globl _IEN0_STIE
                             44 	.globl _IEN0_EA
                             45 	.globl _EA
                             46 	.globl _P2_4
                             47 	.globl _P2_3
                             48 	.globl _P2_2
                             49 	.globl _P2_1
                             50 	.globl _P2_0
                             51 	.globl _S0CON_ENCIF_0
                             52 	.globl _S0CON_ENCIF_1
                             53 	.globl _P1_7
                             54 	.globl _P1_6
                             55 	.globl _P1_5
                             56 	.globl _P1_4
                             57 	.globl _P1_3
                             58 	.globl _P1_2
                             59 	.globl _P1_1
                             60 	.globl _P1_0
                             61 	.globl _TCON_IT0
                             62 	.globl _TCON_RFERRIF
                             63 	.globl _TCON_IT1
                             64 	.globl _TCON_URX0IF
                             65 	.globl _TCON_ADCIF
                             66 	.globl _TCON_URX1IF
                             67 	.globl _P0_0
                             68 	.globl _P0_1
                             69 	.globl _P0_2
                             70 	.globl _P0_3
                             71 	.globl _P0_4
                             72 	.globl _P0_5
                             73 	.globl _P0_6
                             74 	.globl _P0_7
                             75 	.globl _P2DIR
                             76 	.globl _P1DIR
                             77 	.globl _P0DIR
                             78 	.globl _U1GCR
                             79 	.globl _U1UCR
                             80 	.globl _U1BAUD
                             81 	.globl _U1BUF
                             82 	.globl _U1CSR
                             83 	.globl _P2INP
                             84 	.globl _P1INP
                             85 	.globl _P2SEL
                             86 	.globl _P1SEL
                             87 	.globl _P0SEL
                             88 	.globl _ADCCFG
                             89 	.globl _PERCFG
                             90 	.globl _B
                             91 	.globl _T4CC1
                             92 	.globl _T4CCTL1
                             93 	.globl _T4CC0
                             94 	.globl _T4CCTL0
                             95 	.globl _T4CTL
                             96 	.globl _T4CNT
                             97 	.globl _RFIF
                             98 	.globl _IRCON2
                             99 	.globl _T1CCTL2
                            100 	.globl _T1CCTL1
                            101 	.globl _T1CCTL0
                            102 	.globl _T1CTL
                            103 	.globl _T1CNTH
                            104 	.globl _T1CNTL
                            105 	.globl _RFST
                            106 	.globl _ACC
                            107 	.globl _T1CC2H
                            108 	.globl _T1CC2L
                            109 	.globl _T1CC1H
                            110 	.globl _T1CC1L
                            111 	.globl _T1CC0H
                            112 	.globl _T1CC0L
                            113 	.globl _RFD
                            114 	.globl _TIMIF
                            115 	.globl _DMAREQ
                            116 	.globl _DMAARM
                            117 	.globl _DMA0CFGH
                            118 	.globl _DMA0CFGL
                            119 	.globl _DMA1CFGH
                            120 	.globl _DMA1CFGL
                            121 	.globl _DMAIRQ
                            122 	.globl _PSW
                            123 	.globl _T3CC1
                            124 	.globl _T3CCTL1
                            125 	.globl _T3CC0
                            126 	.globl _T3CCTL0
                            127 	.globl _T3CTL
                            128 	.globl _T3CNT
                            129 	.globl _WDCTL
                            130 	.globl _T2CON
                            131 	.globl _MEMCTR
                            132 	.globl _CLKCON
                            133 	.globl _U0GCR
                            134 	.globl _U0UCR
                            135 	.globl _T2CNF
                            136 	.globl _U0BAUD
                            137 	.globl _U0BUF
                            138 	.globl _IRCON
                            139 	.globl _SLEEP
                            140 	.globl _RNDH
                            141 	.globl _RNDL
                            142 	.globl _ADCH
                            143 	.globl _ADCL
                            144 	.globl _IP1
                            145 	.globl _IEN1
                            146 	.globl _RCCTL
                            147 	.globl _ADCCON3
                            148 	.globl _ADCCON2
                            149 	.globl _ADCCON1
                            150 	.globl _ENCCS
                            151 	.globl _ENCDO
                            152 	.globl _ENCDI
                            153 	.globl _FWDATA
                            154 	.globl _FCTL
                            155 	.globl _FADDRH
                            156 	.globl _FADDRL
                            157 	.globl _FWT
                            158 	.globl _IP0
                            159 	.globl _IEN0
                            160 	.globl _IE
                            161 	.globl _T2THD
                            162 	.globl _T2TLD
                            163 	.globl _T2CAPHPH
                            164 	.globl _T2CAPLPL
                            165 	.globl _T2OF2
                            166 	.globl _T2OF1
                            167 	.globl _T2OF0
                            168 	.globl _P2
                            169 	.globl _PSBANK
                            170 	.globl _FMAP
                            171 	.globl _T2PEROF2
                            172 	.globl _T2PEROF1
                            173 	.globl _T2PEROF0
                            174 	.globl _S1CON
                            175 	.globl _IEN2
                            176 	.globl _HSRC
                            177 	.globl _S0CON
                            178 	.globl _ST2
                            179 	.globl _ST1
                            180 	.globl _ST0
                            181 	.globl _T2CMP
                            182 	.globl __XPAGE
                            183 	.globl _DPS
                            184 	.globl _RFIM
                            185 	.globl _P1
                            186 	.globl _P0INP
                            187 	.globl _P1IEN
                            188 	.globl _PICTL
                            189 	.globl _P2IFG
                            190 	.globl _P1IFG
                            191 	.globl _P0IFG
                            192 	.globl _TCON
                            193 	.globl _PCON
                            194 	.globl _U0CSR
                            195 	.globl _DPH1
                            196 	.globl _DPL1
                            197 	.globl _DPH0
                            198 	.globl _DPL0
                            199 	.globl _SP
                            200 	.globl _P0
                            201 	.globl _ADC_SHADOW
                            202 	.globl _U1BUF_SHADOW
                            203 	.globl _RFD_SHADOW
                            204 	.globl _U0BUF_SHADOW
                            205 	.globl _RFSTATUS
                            206 	.globl _CHIPID
                            207 	.globl _CHVER
                            208 	.globl _FSMTC1
                            209 	.globl _RXFIFOCNT
                            210 	.globl _IOCFG3
                            211 	.globl _IOCFG2
                            212 	.globl _IOCFG1
                            213 	.globl _IOCFG0
                            214 	.globl _SHORTADDRL
                            215 	.globl _SHORTADDRH
                            216 	.globl _PANIDL
                            217 	.globl _PANIDH
                            218 	.globl _IEEE_ADDR7
                            219 	.globl _IEEE_ADDR6
                            220 	.globl _IEEE_ADDR5
                            221 	.globl _IEEE_ADDR4
                            222 	.globl _IEEE_ADDR3
                            223 	.globl _IEEE_ADDR2
                            224 	.globl _IEEE_ADDR1
                            225 	.globl _IEEE_ADDR0
                            226 	.globl _DACTSTL
                            227 	.globl _DACTSTH
                            228 	.globl _ADCTSTL
                            229 	.globl _ADCTSTH
                            230 	.globl _FSMSTATE
                            231 	.globl _AGCCTRLL
                            232 	.globl _AGCCTRLH
                            233 	.globl _MANORL
                            234 	.globl _MANORH
                            235 	.globl _MANANDL
                            236 	.globl _MANANDH
                            237 	.globl _FSMTCL
                            238 	.globl _FSMTCH
                            239 	.globl _RFPWR
                            240 	.globl _CSPT
                            241 	.globl _CSPCTRL
                            242 	.globl _CSPZ
                            243 	.globl _CSPY
                            244 	.globl _CSPX
                            245 	.globl _FSCTRLL
                            246 	.globl _FSCTRLH
                            247 	.globl _RXCTRL1L
                            248 	.globl _RXCTRL1H
                            249 	.globl _RXCTRL0L
                            250 	.globl _RXCTRL0H
                            251 	.globl _TXCTRLL
                            252 	.globl _TXCTRLH
                            253 	.globl _SYNCWORDL
                            254 	.globl _SYNCWORDH
                            255 	.globl _RSSIL
                            256 	.globl _RSSIH
                            257 	.globl _MDMCTRL1L
                            258 	.globl _MDMCTRL1H
                            259 	.globl _MDMCTRL0L
                            260 	.globl _MDMCTRL0H
                            261 	.globl _uart0_set_input
                            262 	.globl _uart0_rxISR
                            263 	.globl _uart0_txISR
                            264 	.globl _uart1_set_input
                            265 	.globl _uart1_rxISR
                            266 	.globl _uart1_txISR
                            267 ;--------------------------------------------------------
                            268 ; special function registers
                            269 ;--------------------------------------------------------
                            270 	.area RSEG    (ABS,DATA)
   0000                     271 	.org 0x0000
                    0080    272 _P0	=	0x0080
                    0081    273 _SP	=	0x0081
                    0082    274 _DPL0	=	0x0082
                    0083    275 _DPH0	=	0x0083
                    0084    276 _DPL1	=	0x0084
                    0085    277 _DPH1	=	0x0085
                    0086    278 _U0CSR	=	0x0086
                    0087    279 _PCON	=	0x0087
                    0088    280 _TCON	=	0x0088
                    0089    281 _P0IFG	=	0x0089
                    008A    282 _P1IFG	=	0x008a
                    008B    283 _P2IFG	=	0x008b
                    008C    284 _PICTL	=	0x008c
                    008D    285 _P1IEN	=	0x008d
                    008F    286 _P0INP	=	0x008f
                    0090    287 _P1	=	0x0090
                    0091    288 _RFIM	=	0x0091
                    0092    289 _DPS	=	0x0092
                    0093    290 __XPAGE	=	0x0093
                    0094    291 _T2CMP	=	0x0094
                    0095    292 _ST0	=	0x0095
                    0096    293 _ST1	=	0x0096
                    0097    294 _ST2	=	0x0097
                    0098    295 _S0CON	=	0x0098
                    0099    296 _HSRC	=	0x0099
                    009A    297 _IEN2	=	0x009a
                    009B    298 _S1CON	=	0x009b
                    009C    299 _T2PEROF0	=	0x009c
                    009D    300 _T2PEROF1	=	0x009d
                    009E    301 _T2PEROF2	=	0x009e
                    009F    302 _FMAP	=	0x009f
                    009F    303 _PSBANK	=	0x009f
                    00A0    304 _P2	=	0x00a0
                    00A1    305 _T2OF0	=	0x00a1
                    00A2    306 _T2OF1	=	0x00a2
                    00A3    307 _T2OF2	=	0x00a3
                    00A4    308 _T2CAPLPL	=	0x00a4
                    00A5    309 _T2CAPHPH	=	0x00a5
                    00A6    310 _T2TLD	=	0x00a6
                    00A7    311 _T2THD	=	0x00a7
                    00A8    312 _IE	=	0x00a8
                    00A8    313 _IEN0	=	0x00a8
                    00A9    314 _IP0	=	0x00a9
                    00AB    315 _FWT	=	0x00ab
                    00AC    316 _FADDRL	=	0x00ac
                    00AD    317 _FADDRH	=	0x00ad
                    00AE    318 _FCTL	=	0x00ae
                    00AF    319 _FWDATA	=	0x00af
                    00B1    320 _ENCDI	=	0x00b1
                    00B2    321 _ENCDO	=	0x00b2
                    00B3    322 _ENCCS	=	0x00b3
                    00B4    323 _ADCCON1	=	0x00b4
                    00B5    324 _ADCCON2	=	0x00b5
                    00B6    325 _ADCCON3	=	0x00b6
                    00B7    326 _RCCTL	=	0x00b7
                    00B8    327 _IEN1	=	0x00b8
                    00B9    328 _IP1	=	0x00b9
                    00BA    329 _ADCL	=	0x00ba
                    00BB    330 _ADCH	=	0x00bb
                    00BC    331 _RNDL	=	0x00bc
                    00BD    332 _RNDH	=	0x00bd
                    00BE    333 _SLEEP	=	0x00be
                    00C0    334 _IRCON	=	0x00c0
                    00C1    335 _U0BUF	=	0x00c1
                    00C2    336 _U0BAUD	=	0x00c2
                    00C3    337 _T2CNF	=	0x00c3
                    00C4    338 _U0UCR	=	0x00c4
                    00C5    339 _U0GCR	=	0x00c5
                    00C6    340 _CLKCON	=	0x00c6
                    00C7    341 _MEMCTR	=	0x00c7
                    00C8    342 _T2CON	=	0x00c8
                    00C9    343 _WDCTL	=	0x00c9
                    00CA    344 _T3CNT	=	0x00ca
                    00CB    345 _T3CTL	=	0x00cb
                    00CC    346 _T3CCTL0	=	0x00cc
                    00CD    347 _T3CC0	=	0x00cd
                    00CE    348 _T3CCTL1	=	0x00ce
                    00CF    349 _T3CC1	=	0x00cf
                    00D0    350 _PSW	=	0x00d0
                    00D1    351 _DMAIRQ	=	0x00d1
                    00D2    352 _DMA1CFGL	=	0x00d2
                    00D3    353 _DMA1CFGH	=	0x00d3
                    00D4    354 _DMA0CFGL	=	0x00d4
                    00D5    355 _DMA0CFGH	=	0x00d5
                    00D6    356 _DMAARM	=	0x00d6
                    00D7    357 _DMAREQ	=	0x00d7
                    00D8    358 _TIMIF	=	0x00d8
                    00D9    359 _RFD	=	0x00d9
                    00DA    360 _T1CC0L	=	0x00da
                    00DB    361 _T1CC0H	=	0x00db
                    00DC    362 _T1CC1L	=	0x00dc
                    00DD    363 _T1CC1H	=	0x00dd
                    00DE    364 _T1CC2L	=	0x00de
                    00DF    365 _T1CC2H	=	0x00df
                    00E0    366 _ACC	=	0x00e0
                    00E1    367 _RFST	=	0x00e1
                    00E2    368 _T1CNTL	=	0x00e2
                    00E3    369 _T1CNTH	=	0x00e3
                    00E4    370 _T1CTL	=	0x00e4
                    00E5    371 _T1CCTL0	=	0x00e5
                    00E6    372 _T1CCTL1	=	0x00e6
                    00E7    373 _T1CCTL2	=	0x00e7
                    00E8    374 _IRCON2	=	0x00e8
                    00E9    375 _RFIF	=	0x00e9
                    00EA    376 _T4CNT	=	0x00ea
                    00EB    377 _T4CTL	=	0x00eb
                    00EC    378 _T4CCTL0	=	0x00ec
                    00ED    379 _T4CC0	=	0x00ed
                    00EE    380 _T4CCTL1	=	0x00ee
                    00EF    381 _T4CC1	=	0x00ef
                    00F0    382 _B	=	0x00f0
                    00F1    383 _PERCFG	=	0x00f1
                    00F2    384 _ADCCFG	=	0x00f2
                    00F3    385 _P0SEL	=	0x00f3
                    00F4    386 _P1SEL	=	0x00f4
                    00F5    387 _P2SEL	=	0x00f5
                    00F6    388 _P1INP	=	0x00f6
                    00F7    389 _P2INP	=	0x00f7
                    00F8    390 _U1CSR	=	0x00f8
                    00F9    391 _U1BUF	=	0x00f9
                    00FA    392 _U1BAUD	=	0x00fa
                    00FB    393 _U1UCR	=	0x00fb
                    00FC    394 _U1GCR	=	0x00fc
                    00FD    395 _P0DIR	=	0x00fd
                    00FE    396 _P1DIR	=	0x00fe
                    00FF    397 _P2DIR	=	0x00ff
                            398 ;--------------------------------------------------------
                            399 ; special function bits
                            400 ;--------------------------------------------------------
                            401 	.area RSEG    (ABS,DATA)
   0000                     402 	.org 0x0000
                    0087    403 _P0_7	=	0x0087
                    0086    404 _P0_6	=	0x0086
                    0085    405 _P0_5	=	0x0085
                    0084    406 _P0_4	=	0x0084
                    0083    407 _P0_3	=	0x0083
                    0082    408 _P0_2	=	0x0082
                    0081    409 _P0_1	=	0x0081
                    0080    410 _P0_0	=	0x0080
                    008F    411 _TCON_URX1IF	=	0x008f
                    008D    412 _TCON_ADCIF	=	0x008d
                    008B    413 _TCON_URX0IF	=	0x008b
                    008A    414 _TCON_IT1	=	0x008a
                    0089    415 _TCON_RFERRIF	=	0x0089
                    0088    416 _TCON_IT0	=	0x0088
                    0090    417 _P1_0	=	0x0090
                    0091    418 _P1_1	=	0x0091
                    0092    419 _P1_2	=	0x0092
                    0093    420 _P1_3	=	0x0093
                    0094    421 _P1_4	=	0x0094
                    0095    422 _P1_5	=	0x0095
                    0096    423 _P1_6	=	0x0096
                    0097    424 _P1_7	=	0x0097
                    0099    425 _S0CON_ENCIF_1	=	0x0099
                    0098    426 _S0CON_ENCIF_0	=	0x0098
                    00A0    427 _P2_0	=	0x00a0
                    00A1    428 _P2_1	=	0x00a1
                    00A2    429 _P2_2	=	0x00a2
                    00A3    430 _P2_3	=	0x00a3
                    00A4    431 _P2_4	=	0x00a4
                    00AF    432 _EA	=	0x00af
                    00AF    433 _IEN0_EA	=	0x00af
                    00AD    434 _IEN0_STIE	=	0x00ad
                    00AC    435 _IEN0_ENCIE	=	0x00ac
                    00AB    436 _IEN0_URX1IE	=	0x00ab
                    00AA    437 _IEN0_URX0IE	=	0x00aa
                    00A9    438 _IEN0_ADCIE	=	0x00a9
                    00A8    439 _IEN0_RFERRIE	=	0x00a8
                    00BD    440 _IEN1_P0IE	=	0x00bd
                    00BC    441 _IEN1_T4IE	=	0x00bc
                    00BB    442 _IEN1_T3IE	=	0x00bb
                    00BA    443 _IEN1_T2IE	=	0x00ba
                    00B9    444 _IEN1_T1IE	=	0x00b9
                    00B8    445 _IEN1_DMAIE	=	0x00b8
                    00C7    446 _IRCON_STIF	=	0x00c7
                    00C5    447 _IRCON_P0IF	=	0x00c5
                    00C4    448 _IRCON_T4IF	=	0x00c4
                    00C3    449 _IRCON_T3IF	=	0x00c3
                    00C2    450 _IRCON_T2IF	=	0x00c2
                    00C1    451 _IRCON_T1IF	=	0x00c1
                    00C0    452 _IRCON_DMAIF	=	0x00c0
                    00D0    453 _P	=	0x00d0
                    00D1    454 _F1	=	0x00d1
                    00D2    455 _OV	=	0x00d2
                    00D3    456 _RS0	=	0x00d3
                    00D4    457 _RS1	=	0x00d4
                    00D5    458 _F0	=	0x00d5
                    00D6    459 _AC	=	0x00d6
                    00D7    460 _CY	=	0x00d7
                    00EC    461 _IRCON2_WDTIF	=	0x00ec
                    00EB    462 _IRCON2_P1IF	=	0x00eb
                    00EA    463 _IRCON2_UTX1IF	=	0x00ea
                    00E9    464 _IRCON2_UTX0IF	=	0x00e9
                    00E8    465 _IRCON2_P2IF	=	0x00e8
                            466 ;--------------------------------------------------------
                            467 ; overlayable register banks
                            468 ;--------------------------------------------------------
                            469 	.area REG_BANK_0	(REL,OVR,DATA)
   0000                     470 	.ds 8
                            471 ;--------------------------------------------------------
                            472 ; overlayable bit register bank
                            473 ;--------------------------------------------------------
                            474 	.area BIT_BANK	(REL,OVR,DATA)
   0000                     475 bits:
   0000                     476 	.ds 1
                    8000    477 	b0 = bits[0]
                    8100    478 	b1 = bits[1]
                    8200    479 	b2 = bits[2]
                    8300    480 	b3 = bits[3]
                    8400    481 	b4 = bits[4]
                    8500    482 	b5 = bits[5]
                    8600    483 	b6 = bits[6]
                    8700    484 	b7 = bits[7]
                            485 ;--------------------------------------------------------
                            486 ; internal ram data
                            487 ;--------------------------------------------------------
                            488 	.area DSEG    (DATA)
                            489 ;--------------------------------------------------------
                            490 ; overlayable items in internal ram 
                            491 ;--------------------------------------------------------
                            492 	.area OSEG    (OVR,DATA)
                            493 ;--------------------------------------------------------
                            494 ; indirectly addressable internal ram data
                            495 ;--------------------------------------------------------
                            496 	.area ISEG    (DATA)
                            497 ;--------------------------------------------------------
                            498 ; absolute internal ram data
                            499 ;--------------------------------------------------------
                            500 	.area IABS    (ABS,DATA)
                            501 	.area IABS    (ABS,DATA)
                            502 ;--------------------------------------------------------
                            503 ; bit data
                            504 ;--------------------------------------------------------
                            505 	.area BSEG    (BIT)
                            506 ;--------------------------------------------------------
                            507 ; paged external ram data
                            508 ;--------------------------------------------------------
                            509 	.area PSEG    (PAG,XDATA)
                            510 ;--------------------------------------------------------
                            511 ; external ram data
                            512 ;--------------------------------------------------------
                            513 	.area XSEG    (XDATA)
                    DF02    514 _MDMCTRL0H	=	0xdf02
                    DF03    515 _MDMCTRL0L	=	0xdf03
                    DF04    516 _MDMCTRL1H	=	0xdf04
                    DF05    517 _MDMCTRL1L	=	0xdf05
                    DF06    518 _RSSIH	=	0xdf06
                    DF07    519 _RSSIL	=	0xdf07
                    DF08    520 _SYNCWORDH	=	0xdf08
                    DF09    521 _SYNCWORDL	=	0xdf09
                    DF0A    522 _TXCTRLH	=	0xdf0a
                    DF0B    523 _TXCTRLL	=	0xdf0b
                    DF0C    524 _RXCTRL0H	=	0xdf0c
                    DF0D    525 _RXCTRL0L	=	0xdf0d
                    DF0E    526 _RXCTRL1H	=	0xdf0e
                    DF0F    527 _RXCTRL1L	=	0xdf0f
                    DF10    528 _FSCTRLH	=	0xdf10
                    DF11    529 _FSCTRLL	=	0xdf11
                    DF12    530 _CSPX	=	0xdf12
                    DF13    531 _CSPY	=	0xdf13
                    DF14    532 _CSPZ	=	0xdf14
                    DF15    533 _CSPCTRL	=	0xdf15
                    DF16    534 _CSPT	=	0xdf16
                    DF17    535 _RFPWR	=	0xdf17
                    DF20    536 _FSMTCH	=	0xdf20
                    DF21    537 _FSMTCL	=	0xdf21
                    DF22    538 _MANANDH	=	0xdf22
                    DF23    539 _MANANDL	=	0xdf23
                    DF24    540 _MANORH	=	0xdf24
                    DF25    541 _MANORL	=	0xdf25
                    DF26    542 _AGCCTRLH	=	0xdf26
                    DF27    543 _AGCCTRLL	=	0xdf27
                    DF39    544 _FSMSTATE	=	0xdf39
                    DF3A    545 _ADCTSTH	=	0xdf3a
                    DF3B    546 _ADCTSTL	=	0xdf3b
                    DF3C    547 _DACTSTH	=	0xdf3c
                    DF3D    548 _DACTSTL	=	0xdf3d
                    DF43    549 _IEEE_ADDR0	=	0xdf43
                    DF44    550 _IEEE_ADDR1	=	0xdf44
                    DF45    551 _IEEE_ADDR2	=	0xdf45
                    DF46    552 _IEEE_ADDR3	=	0xdf46
                    DF47    553 _IEEE_ADDR4	=	0xdf47
                    DF48    554 _IEEE_ADDR5	=	0xdf48
                    DF49    555 _IEEE_ADDR6	=	0xdf49
                    DF4A    556 _IEEE_ADDR7	=	0xdf4a
                    DF4B    557 _PANIDH	=	0xdf4b
                    DF4C    558 _PANIDL	=	0xdf4c
                    DF4D    559 _SHORTADDRH	=	0xdf4d
                    DF4E    560 _SHORTADDRL	=	0xdf4e
                    DF4F    561 _IOCFG0	=	0xdf4f
                    DF50    562 _IOCFG1	=	0xdf50
                    DF51    563 _IOCFG2	=	0xdf51
                    DF52    564 _IOCFG3	=	0xdf52
                    DF53    565 _RXFIFOCNT	=	0xdf53
                    DF54    566 _FSMTC1	=	0xdf54
                    DF60    567 _CHVER	=	0xdf60
                    DF61    568 _CHIPID	=	0xdf61
                    DF62    569 _RFSTATUS	=	0xdf62
                    DFC1    570 _U0BUF_SHADOW	=	0xdfc1
                    DFD9    571 _RFD_SHADOW	=	0xdfd9
                    DFF9    572 _U1BUF_SHADOW	=	0xdff9
                    DFBA    573 _ADC_SHADOW	=	0xdfba
   0000                     574 _uart0_input_handler:
   0000                     575 	.ds 2
   0002                     576 _uart1_input_handler:
   0002                     577 	.ds 2
                            578 ;--------------------------------------------------------
                            579 ; absolute external ram data
                            580 ;--------------------------------------------------------
                            581 	.area XABS    (ABS,XDATA)
                            582 ;--------------------------------------------------------
                            583 ; external initialized ram data
                            584 ;--------------------------------------------------------
                            585 	.area XISEG   (XDATA)
                            586 	.area HOME    (CODE)
                            587 	.area GSINIT0 (CODE)
                            588 	.area GSINIT1 (CODE)
                            589 	.area GSINIT2 (CODE)
                            590 	.area GSINIT3 (CODE)
                            591 	.area GSINIT4 (CODE)
                            592 	.area GSINIT5 (CODE)
                            593 	.area GSINIT  (CODE)
                            594 	.area GSFINAL (CODE)
                            595 	.area CSEG    (CODE)
                            596 ;--------------------------------------------------------
                            597 ; global & static initialisations
                            598 ;--------------------------------------------------------
                            599 	.area HOME    (CODE)
                            600 	.area GSINIT  (CODE)
                            601 	.area GSFINAL (CODE)
                            602 	.area GSINIT  (CODE)
                            603 ;--------------------------------------------------------
                            604 ; Home
                            605 ;--------------------------------------------------------
                            606 	.area HOME    (CODE)
                            607 	.area HOME    (CODE)
                            608 ;--------------------------------------------------------
                            609 ; code
                            610 ;--------------------------------------------------------
                            611 	.area CSEG    (CODE)
                            612 ;------------------------------------------------------------
                            613 ;Allocation info for local variables in function 'uart0_set_input'
                            614 ;------------------------------------------------------------
                            615 ;input                     Allocated to registers 
                            616 ;------------------------------------------------------------
                            617 ;	../../../cpu/cc2430/dev/uart_intr.c:26: uart0_set_input(int (*input)(unsigned char c))
                            618 ;	-----------------------------------------
                            619 ;	 function uart0_set_input
                            620 ;	-----------------------------------------
   0000                     621 _uart0_set_input:
                    0002    622 	ar2 = 0x02
                    0003    623 	ar3 = 0x03
                    0004    624 	ar4 = 0x04
                    0005    625 	ar5 = 0x05
                    0006    626 	ar6 = 0x06
                    0007    627 	ar7 = 0x07
                    0000    628 	ar0 = 0x00
                    0001    629 	ar1 = 0x01
   0000 AA 83               630 	mov	r2,dph
   0002 E5 82               631 	mov	a,dpl
   0004 90s00r00            632 	mov	dptr,#_uart0_input_handler
   0007 F0                  633 	movx	@dptr,a
   0008 A3                  634 	inc	dptr
   0009 EA                  635 	mov	a,r2
   000A F0                  636 	movx	@dptr,a
                            637 ;	../../../cpu/cc2430/dev/uart_intr.c:28: uart0_input_handler = input;
   000B 22                  638 	ret
                            639 ;------------------------------------------------------------
                            640 ;Allocation info for local variables in function 'uart0_rxISR'
                            641 ;------------------------------------------------------------
                            642 ;------------------------------------------------------------
                            643 ;	../../../cpu/cc2430/dev/uart_intr.c:33: uart0_rxISR(void) __interrupt (URX0_VECTOR)
                            644 ;	-----------------------------------------
                            645 ;	 function uart0_rxISR
                            646 ;	-----------------------------------------
   000C                     647 _uart0_rxISR:
   000C C0*00               648 	push	bits
   000E C0 E0               649 	push	acc
   0010 C0 F0               650 	push	b
   0012 C0 82               651 	push	dpl
   0014 C0 83               652 	push	dph
   0016 C0 02               653 	push	(0+2)
   0018 C0 03               654 	push	(0+3)
   001A C0 04               655 	push	(0+4)
   001C C0 05               656 	push	(0+5)
   001E C0 06               657 	push	(0+6)
   0020 C0 07               658 	push	(0+7)
   0022 C0 00               659 	push	(0+0)
   0024 C0 01               660 	push	(0+1)
   0026 C0 D0               661 	push	psw
   0028 75 D0 00            662 	mov	psw,#0x00
                            663 ;	../../../cpu/cc2430/dev/uart_intr.c:35: ENERGEST_ON(ENERGEST_TYPE_IRQ);
   002B AA E2               664 	mov	r2,_T1CNTL
   002D 7B 00               665 	mov	r3,#0x00
   002F AD E3               666 	mov	r5,_T1CNTH
   0031 E4                  667 	clr	a
   0032 2A                  668 	add	a,r2
   0033 FA                  669 	mov	r2,a
   0034 ED                  670 	mov	a,r5
   0035 3B                  671 	addc	a,r3
   0036 FB                  672 	mov	r3,a
   0037 90s00r04            673 	mov	dptr,#(_energest_current_time + 0x0004)
   003A EA                  674 	mov	a,r2
   003B F0                  675 	movx	@dptr,a
   003C A3                  676 	inc	dptr
   003D EB                  677 	mov	a,r3
   003E F0                  678 	movx	@dptr,a
   003F 90s00r02            679 	mov	dptr,#(_energest_current_mode + 0x0002)
   0042 74 01               680 	mov	a,#0x01
   0044 F0                  681 	movx	@dptr,a
                            682 ;	../../../cpu/cc2430/dev/uart_intr.c:36: TCON_URX0IF = 0;
   0045 C2 8B               683 	clr	_TCON_URX0IF
                            684 ;	../../../cpu/cc2430/dev/uart_intr.c:37: if(uart0_input_handler != NULL) {
   0047 90s00r00            685 	mov	dptr,#_uart0_input_handler
   004A E0                  686 	movx	a,@dptr
   004B FA                  687 	mov	r2,a
   004C A3                  688 	inc	dptr
   004D E0                  689 	movx	a,@dptr
   004E FB                  690 	mov	r3,a
   004F 7C 80               691 	mov	r4,#0x80
   0051 BA 00 08            692 	cjne	r2,#0x00,00115$
   0054 BB 00 05            693 	cjne	r3,#0x00,00115$
   0057 BC 00 02            694 	cjne	r4,#0x00,00115$
   005A 80 16               695 	sjmp	00105$
   005C                     696 00115$:
                            697 ;	../../../cpu/cc2430/dev/uart_intr.c:38: uart0_input_handler(U0BUF);
   005C 74r72               698 	mov	a,#00116$
   005E C0 E0               699 	push	acc
   0060 74s00               700 	mov	a,#(00116$ >> 8)
   0062 C0 E0               701 	push	acc
   0064 90s00r00            702 	mov	dptr,#_uart0_input_handler
   0067 E0                  703 	movx	a,@dptr
   0068 C0 E0               704 	push	acc
   006A A3                  705 	inc	dptr
   006B E0                  706 	movx	a,@dptr
   006C C0 E0               707 	push	acc
   006E 85 C1 82            708 	mov	dpl,_U0BUF
   0071 22                  709 	ret
   0072                     710 00116$:
   0072                     711 00105$:
                            712 ;	../../../cpu/cc2430/dev/uart_intr.c:40: ENERGEST_OFF(ENERGEST_TYPE_IRQ);
   0072 90s00r02            713 	mov	dptr,#(_energest_current_mode + 0x0002)
   0075 E0                  714 	movx	a,@dptr
   0076 60 4B               715 	jz	00111$
   0078 90s00r08            716 	mov	dptr,#(_energest_total_time + 0x0008)
   007B E0                  717 	movx	a,@dptr
   007C FA                  718 	mov	r2,a
   007D A3                  719 	inc	dptr
   007E E0                  720 	movx	a,@dptr
   007F FB                  721 	mov	r3,a
   0080 A3                  722 	inc	dptr
   0081 E0                  723 	movx	a,@dptr
   0082 FC                  724 	mov	r4,a
   0083 A3                  725 	inc	dptr
   0084 E0                  726 	movx	a,@dptr
   0085 FD                  727 	mov	r5,a
   0086 AE E2               728 	mov	r6,_T1CNTL
   0088 7F 00               729 	mov	r7,#0x00
   008A A9 E3               730 	mov	r1,_T1CNTH
   008C E4                  731 	clr	a
   008D 2E                  732 	add	a,r6
   008E FE                  733 	mov	r6,a
   008F E9                  734 	mov	a,r1
   0090 3F                  735 	addc	a,r7
   0091 FF                  736 	mov	r7,a
   0092 90s00r04            737 	mov	dptr,#(_energest_current_time + 0x0004)
   0095 E0                  738 	movx	a,@dptr
   0096 F8                  739 	mov	r0,a
   0097 A3                  740 	inc	dptr
   0098 E0                  741 	movx	a,@dptr
   0099 F9                  742 	mov	r1,a
   009A EE                  743 	mov	a,r6
   009B C3                  744 	clr	c
   009C 98                  745 	subb	a,r0
   009D FE                  746 	mov	r6,a
   009E EF                  747 	mov	a,r7
   009F 99                  748 	subb	a,r1
   00A0 FF                  749 	mov	r7,a
   00A1 E4                  750 	clr	a
   00A2 F8                  751 	mov	r0,a
   00A3 F9                  752 	mov	r1,a
   00A4 EE                  753 	mov	a,r6
   00A5 2A                  754 	add	a,r2
   00A6 FA                  755 	mov	r2,a
   00A7 EF                  756 	mov	a,r7
   00A8 3B                  757 	addc	a,r3
   00A9 FB                  758 	mov	r3,a
   00AA E8                  759 	mov	a,r0
   00AB 3C                  760 	addc	a,r4
   00AC FC                  761 	mov	r4,a
   00AD E9                  762 	mov	a,r1
   00AE 3D                  763 	addc	a,r5
   00AF FD                  764 	mov	r5,a
   00B0 90s00r08            765 	mov	dptr,#(_energest_total_time + 0x0008)
   00B3 EA                  766 	mov	a,r2
   00B4 F0                  767 	movx	@dptr,a
   00B5 A3                  768 	inc	dptr
   00B6 EB                  769 	mov	a,r3
   00B7 F0                  770 	movx	@dptr,a
   00B8 A3                  771 	inc	dptr
   00B9 EC                  772 	mov	a,r4
   00BA F0                  773 	movx	@dptr,a
   00BB A3                  774 	inc	dptr
   00BC ED                  775 	mov	a,r5
   00BD F0                  776 	movx	@dptr,a
   00BE 90s00r02            777 	mov	dptr,#(_energest_current_mode + 0x0002)
   00C1 E4                  778 	clr	a
   00C2 F0                  779 	movx	@dptr,a
   00C3                     780 00111$:
   00C3 D0 D0               781 	pop	psw
   00C5 D0 01               782 	pop	(0+1)
   00C7 D0 00               783 	pop	(0+0)
   00C9 D0 07               784 	pop	(0+7)
   00CB D0 06               785 	pop	(0+6)
   00CD D0 05               786 	pop	(0+5)
   00CF D0 04               787 	pop	(0+4)
   00D1 D0 03               788 	pop	(0+3)
   00D3 D0 02               789 	pop	(0+2)
   00D5 D0 83               790 	pop	dph
   00D7 D0 82               791 	pop	dpl
   00D9 D0 F0               792 	pop	b
   00DB D0 E0               793 	pop	acc
   00DD D0*00               794 	pop	bits
   00DF 32                  795 	reti
                            796 ;------------------------------------------------------------
                            797 ;Allocation info for local variables in function 'uart0_txISR'
                            798 ;------------------------------------------------------------
                            799 ;------------------------------------------------------------
                            800 ;	../../../cpu/cc2430/dev/uart_intr.c:44: uart0_txISR( void ) __interrupt (UTX0_VECTOR)
                            801 ;	-----------------------------------------
                            802 ;	 function uart0_txISR
                            803 ;	-----------------------------------------
   00E0                     804 _uart0_txISR:
                            805 ;	../../../cpu/cc2430/dev/uart_intr.c:46: }
   00E0 32                  806 	reti
                            807 ;	eliminated unneeded push/pop psw
                            808 ;	eliminated unneeded push/pop dpl
                            809 ;	eliminated unneeded push/pop dph
                            810 ;	eliminated unneeded push/pop b
                            811 ;	eliminated unneeded push/pop acc
                            812 ;------------------------------------------------------------
                            813 ;Allocation info for local variables in function 'uart1_set_input'
                            814 ;------------------------------------------------------------
                            815 ;input                     Allocated to registers 
                            816 ;------------------------------------------------------------
                            817 ;	../../../cpu/cc2430/dev/uart_intr.c:49: uart1_set_input(int (*input)(unsigned char c))
                            818 ;	-----------------------------------------
                            819 ;	 function uart1_set_input
                            820 ;	-----------------------------------------
   00E1                     821 _uart1_set_input:
   00E1 AA 83               822 	mov	r2,dph
   00E3 E5 82               823 	mov	a,dpl
   00E5 90s00r02            824 	mov	dptr,#_uart1_input_handler
   00E8 F0                  825 	movx	@dptr,a
   00E9 A3                  826 	inc	dptr
   00EA EA                  827 	mov	a,r2
   00EB F0                  828 	movx	@dptr,a
                            829 ;	../../../cpu/cc2430/dev/uart_intr.c:51: uart1_input_handler = input;
   00EC 22                  830 	ret
                            831 ;------------------------------------------------------------
                            832 ;Allocation info for local variables in function 'uart1_rxISR'
                            833 ;------------------------------------------------------------
                            834 ;------------------------------------------------------------
                            835 ;	../../../cpu/cc2430/dev/uart_intr.c:55: uart1_rxISR(void) __interrupt (URX1_VECTOR)
                            836 ;	-----------------------------------------
                            837 ;	 function uart1_rxISR
                            838 ;	-----------------------------------------
   00ED                     839 _uart1_rxISR:
   00ED C0*00               840 	push	bits
   00EF C0 E0               841 	push	acc
   00F1 C0 F0               842 	push	b
   00F3 C0 82               843 	push	dpl
   00F5 C0 83               844 	push	dph
   00F7 C0 02               845 	push	(0+2)
   00F9 C0 03               846 	push	(0+3)
   00FB C0 04               847 	push	(0+4)
   00FD C0 05               848 	push	(0+5)
   00FF C0 06               849 	push	(0+6)
   0101 C0 07               850 	push	(0+7)
   0103 C0 00               851 	push	(0+0)
   0105 C0 01               852 	push	(0+1)
   0107 C0 D0               853 	push	psw
   0109 75 D0 00            854 	mov	psw,#0x00
                            855 ;	../../../cpu/cc2430/dev/uart_intr.c:57: ENERGEST_ON(ENERGEST_TYPE_IRQ);
   010C AA E2               856 	mov	r2,_T1CNTL
   010E 7B 00               857 	mov	r3,#0x00
   0110 AD E3               858 	mov	r5,_T1CNTH
   0112 E4                  859 	clr	a
   0113 2A                  860 	add	a,r2
   0114 FA                  861 	mov	r2,a
   0115 ED                  862 	mov	a,r5
   0116 3B                  863 	addc	a,r3
   0117 FB                  864 	mov	r3,a
   0118 90s00r04            865 	mov	dptr,#(_energest_current_time + 0x0004)
   011B EA                  866 	mov	a,r2
   011C F0                  867 	movx	@dptr,a
   011D A3                  868 	inc	dptr
   011E EB                  869 	mov	a,r3
   011F F0                  870 	movx	@dptr,a
   0120 90s00r02            871 	mov	dptr,#(_energest_current_mode + 0x0002)
   0123 74 01               872 	mov	a,#0x01
   0125 F0                  873 	movx	@dptr,a
                            874 ;	../../../cpu/cc2430/dev/uart_intr.c:58: TCON_URX1IF = 0;
   0126 C2 8F               875 	clr	_TCON_URX1IF
                            876 ;	../../../cpu/cc2430/dev/uart_intr.c:59: if(uart1_input_handler != NULL) {
   0128 90s00r02            877 	mov	dptr,#_uart1_input_handler
   012B E0                  878 	movx	a,@dptr
   012C FA                  879 	mov	r2,a
   012D A3                  880 	inc	dptr
   012E E0                  881 	movx	a,@dptr
   012F FB                  882 	mov	r3,a
   0130 7C 80               883 	mov	r4,#0x80
   0132 BA 00 08            884 	cjne	r2,#0x00,00115$
   0135 BB 00 05            885 	cjne	r3,#0x00,00115$
   0138 BC 00 02            886 	cjne	r4,#0x00,00115$
   013B 80 16               887 	sjmp	00105$
   013D                     888 00115$:
                            889 ;	../../../cpu/cc2430/dev/uart_intr.c:60: uart1_input_handler(U1BUF);
   013D 74r53               890 	mov	a,#00116$
   013F C0 E0               891 	push	acc
   0141 74s01               892 	mov	a,#(00116$ >> 8)
   0143 C0 E0               893 	push	acc
   0145 90s00r02            894 	mov	dptr,#_uart1_input_handler
   0148 E0                  895 	movx	a,@dptr
   0149 C0 E0               896 	push	acc
   014B A3                  897 	inc	dptr
   014C E0                  898 	movx	a,@dptr
   014D C0 E0               899 	push	acc
   014F 85 F9 82            900 	mov	dpl,_U1BUF
   0152 22                  901 	ret
   0153                     902 00116$:
   0153                     903 00105$:
                            904 ;	../../../cpu/cc2430/dev/uart_intr.c:62: ENERGEST_OFF(ENERGEST_TYPE_IRQ);
   0153 90s00r02            905 	mov	dptr,#(_energest_current_mode + 0x0002)
   0156 E0                  906 	movx	a,@dptr
   0157 60 4B               907 	jz	00111$
   0159 90s00r08            908 	mov	dptr,#(_energest_total_time + 0x0008)
   015C E0                  909 	movx	a,@dptr
   015D FA                  910 	mov	r2,a
   015E A3                  911 	inc	dptr
   015F E0                  912 	movx	a,@dptr
   0160 FB                  913 	mov	r3,a
   0161 A3                  914 	inc	dptr
   0162 E0                  915 	movx	a,@dptr
   0163 FC                  916 	mov	r4,a
   0164 A3                  917 	inc	dptr
   0165 E0                  918 	movx	a,@dptr
   0166 FD                  919 	mov	r5,a
   0167 AE E2               920 	mov	r6,_T1CNTL
   0169 7F 00               921 	mov	r7,#0x00
   016B A9 E3               922 	mov	r1,_T1CNTH
   016D E4                  923 	clr	a
   016E 2E                  924 	add	a,r6
   016F FE                  925 	mov	r6,a
   0170 E9                  926 	mov	a,r1
   0171 3F                  927 	addc	a,r7
   0172 FF                  928 	mov	r7,a
   0173 90s00r04            929 	mov	dptr,#(_energest_current_time + 0x0004)
   0176 E0                  930 	movx	a,@dptr
   0177 F8                  931 	mov	r0,a
   0178 A3                  932 	inc	dptr
   0179 E0                  933 	movx	a,@dptr
   017A F9                  934 	mov	r1,a
   017B EE                  935 	mov	a,r6
   017C C3                  936 	clr	c
   017D 98                  937 	subb	a,r0
   017E FE                  938 	mov	r6,a
   017F EF                  939 	mov	a,r7
   0180 99                  940 	subb	a,r1
   0181 FF                  941 	mov	r7,a
   0182 E4                  942 	clr	a
   0183 F8                  943 	mov	r0,a
   0184 F9                  944 	mov	r1,a
   0185 EE                  945 	mov	a,r6
   0186 2A                  946 	add	a,r2
   0187 FA                  947 	mov	r2,a
   0188 EF                  948 	mov	a,r7
   0189 3B                  949 	addc	a,r3
   018A FB                  950 	mov	r3,a
   018B E8                  951 	mov	a,r0
   018C 3C                  952 	addc	a,r4
   018D FC                  953 	mov	r4,a
   018E E9                  954 	mov	a,r1
   018F 3D                  955 	addc	a,r5
   0190 FD                  956 	mov	r5,a
   0191 90s00r08            957 	mov	dptr,#(_energest_total_time + 0x0008)
   0194 EA                  958 	mov	a,r2
   0195 F0                  959 	movx	@dptr,a
   0196 A3                  960 	inc	dptr
   0197 EB                  961 	mov	a,r3
   0198 F0                  962 	movx	@dptr,a
   0199 A3                  963 	inc	dptr
   019A EC                  964 	mov	a,r4
   019B F0                  965 	movx	@dptr,a
   019C A3                  966 	inc	dptr
   019D ED                  967 	mov	a,r5
   019E F0                  968 	movx	@dptr,a
   019F 90s00r02            969 	mov	dptr,#(_energest_current_mode + 0x0002)
   01A2 E4                  970 	clr	a
   01A3 F0                  971 	movx	@dptr,a
   01A4                     972 00111$:
   01A4 D0 D0               973 	pop	psw
   01A6 D0 01               974 	pop	(0+1)
   01A8 D0 00               975 	pop	(0+0)
   01AA D0 07               976 	pop	(0+7)
   01AC D0 06               977 	pop	(0+6)
   01AE D0 05               978 	pop	(0+5)
   01B0 D0 04               979 	pop	(0+4)
   01B2 D0 03               980 	pop	(0+3)
   01B4 D0 02               981 	pop	(0+2)
   01B6 D0 83               982 	pop	dph
   01B8 D0 82               983 	pop	dpl
   01BA D0 F0               984 	pop	b
   01BC D0 E0               985 	pop	acc
   01BE D0*00               986 	pop	bits
   01C0 32                  987 	reti
                            988 ;------------------------------------------------------------
                            989 ;Allocation info for local variables in function 'uart1_txISR'
                            990 ;------------------------------------------------------------
                            991 ;------------------------------------------------------------
                            992 ;	../../../cpu/cc2430/dev/uart_intr.c:66: uart1_txISR( void ) __interrupt (UTX1_VECTOR)
                            993 ;	-----------------------------------------
                            994 ;	 function uart1_txISR
                            995 ;	-----------------------------------------
   01C1                     996 _uart1_txISR:
                            997 ;	../../../cpu/cc2430/dev/uart_intr.c:68: }
   01C1 32                  998 	reti
                            999 ;	eliminated unneeded push/pop psw
                           1000 ;	eliminated unneeded push/pop dpl
                           1001 ;	eliminated unneeded push/pop dph
                           1002 ;	eliminated unneeded push/pop b
                           1003 ;	eliminated unneeded push/pop acc
                           1004 	.area CSEG    (CODE)
                           1005 	.area CONST   (CODE)
                           1006 	.area XINIT   (CODE)
                           1007 	.area CABS    (ABS,CODE)
