                              1 ;--------------------------------------------------------
                              2 ; File Created by SDCC : free open source ANSI-C Compiler
                              3 ; Version 3.0.1 #6121 (Nov 17 2015) (CYGWIN)
                              4 ; This file was generated Sat Jan 27 13:26:50 2018
                              5 ;--------------------------------------------------------
                              6 	.module uip_debug
                              7 	.optsdcc -mmcs51 --model-large
                              8 	
                              9 ;--------------------------------------------------------
                             10 ; Public variables in this module
                             11 ;--------------------------------------------------------
                             12 	.globl _IRCON2_P2IF
                             13 	.globl _IRCON2_UTX0IF
                             14 	.globl _IRCON2_UTX1IF
                             15 	.globl _IRCON2_P1IF
                             16 	.globl _IRCON2_WDTIF
                             17 	.globl _CY
                             18 	.globl _AC
                             19 	.globl _F0
                             20 	.globl _RS1
                             21 	.globl _RS0
                             22 	.globl _OV
                             23 	.globl _F1
                             24 	.globl _P
                             25 	.globl _IRCON_DMAIF
                             26 	.globl _IRCON_T1IF
                             27 	.globl _IRCON_T2IF
                             28 	.globl _IRCON_T3IF
                             29 	.globl _IRCON_T4IF
                             30 	.globl _IRCON_P0IF
                             31 	.globl _IRCON_STIF
                             32 	.globl _IEN1_DMAIE
                             33 	.globl _IEN1_T1IE
                             34 	.globl _IEN1_T2IE
                             35 	.globl _IEN1_T3IE
                             36 	.globl _IEN1_T4IE
                             37 	.globl _IEN1_P0IE
                             38 	.globl _IEN0_RFERRIE
                             39 	.globl _IEN0_ADCIE
                             40 	.globl _IEN0_URX0IE
                             41 	.globl _IEN0_URX1IE
                             42 	.globl _IEN0_ENCIE
                             43 	.globl _IEN0_STIE
                             44 	.globl _IEN0_EA
                             45 	.globl _EA
                             46 	.globl _P2_4
                             47 	.globl _P2_3
                             48 	.globl _P2_2
                             49 	.globl _P2_1
                             50 	.globl _P2_0
                             51 	.globl _S0CON_ENCIF_0
                             52 	.globl _S0CON_ENCIF_1
                             53 	.globl _P1_7
                             54 	.globl _P1_6
                             55 	.globl _P1_5
                             56 	.globl _P1_4
                             57 	.globl _P1_3
                             58 	.globl _P1_2
                             59 	.globl _P1_1
                             60 	.globl _P1_0
                             61 	.globl _TCON_IT0
                             62 	.globl _TCON_RFERRIF
                             63 	.globl _TCON_IT1
                             64 	.globl _TCON_URX0IF
                             65 	.globl _TCON_ADCIF
                             66 	.globl _TCON_URX1IF
                             67 	.globl _P0_0
                             68 	.globl _P0_1
                             69 	.globl _P0_2
                             70 	.globl _P0_3
                             71 	.globl _P0_4
                             72 	.globl _P0_5
                             73 	.globl _P0_6
                             74 	.globl _P0_7
                             75 	.globl _P2DIR
                             76 	.globl _P1DIR
                             77 	.globl _P0DIR
                             78 	.globl _U1GCR
                             79 	.globl _U1UCR
                             80 	.globl _U1BAUD
                             81 	.globl _U1BUF
                             82 	.globl _U1CSR
                             83 	.globl _P2INP
                             84 	.globl _P1INP
                             85 	.globl _P2SEL
                             86 	.globl _P1SEL
                             87 	.globl _P0SEL
                             88 	.globl _ADCCFG
                             89 	.globl _PERCFG
                             90 	.globl _B
                             91 	.globl _T4CC1
                             92 	.globl _T4CCTL1
                             93 	.globl _T4CC0
                             94 	.globl _T4CCTL0
                             95 	.globl _T4CTL
                             96 	.globl _T4CNT
                             97 	.globl _RFIF
                             98 	.globl _IRCON2
                             99 	.globl _T1CCTL2
                            100 	.globl _T1CCTL1
                            101 	.globl _T1CCTL0
                            102 	.globl _T1CTL
                            103 	.globl _T1CNTH
                            104 	.globl _T1CNTL
                            105 	.globl _RFST
                            106 	.globl _ACC
                            107 	.globl _T1CC2H
                            108 	.globl _T1CC2L
                            109 	.globl _T1CC1H
                            110 	.globl _T1CC1L
                            111 	.globl _T1CC0H
                            112 	.globl _T1CC0L
                            113 	.globl _RFD
                            114 	.globl _TIMIF
                            115 	.globl _DMAREQ
                            116 	.globl _DMAARM
                            117 	.globl _DMA0CFGH
                            118 	.globl _DMA0CFGL
                            119 	.globl _DMA1CFGH
                            120 	.globl _DMA1CFGL
                            121 	.globl _DMAIRQ
                            122 	.globl _PSW
                            123 	.globl _T3CC1
                            124 	.globl _T3CCTL1
                            125 	.globl _T3CC0
                            126 	.globl _T3CCTL0
                            127 	.globl _T3CTL
                            128 	.globl _T3CNT
                            129 	.globl _WDCTL
                            130 	.globl _T2CON
                            131 	.globl _MEMCTR
                            132 	.globl _CLKCON
                            133 	.globl _U0GCR
                            134 	.globl _U0UCR
                            135 	.globl _T2CNF
                            136 	.globl _U0BAUD
                            137 	.globl _U0BUF
                            138 	.globl _IRCON
                            139 	.globl _SLEEP
                            140 	.globl _RNDH
                            141 	.globl _RNDL
                            142 	.globl _ADCH
                            143 	.globl _ADCL
                            144 	.globl _IP1
                            145 	.globl _IEN1
                            146 	.globl _RCCTL
                            147 	.globl _ADCCON3
                            148 	.globl _ADCCON2
                            149 	.globl _ADCCON1
                            150 	.globl _ENCCS
                            151 	.globl _ENCDO
                            152 	.globl _ENCDI
                            153 	.globl _FWDATA
                            154 	.globl _FCTL
                            155 	.globl _FADDRH
                            156 	.globl _FADDRL
                            157 	.globl _FWT
                            158 	.globl _IP0
                            159 	.globl _IEN0
                            160 	.globl _IE
                            161 	.globl _T2THD
                            162 	.globl _T2TLD
                            163 	.globl _T2CAPHPH
                            164 	.globl _T2CAPLPL
                            165 	.globl _T2OF2
                            166 	.globl _T2OF1
                            167 	.globl _T2OF0
                            168 	.globl _P2
                            169 	.globl _PSBANK
                            170 	.globl _FMAP
                            171 	.globl _T2PEROF2
                            172 	.globl _T2PEROF1
                            173 	.globl _T2PEROF0
                            174 	.globl _S1CON
                            175 	.globl _IEN2
                            176 	.globl _HSRC
                            177 	.globl _S0CON
                            178 	.globl _ST2
                            179 	.globl _ST1
                            180 	.globl _ST0
                            181 	.globl _T2CMP
                            182 	.globl __XPAGE
                            183 	.globl _DPS
                            184 	.globl _RFIM
                            185 	.globl _P1
                            186 	.globl _P0INP
                            187 	.globl _P1IEN
                            188 	.globl _PICTL
                            189 	.globl _P2IFG
                            190 	.globl _P1IFG
                            191 	.globl _P0IFG
                            192 	.globl _TCON
                            193 	.globl _PCON
                            194 	.globl _U0CSR
                            195 	.globl _DPH1
                            196 	.globl _DPL1
                            197 	.globl _DPH0
                            198 	.globl _DPL0
                            199 	.globl _SP
                            200 	.globl _P0
                            201 	.globl _ADC_SHADOW
                            202 	.globl _U1BUF_SHADOW
                            203 	.globl _RFD_SHADOW
                            204 	.globl _U0BUF_SHADOW
                            205 	.globl _RFSTATUS
                            206 	.globl _CHIPID
                            207 	.globl _CHVER
                            208 	.globl _FSMTC1
                            209 	.globl _RXFIFOCNT
                            210 	.globl _IOCFG3
                            211 	.globl _IOCFG2
                            212 	.globl _IOCFG1
                            213 	.globl _IOCFG0
                            214 	.globl _SHORTADDRL
                            215 	.globl _SHORTADDRH
                            216 	.globl _PANIDL
                            217 	.globl _PANIDH
                            218 	.globl _IEEE_ADDR7
                            219 	.globl _IEEE_ADDR6
                            220 	.globl _IEEE_ADDR5
                            221 	.globl _IEEE_ADDR4
                            222 	.globl _IEEE_ADDR3
                            223 	.globl _IEEE_ADDR2
                            224 	.globl _IEEE_ADDR1
                            225 	.globl _IEEE_ADDR0
                            226 	.globl _DACTSTL
                            227 	.globl _DACTSTH
                            228 	.globl _ADCTSTL
                            229 	.globl _ADCTSTH
                            230 	.globl _FSMSTATE
                            231 	.globl _AGCCTRLL
                            232 	.globl _AGCCTRLH
                            233 	.globl _MANORL
                            234 	.globl _MANORH
                            235 	.globl _MANANDL
                            236 	.globl _MANANDH
                            237 	.globl _FSMTCL
                            238 	.globl _FSMTCH
                            239 	.globl _RFPWR
                            240 	.globl _CSPT
                            241 	.globl _CSPCTRL
                            242 	.globl _CSPZ
                            243 	.globl _CSPY
                            244 	.globl _CSPX
                            245 	.globl _FSCTRLL
                            246 	.globl _FSCTRLH
                            247 	.globl _RXCTRL1L
                            248 	.globl _RXCTRL1H
                            249 	.globl _RXCTRL0L
                            250 	.globl _RXCTRL0H
                            251 	.globl _TXCTRLL
                            252 	.globl _TXCTRLH
                            253 	.globl _SYNCWORDL
                            254 	.globl _SYNCWORDH
                            255 	.globl _RSSIL
                            256 	.globl _RSSIH
                            257 	.globl _MDMCTRL1L
                            258 	.globl _MDMCTRL1H
                            259 	.globl _MDMCTRL0L
                            260 	.globl _MDMCTRL0H
                            261 	.globl _uip_debug_ipaddr_print
                            262 	.globl _uip_debug_lladdr_print
                            263 ;--------------------------------------------------------
                            264 ; special function registers
                            265 ;--------------------------------------------------------
                            266 	.area RSEG    (ABS,DATA)
   0000                     267 	.org 0x0000
                    0080    268 _P0	=	0x0080
                    0081    269 _SP	=	0x0081
                    0082    270 _DPL0	=	0x0082
                    0083    271 _DPH0	=	0x0083
                    0084    272 _DPL1	=	0x0084
                    0085    273 _DPH1	=	0x0085
                    0086    274 _U0CSR	=	0x0086
                    0087    275 _PCON	=	0x0087
                    0088    276 _TCON	=	0x0088
                    0089    277 _P0IFG	=	0x0089
                    008A    278 _P1IFG	=	0x008a
                    008B    279 _P2IFG	=	0x008b
                    008C    280 _PICTL	=	0x008c
                    008D    281 _P1IEN	=	0x008d
                    008F    282 _P0INP	=	0x008f
                    0090    283 _P1	=	0x0090
                    0091    284 _RFIM	=	0x0091
                    0092    285 _DPS	=	0x0092
                    0093    286 __XPAGE	=	0x0093
                    0094    287 _T2CMP	=	0x0094
                    0095    288 _ST0	=	0x0095
                    0096    289 _ST1	=	0x0096
                    0097    290 _ST2	=	0x0097
                    0098    291 _S0CON	=	0x0098
                    0099    292 _HSRC	=	0x0099
                    009A    293 _IEN2	=	0x009a
                    009B    294 _S1CON	=	0x009b
                    009C    295 _T2PEROF0	=	0x009c
                    009D    296 _T2PEROF1	=	0x009d
                    009E    297 _T2PEROF2	=	0x009e
                    009F    298 _FMAP	=	0x009f
                    009F    299 _PSBANK	=	0x009f
                    00A0    300 _P2	=	0x00a0
                    00A1    301 _T2OF0	=	0x00a1
                    00A2    302 _T2OF1	=	0x00a2
                    00A3    303 _T2OF2	=	0x00a3
                    00A4    304 _T2CAPLPL	=	0x00a4
                    00A5    305 _T2CAPHPH	=	0x00a5
                    00A6    306 _T2TLD	=	0x00a6
                    00A7    307 _T2THD	=	0x00a7
                    00A8    308 _IE	=	0x00a8
                    00A8    309 _IEN0	=	0x00a8
                    00A9    310 _IP0	=	0x00a9
                    00AB    311 _FWT	=	0x00ab
                    00AC    312 _FADDRL	=	0x00ac
                    00AD    313 _FADDRH	=	0x00ad
                    00AE    314 _FCTL	=	0x00ae
                    00AF    315 _FWDATA	=	0x00af
                    00B1    316 _ENCDI	=	0x00b1
                    00B2    317 _ENCDO	=	0x00b2
                    00B3    318 _ENCCS	=	0x00b3
                    00B4    319 _ADCCON1	=	0x00b4
                    00B5    320 _ADCCON2	=	0x00b5
                    00B6    321 _ADCCON3	=	0x00b6
                    00B7    322 _RCCTL	=	0x00b7
                    00B8    323 _IEN1	=	0x00b8
                    00B9    324 _IP1	=	0x00b9
                    00BA    325 _ADCL	=	0x00ba
                    00BB    326 _ADCH	=	0x00bb
                    00BC    327 _RNDL	=	0x00bc
                    00BD    328 _RNDH	=	0x00bd
                    00BE    329 _SLEEP	=	0x00be
                    00C0    330 _IRCON	=	0x00c0
                    00C1    331 _U0BUF	=	0x00c1
                    00C2    332 _U0BAUD	=	0x00c2
                    00C3    333 _T2CNF	=	0x00c3
                    00C4    334 _U0UCR	=	0x00c4
                    00C5    335 _U0GCR	=	0x00c5
                    00C6    336 _CLKCON	=	0x00c6
                    00C7    337 _MEMCTR	=	0x00c7
                    00C8    338 _T2CON	=	0x00c8
                    00C9    339 _WDCTL	=	0x00c9
                    00CA    340 _T3CNT	=	0x00ca
                    00CB    341 _T3CTL	=	0x00cb
                    00CC    342 _T3CCTL0	=	0x00cc
                    00CD    343 _T3CC0	=	0x00cd
                    00CE    344 _T3CCTL1	=	0x00ce
                    00CF    345 _T3CC1	=	0x00cf
                    00D0    346 _PSW	=	0x00d0
                    00D1    347 _DMAIRQ	=	0x00d1
                    00D2    348 _DMA1CFGL	=	0x00d2
                    00D3    349 _DMA1CFGH	=	0x00d3
                    00D4    350 _DMA0CFGL	=	0x00d4
                    00D5    351 _DMA0CFGH	=	0x00d5
                    00D6    352 _DMAARM	=	0x00d6
                    00D7    353 _DMAREQ	=	0x00d7
                    00D8    354 _TIMIF	=	0x00d8
                    00D9    355 _RFD	=	0x00d9
                    00DA    356 _T1CC0L	=	0x00da
                    00DB    357 _T1CC0H	=	0x00db
                    00DC    358 _T1CC1L	=	0x00dc
                    00DD    359 _T1CC1H	=	0x00dd
                    00DE    360 _T1CC2L	=	0x00de
                    00DF    361 _T1CC2H	=	0x00df
                    00E0    362 _ACC	=	0x00e0
                    00E1    363 _RFST	=	0x00e1
                    00E2    364 _T1CNTL	=	0x00e2
                    00E3    365 _T1CNTH	=	0x00e3
                    00E4    366 _T1CTL	=	0x00e4
                    00E5    367 _T1CCTL0	=	0x00e5
                    00E6    368 _T1CCTL1	=	0x00e6
                    00E7    369 _T1CCTL2	=	0x00e7
                    00E8    370 _IRCON2	=	0x00e8
                    00E9    371 _RFIF	=	0x00e9
                    00EA    372 _T4CNT	=	0x00ea
                    00EB    373 _T4CTL	=	0x00eb
                    00EC    374 _T4CCTL0	=	0x00ec
                    00ED    375 _T4CC0	=	0x00ed
                    00EE    376 _T4CCTL1	=	0x00ee
                    00EF    377 _T4CC1	=	0x00ef
                    00F0    378 _B	=	0x00f0
                    00F1    379 _PERCFG	=	0x00f1
                    00F2    380 _ADCCFG	=	0x00f2
                    00F3    381 _P0SEL	=	0x00f3
                    00F4    382 _P1SEL	=	0x00f4
                    00F5    383 _P2SEL	=	0x00f5
                    00F6    384 _P1INP	=	0x00f6
                    00F7    385 _P2INP	=	0x00f7
                    00F8    386 _U1CSR	=	0x00f8
                    00F9    387 _U1BUF	=	0x00f9
                    00FA    388 _U1BAUD	=	0x00fa
                    00FB    389 _U1UCR	=	0x00fb
                    00FC    390 _U1GCR	=	0x00fc
                    00FD    391 _P0DIR	=	0x00fd
                    00FE    392 _P1DIR	=	0x00fe
                    00FF    393 _P2DIR	=	0x00ff
                            394 ;--------------------------------------------------------
                            395 ; special function bits
                            396 ;--------------------------------------------------------
                            397 	.area RSEG    (ABS,DATA)
   0000                     398 	.org 0x0000
                    0087    399 _P0_7	=	0x0087
                    0086    400 _P0_6	=	0x0086
                    0085    401 _P0_5	=	0x0085
                    0084    402 _P0_4	=	0x0084
                    0083    403 _P0_3	=	0x0083
                    0082    404 _P0_2	=	0x0082
                    0081    405 _P0_1	=	0x0081
                    0080    406 _P0_0	=	0x0080
                    008F    407 _TCON_URX1IF	=	0x008f
                    008D    408 _TCON_ADCIF	=	0x008d
                    008B    409 _TCON_URX0IF	=	0x008b
                    008A    410 _TCON_IT1	=	0x008a
                    0089    411 _TCON_RFERRIF	=	0x0089
                    0088    412 _TCON_IT0	=	0x0088
                    0090    413 _P1_0	=	0x0090
                    0091    414 _P1_1	=	0x0091
                    0092    415 _P1_2	=	0x0092
                    0093    416 _P1_3	=	0x0093
                    0094    417 _P1_4	=	0x0094
                    0095    418 _P1_5	=	0x0095
                    0096    419 _P1_6	=	0x0096
                    0097    420 _P1_7	=	0x0097
                    0099    421 _S0CON_ENCIF_1	=	0x0099
                    0098    422 _S0CON_ENCIF_0	=	0x0098
                    00A0    423 _P2_0	=	0x00a0
                    00A1    424 _P2_1	=	0x00a1
                    00A2    425 _P2_2	=	0x00a2
                    00A3    426 _P2_3	=	0x00a3
                    00A4    427 _P2_4	=	0x00a4
                    00AF    428 _EA	=	0x00af
                    00AF    429 _IEN0_EA	=	0x00af
                    00AD    430 _IEN0_STIE	=	0x00ad
                    00AC    431 _IEN0_ENCIE	=	0x00ac
                    00AB    432 _IEN0_URX1IE	=	0x00ab
                    00AA    433 _IEN0_URX0IE	=	0x00aa
                    00A9    434 _IEN0_ADCIE	=	0x00a9
                    00A8    435 _IEN0_RFERRIE	=	0x00a8
                    00BD    436 _IEN1_P0IE	=	0x00bd
                    00BC    437 _IEN1_T4IE	=	0x00bc
                    00BB    438 _IEN1_T3IE	=	0x00bb
                    00BA    439 _IEN1_T2IE	=	0x00ba
                    00B9    440 _IEN1_T1IE	=	0x00b9
                    00B8    441 _IEN1_DMAIE	=	0x00b8
                    00C7    442 _IRCON_STIF	=	0x00c7
                    00C5    443 _IRCON_P0IF	=	0x00c5
                    00C4    444 _IRCON_T4IF	=	0x00c4
                    00C3    445 _IRCON_T3IF	=	0x00c3
                    00C2    446 _IRCON_T2IF	=	0x00c2
                    00C1    447 _IRCON_T1IF	=	0x00c1
                    00C0    448 _IRCON_DMAIF	=	0x00c0
                    00D0    449 _P	=	0x00d0
                    00D1    450 _F1	=	0x00d1
                    00D2    451 _OV	=	0x00d2
                    00D3    452 _RS0	=	0x00d3
                    00D4    453 _RS1	=	0x00d4
                    00D5    454 _F0	=	0x00d5
                    00D6    455 _AC	=	0x00d6
                    00D7    456 _CY	=	0x00d7
                    00EC    457 _IRCON2_WDTIF	=	0x00ec
                    00EB    458 _IRCON2_P1IF	=	0x00eb
                    00EA    459 _IRCON2_UTX1IF	=	0x00ea
                    00E9    460 _IRCON2_UTX0IF	=	0x00e9
                    00E8    461 _IRCON2_P2IF	=	0x00e8
                            462 ;--------------------------------------------------------
                            463 ; overlayable register banks
                            464 ;--------------------------------------------------------
                            465 	.area REG_BANK_0	(REL,OVR,DATA)
   0000                     466 	.ds 8
                            467 ;--------------------------------------------------------
                            468 ; internal ram data
                            469 ;--------------------------------------------------------
                            470 	.area DSEG    (DATA)
                            471 ;--------------------------------------------------------
                            472 ; overlayable items in internal ram 
                            473 ;--------------------------------------------------------
                            474 	.area OSEG    (OVR,DATA)
                            475 ;--------------------------------------------------------
                            476 ; indirectly addressable internal ram data
                            477 ;--------------------------------------------------------
                            478 	.area ISEG    (DATA)
                            479 ;--------------------------------------------------------
                            480 ; absolute internal ram data
                            481 ;--------------------------------------------------------
                            482 	.area IABS    (ABS,DATA)
                            483 	.area IABS    (ABS,DATA)
                            484 ;--------------------------------------------------------
                            485 ; bit data
                            486 ;--------------------------------------------------------
                            487 	.area BSEG    (BIT)
                            488 ;--------------------------------------------------------
                            489 ; paged external ram data
                            490 ;--------------------------------------------------------
                            491 	.area PSEG    (PAG,XDATA)
                            492 ;--------------------------------------------------------
                            493 ; external ram data
                            494 ;--------------------------------------------------------
                            495 	.area XSEG    (XDATA)
                    DF02    496 _MDMCTRL0H	=	0xdf02
                    DF03    497 _MDMCTRL0L	=	0xdf03
                    DF04    498 _MDMCTRL1H	=	0xdf04
                    DF05    499 _MDMCTRL1L	=	0xdf05
                    DF06    500 _RSSIH	=	0xdf06
                    DF07    501 _RSSIL	=	0xdf07
                    DF08    502 _SYNCWORDH	=	0xdf08
                    DF09    503 _SYNCWORDL	=	0xdf09
                    DF0A    504 _TXCTRLH	=	0xdf0a
                    DF0B    505 _TXCTRLL	=	0xdf0b
                    DF0C    506 _RXCTRL0H	=	0xdf0c
                    DF0D    507 _RXCTRL0L	=	0xdf0d
                    DF0E    508 _RXCTRL1H	=	0xdf0e
                    DF0F    509 _RXCTRL1L	=	0xdf0f
                    DF10    510 _FSCTRLH	=	0xdf10
                    DF11    511 _FSCTRLL	=	0xdf11
                    DF12    512 _CSPX	=	0xdf12
                    DF13    513 _CSPY	=	0xdf13
                    DF14    514 _CSPZ	=	0xdf14
                    DF15    515 _CSPCTRL	=	0xdf15
                    DF16    516 _CSPT	=	0xdf16
                    DF17    517 _RFPWR	=	0xdf17
                    DF20    518 _FSMTCH	=	0xdf20
                    DF21    519 _FSMTCL	=	0xdf21
                    DF22    520 _MANANDH	=	0xdf22
                    DF23    521 _MANANDL	=	0xdf23
                    DF24    522 _MANORH	=	0xdf24
                    DF25    523 _MANORL	=	0xdf25
                    DF26    524 _AGCCTRLH	=	0xdf26
                    DF27    525 _AGCCTRLL	=	0xdf27
                    DF39    526 _FSMSTATE	=	0xdf39
                    DF3A    527 _ADCTSTH	=	0xdf3a
                    DF3B    528 _ADCTSTL	=	0xdf3b
                    DF3C    529 _DACTSTH	=	0xdf3c
                    DF3D    530 _DACTSTL	=	0xdf3d
                    DF43    531 _IEEE_ADDR0	=	0xdf43
                    DF44    532 _IEEE_ADDR1	=	0xdf44
                    DF45    533 _IEEE_ADDR2	=	0xdf45
                    DF46    534 _IEEE_ADDR3	=	0xdf46
                    DF47    535 _IEEE_ADDR4	=	0xdf47
                    DF48    536 _IEEE_ADDR5	=	0xdf48
                    DF49    537 _IEEE_ADDR6	=	0xdf49
                    DF4A    538 _IEEE_ADDR7	=	0xdf4a
                    DF4B    539 _PANIDH	=	0xdf4b
                    DF4C    540 _PANIDL	=	0xdf4c
                    DF4D    541 _SHORTADDRH	=	0xdf4d
                    DF4E    542 _SHORTADDRL	=	0xdf4e
                    DF4F    543 _IOCFG0	=	0xdf4f
                    DF50    544 _IOCFG1	=	0xdf50
                    DF51    545 _IOCFG2	=	0xdf51
                    DF52    546 _IOCFG3	=	0xdf52
                    DF53    547 _RXFIFOCNT	=	0xdf53
                    DF54    548 _FSMTC1	=	0xdf54
                    DF60    549 _CHVER	=	0xdf60
                    DF61    550 _CHIPID	=	0xdf61
                    DF62    551 _RFSTATUS	=	0xdf62
                    DFC1    552 _U0BUF_SHADOW	=	0xdfc1
                    DFD9    553 _RFD_SHADOW	=	0xdfd9
                    DFF9    554 _U1BUF_SHADOW	=	0xdff9
                    DFBA    555 _ADC_SHADOW	=	0xdfba
                            556 ;--------------------------------------------------------
                            557 ; absolute external ram data
                            558 ;--------------------------------------------------------
                            559 	.area XABS    (ABS,XDATA)
                            560 ;--------------------------------------------------------
                            561 ; external initialized ram data
                            562 ;--------------------------------------------------------
                            563 	.area XISEG   (XDATA)
                            564 	.area HOME    (CODE)
                            565 	.area GSINIT0 (CODE)
                            566 	.area GSINIT1 (CODE)
                            567 	.area GSINIT2 (CODE)
                            568 	.area GSINIT3 (CODE)
                            569 	.area GSINIT4 (CODE)
                            570 	.area GSINIT5 (CODE)
                            571 	.area GSINIT  (CODE)
                            572 	.area GSFINAL (CODE)
                            573 	.area CSEG    (CODE)
                            574 ;--------------------------------------------------------
                            575 ; global & static initialisations
                            576 ;--------------------------------------------------------
                            577 	.area HOME    (CODE)
                            578 	.area GSINIT  (CODE)
                            579 	.area GSFINAL (CODE)
                            580 	.area GSINIT  (CODE)
                            581 ;--------------------------------------------------------
                            582 ; Home
                            583 ;--------------------------------------------------------
                            584 	.area HOME    (CODE)
                            585 	.area HOME    (CODE)
                            586 ;--------------------------------------------------------
                            587 ; code
                            588 ;--------------------------------------------------------
                            589 	.area CSEG    (CODE)
                            590 ;------------------------------------------------------------
                            591 ;Allocation info for local variables in function 'uip_debug_ipaddr_print'
                            592 ;------------------------------------------------------------
                            593 ;addr                      Allocated to stack - offset 1
                            594 ;sloc0                     Allocated to stack - offset 4
                            595 ;sloc1                     Allocated to stack - offset 7
                            596 ;sloc2                     Allocated to stack - offset 4
                            597 ;------------------------------------------------------------
                            598 ;	../../../core/net/uip-debug.c:46: uip_debug_ipaddr_print(const uip_ipaddr_t *addr) __banked
                            599 ;	-----------------------------------------
                            600 ;	 function uip_debug_ipaddr_print
                            601 ;	-----------------------------------------
   0000                     602 _uip_debug_ipaddr_print:
                    0002    603 	ar2 = 0x02
                    0003    604 	ar3 = 0x03
                    0004    605 	ar4 = 0x04
                    0005    606 	ar5 = 0x05
                    0006    607 	ar6 = 0x06
                    0007    608 	ar7 = 0x07
                    0000    609 	ar0 = 0x00
                    0001    610 	ar1 = 0x01
   0000 C0*00               611 	push	_bp
   0002 85 81*00            612 	mov	_bp,sp
   0005 C0 82               613 	push	dpl
   0007 C0 83               614 	push	dph
   0009 C0 F0               615 	push	b
   000B 05 81               616 	inc	sp
   000D 05 81               617 	inc	sp
   000F 05 81               618 	inc	sp
                            619 ;	../../../core/net/uip-debug.c:67: printf("%u.%u.%u.%u", addr->u8[0], addr->u8[1], addr->u8[2], addr->u8[3]);
   0011 A8*00               620 	mov	r0,_bp
   0013 08                  621 	inc	r0
   0014 74 03               622 	mov	a,#0x03
   0016 26                  623 	add	a,@r0
   0017 FD                  624 	mov	r5,a
   0018 E4                  625 	clr	a
   0019 08                  626 	inc	r0
   001A 36                  627 	addc	a,@r0
   001B FE                  628 	mov	r6,a
   001C 08                  629 	inc	r0
   001D 86 07               630 	mov	ar7,@r0
   001F 8D 82               631 	mov	dpl,r5
   0021 8E 83               632 	mov	dph,r6
   0023 8F F0               633 	mov	b,r7
   0025 12s00r00            634 	lcall	__gptrget
   0028 FD                  635 	mov	r5,a
   0029 7E 00               636 	mov	r6,#0x00
   002B A8*00               637 	mov	r0,_bp
   002D 08                  638 	inc	r0
   002E 74 02               639 	mov	a,#0x02
   0030 26                  640 	add	a,@r0
   0031 FA                  641 	mov	r2,a
   0032 E4                  642 	clr	a
   0033 08                  643 	inc	r0
   0034 36                  644 	addc	a,@r0
   0035 FB                  645 	mov	r3,a
   0036 08                  646 	inc	r0
   0037 86 04               647 	mov	ar4,@r0
   0039 8A 82               648 	mov	dpl,r2
   003B 8B 83               649 	mov	dph,r3
   003D 8C F0               650 	mov	b,r4
   003F 12s00r00            651 	lcall	__gptrget
   0042 FA                  652 	mov	r2,a
   0043 7B 00               653 	mov	r3,#0x00
   0045 A8*00               654 	mov	r0,_bp
   0047 08                  655 	inc	r0
   0048 E5*00               656 	mov	a,_bp
   004A 24 04               657 	add	a,#0x04
   004C F9                  658 	mov	r1,a
   004D 74 01               659 	mov	a,#0x01
   004F 26                  660 	add	a,@r0
   0050 F7                  661 	mov	@r1,a
   0051 E4                  662 	clr	a
   0052 08                  663 	inc	r0
   0053 36                  664 	addc	a,@r0
   0054 09                  665 	inc	r1
   0055 F7                  666 	mov	@r1,a
   0056 08                  667 	inc	r0
   0057 09                  668 	inc	r1
   0058 E6                  669 	mov	a,@r0
   0059 F7                  670 	mov	@r1,a
   005A E5*00               671 	mov	a,_bp
   005C 24 04               672 	add	a,#0x04
   005E F8                  673 	mov	r0,a
   005F 86 82               674 	mov	dpl,@r0
   0061 08                  675 	inc	r0
   0062 86 83               676 	mov	dph,@r0
   0064 08                  677 	inc	r0
   0065 86 F0               678 	mov	b,@r0
   0067 12s00r00            679 	lcall	__gptrget
   006A FC                  680 	mov	r4,a
   006B E5*00               681 	mov	a,_bp
   006D 24 04               682 	add	a,#0x04
   006F F8                  683 	mov	r0,a
   0070 A6 04               684 	mov	@r0,ar4
   0072 08                  685 	inc	r0
   0073 76 00               686 	mov	@r0,#0x00
   0075 A8*00               687 	mov	r0,_bp
   0077 08                  688 	inc	r0
   0078 86 82               689 	mov	dpl,@r0
   007A 08                  690 	inc	r0
   007B 86 83               691 	mov	dph,@r0
   007D 08                  692 	inc	r0
   007E 86 F0               693 	mov	b,@r0
   0080 12s00r00            694 	lcall	__gptrget
   0083 FC                  695 	mov	r4,a
   0084 7F 00               696 	mov	r7,#0x00
   0086 C0 05               697 	push	ar5
   0088 C0 06               698 	push	ar6
   008A C0 02               699 	push	ar2
   008C C0 03               700 	push	ar3
   008E E5*00               701 	mov	a,_bp
   0090 24 04               702 	add	a,#0x04
   0092 F8                  703 	mov	r0,a
   0093 E6                  704 	mov	a,@r0
   0094 C0 E0               705 	push	acc
   0096 08                  706 	inc	r0
   0097 E6                  707 	mov	a,@r0
   0098 C0 E0               708 	push	acc
   009A C0 04               709 	push	ar4
   009C C0 07               710 	push	ar7
   009E 74r00               711 	mov	a,#__str_0
   00A0 C0 E0               712 	push	acc
   00A2 74s00               713 	mov	a,#(__str_0 >> 8)
   00A4 C0 E0               714 	push	acc
   00A6 74 80               715 	mov	a,#0x80
   00A8 C0 E0               716 	push	acc
   00AA 12s00r00            717 	lcall	_printf
   00AD E5 81               718 	mov	a,sp
   00AF 24 F5               719 	add	a,#0xf5
   00B1 F5 81               720 	mov	sp,a
   00B3 85*00 81            721 	mov	sp,_bp
   00B6 D0*00               722 	pop	_bp
   00B8 22                  723 	ret
                            724 ;------------------------------------------------------------
                            725 ;Allocation info for local variables in function 'uip_debug_lladdr_print'
                            726 ;------------------------------------------------------------
                            727 ;addr                      Allocated to registers r2 r3 r4 
                            728 ;i                         Allocated to registers r5 r6 
                            729 ;------------------------------------------------------------
                            730 ;	../../../core/net/uip-debug.c:72: uip_debug_lladdr_print(const uip_lladdr_t *addr) __banked
                            731 ;	-----------------------------------------
                            732 ;	 function uip_debug_lladdr_print
                            733 ;	-----------------------------------------
   00B9                     734 _uip_debug_lladdr_print:
   00B9 AA 82               735 	mov	r2,dpl
   00BB AB 83               736 	mov	r3,dph
   00BD AC F0               737 	mov	r4,b
                            738 ;	../../../core/net/uip-debug.c:75: for(i = 0; i < sizeof(uip_lladdr_t); i++) {
   00BF 7D 00               739 	mov	r5,#0x00
   00C1 7E 00               740 	mov	r6,#0x00
   00C3                     741 00103$:
   00C3 C3                  742 	clr	c
   00C4 ED                  743 	mov	a,r5
   00C5 94 06               744 	subb	a,#0x06
   00C7 EE                  745 	mov	a,r6
   00C8 64 80               746 	xrl	a,#0x80
   00CA 94 80               747 	subb	a,#0x80
   00CC 40 01               748 	jc	00113$
   00CE 22                  749 	ret
   00CF                     750 00113$:
                            751 ;	../../../core/net/uip-debug.c:76: if(i > 0) {
   00CF C3                  752 	clr	c
   00D0 E4                  753 	clr	a
   00D1 9D                  754 	subb	a,r5
   00D2 74 80               755 	mov	a,#(0x00 ^ 0x80)
   00D4 8E F0               756 	mov	b,r6
   00D6 63 F0 80            757 	xrl	b,#0x80
   00D9 95 F0               758 	subb	a,b
   00DB 50 29               759 	jnc	00102$
                            760 ;	../../../core/net/uip-debug.c:77: printf(":");
   00DD C0 02               761 	push	ar2
   00DF C0 03               762 	push	ar3
   00E1 C0 04               763 	push	ar4
   00E3 C0 05               764 	push	ar5
   00E5 C0 06               765 	push	ar6
   00E7 74r0C               766 	mov	a,#__str_1
   00E9 C0 E0               767 	push	acc
   00EB 74s00               768 	mov	a,#(__str_1 >> 8)
   00ED C0 E0               769 	push	acc
   00EF 74 80               770 	mov	a,#0x80
   00F1 C0 E0               771 	push	acc
   00F3 12s00r00            772 	lcall	_printf
   00F6 15 81               773 	dec	sp
   00F8 15 81               774 	dec	sp
   00FA 15 81               775 	dec	sp
   00FC D0 06               776 	pop	ar6
   00FE D0 05               777 	pop	ar5
   0100 D0 04               778 	pop	ar4
   0102 D0 03               779 	pop	ar3
   0104 D0 02               780 	pop	ar2
   0106                     781 00102$:
                            782 ;	../../../core/net/uip-debug.c:79: printf("%02x", addr->addr[i]);
   0106 ED                  783 	mov	a,r5
   0107 2A                  784 	add	a,r2
   0108 FF                  785 	mov	r7,a
   0109 EE                  786 	mov	a,r6
   010A 3B                  787 	addc	a,r3
   010B F8                  788 	mov	r0,a
   010C 8C 01               789 	mov	ar1,r4
   010E 8F 82               790 	mov	dpl,r7
   0110 88 83               791 	mov	dph,r0
   0112 89 F0               792 	mov	b,r1
   0114 12s00r00            793 	lcall	__gptrget
   0117 FF                  794 	mov	r7,a
   0118 78 00               795 	mov	r0,#0x00
   011A C0 02               796 	push	ar2
   011C C0 03               797 	push	ar3
   011E C0 04               798 	push	ar4
   0120 C0 05               799 	push	ar5
   0122 C0 06               800 	push	ar6
   0124 C0 07               801 	push	ar7
   0126 C0 00               802 	push	ar0
   0128 74r0E               803 	mov	a,#__str_2
   012A C0 E0               804 	push	acc
   012C 74s00               805 	mov	a,#(__str_2 >> 8)
   012E C0 E0               806 	push	acc
   0130 74 80               807 	mov	a,#0x80
   0132 C0 E0               808 	push	acc
   0134 12s00r00            809 	lcall	_printf
   0137 E5 81               810 	mov	a,sp
   0139 24 FB               811 	add	a,#0xfb
   013B F5 81               812 	mov	sp,a
   013D D0 06               813 	pop	ar6
   013F D0 05               814 	pop	ar5
   0141 D0 04               815 	pop	ar4
   0143 D0 03               816 	pop	ar3
   0145 D0 02               817 	pop	ar2
                            818 ;	../../../core/net/uip-debug.c:75: for(i = 0; i < sizeof(uip_lladdr_t); i++) {
   0147 0D                  819 	inc	r5
   0148 BD 00 01            820 	cjne	r5,#0x00,00115$
   014B 0E                  821 	inc	r6
   014C                     822 00115$:
   014C 02s00rC3            823 	ljmp	00103$
                            824 	.area CSEG    (CODE)
                            825 	.area CONST   (CODE)
   0000                     826 __str_0:
   0000 25 75 2E 25 75 2E   827 	.ascii "%u.%u.%u.%u"
        25 75 2E 25 75
   000B 00                  828 	.db 0x00
   000C                     829 __str_1:
   000C 3A                  830 	.ascii ":"
   000D 00                  831 	.db 0x00
   000E                     832 __str_2:
   000E 25 30 32 78         833 	.ascii "%02x"
   0012 00                  834 	.db 0x00
                            835 	.area XINIT   (CODE)
                            836 	.area CABS    (ABS,CODE)
