                              1 ;--------------------------------------------------------
                              2 ; File Created by SDCC : free open source ANSI-C Compiler
                              3 ; Version 3.0.1 #6121 (Nov 17 2015) (CYGWIN)
                              4 ; This file was generated Sat Jan 27 13:27:22 2018
                              5 ;--------------------------------------------------------
                              6 	.module uip_udp_packet
                              7 	.optsdcc -mmcs51 --model-large
                              8 	
                              9 ;--------------------------------------------------------
                             10 ; Public variables in this module
                             11 ;--------------------------------------------------------
                             12 	.globl _IRCON2_P2IF
                             13 	.globl _IRCON2_UTX0IF
                             14 	.globl _IRCON2_UTX1IF
                             15 	.globl _IRCON2_P1IF
                             16 	.globl _IRCON2_WDTIF
                             17 	.globl _CY
                             18 	.globl _AC
                             19 	.globl _F0
                             20 	.globl _RS1
                             21 	.globl _RS0
                             22 	.globl _OV
                             23 	.globl _F1
                             24 	.globl _P
                             25 	.globl _IRCON_DMAIF
                             26 	.globl _IRCON_T1IF
                             27 	.globl _IRCON_T2IF
                             28 	.globl _IRCON_T3IF
                             29 	.globl _IRCON_T4IF
                             30 	.globl _IRCON_P0IF
                             31 	.globl _IRCON_STIF
                             32 	.globl _IEN1_DMAIE
                             33 	.globl _IEN1_T1IE
                             34 	.globl _IEN1_T2IE
                             35 	.globl _IEN1_T3IE
                             36 	.globl _IEN1_T4IE
                             37 	.globl _IEN1_P0IE
                             38 	.globl _IEN0_RFERRIE
                             39 	.globl _IEN0_ADCIE
                             40 	.globl _IEN0_URX0IE
                             41 	.globl _IEN0_URX1IE
                             42 	.globl _IEN0_ENCIE
                             43 	.globl _IEN0_STIE
                             44 	.globl _IEN0_EA
                             45 	.globl _EA
                             46 	.globl _P2_4
                             47 	.globl _P2_3
                             48 	.globl _P2_2
                             49 	.globl _P2_1
                             50 	.globl _P2_0
                             51 	.globl _S0CON_ENCIF_0
                             52 	.globl _S0CON_ENCIF_1
                             53 	.globl _P1_7
                             54 	.globl _P1_6
                             55 	.globl _P1_5
                             56 	.globl _P1_4
                             57 	.globl _P1_3
                             58 	.globl _P1_2
                             59 	.globl _P1_1
                             60 	.globl _P1_0
                             61 	.globl _TCON_IT0
                             62 	.globl _TCON_RFERRIF
                             63 	.globl _TCON_IT1
                             64 	.globl _TCON_URX0IF
                             65 	.globl _TCON_ADCIF
                             66 	.globl _TCON_URX1IF
                             67 	.globl _P0_0
                             68 	.globl _P0_1
                             69 	.globl _P0_2
                             70 	.globl _P0_3
                             71 	.globl _P0_4
                             72 	.globl _P0_5
                             73 	.globl _P0_6
                             74 	.globl _P0_7
                             75 	.globl _P2DIR
                             76 	.globl _P1DIR
                             77 	.globl _P0DIR
                             78 	.globl _U1GCR
                             79 	.globl _U1UCR
                             80 	.globl _U1BAUD
                             81 	.globl _U1BUF
                             82 	.globl _U1CSR
                             83 	.globl _P2INP
                             84 	.globl _P1INP
                             85 	.globl _P2SEL
                             86 	.globl _P1SEL
                             87 	.globl _P0SEL
                             88 	.globl _ADCCFG
                             89 	.globl _PERCFG
                             90 	.globl _B
                             91 	.globl _T4CC1
                             92 	.globl _T4CCTL1
                             93 	.globl _T4CC0
                             94 	.globl _T4CCTL0
                             95 	.globl _T4CTL
                             96 	.globl _T4CNT
                             97 	.globl _RFIF
                             98 	.globl _IRCON2
                             99 	.globl _T1CCTL2
                            100 	.globl _T1CCTL1
                            101 	.globl _T1CCTL0
                            102 	.globl _T1CTL
                            103 	.globl _T1CNTH
                            104 	.globl _T1CNTL
                            105 	.globl _RFST
                            106 	.globl _ACC
                            107 	.globl _T1CC2H
                            108 	.globl _T1CC2L
                            109 	.globl _T1CC1H
                            110 	.globl _T1CC1L
                            111 	.globl _T1CC0H
                            112 	.globl _T1CC0L
                            113 	.globl _RFD
                            114 	.globl _TIMIF
                            115 	.globl _DMAREQ
                            116 	.globl _DMAARM
                            117 	.globl _DMA0CFGH
                            118 	.globl _DMA0CFGL
                            119 	.globl _DMA1CFGH
                            120 	.globl _DMA1CFGL
                            121 	.globl _DMAIRQ
                            122 	.globl _PSW
                            123 	.globl _T3CC1
                            124 	.globl _T3CCTL1
                            125 	.globl _T3CC0
                            126 	.globl _T3CCTL0
                            127 	.globl _T3CTL
                            128 	.globl _T3CNT
                            129 	.globl _WDCTL
                            130 	.globl _T2CON
                            131 	.globl _MEMCTR
                            132 	.globl _CLKCON
                            133 	.globl _U0GCR
                            134 	.globl _U0UCR
                            135 	.globl _T2CNF
                            136 	.globl _U0BAUD
                            137 	.globl _U0BUF
                            138 	.globl _IRCON
                            139 	.globl _SLEEP
                            140 	.globl _RNDH
                            141 	.globl _RNDL
                            142 	.globl _ADCH
                            143 	.globl _ADCL
                            144 	.globl _IP1
                            145 	.globl _IEN1
                            146 	.globl _RCCTL
                            147 	.globl _ADCCON3
                            148 	.globl _ADCCON2
                            149 	.globl _ADCCON1
                            150 	.globl _ENCCS
                            151 	.globl _ENCDO
                            152 	.globl _ENCDI
                            153 	.globl _FWDATA
                            154 	.globl _FCTL
                            155 	.globl _FADDRH
                            156 	.globl _FADDRL
                            157 	.globl _FWT
                            158 	.globl _IP0
                            159 	.globl _IEN0
                            160 	.globl _IE
                            161 	.globl _T2THD
                            162 	.globl _T2TLD
                            163 	.globl _T2CAPHPH
                            164 	.globl _T2CAPLPL
                            165 	.globl _T2OF2
                            166 	.globl _T2OF1
                            167 	.globl _T2OF0
                            168 	.globl _P2
                            169 	.globl _PSBANK
                            170 	.globl _FMAP
                            171 	.globl _T2PEROF2
                            172 	.globl _T2PEROF1
                            173 	.globl _T2PEROF0
                            174 	.globl _S1CON
                            175 	.globl _IEN2
                            176 	.globl _HSRC
                            177 	.globl _S0CON
                            178 	.globl _ST2
                            179 	.globl _ST1
                            180 	.globl _ST0
                            181 	.globl _T2CMP
                            182 	.globl __XPAGE
                            183 	.globl _DPS
                            184 	.globl _RFIM
                            185 	.globl _P1
                            186 	.globl _P0INP
                            187 	.globl _P1IEN
                            188 	.globl _PICTL
                            189 	.globl _P2IFG
                            190 	.globl _P1IFG
                            191 	.globl _P0IFG
                            192 	.globl _TCON
                            193 	.globl _PCON
                            194 	.globl _U0CSR
                            195 	.globl _DPH1
                            196 	.globl _DPL1
                            197 	.globl _DPH0
                            198 	.globl _DPL0
                            199 	.globl _SP
                            200 	.globl _P0
                            201 	.globl _ADC_SHADOW
                            202 	.globl _U1BUF_SHADOW
                            203 	.globl _RFD_SHADOW
                            204 	.globl _U0BUF_SHADOW
                            205 	.globl _RFSTATUS
                            206 	.globl _CHIPID
                            207 	.globl _CHVER
                            208 	.globl _FSMTC1
                            209 	.globl _RXFIFOCNT
                            210 	.globl _IOCFG3
                            211 	.globl _IOCFG2
                            212 	.globl _IOCFG1
                            213 	.globl _IOCFG0
                            214 	.globl _SHORTADDRL
                            215 	.globl _SHORTADDRH
                            216 	.globl _PANIDL
                            217 	.globl _PANIDH
                            218 	.globl _IEEE_ADDR7
                            219 	.globl _IEEE_ADDR6
                            220 	.globl _IEEE_ADDR5
                            221 	.globl _IEEE_ADDR4
                            222 	.globl _IEEE_ADDR3
                            223 	.globl _IEEE_ADDR2
                            224 	.globl _IEEE_ADDR1
                            225 	.globl _IEEE_ADDR0
                            226 	.globl _DACTSTL
                            227 	.globl _DACTSTH
                            228 	.globl _ADCTSTL
                            229 	.globl _ADCTSTH
                            230 	.globl _FSMSTATE
                            231 	.globl _AGCCTRLL
                            232 	.globl _AGCCTRLH
                            233 	.globl _MANORL
                            234 	.globl _MANORH
                            235 	.globl _MANANDL
                            236 	.globl _MANANDH
                            237 	.globl _FSMTCL
                            238 	.globl _FSMTCH
                            239 	.globl _RFPWR
                            240 	.globl _CSPT
                            241 	.globl _CSPCTRL
                            242 	.globl _CSPZ
                            243 	.globl _CSPY
                            244 	.globl _CSPX
                            245 	.globl _FSCTRLL
                            246 	.globl _FSCTRLH
                            247 	.globl _RXCTRL1L
                            248 	.globl _RXCTRL1H
                            249 	.globl _RXCTRL0L
                            250 	.globl _RXCTRL0H
                            251 	.globl _TXCTRLL
                            252 	.globl _TXCTRLH
                            253 	.globl _SYNCWORDL
                            254 	.globl _SYNCWORDH
                            255 	.globl _RSSIL
                            256 	.globl _RSSIH
                            257 	.globl _MDMCTRL1L
                            258 	.globl _MDMCTRL1H
                            259 	.globl _MDMCTRL0L
                            260 	.globl _MDMCTRL0H
                            261 	.globl _uip_udp_packet_send
                            262 	.globl _uip_udp_packet_sendto
                            263 ;--------------------------------------------------------
                            264 ; special function registers
                            265 ;--------------------------------------------------------
                            266 	.area RSEG    (ABS,DATA)
   0000                     267 	.org 0x0000
                    0080    268 _P0	=	0x0080
                    0081    269 _SP	=	0x0081
                    0082    270 _DPL0	=	0x0082
                    0083    271 _DPH0	=	0x0083
                    0084    272 _DPL1	=	0x0084
                    0085    273 _DPH1	=	0x0085
                    0086    274 _U0CSR	=	0x0086
                    0087    275 _PCON	=	0x0087
                    0088    276 _TCON	=	0x0088
                    0089    277 _P0IFG	=	0x0089
                    008A    278 _P1IFG	=	0x008a
                    008B    279 _P2IFG	=	0x008b
                    008C    280 _PICTL	=	0x008c
                    008D    281 _P1IEN	=	0x008d
                    008F    282 _P0INP	=	0x008f
                    0090    283 _P1	=	0x0090
                    0091    284 _RFIM	=	0x0091
                    0092    285 _DPS	=	0x0092
                    0093    286 __XPAGE	=	0x0093
                    0094    287 _T2CMP	=	0x0094
                    0095    288 _ST0	=	0x0095
                    0096    289 _ST1	=	0x0096
                    0097    290 _ST2	=	0x0097
                    0098    291 _S0CON	=	0x0098
                    0099    292 _HSRC	=	0x0099
                    009A    293 _IEN2	=	0x009a
                    009B    294 _S1CON	=	0x009b
                    009C    295 _T2PEROF0	=	0x009c
                    009D    296 _T2PEROF1	=	0x009d
                    009E    297 _T2PEROF2	=	0x009e
                    009F    298 _FMAP	=	0x009f
                    009F    299 _PSBANK	=	0x009f
                    00A0    300 _P2	=	0x00a0
                    00A1    301 _T2OF0	=	0x00a1
                    00A2    302 _T2OF1	=	0x00a2
                    00A3    303 _T2OF2	=	0x00a3
                    00A4    304 _T2CAPLPL	=	0x00a4
                    00A5    305 _T2CAPHPH	=	0x00a5
                    00A6    306 _T2TLD	=	0x00a6
                    00A7    307 _T2THD	=	0x00a7
                    00A8    308 _IE	=	0x00a8
                    00A8    309 _IEN0	=	0x00a8
                    00A9    310 _IP0	=	0x00a9
                    00AB    311 _FWT	=	0x00ab
                    00AC    312 _FADDRL	=	0x00ac
                    00AD    313 _FADDRH	=	0x00ad
                    00AE    314 _FCTL	=	0x00ae
                    00AF    315 _FWDATA	=	0x00af
                    00B1    316 _ENCDI	=	0x00b1
                    00B2    317 _ENCDO	=	0x00b2
                    00B3    318 _ENCCS	=	0x00b3
                    00B4    319 _ADCCON1	=	0x00b4
                    00B5    320 _ADCCON2	=	0x00b5
                    00B6    321 _ADCCON3	=	0x00b6
                    00B7    322 _RCCTL	=	0x00b7
                    00B8    323 _IEN1	=	0x00b8
                    00B9    324 _IP1	=	0x00b9
                    00BA    325 _ADCL	=	0x00ba
                    00BB    326 _ADCH	=	0x00bb
                    00BC    327 _RNDL	=	0x00bc
                    00BD    328 _RNDH	=	0x00bd
                    00BE    329 _SLEEP	=	0x00be
                    00C0    330 _IRCON	=	0x00c0
                    00C1    331 _U0BUF	=	0x00c1
                    00C2    332 _U0BAUD	=	0x00c2
                    00C3    333 _T2CNF	=	0x00c3
                    00C4    334 _U0UCR	=	0x00c4
                    00C5    335 _U0GCR	=	0x00c5
                    00C6    336 _CLKCON	=	0x00c6
                    00C7    337 _MEMCTR	=	0x00c7
                    00C8    338 _T2CON	=	0x00c8
                    00C9    339 _WDCTL	=	0x00c9
                    00CA    340 _T3CNT	=	0x00ca
                    00CB    341 _T3CTL	=	0x00cb
                    00CC    342 _T3CCTL0	=	0x00cc
                    00CD    343 _T3CC0	=	0x00cd
                    00CE    344 _T3CCTL1	=	0x00ce
                    00CF    345 _T3CC1	=	0x00cf
                    00D0    346 _PSW	=	0x00d0
                    00D1    347 _DMAIRQ	=	0x00d1
                    00D2    348 _DMA1CFGL	=	0x00d2
                    00D3    349 _DMA1CFGH	=	0x00d3
                    00D4    350 _DMA0CFGL	=	0x00d4
                    00D5    351 _DMA0CFGH	=	0x00d5
                    00D6    352 _DMAARM	=	0x00d6
                    00D7    353 _DMAREQ	=	0x00d7
                    00D8    354 _TIMIF	=	0x00d8
                    00D9    355 _RFD	=	0x00d9
                    00DA    356 _T1CC0L	=	0x00da
                    00DB    357 _T1CC0H	=	0x00db
                    00DC    358 _T1CC1L	=	0x00dc
                    00DD    359 _T1CC1H	=	0x00dd
                    00DE    360 _T1CC2L	=	0x00de
                    00DF    361 _T1CC2H	=	0x00df
                    00E0    362 _ACC	=	0x00e0
                    00E1    363 _RFST	=	0x00e1
                    00E2    364 _T1CNTL	=	0x00e2
                    00E3    365 _T1CNTH	=	0x00e3
                    00E4    366 _T1CTL	=	0x00e4
                    00E5    367 _T1CCTL0	=	0x00e5
                    00E6    368 _T1CCTL1	=	0x00e6
                    00E7    369 _T1CCTL2	=	0x00e7
                    00E8    370 _IRCON2	=	0x00e8
                    00E9    371 _RFIF	=	0x00e9
                    00EA    372 _T4CNT	=	0x00ea
                    00EB    373 _T4CTL	=	0x00eb
                    00EC    374 _T4CCTL0	=	0x00ec
                    00ED    375 _T4CC0	=	0x00ed
                    00EE    376 _T4CCTL1	=	0x00ee
                    00EF    377 _T4CC1	=	0x00ef
                    00F0    378 _B	=	0x00f0
                    00F1    379 _PERCFG	=	0x00f1
                    00F2    380 _ADCCFG	=	0x00f2
                    00F3    381 _P0SEL	=	0x00f3
                    00F4    382 _P1SEL	=	0x00f4
                    00F5    383 _P2SEL	=	0x00f5
                    00F6    384 _P1INP	=	0x00f6
                    00F7    385 _P2INP	=	0x00f7
                    00F8    386 _U1CSR	=	0x00f8
                    00F9    387 _U1BUF	=	0x00f9
                    00FA    388 _U1BAUD	=	0x00fa
                    00FB    389 _U1UCR	=	0x00fb
                    00FC    390 _U1GCR	=	0x00fc
                    00FD    391 _P0DIR	=	0x00fd
                    00FE    392 _P1DIR	=	0x00fe
                    00FF    393 _P2DIR	=	0x00ff
                            394 ;--------------------------------------------------------
                            395 ; special function bits
                            396 ;--------------------------------------------------------
                            397 	.area RSEG    (ABS,DATA)
   0000                     398 	.org 0x0000
                    0087    399 _P0_7	=	0x0087
                    0086    400 _P0_6	=	0x0086
                    0085    401 _P0_5	=	0x0085
                    0084    402 _P0_4	=	0x0084
                    0083    403 _P0_3	=	0x0083
                    0082    404 _P0_2	=	0x0082
                    0081    405 _P0_1	=	0x0081
                    0080    406 _P0_0	=	0x0080
                    008F    407 _TCON_URX1IF	=	0x008f
                    008D    408 _TCON_ADCIF	=	0x008d
                    008B    409 _TCON_URX0IF	=	0x008b
                    008A    410 _TCON_IT1	=	0x008a
                    0089    411 _TCON_RFERRIF	=	0x0089
                    0088    412 _TCON_IT0	=	0x0088
                    0090    413 _P1_0	=	0x0090
                    0091    414 _P1_1	=	0x0091
                    0092    415 _P1_2	=	0x0092
                    0093    416 _P1_3	=	0x0093
                    0094    417 _P1_4	=	0x0094
                    0095    418 _P1_5	=	0x0095
                    0096    419 _P1_6	=	0x0096
                    0097    420 _P1_7	=	0x0097
                    0099    421 _S0CON_ENCIF_1	=	0x0099
                    0098    422 _S0CON_ENCIF_0	=	0x0098
                    00A0    423 _P2_0	=	0x00a0
                    00A1    424 _P2_1	=	0x00a1
                    00A2    425 _P2_2	=	0x00a2
                    00A3    426 _P2_3	=	0x00a3
                    00A4    427 _P2_4	=	0x00a4
                    00AF    428 _EA	=	0x00af
                    00AF    429 _IEN0_EA	=	0x00af
                    00AD    430 _IEN0_STIE	=	0x00ad
                    00AC    431 _IEN0_ENCIE	=	0x00ac
                    00AB    432 _IEN0_URX1IE	=	0x00ab
                    00AA    433 _IEN0_URX0IE	=	0x00aa
                    00A9    434 _IEN0_ADCIE	=	0x00a9
                    00A8    435 _IEN0_RFERRIE	=	0x00a8
                    00BD    436 _IEN1_P0IE	=	0x00bd
                    00BC    437 _IEN1_T4IE	=	0x00bc
                    00BB    438 _IEN1_T3IE	=	0x00bb
                    00BA    439 _IEN1_T2IE	=	0x00ba
                    00B9    440 _IEN1_T1IE	=	0x00b9
                    00B8    441 _IEN1_DMAIE	=	0x00b8
                    00C7    442 _IRCON_STIF	=	0x00c7
                    00C5    443 _IRCON_P0IF	=	0x00c5
                    00C4    444 _IRCON_T4IF	=	0x00c4
                    00C3    445 _IRCON_T3IF	=	0x00c3
                    00C2    446 _IRCON_T2IF	=	0x00c2
                    00C1    447 _IRCON_T1IF	=	0x00c1
                    00C0    448 _IRCON_DMAIF	=	0x00c0
                    00D0    449 _P	=	0x00d0
                    00D1    450 _F1	=	0x00d1
                    00D2    451 _OV	=	0x00d2
                    00D3    452 _RS0	=	0x00d3
                    00D4    453 _RS1	=	0x00d4
                    00D5    454 _F0	=	0x00d5
                    00D6    455 _AC	=	0x00d6
                    00D7    456 _CY	=	0x00d7
                    00EC    457 _IRCON2_WDTIF	=	0x00ec
                    00EB    458 _IRCON2_P1IF	=	0x00eb
                    00EA    459 _IRCON2_UTX1IF	=	0x00ea
                    00E9    460 _IRCON2_UTX0IF	=	0x00e9
                    00E8    461 _IRCON2_P2IF	=	0x00e8
                            462 ;--------------------------------------------------------
                            463 ; overlayable register banks
                            464 ;--------------------------------------------------------
                            465 	.area REG_BANK_0	(REL,OVR,DATA)
   0000                     466 	.ds 8
                            467 ;--------------------------------------------------------
                            468 ; internal ram data
                            469 ;--------------------------------------------------------
                            470 	.area DSEG    (DATA)
                            471 ;--------------------------------------------------------
                            472 ; overlayable items in internal ram 
                            473 ;--------------------------------------------------------
                            474 	.area OSEG    (OVR,DATA)
                            475 ;--------------------------------------------------------
                            476 ; indirectly addressable internal ram data
                            477 ;--------------------------------------------------------
                            478 	.area ISEG    (DATA)
                            479 ;--------------------------------------------------------
                            480 ; absolute internal ram data
                            481 ;--------------------------------------------------------
                            482 	.area IABS    (ABS,DATA)
                            483 	.area IABS    (ABS,DATA)
                            484 ;--------------------------------------------------------
                            485 ; bit data
                            486 ;--------------------------------------------------------
                            487 	.area BSEG    (BIT)
                            488 ;--------------------------------------------------------
                            489 ; paged external ram data
                            490 ;--------------------------------------------------------
                            491 	.area PSEG    (PAG,XDATA)
                            492 ;--------------------------------------------------------
                            493 ; external ram data
                            494 ;--------------------------------------------------------
                            495 	.area XSEG    (XDATA)
                    DF02    496 _MDMCTRL0H	=	0xdf02
                    DF03    497 _MDMCTRL0L	=	0xdf03
                    DF04    498 _MDMCTRL1H	=	0xdf04
                    DF05    499 _MDMCTRL1L	=	0xdf05
                    DF06    500 _RSSIH	=	0xdf06
                    DF07    501 _RSSIL	=	0xdf07
                    DF08    502 _SYNCWORDH	=	0xdf08
                    DF09    503 _SYNCWORDL	=	0xdf09
                    DF0A    504 _TXCTRLH	=	0xdf0a
                    DF0B    505 _TXCTRLL	=	0xdf0b
                    DF0C    506 _RXCTRL0H	=	0xdf0c
                    DF0D    507 _RXCTRL0L	=	0xdf0d
                    DF0E    508 _RXCTRL1H	=	0xdf0e
                    DF0F    509 _RXCTRL1L	=	0xdf0f
                    DF10    510 _FSCTRLH	=	0xdf10
                    DF11    511 _FSCTRLL	=	0xdf11
                    DF12    512 _CSPX	=	0xdf12
                    DF13    513 _CSPY	=	0xdf13
                    DF14    514 _CSPZ	=	0xdf14
                    DF15    515 _CSPCTRL	=	0xdf15
                    DF16    516 _CSPT	=	0xdf16
                    DF17    517 _RFPWR	=	0xdf17
                    DF20    518 _FSMTCH	=	0xdf20
                    DF21    519 _FSMTCL	=	0xdf21
                    DF22    520 _MANANDH	=	0xdf22
                    DF23    521 _MANANDL	=	0xdf23
                    DF24    522 _MANORH	=	0xdf24
                    DF25    523 _MANORL	=	0xdf25
                    DF26    524 _AGCCTRLH	=	0xdf26
                    DF27    525 _AGCCTRLL	=	0xdf27
                    DF39    526 _FSMSTATE	=	0xdf39
                    DF3A    527 _ADCTSTH	=	0xdf3a
                    DF3B    528 _ADCTSTL	=	0xdf3b
                    DF3C    529 _DACTSTH	=	0xdf3c
                    DF3D    530 _DACTSTL	=	0xdf3d
                    DF43    531 _IEEE_ADDR0	=	0xdf43
                    DF44    532 _IEEE_ADDR1	=	0xdf44
                    DF45    533 _IEEE_ADDR2	=	0xdf45
                    DF46    534 _IEEE_ADDR3	=	0xdf46
                    DF47    535 _IEEE_ADDR4	=	0xdf47
                    DF48    536 _IEEE_ADDR5	=	0xdf48
                    DF49    537 _IEEE_ADDR6	=	0xdf49
                    DF4A    538 _IEEE_ADDR7	=	0xdf4a
                    DF4B    539 _PANIDH	=	0xdf4b
                    DF4C    540 _PANIDL	=	0xdf4c
                    DF4D    541 _SHORTADDRH	=	0xdf4d
                    DF4E    542 _SHORTADDRL	=	0xdf4e
                    DF4F    543 _IOCFG0	=	0xdf4f
                    DF50    544 _IOCFG1	=	0xdf50
                    DF51    545 _IOCFG2	=	0xdf51
                    DF52    546 _IOCFG3	=	0xdf52
                    DF53    547 _RXFIFOCNT	=	0xdf53
                    DF54    548 _FSMTC1	=	0xdf54
                    DF60    549 _CHVER	=	0xdf60
                    DF61    550 _CHIPID	=	0xdf61
                    DF62    551 _RFSTATUS	=	0xdf62
                    DFC1    552 _U0BUF_SHADOW	=	0xdfc1
                    DFD9    553 _RFD_SHADOW	=	0xdfd9
                    DFF9    554 _U1BUF_SHADOW	=	0xdff9
                    DFBA    555 _ADC_SHADOW	=	0xdfba
                            556 ;--------------------------------------------------------
                            557 ; absolute external ram data
                            558 ;--------------------------------------------------------
                            559 	.area XABS    (ABS,XDATA)
                            560 ;--------------------------------------------------------
                            561 ; external initialized ram data
                            562 ;--------------------------------------------------------
                            563 	.area XISEG   (XDATA)
                            564 	.area HOME    (CODE)
                            565 	.area GSINIT0 (CODE)
                            566 	.area GSINIT1 (CODE)
                            567 	.area GSINIT2 (CODE)
                            568 	.area GSINIT3 (CODE)
                            569 	.area GSINIT4 (CODE)
                            570 	.area GSINIT5 (CODE)
                            571 	.area GSINIT  (CODE)
                            572 	.area GSFINAL (CODE)
                            573 	.area CSEG    (CODE)
                            574 ;--------------------------------------------------------
                            575 ; global & static initialisations
                            576 ;--------------------------------------------------------
                            577 	.area HOME    (CODE)
                            578 	.area GSINIT  (CODE)
                            579 	.area GSFINAL (CODE)
                            580 	.area GSINIT  (CODE)
                            581 ;--------------------------------------------------------
                            582 ; Home
                            583 ;--------------------------------------------------------
                            584 	.area HOME    (CODE)
                            585 	.area HOME    (CODE)
                            586 ;--------------------------------------------------------
                            587 ; code
                            588 ;--------------------------------------------------------
                            589 	.area CSEG    (CODE)
                            590 ;------------------------------------------------------------
                            591 ;Allocation info for local variables in function 'uip_udp_packet_send'
                            592 ;------------------------------------------------------------
                            593 ;data                      Allocated to stack - offset -5
                            594 ;len                       Allocated to stack - offset -7
                            595 ;c                         Allocated to registers 
                            596 ;------------------------------------------------------------
                            597 ;	../../../core/net/uip-udp-packet.c:52: uip_udp_packet_send(struct uip_udp_conn *c, const void *data, int len) __banked
                            598 ;	-----------------------------------------
                            599 ;	 function uip_udp_packet_send
                            600 ;	-----------------------------------------
   0000                     601 _uip_udp_packet_send:
                    0002    602 	ar2 = 0x02
                    0003    603 	ar3 = 0x03
                    0004    604 	ar4 = 0x04
                    0005    605 	ar5 = 0x05
                    0006    606 	ar6 = 0x06
                    0007    607 	ar7 = 0x07
                    0000    608 	ar0 = 0x00
                    0001    609 	ar1 = 0x01
   0000 C0*00               610 	push	_bp
   0002 85 81*00            611 	mov	_bp,sp
   0005 AA F0               612 	mov	r2,b
   0007 AB 83               613 	mov	r3,dph
   0009 E5 82               614 	mov	a,dpl
   000B 90s00r00            615 	mov	dptr,#_uip_udp_conn
   000E F0                  616 	movx	@dptr,a
   000F A3                  617 	inc	dptr
   0010 EB                  618 	mov	a,r3
   0011 F0                  619 	movx	@dptr,a
   0012 A3                  620 	inc	dptr
   0013 EA                  621 	mov	a,r2
   0014 F0                  622 	movx	@dptr,a
                            623 ;	../../../core/net/uip-udp-packet.c:56: uip_slen = len;
   0015 E5*00               624 	mov	a,_bp
   0017 24 F9               625 	add	a,#0xf9
   0019 F8                  626 	mov	r0,a
   001A 86 02               627 	mov	ar2,@r0
   001C 08                  628 	inc	r0
   001D 86 03               629 	mov	ar3,@r0
   001F 90s00r00            630 	mov	dptr,#_uip_slen
   0022 EA                  631 	mov	a,r2
   0023 F0                  632 	movx	@dptr,a
   0024 A3                  633 	inc	dptr
   0025 EB                  634 	mov	a,r3
   0026 F0                  635 	movx	@dptr,a
                            636 ;	../../../core/net/uip-udp-packet.c:57: memcpy(&uip_buf[UIP_LLH_LEN + UIP_IPUDPH_LEN], data, len > UIP_BUFSIZE? UIP_BUFSIZE: len);
   0027 E5*00               637 	mov	a,_bp
   0029 24 F9               638 	add	a,#0xf9
   002B F8                  639 	mov	r0,a
   002C C3                  640 	clr	c
   002D 74 6C               641 	mov	a,#0x6C
   002F 96                  642 	subb	a,@r0
   0030 74 80               643 	mov	a,#(0x00 ^ 0x80)
   0032 08                  644 	inc	r0
   0033 86 F0               645 	mov	b,@r0
   0035 63 F0 80            646 	xrl	b,#0x80
   0038 95 F0               647 	subb	a,b
   003A 50 06               648 	jnc	00105$
   003C 7C 6C               649 	mov	r4,#0x6C
   003E 7D 00               650 	mov	r5,#0x00
   0040 80 04               651 	sjmp	00106$
   0042                     652 00105$:
   0042 8A 04               653 	mov	ar4,r2
   0044 8B 05               654 	mov	ar5,r3
   0046                     655 00106$:
   0046 C0 04               656 	push	ar4
   0048 C0 05               657 	push	ar5
   004A E5*00               658 	mov	a,_bp
   004C 24 FB               659 	add	a,#0xfb
   004E F8                  660 	mov	r0,a
   004F E6                  661 	mov	a,@r0
   0050 C0 E0               662 	push	acc
   0052 08                  663 	inc	r0
   0053 E6                  664 	mov	a,@r0
   0054 C0 E0               665 	push	acc
   0056 08                  666 	inc	r0
   0057 E6                  667 	mov	a,@r0
   0058 C0 E0               668 	push	acc
   005A 90s00r2A            669 	mov	dptr,#(_uip_aligned_buf + 0x002a)
   005D 75 F0 00            670 	mov	b,#0x00
   0060 12s00r00            671 	lcall	_memcpy
   0063 E5 81               672 	mov	a,sp
   0065 24 FB               673 	add	a,#0xfb
   0067 F5 81               674 	mov	sp,a
                            675 ;	../../../core/net/uip-udp-packet.c:58: uip_process(UIP_UDP_SEND_CONN);
   0069 75 82 04            676 	mov	dpl,#0x04
   006C 12s00r00            677 	lcall	_uip_process
                            678 ;	../../../core/net/uip-udp-packet.c:62: if(uip_len > 0) {
   006F 90s00r00            679 	mov	dptr,#_uip_len
   0072 E0                  680 	movx	a,@dptr
   0073 FA                  681 	mov	r2,a
   0074 A3                  682 	inc	dptr
   0075 E0                  683 	movx	a,@dptr
   0076 FB                  684 	mov	r3,a
   0077 4A                  685 	orl	a,r2
   0078 60 03               686 	jz	00102$
                            687 ;	../../../core/net/uip-udp-packet.c:63: tcpip_output();
   007A 12s00r00            688 	lcall	_tcpip_output
   007D                     689 00102$:
                            690 ;	../../../core/net/uip-udp-packet.c:66: uip_slen = 0;
   007D 90s00r00            691 	mov	dptr,#_uip_slen
   0080 E4                  692 	clr	a
   0081 F0                  693 	movx	@dptr,a
   0082 A3                  694 	inc	dptr
   0083 F0                  695 	movx	@dptr,a
   0084 D0*00               696 	pop	_bp
   0086 22                  697 	ret
                            698 ;------------------------------------------------------------
                            699 ;Allocation info for local variables in function 'uip_udp_packet_sendto'
                            700 ;------------------------------------------------------------
                            701 ;data                      Allocated to stack - offset -5
                            702 ;len                       Allocated to stack - offset -7
                            703 ;toaddr                    Allocated to stack - offset -10
                            704 ;toport                    Allocated to stack - offset -12
                            705 ;c                         Allocated to registers r2 r3 r4 
                            706 ;curaddr                   Allocated to stack - offset 1
                            707 ;curport                   Allocated to stack - offset 5
                            708 ;------------------------------------------------------------
                            709 ;	../../../core/net/uip-udp-packet.c:71: uip_udp_packet_sendto(struct uip_udp_conn *c, const void *data, int len,
                            710 ;	-----------------------------------------
                            711 ;	 function uip_udp_packet_sendto
                            712 ;	-----------------------------------------
   0087                     713 _uip_udp_packet_sendto:
   0087 C0*00               714 	push	_bp
   0089 E5 81               715 	mov	a,sp
   008B F5*00               716 	mov	_bp,a
   008D 24 06               717 	add	a,#0x06
   008F F5 81               718 	mov	sp,a
   0091 AA 82               719 	mov	r2,dpl
   0093 AB 83               720 	mov	r3,dph
   0095 AC F0               721 	mov	r4,b
                            722 ;	../../../core/net/uip-udp-packet.c:78: uip_ipaddr_copy(&curaddr, &c->ripaddr);
   0097 AD*00               723 	mov	r5,_bp
   0099 0D                  724 	inc	r5
   009A 7E 00               725 	mov	r6,#0x00
   009C 7F 40               726 	mov	r7,#0x40
   009E C0 02               727 	push	ar2
   00A0 C0 03               728 	push	ar3
   00A2 C0 04               729 	push	ar4
   00A4 74 04               730 	mov	a,#0x04
   00A6 C0 E0               731 	push	acc
   00A8 E4                  732 	clr	a
   00A9 C0 E0               733 	push	acc
   00AB C0 02               734 	push	ar2
   00AD C0 03               735 	push	ar3
   00AF C0 04               736 	push	ar4
   00B1 8D 82               737 	mov	dpl,r5
   00B3 8E 83               738 	mov	dph,r6
   00B5 8F F0               739 	mov	b,r7
   00B7 12s00r00            740 	lcall	_memcpy
   00BA E5 81               741 	mov	a,sp
   00BC 24 FB               742 	add	a,#0xfb
   00BE F5 81               743 	mov	sp,a
   00C0 D0 04               744 	pop	ar4
   00C2 D0 03               745 	pop	ar3
   00C4 D0 02               746 	pop	ar2
                            747 ;	../../../core/net/uip-udp-packet.c:79: curport = c->rport;
   00C6 74 06               748 	mov	a,#0x06
   00C8 2A                  749 	add	a,r2
   00C9 FD                  750 	mov	r5,a
   00CA E4                  751 	clr	a
   00CB 3B                  752 	addc	a,r3
   00CC FE                  753 	mov	r6,a
   00CD 8C 07               754 	mov	ar7,r4
   00CF 8D 82               755 	mov	dpl,r5
   00D1 8E 83               756 	mov	dph,r6
   00D3 8F F0               757 	mov	b,r7
   00D5 12s00r00            758 	lcall	__gptrget
   00D8 FD                  759 	mov	r5,a
   00D9 A3                  760 	inc	dptr
   00DA 12s00r00            761 	lcall	__gptrget
   00DD FE                  762 	mov	r6,a
   00DE E5*00               763 	mov	a,_bp
   00E0 24 05               764 	add	a,#0x05
   00E2 F8                  765 	mov	r0,a
   00E3 A6 05               766 	mov	@r0,ar5
   00E5 08                  767 	inc	r0
   00E6 A6 06               768 	mov	@r0,ar6
                            769 ;	../../../core/net/uip-udp-packet.c:82: uip_ipaddr_copy(&c->ripaddr, toaddr);
   00E8 C0 02               770 	push	ar2
   00EA C0 03               771 	push	ar3
   00EC C0 04               772 	push	ar4
   00EE 74 04               773 	mov	a,#0x04
   00F0 C0 E0               774 	push	acc
   00F2 E4                  775 	clr	a
   00F3 C0 E0               776 	push	acc
   00F5 E5*00               777 	mov	a,_bp
   00F7 24 F6               778 	add	a,#0xf6
   00F9 F8                  779 	mov	r0,a
   00FA E6                  780 	mov	a,@r0
   00FB C0 E0               781 	push	acc
   00FD 08                  782 	inc	r0
   00FE E6                  783 	mov	a,@r0
   00FF C0 E0               784 	push	acc
   0101 08                  785 	inc	r0
   0102 E6                  786 	mov	a,@r0
   0103 C0 E0               787 	push	acc
   0105 8A 82               788 	mov	dpl,r2
   0107 8B 83               789 	mov	dph,r3
   0109 8C F0               790 	mov	b,r4
   010B 12s00r00            791 	lcall	_memcpy
   010E E5 81               792 	mov	a,sp
   0110 24 FB               793 	add	a,#0xfb
   0112 F5 81               794 	mov	sp,a
   0114 D0 04               795 	pop	ar4
   0116 D0 03               796 	pop	ar3
   0118 D0 02               797 	pop	ar2
                            798 ;	../../../core/net/uip-udp-packet.c:83: c->rport = toport;
   011A 74 06               799 	mov	a,#0x06
   011C 2A                  800 	add	a,r2
   011D FF                  801 	mov	r7,a
   011E E4                  802 	clr	a
   011F 3B                  803 	addc	a,r3
   0120 FD                  804 	mov	r5,a
   0121 8C 06               805 	mov	ar6,r4
   0123 8F 82               806 	mov	dpl,r7
   0125 8D 83               807 	mov	dph,r5
   0127 8E F0               808 	mov	b,r6
   0129 E5*00               809 	mov	a,_bp
   012B 24 F4               810 	add	a,#0xf4
   012D F8                  811 	mov	r0,a
   012E E6                  812 	mov	a,@r0
   012F 12s00r00            813 	lcall	__gptrput
   0132 A3                  814 	inc	dptr
   0133 08                  815 	inc	r0
   0134 E6                  816 	mov	a,@r0
   0135 12s00r00            817 	lcall	__gptrput
                            818 ;	../../../core/net/uip-udp-packet.c:85: uip_udp_packet_send(c, data, len);
   0138 C0 02               819 	push	ar2
   013A C0 03               820 	push	ar3
   013C C0 04               821 	push	ar4
   013E E5*00               822 	mov	a,_bp
   0140 24 F9               823 	add	a,#0xf9
   0142 F8                  824 	mov	r0,a
   0143 E6                  825 	mov	a,@r0
   0144 C0 E0               826 	push	acc
   0146 08                  827 	inc	r0
   0147 E6                  828 	mov	a,@r0
   0148 C0 E0               829 	push	acc
   014A E5*00               830 	mov	a,_bp
   014C 24 FB               831 	add	a,#0xfb
   014E F8                  832 	mov	r0,a
   014F E6                  833 	mov	a,@r0
   0150 C0 E0               834 	push	acc
   0152 08                  835 	inc	r0
   0153 E6                  836 	mov	a,@r0
   0154 C0 E0               837 	push	acc
   0156 08                  838 	inc	r0
   0157 E6                  839 	mov	a,@r0
   0158 C0 E0               840 	push	acc
   015A 8A 82               841 	mov	dpl,r2
   015C 8B 83               842 	mov	dph,r3
   015E 8C F0               843 	mov	b,r4
   0160 12s00r00            844 	lcall	_uip_udp_packet_send
   0163 E5 81               845 	mov	a,sp
   0165 24 FB               846 	add	a,#0xfb
   0167 F5 81               847 	mov	sp,a
   0169 D0 04               848 	pop	ar4
   016B D0 03               849 	pop	ar3
   016D D0 02               850 	pop	ar2
                            851 ;	../../../core/net/uip-udp-packet.c:88: uip_ipaddr_copy(&c->ripaddr, &curaddr);
   016F AD*00               852 	mov	r5,_bp
   0171 0D                  853 	inc	r5
   0172 7E 00               854 	mov	r6,#0x00
   0174 7F 40               855 	mov	r7,#0x40
   0176 C0 02               856 	push	ar2
   0178 C0 03               857 	push	ar3
   017A C0 04               858 	push	ar4
   017C 74 04               859 	mov	a,#0x04
   017E C0 E0               860 	push	acc
   0180 E4                  861 	clr	a
   0181 C0 E0               862 	push	acc
   0183 C0 05               863 	push	ar5
   0185 C0 06               864 	push	ar6
   0187 C0 07               865 	push	ar7
   0189 8A 82               866 	mov	dpl,r2
   018B 8B 83               867 	mov	dph,r3
   018D 8C F0               868 	mov	b,r4
   018F 12s00r00            869 	lcall	_memcpy
   0192 E5 81               870 	mov	a,sp
   0194 24 FB               871 	add	a,#0xfb
   0196 F5 81               872 	mov	sp,a
   0198 D0 04               873 	pop	ar4
   019A D0 03               874 	pop	ar3
   019C D0 02               875 	pop	ar2
                            876 ;	../../../core/net/uip-udp-packet.c:89: c->rport = curport;
   019E 74 06               877 	mov	a,#0x06
   01A0 2A                  878 	add	a,r2
   01A1 FA                  879 	mov	r2,a
   01A2 E4                  880 	clr	a
   01A3 3B                  881 	addc	a,r3
   01A4 FB                  882 	mov	r3,a
   01A5 8A 82               883 	mov	dpl,r2
   01A7 8B 83               884 	mov	dph,r3
   01A9 8C F0               885 	mov	b,r4
   01AB E5*00               886 	mov	a,_bp
   01AD 24 05               887 	add	a,#0x05
   01AF F8                  888 	mov	r0,a
   01B0 E6                  889 	mov	a,@r0
   01B1 12s00r00            890 	lcall	__gptrput
   01B4 A3                  891 	inc	dptr
   01B5 08                  892 	inc	r0
   01B6 E6                  893 	mov	a,@r0
   01B7 12s00r00            894 	lcall	__gptrput
   01BA 85*00 81            895 	mov	sp,_bp
   01BD D0*00               896 	pop	_bp
   01BF 22                  897 	ret
                            898 	.area CSEG    (CODE)
                            899 	.area CONST   (CODE)
                            900 	.area XINIT   (CODE)
                            901 	.area CABS    (ABS,CODE)
