                              1 ;--------------------------------------------------------
                              2 ; File Created by SDCC : free open source ANSI-C Compiler
                              3 ; Version 3.0.1 #6121 (Nov 17 2015) (CYGWIN)
                              4 ; This file was generated Sat Jan 27 13:24:56 2018
                              5 ;--------------------------------------------------------
                              6 	.module unicast
                              7 	.optsdcc -mmcs51 --model-large
                              8 	
                              9 ;--------------------------------------------------------
                             10 ; Public variables in this module
                             11 ;--------------------------------------------------------
                             12 	.globl _IRCON2_P2IF
                             13 	.globl _IRCON2_UTX0IF
                             14 	.globl _IRCON2_UTX1IF
                             15 	.globl _IRCON2_P1IF
                             16 	.globl _IRCON2_WDTIF
                             17 	.globl _CY
                             18 	.globl _AC
                             19 	.globl _F0
                             20 	.globl _RS1
                             21 	.globl _RS0
                             22 	.globl _OV
                             23 	.globl _F1
                             24 	.globl _P
                             25 	.globl _IRCON_DMAIF
                             26 	.globl _IRCON_T1IF
                             27 	.globl _IRCON_T2IF
                             28 	.globl _IRCON_T3IF
                             29 	.globl _IRCON_T4IF
                             30 	.globl _IRCON_P0IF
                             31 	.globl _IRCON_STIF
                             32 	.globl _IEN1_DMAIE
                             33 	.globl _IEN1_T1IE
                             34 	.globl _IEN1_T2IE
                             35 	.globl _IEN1_T3IE
                             36 	.globl _IEN1_T4IE
                             37 	.globl _IEN1_P0IE
                             38 	.globl _IEN0_RFERRIE
                             39 	.globl _IEN0_ADCIE
                             40 	.globl _IEN0_URX0IE
                             41 	.globl _IEN0_URX1IE
                             42 	.globl _IEN0_ENCIE
                             43 	.globl _IEN0_STIE
                             44 	.globl _IEN0_EA
                             45 	.globl _EA
                             46 	.globl _P2_4
                             47 	.globl _P2_3
                             48 	.globl _P2_2
                             49 	.globl _P2_1
                             50 	.globl _P2_0
                             51 	.globl _S0CON_ENCIF_0
                             52 	.globl _S0CON_ENCIF_1
                             53 	.globl _P1_7
                             54 	.globl _P1_6
                             55 	.globl _P1_5
                             56 	.globl _P1_4
                             57 	.globl _P1_3
                             58 	.globl _P1_2
                             59 	.globl _P1_1
                             60 	.globl _P1_0
                             61 	.globl _TCON_IT0
                             62 	.globl _TCON_RFERRIF
                             63 	.globl _TCON_IT1
                             64 	.globl _TCON_URX0IF
                             65 	.globl _TCON_ADCIF
                             66 	.globl _TCON_URX1IF
                             67 	.globl _P0_0
                             68 	.globl _P0_1
                             69 	.globl _P0_2
                             70 	.globl _P0_3
                             71 	.globl _P0_4
                             72 	.globl _P0_5
                             73 	.globl _P0_6
                             74 	.globl _P0_7
                             75 	.globl _P2DIR
                             76 	.globl _P1DIR
                             77 	.globl _P0DIR
                             78 	.globl _U1GCR
                             79 	.globl _U1UCR
                             80 	.globl _U1BAUD
                             81 	.globl _U1BUF
                             82 	.globl _U1CSR
                             83 	.globl _P2INP
                             84 	.globl _P1INP
                             85 	.globl _P2SEL
                             86 	.globl _P1SEL
                             87 	.globl _P0SEL
                             88 	.globl _ADCCFG
                             89 	.globl _PERCFG
                             90 	.globl _B
                             91 	.globl _T4CC1
                             92 	.globl _T4CCTL1
                             93 	.globl _T4CC0
                             94 	.globl _T4CCTL0
                             95 	.globl _T4CTL
                             96 	.globl _T4CNT
                             97 	.globl _RFIF
                             98 	.globl _IRCON2
                             99 	.globl _T1CCTL2
                            100 	.globl _T1CCTL1
                            101 	.globl _T1CCTL0
                            102 	.globl _T1CTL
                            103 	.globl _T1CNTH
                            104 	.globl _T1CNTL
                            105 	.globl _RFST
                            106 	.globl _ACC
                            107 	.globl _T1CC2H
                            108 	.globl _T1CC2L
                            109 	.globl _T1CC1H
                            110 	.globl _T1CC1L
                            111 	.globl _T1CC0H
                            112 	.globl _T1CC0L
                            113 	.globl _RFD
                            114 	.globl _TIMIF
                            115 	.globl _DMAREQ
                            116 	.globl _DMAARM
                            117 	.globl _DMA0CFGH
                            118 	.globl _DMA0CFGL
                            119 	.globl _DMA1CFGH
                            120 	.globl _DMA1CFGL
                            121 	.globl _DMAIRQ
                            122 	.globl _PSW
                            123 	.globl _T3CC1
                            124 	.globl _T3CCTL1
                            125 	.globl _T3CC0
                            126 	.globl _T3CCTL0
                            127 	.globl _T3CTL
                            128 	.globl _T3CNT
                            129 	.globl _WDCTL
                            130 	.globl _T2CON
                            131 	.globl _MEMCTR
                            132 	.globl _CLKCON
                            133 	.globl _U0GCR
                            134 	.globl _U0UCR
                            135 	.globl _T2CNF
                            136 	.globl _U0BAUD
                            137 	.globl _U0BUF
                            138 	.globl _IRCON
                            139 	.globl _SLEEP
                            140 	.globl _RNDH
                            141 	.globl _RNDL
                            142 	.globl _ADCH
                            143 	.globl _ADCL
                            144 	.globl _IP1
                            145 	.globl _IEN1
                            146 	.globl _RCCTL
                            147 	.globl _ADCCON3
                            148 	.globl _ADCCON2
                            149 	.globl _ADCCON1
                            150 	.globl _ENCCS
                            151 	.globl _ENCDO
                            152 	.globl _ENCDI
                            153 	.globl _FWDATA
                            154 	.globl _FCTL
                            155 	.globl _FADDRH
                            156 	.globl _FADDRL
                            157 	.globl _FWT
                            158 	.globl _IP0
                            159 	.globl _IEN0
                            160 	.globl _IE
                            161 	.globl _T2THD
                            162 	.globl _T2TLD
                            163 	.globl _T2CAPHPH
                            164 	.globl _T2CAPLPL
                            165 	.globl _T2OF2
                            166 	.globl _T2OF1
                            167 	.globl _T2OF0
                            168 	.globl _P2
                            169 	.globl _PSBANK
                            170 	.globl _FMAP
                            171 	.globl _T2PEROF2
                            172 	.globl _T2PEROF1
                            173 	.globl _T2PEROF0
                            174 	.globl _S1CON
                            175 	.globl _IEN2
                            176 	.globl _HSRC
                            177 	.globl _S0CON
                            178 	.globl _ST2
                            179 	.globl _ST1
                            180 	.globl _ST0
                            181 	.globl _T2CMP
                            182 	.globl __XPAGE
                            183 	.globl _DPS
                            184 	.globl _RFIM
                            185 	.globl _P1
                            186 	.globl _P0INP
                            187 	.globl _P1IEN
                            188 	.globl _PICTL
                            189 	.globl _P2IFG
                            190 	.globl _P1IFG
                            191 	.globl _P0IFG
                            192 	.globl _TCON
                            193 	.globl _PCON
                            194 	.globl _U0CSR
                            195 	.globl _DPH1
                            196 	.globl _DPL1
                            197 	.globl _DPH0
                            198 	.globl _DPL0
                            199 	.globl _SP
                            200 	.globl _P0
                            201 	.globl _ADC_SHADOW
                            202 	.globl _U1BUF_SHADOW
                            203 	.globl _RFD_SHADOW
                            204 	.globl _U0BUF_SHADOW
                            205 	.globl _RFSTATUS
                            206 	.globl _CHIPID
                            207 	.globl _CHVER
                            208 	.globl _FSMTC1
                            209 	.globl _RXFIFOCNT
                            210 	.globl _IOCFG3
                            211 	.globl _IOCFG2
                            212 	.globl _IOCFG1
                            213 	.globl _IOCFG0
                            214 	.globl _SHORTADDRL
                            215 	.globl _SHORTADDRH
                            216 	.globl _PANIDL
                            217 	.globl _PANIDH
                            218 	.globl _IEEE_ADDR7
                            219 	.globl _IEEE_ADDR6
                            220 	.globl _IEEE_ADDR5
                            221 	.globl _IEEE_ADDR4
                            222 	.globl _IEEE_ADDR3
                            223 	.globl _IEEE_ADDR2
                            224 	.globl _IEEE_ADDR1
                            225 	.globl _IEEE_ADDR0
                            226 	.globl _DACTSTL
                            227 	.globl _DACTSTH
                            228 	.globl _ADCTSTL
                            229 	.globl _ADCTSTH
                            230 	.globl _FSMSTATE
                            231 	.globl _AGCCTRLL
                            232 	.globl _AGCCTRLH
                            233 	.globl _MANORL
                            234 	.globl _MANORH
                            235 	.globl _MANANDL
                            236 	.globl _MANANDH
                            237 	.globl _FSMTCL
                            238 	.globl _FSMTCH
                            239 	.globl _RFPWR
                            240 	.globl _CSPT
                            241 	.globl _CSPCTRL
                            242 	.globl _CSPZ
                            243 	.globl _CSPY
                            244 	.globl _CSPX
                            245 	.globl _FSCTRLL
                            246 	.globl _FSCTRLH
                            247 	.globl _RXCTRL1L
                            248 	.globl _RXCTRL1H
                            249 	.globl _RXCTRL0L
                            250 	.globl _RXCTRL0H
                            251 	.globl _TXCTRLL
                            252 	.globl _TXCTRLH
                            253 	.globl _SYNCWORDL
                            254 	.globl _SYNCWORDH
                            255 	.globl _RSSIL
                            256 	.globl _RSSIH
                            257 	.globl _MDMCTRL1L
                            258 	.globl _MDMCTRL1H
                            259 	.globl _MDMCTRL0L
                            260 	.globl _MDMCTRL0H
                            261 	.globl _unicast_open
                            262 	.globl _unicast_close
                            263 	.globl _unicast_send
                            264 ;--------------------------------------------------------
                            265 ; special function registers
                            266 ;--------------------------------------------------------
                            267 	.area RSEG    (ABS,DATA)
   0000                     268 	.org 0x0000
                    0080    269 _P0	=	0x0080
                    0081    270 _SP	=	0x0081
                    0082    271 _DPL0	=	0x0082
                    0083    272 _DPH0	=	0x0083
                    0084    273 _DPL1	=	0x0084
                    0085    274 _DPH1	=	0x0085
                    0086    275 _U0CSR	=	0x0086
                    0087    276 _PCON	=	0x0087
                    0088    277 _TCON	=	0x0088
                    0089    278 _P0IFG	=	0x0089
                    008A    279 _P1IFG	=	0x008a
                    008B    280 _P2IFG	=	0x008b
                    008C    281 _PICTL	=	0x008c
                    008D    282 _P1IEN	=	0x008d
                    008F    283 _P0INP	=	0x008f
                    0090    284 _P1	=	0x0090
                    0091    285 _RFIM	=	0x0091
                    0092    286 _DPS	=	0x0092
                    0093    287 __XPAGE	=	0x0093
                    0094    288 _T2CMP	=	0x0094
                    0095    289 _ST0	=	0x0095
                    0096    290 _ST1	=	0x0096
                    0097    291 _ST2	=	0x0097
                    0098    292 _S0CON	=	0x0098
                    0099    293 _HSRC	=	0x0099
                    009A    294 _IEN2	=	0x009a
                    009B    295 _S1CON	=	0x009b
                    009C    296 _T2PEROF0	=	0x009c
                    009D    297 _T2PEROF1	=	0x009d
                    009E    298 _T2PEROF2	=	0x009e
                    009F    299 _FMAP	=	0x009f
                    009F    300 _PSBANK	=	0x009f
                    00A0    301 _P2	=	0x00a0
                    00A1    302 _T2OF0	=	0x00a1
                    00A2    303 _T2OF1	=	0x00a2
                    00A3    304 _T2OF2	=	0x00a3
                    00A4    305 _T2CAPLPL	=	0x00a4
                    00A5    306 _T2CAPHPH	=	0x00a5
                    00A6    307 _T2TLD	=	0x00a6
                    00A7    308 _T2THD	=	0x00a7
                    00A8    309 _IE	=	0x00a8
                    00A8    310 _IEN0	=	0x00a8
                    00A9    311 _IP0	=	0x00a9
                    00AB    312 _FWT	=	0x00ab
                    00AC    313 _FADDRL	=	0x00ac
                    00AD    314 _FADDRH	=	0x00ad
                    00AE    315 _FCTL	=	0x00ae
                    00AF    316 _FWDATA	=	0x00af
                    00B1    317 _ENCDI	=	0x00b1
                    00B2    318 _ENCDO	=	0x00b2
                    00B3    319 _ENCCS	=	0x00b3
                    00B4    320 _ADCCON1	=	0x00b4
                    00B5    321 _ADCCON2	=	0x00b5
                    00B6    322 _ADCCON3	=	0x00b6
                    00B7    323 _RCCTL	=	0x00b7
                    00B8    324 _IEN1	=	0x00b8
                    00B9    325 _IP1	=	0x00b9
                    00BA    326 _ADCL	=	0x00ba
                    00BB    327 _ADCH	=	0x00bb
                    00BC    328 _RNDL	=	0x00bc
                    00BD    329 _RNDH	=	0x00bd
                    00BE    330 _SLEEP	=	0x00be
                    00C0    331 _IRCON	=	0x00c0
                    00C1    332 _U0BUF	=	0x00c1
                    00C2    333 _U0BAUD	=	0x00c2
                    00C3    334 _T2CNF	=	0x00c3
                    00C4    335 _U0UCR	=	0x00c4
                    00C5    336 _U0GCR	=	0x00c5
                    00C6    337 _CLKCON	=	0x00c6
                    00C7    338 _MEMCTR	=	0x00c7
                    00C8    339 _T2CON	=	0x00c8
                    00C9    340 _WDCTL	=	0x00c9
                    00CA    341 _T3CNT	=	0x00ca
                    00CB    342 _T3CTL	=	0x00cb
                    00CC    343 _T3CCTL0	=	0x00cc
                    00CD    344 _T3CC0	=	0x00cd
                    00CE    345 _T3CCTL1	=	0x00ce
                    00CF    346 _T3CC1	=	0x00cf
                    00D0    347 _PSW	=	0x00d0
                    00D1    348 _DMAIRQ	=	0x00d1
                    00D2    349 _DMA1CFGL	=	0x00d2
                    00D3    350 _DMA1CFGH	=	0x00d3
                    00D4    351 _DMA0CFGL	=	0x00d4
                    00D5    352 _DMA0CFGH	=	0x00d5
                    00D6    353 _DMAARM	=	0x00d6
                    00D7    354 _DMAREQ	=	0x00d7
                    00D8    355 _TIMIF	=	0x00d8
                    00D9    356 _RFD	=	0x00d9
                    00DA    357 _T1CC0L	=	0x00da
                    00DB    358 _T1CC0H	=	0x00db
                    00DC    359 _T1CC1L	=	0x00dc
                    00DD    360 _T1CC1H	=	0x00dd
                    00DE    361 _T1CC2L	=	0x00de
                    00DF    362 _T1CC2H	=	0x00df
                    00E0    363 _ACC	=	0x00e0
                    00E1    364 _RFST	=	0x00e1
                    00E2    365 _T1CNTL	=	0x00e2
                    00E3    366 _T1CNTH	=	0x00e3
                    00E4    367 _T1CTL	=	0x00e4
                    00E5    368 _T1CCTL0	=	0x00e5
                    00E6    369 _T1CCTL1	=	0x00e6
                    00E7    370 _T1CCTL2	=	0x00e7
                    00E8    371 _IRCON2	=	0x00e8
                    00E9    372 _RFIF	=	0x00e9
                    00EA    373 _T4CNT	=	0x00ea
                    00EB    374 _T4CTL	=	0x00eb
                    00EC    375 _T4CCTL0	=	0x00ec
                    00ED    376 _T4CC0	=	0x00ed
                    00EE    377 _T4CCTL1	=	0x00ee
                    00EF    378 _T4CC1	=	0x00ef
                    00F0    379 _B	=	0x00f0
                    00F1    380 _PERCFG	=	0x00f1
                    00F2    381 _ADCCFG	=	0x00f2
                    00F3    382 _P0SEL	=	0x00f3
                    00F4    383 _P1SEL	=	0x00f4
                    00F5    384 _P2SEL	=	0x00f5
                    00F6    385 _P1INP	=	0x00f6
                    00F7    386 _P2INP	=	0x00f7
                    00F8    387 _U1CSR	=	0x00f8
                    00F9    388 _U1BUF	=	0x00f9
                    00FA    389 _U1BAUD	=	0x00fa
                    00FB    390 _U1UCR	=	0x00fb
                    00FC    391 _U1GCR	=	0x00fc
                    00FD    392 _P0DIR	=	0x00fd
                    00FE    393 _P1DIR	=	0x00fe
                    00FF    394 _P2DIR	=	0x00ff
                            395 ;--------------------------------------------------------
                            396 ; special function bits
                            397 ;--------------------------------------------------------
                            398 	.area RSEG    (ABS,DATA)
   0000                     399 	.org 0x0000
                    0087    400 _P0_7	=	0x0087
                    0086    401 _P0_6	=	0x0086
                    0085    402 _P0_5	=	0x0085
                    0084    403 _P0_4	=	0x0084
                    0083    404 _P0_3	=	0x0083
                    0082    405 _P0_2	=	0x0082
                    0081    406 _P0_1	=	0x0081
                    0080    407 _P0_0	=	0x0080
                    008F    408 _TCON_URX1IF	=	0x008f
                    008D    409 _TCON_ADCIF	=	0x008d
                    008B    410 _TCON_URX0IF	=	0x008b
                    008A    411 _TCON_IT1	=	0x008a
                    0089    412 _TCON_RFERRIF	=	0x0089
                    0088    413 _TCON_IT0	=	0x0088
                    0090    414 _P1_0	=	0x0090
                    0091    415 _P1_1	=	0x0091
                    0092    416 _P1_2	=	0x0092
                    0093    417 _P1_3	=	0x0093
                    0094    418 _P1_4	=	0x0094
                    0095    419 _P1_5	=	0x0095
                    0096    420 _P1_6	=	0x0096
                    0097    421 _P1_7	=	0x0097
                    0099    422 _S0CON_ENCIF_1	=	0x0099
                    0098    423 _S0CON_ENCIF_0	=	0x0098
                    00A0    424 _P2_0	=	0x00a0
                    00A1    425 _P2_1	=	0x00a1
                    00A2    426 _P2_2	=	0x00a2
                    00A3    427 _P2_3	=	0x00a3
                    00A4    428 _P2_4	=	0x00a4
                    00AF    429 _EA	=	0x00af
                    00AF    430 _IEN0_EA	=	0x00af
                    00AD    431 _IEN0_STIE	=	0x00ad
                    00AC    432 _IEN0_ENCIE	=	0x00ac
                    00AB    433 _IEN0_URX1IE	=	0x00ab
                    00AA    434 _IEN0_URX0IE	=	0x00aa
                    00A9    435 _IEN0_ADCIE	=	0x00a9
                    00A8    436 _IEN0_RFERRIE	=	0x00a8
                    00BD    437 _IEN1_P0IE	=	0x00bd
                    00BC    438 _IEN1_T4IE	=	0x00bc
                    00BB    439 _IEN1_T3IE	=	0x00bb
                    00BA    440 _IEN1_T2IE	=	0x00ba
                    00B9    441 _IEN1_T1IE	=	0x00b9
                    00B8    442 _IEN1_DMAIE	=	0x00b8
                    00C7    443 _IRCON_STIF	=	0x00c7
                    00C5    444 _IRCON_P0IF	=	0x00c5
                    00C4    445 _IRCON_T4IF	=	0x00c4
                    00C3    446 _IRCON_T3IF	=	0x00c3
                    00C2    447 _IRCON_T2IF	=	0x00c2
                    00C1    448 _IRCON_T1IF	=	0x00c1
                    00C0    449 _IRCON_DMAIF	=	0x00c0
                    00D0    450 _P	=	0x00d0
                    00D1    451 _F1	=	0x00d1
                    00D2    452 _OV	=	0x00d2
                    00D3    453 _RS0	=	0x00d3
                    00D4    454 _RS1	=	0x00d4
                    00D5    455 _F0	=	0x00d5
                    00D6    456 _AC	=	0x00d6
                    00D7    457 _CY	=	0x00d7
                    00EC    458 _IRCON2_WDTIF	=	0x00ec
                    00EB    459 _IRCON2_P1IF	=	0x00eb
                    00EA    460 _IRCON2_UTX1IF	=	0x00ea
                    00E9    461 _IRCON2_UTX0IF	=	0x00e9
                    00E8    462 _IRCON2_P2IF	=	0x00e8
                            463 ;--------------------------------------------------------
                            464 ; overlayable register banks
                            465 ;--------------------------------------------------------
                            466 	.area REG_BANK_0	(REL,OVR,DATA)
   0000                     467 	.ds 8
                            468 ;--------------------------------------------------------
                            469 ; internal ram data
                            470 ;--------------------------------------------------------
                            471 	.area DSEG    (DATA)
                            472 ;--------------------------------------------------------
                            473 ; overlayable items in internal ram 
                            474 ;--------------------------------------------------------
                            475 	.area OSEG    (OVR,DATA)
                            476 ;--------------------------------------------------------
                            477 ; indirectly addressable internal ram data
                            478 ;--------------------------------------------------------
                            479 	.area ISEG    (DATA)
                            480 ;--------------------------------------------------------
                            481 ; absolute internal ram data
                            482 ;--------------------------------------------------------
                            483 	.area IABS    (ABS,DATA)
                            484 	.area IABS    (ABS,DATA)
                            485 ;--------------------------------------------------------
                            486 ; bit data
                            487 ;--------------------------------------------------------
                            488 	.area BSEG    (BIT)
                            489 ;--------------------------------------------------------
                            490 ; paged external ram data
                            491 ;--------------------------------------------------------
                            492 	.area PSEG    (PAG,XDATA)
                            493 ;--------------------------------------------------------
                            494 ; external ram data
                            495 ;--------------------------------------------------------
                            496 	.area XSEG    (XDATA)
                    DF02    497 _MDMCTRL0H	=	0xdf02
                    DF03    498 _MDMCTRL0L	=	0xdf03
                    DF04    499 _MDMCTRL1H	=	0xdf04
                    DF05    500 _MDMCTRL1L	=	0xdf05
                    DF06    501 _RSSIH	=	0xdf06
                    DF07    502 _RSSIL	=	0xdf07
                    DF08    503 _SYNCWORDH	=	0xdf08
                    DF09    504 _SYNCWORDL	=	0xdf09
                    DF0A    505 _TXCTRLH	=	0xdf0a
                    DF0B    506 _TXCTRLL	=	0xdf0b
                    DF0C    507 _RXCTRL0H	=	0xdf0c
                    DF0D    508 _RXCTRL0L	=	0xdf0d
                    DF0E    509 _RXCTRL1H	=	0xdf0e
                    DF0F    510 _RXCTRL1L	=	0xdf0f
                    DF10    511 _FSCTRLH	=	0xdf10
                    DF11    512 _FSCTRLL	=	0xdf11
                    DF12    513 _CSPX	=	0xdf12
                    DF13    514 _CSPY	=	0xdf13
                    DF14    515 _CSPZ	=	0xdf14
                    DF15    516 _CSPCTRL	=	0xdf15
                    DF16    517 _CSPT	=	0xdf16
                    DF17    518 _RFPWR	=	0xdf17
                    DF20    519 _FSMTCH	=	0xdf20
                    DF21    520 _FSMTCL	=	0xdf21
                    DF22    521 _MANANDH	=	0xdf22
                    DF23    522 _MANANDL	=	0xdf23
                    DF24    523 _MANORH	=	0xdf24
                    DF25    524 _MANORL	=	0xdf25
                    DF26    525 _AGCCTRLH	=	0xdf26
                    DF27    526 _AGCCTRLL	=	0xdf27
                    DF39    527 _FSMSTATE	=	0xdf39
                    DF3A    528 _ADCTSTH	=	0xdf3a
                    DF3B    529 _ADCTSTL	=	0xdf3b
                    DF3C    530 _DACTSTH	=	0xdf3c
                    DF3D    531 _DACTSTL	=	0xdf3d
                    DF43    532 _IEEE_ADDR0	=	0xdf43
                    DF44    533 _IEEE_ADDR1	=	0xdf44
                    DF45    534 _IEEE_ADDR2	=	0xdf45
                    DF46    535 _IEEE_ADDR3	=	0xdf46
                    DF47    536 _IEEE_ADDR4	=	0xdf47
                    DF48    537 _IEEE_ADDR5	=	0xdf48
                    DF49    538 _IEEE_ADDR6	=	0xdf49
                    DF4A    539 _IEEE_ADDR7	=	0xdf4a
                    DF4B    540 _PANIDH	=	0xdf4b
                    DF4C    541 _PANIDL	=	0xdf4c
                    DF4D    542 _SHORTADDRH	=	0xdf4d
                    DF4E    543 _SHORTADDRL	=	0xdf4e
                    DF4F    544 _IOCFG0	=	0xdf4f
                    DF50    545 _IOCFG1	=	0xdf50
                    DF51    546 _IOCFG2	=	0xdf51
                    DF52    547 _IOCFG3	=	0xdf52
                    DF53    548 _RXFIFOCNT	=	0xdf53
                    DF54    549 _FSMTC1	=	0xdf54
                    DF60    550 _CHVER	=	0xdf60
                    DF61    551 _CHIPID	=	0xdf61
                    DF62    552 _RFSTATUS	=	0xdf62
                    DFC1    553 _U0BUF_SHADOW	=	0xdfc1
                    DFD9    554 _RFD_SHADOW	=	0xdfd9
                    DFF9    555 _U1BUF_SHADOW	=	0xdff9
                    DFBA    556 _ADC_SHADOW	=	0xdfba
                            557 ;--------------------------------------------------------
                            558 ; absolute external ram data
                            559 ;--------------------------------------------------------
                            560 	.area XABS    (ABS,XDATA)
                            561 ;--------------------------------------------------------
                            562 ; external initialized ram data
                            563 ;--------------------------------------------------------
                            564 	.area XISEG   (XDATA)
                            565 	.area HOME    (CODE)
                            566 	.area GSINIT0 (CODE)
                            567 	.area GSINIT1 (CODE)
                            568 	.area GSINIT2 (CODE)
                            569 	.area GSINIT3 (CODE)
                            570 	.area GSINIT4 (CODE)
                            571 	.area GSINIT5 (CODE)
                            572 	.area GSINIT  (CODE)
                            573 	.area GSFINAL (CODE)
                            574 	.area CSEG    (CODE)
                            575 ;--------------------------------------------------------
                            576 ; global & static initialisations
                            577 ;--------------------------------------------------------
                            578 	.area HOME    (CODE)
                            579 	.area GSINIT  (CODE)
                            580 	.area GSFINAL (CODE)
                            581 	.area GSINIT  (CODE)
                            582 ;--------------------------------------------------------
                            583 ; Home
                            584 ;--------------------------------------------------------
                            585 	.area HOME    (CODE)
                            586 	.area HOME    (CODE)
                            587 ;--------------------------------------------------------
                            588 ; code
                            589 ;--------------------------------------------------------
                            590 	.area CSEG    (CODE)
                            591 ;------------------------------------------------------------
                            592 ;Allocation info for local variables in function 'recv_from_broadcast'
                            593 ;------------------------------------------------------------
                            594 ;from                      Allocated to stack - offset -5
                            595 ;broadcast                 Allocated to registers r2 r3 r4 
                            596 ;c                         Allocated to registers 
                            597 ;------------------------------------------------------------
                            598 ;	../../../core/net/rime/unicast.c:67: recv_from_broadcast(struct broadcast_conn *broadcast, const rimeaddr_t *from)
                            599 ;	-----------------------------------------
                            600 ;	 function recv_from_broadcast
                            601 ;	-----------------------------------------
   0000                     602 _recv_from_broadcast:
                    0002    603 	ar2 = 0x02
                    0003    604 	ar3 = 0x03
                    0004    605 	ar4 = 0x04
                    0005    606 	ar5 = 0x05
                    0006    607 	ar6 = 0x06
                    0007    608 	ar7 = 0x07
                    0000    609 	ar0 = 0x00
                    0001    610 	ar1 = 0x01
   0000 C0*00               611 	push	_bp
   0002 85 81*00            612 	mov	_bp,sp
   0005 AA 82               613 	mov	r2,dpl
   0007 AB 83               614 	mov	r3,dph
   0009 AC F0               615 	mov	r4,b
                            616 ;	../../../core/net/rime/unicast.c:75: if(rimeaddr_cmp(packetbuf_addr(PACKETBUF_ADDR_RECEIVER), &rimeaddr_node_addr)) {
   000B 75 82 19            617 	mov	dpl,#0x19
   000E C0 02               618 	push	ar2
   0010 C0 03               619 	push	ar3
   0012 C0 04               620 	push	ar4
   0014 12s00r00            621 	lcall	_packetbuf_addr
   0017 AD 82               622 	mov	r5,dpl
   0019 AE 83               623 	mov	r6,dph
   001B AF F0               624 	mov	r7,b
   001D 74r00               625 	mov	a,#_rimeaddr_node_addr
   001F C0 E0               626 	push	acc
   0021 74s00               627 	mov	a,#(_rimeaddr_node_addr >> 8)
   0023 C0 E0               628 	push	acc
   0025 E4                  629 	clr	a
   0026 C0 E0               630 	push	acc
   0028 8D 82               631 	mov	dpl,r5
   002A 8E 83               632 	mov	dph,r6
   002C 8F F0               633 	mov	b,r7
   002E 12s00r00            634 	lcall	_rimeaddr_cmp
   0031 AD 82               635 	mov	r5,dpl
   0033 AE 83               636 	mov	r6,dph
   0035 15 81               637 	dec	sp
   0037 15 81               638 	dec	sp
   0039 15 81               639 	dec	sp
   003B D0 04               640 	pop	ar4
   003D D0 03               641 	pop	ar3
   003F D0 02               642 	pop	ar2
   0041 ED                  643 	mov	a,r5
   0042 4E                  644 	orl	a,r6
   0043 60 5D               645 	jz	00103$
                            646 ;	../../../core/net/rime/unicast.c:76: c->u->recv(c, from);
   0045 74 0F               647 	mov	a,#0x0F
   0047 2A                  648 	add	a,r2
   0048 FD                  649 	mov	r5,a
   0049 E4                  650 	clr	a
   004A 3B                  651 	addc	a,r3
   004B FE                  652 	mov	r6,a
   004C 8C 07               653 	mov	ar7,r4
   004E 8D 82               654 	mov	dpl,r5
   0050 8E 83               655 	mov	dph,r6
   0052 8F F0               656 	mov	b,r7
   0054 12s00r00            657 	lcall	__gptrget
   0057 FD                  658 	mov	r5,a
   0058 A3                  659 	inc	dptr
   0059 12s00r00            660 	lcall	__gptrget
   005C FE                  661 	mov	r6,a
   005D A3                  662 	inc	dptr
   005E 12s00r00            663 	lcall	__gptrget
   0061 FF                  664 	mov	r7,a
   0062 8D 82               665 	mov	dpl,r5
   0064 8E 83               666 	mov	dph,r6
   0066 8F F0               667 	mov	b,r7
   0068 12s00r00            668 	lcall	__gptrget
   006B FD                  669 	mov	r5,a
   006C A3                  670 	inc	dptr
   006D 12s00r00            671 	lcall	__gptrget
   0070 FE                  672 	mov	r6,a
   0071 C0 05               673 	push	ar5
   0073 C0 06               674 	push	ar6
   0075 E5*00               675 	mov	a,_bp
   0077 24 FB               676 	add	a,#0xfb
   0079 F8                  677 	mov	r0,a
   007A E6                  678 	mov	a,@r0
   007B C0 E0               679 	push	acc
   007D 08                  680 	inc	r0
   007E E6                  681 	mov	a,@r0
   007F C0 E0               682 	push	acc
   0081 08                  683 	inc	r0
   0082 E6                  684 	mov	a,@r0
   0083 C0 E0               685 	push	acc
   0085 74r98               686 	mov	a,#00107$
   0087 C0 E0               687 	push	acc
   0089 74s00               688 	mov	a,#(00107$ >> 8)
   008B C0 E0               689 	push	acc
   008D C0 05               690 	push	ar5
   008F C0 06               691 	push	ar6
   0091 8A 82               692 	mov	dpl,r2
   0093 8B 83               693 	mov	dph,r3
   0095 8C F0               694 	mov	b,r4
   0097 22                  695 	ret
   0098                     696 00107$:
   0098 15 81               697 	dec	sp
   009A 15 81               698 	dec	sp
   009C 15 81               699 	dec	sp
   009E D0 06               700 	pop	ar6
   00A0 D0 05               701 	pop	ar5
   00A2                     702 00103$:
   00A2 D0*00               703 	pop	_bp
   00A4 22                  704 	ret
                            705 ;------------------------------------------------------------
                            706 ;Allocation info for local variables in function 'sent_by_broadcast'
                            707 ;------------------------------------------------------------
                            708 ;status                    Allocated to stack - offset -4
                            709 ;num_tx                    Allocated to stack - offset -6
                            710 ;broadcast                 Allocated to registers r2 r3 r4 
                            711 ;c                         Allocated to registers 
                            712 ;------------------------------------------------------------
                            713 ;	../../../core/net/rime/unicast.c:81: sent_by_broadcast(struct broadcast_conn *broadcast, int status, int num_tx)
                            714 ;	-----------------------------------------
                            715 ;	 function sent_by_broadcast
                            716 ;	-----------------------------------------
   00A5                     717 _sent_by_broadcast:
   00A5 C0*00               718 	push	_bp
   00A7 85 81*00            719 	mov	_bp,sp
   00AA AA 82               720 	mov	r2,dpl
   00AC AB 83               721 	mov	r3,dph
   00AE AC F0               722 	mov	r4,b
                            723 ;	../../../core/net/rime/unicast.c:90: if(c->u->sent) {
   00B0 74 0F               724 	mov	a,#0x0F
   00B2 2A                  725 	add	a,r2
   00B3 FD                  726 	mov	r5,a
   00B4 E4                  727 	clr	a
   00B5 3B                  728 	addc	a,r3
   00B6 FE                  729 	mov	r6,a
   00B7 8C 07               730 	mov	ar7,r4
   00B9 8D 82               731 	mov	dpl,r5
   00BB 8E 83               732 	mov	dph,r6
   00BD 8F F0               733 	mov	b,r7
   00BF 12s00r00            734 	lcall	__gptrget
   00C2 FD                  735 	mov	r5,a
   00C3 A3                  736 	inc	dptr
   00C4 12s00r00            737 	lcall	__gptrget
   00C7 FE                  738 	mov	r6,a
   00C8 A3                  739 	inc	dptr
   00C9 12s00r00            740 	lcall	__gptrget
   00CC FF                  741 	mov	r7,a
   00CD 74 02               742 	mov	a,#0x02
   00CF 2D                  743 	add	a,r5
   00D0 FD                  744 	mov	r5,a
   00D1 E4                  745 	clr	a
   00D2 3E                  746 	addc	a,r6
   00D3 FE                  747 	mov	r6,a
   00D4 8D 82               748 	mov	dpl,r5
   00D6 8E 83               749 	mov	dph,r6
   00D8 8F F0               750 	mov	b,r7
   00DA 12s00r00            751 	lcall	__gptrget
   00DD FD                  752 	mov	r5,a
   00DE A3                  753 	inc	dptr
   00DF 12s00r00            754 	lcall	__gptrget
   00E2 FE                  755 	mov	r6,a
   00E3 4D                  756 	orl	a,r5
   00E4 60 39               757 	jz	00103$
                            758 ;	../../../core/net/rime/unicast.c:91: c->u->sent(c, status, num_tx);
   00E6 C0 05               759 	push	ar5
   00E8 C0 06               760 	push	ar6
   00EA E5*00               761 	mov	a,_bp
   00EC 24 FA               762 	add	a,#0xfa
   00EE F8                  763 	mov	r0,a
   00EF E6                  764 	mov	a,@r0
   00F0 C0 E0               765 	push	acc
   00F2 08                  766 	inc	r0
   00F3 E6                  767 	mov	a,@r0
   00F4 C0 E0               768 	push	acc
   00F6 E5*00               769 	mov	a,_bp
   00F8 24 FC               770 	add	a,#0xfc
   00FA F8                  771 	mov	r0,a
   00FB E6                  772 	mov	a,@r0
   00FC C0 E0               773 	push	acc
   00FE 08                  774 	inc	r0
   00FF E6                  775 	mov	a,@r0
   0100 C0 E0               776 	push	acc
   0102 74r15               777 	mov	a,#00107$
   0104 C0 E0               778 	push	acc
   0106 74s01               779 	mov	a,#(00107$ >> 8)
   0108 C0 E0               780 	push	acc
   010A C0 05               781 	push	ar5
   010C C0 06               782 	push	ar6
   010E 8A 82               783 	mov	dpl,r2
   0110 8B 83               784 	mov	dph,r3
   0112 8C F0               785 	mov	b,r4
   0114 22                  786 	ret
   0115                     787 00107$:
   0115 E5 81               788 	mov	a,sp
   0117 24 FC               789 	add	a,#0xfc
   0119 F5 81               790 	mov	sp,a
   011B D0 06               791 	pop	ar6
   011D D0 05               792 	pop	ar5
   011F                     793 00103$:
   011F D0*00               794 	pop	_bp
   0121 22                  795 	ret
                            796 ;------------------------------------------------------------
                            797 ;Allocation info for local variables in function 'unicast_open'
                            798 ;------------------------------------------------------------
                            799 ;channel                   Allocated to stack - offset -4
                            800 ;u                         Allocated to stack - offset -7
                            801 ;c                         Allocated to registers r2 r3 r4 
                            802 ;------------------------------------------------------------
                            803 ;	../../../core/net/rime/unicast.c:99: unicast_open(struct unicast_conn *c, uint16_t channel,
                            804 ;	-----------------------------------------
                            805 ;	 function unicast_open
                            806 ;	-----------------------------------------
   0122                     807 _unicast_open:
   0122 C0*00               808 	push	_bp
   0124 85 81*00            809 	mov	_bp,sp
   0127 AA 82               810 	mov	r2,dpl
   0129 AB 83               811 	mov	r3,dph
   012B AC F0               812 	mov	r4,b
                            813 ;	../../../core/net/rime/unicast.c:102: broadcast_open(&c->c, channel, &uc);
   012D C0 02               814 	push	ar2
   012F C0 03               815 	push	ar3
   0131 C0 04               816 	push	ar4
   0133 74r06               817 	mov	a,#_uc
   0135 C0 E0               818 	push	acc
   0137 74s00               819 	mov	a,#(_uc >> 8)
   0139 C0 E0               820 	push	acc
   013B 74 80               821 	mov	a,#0x80
   013D C0 E0               822 	push	acc
   013F E5*00               823 	mov	a,_bp
   0141 24 FC               824 	add	a,#0xfc
   0143 F8                  825 	mov	r0,a
   0144 E6                  826 	mov	a,@r0
   0145 C0 E0               827 	push	acc
   0147 08                  828 	inc	r0
   0148 E6                  829 	mov	a,@r0
   0149 C0 E0               830 	push	acc
   014B 8A 82               831 	mov	dpl,r2
   014D 8B 83               832 	mov	dph,r3
   014F 8C F0               833 	mov	b,r4
   0151 12s00r00            834 	lcall	_broadcast_open
   0154 E5 81               835 	mov	a,sp
   0156 24 FB               836 	add	a,#0xfb
   0158 F5 81               837 	mov	sp,a
   015A D0 04               838 	pop	ar4
   015C D0 03               839 	pop	ar3
   015E D0 02               840 	pop	ar2
                            841 ;	../../../core/net/rime/unicast.c:103: c->u = u;
   0160 74 0F               842 	mov	a,#0x0F
   0162 2A                  843 	add	a,r2
   0163 FA                  844 	mov	r2,a
   0164 E4                  845 	clr	a
   0165 3B                  846 	addc	a,r3
   0166 FB                  847 	mov	r3,a
   0167 8A 82               848 	mov	dpl,r2
   0169 8B 83               849 	mov	dph,r3
   016B 8C F0               850 	mov	b,r4
   016D E5*00               851 	mov	a,_bp
   016F 24 F9               852 	add	a,#0xf9
   0171 F8                  853 	mov	r0,a
   0172 E6                  854 	mov	a,@r0
   0173 12s00r00            855 	lcall	__gptrput
   0176 A3                  856 	inc	dptr
   0177 08                  857 	inc	r0
   0178 E6                  858 	mov	a,@r0
   0179 12s00r00            859 	lcall	__gptrput
   017C A3                  860 	inc	dptr
   017D 08                  861 	inc	r0
   017E E6                  862 	mov	a,@r0
   017F 12s00r00            863 	lcall	__gptrput
                            864 ;	../../../core/net/rime/unicast.c:104: channel_set_attributes(channel, attributes);
   0182 74r00               865 	mov	a,#_attributes
   0184 C0 E0               866 	push	acc
   0186 74s00               867 	mov	a,#(_attributes >> 8)
   0188 C0 E0               868 	push	acc
   018A 74 80               869 	mov	a,#0x80
   018C C0 E0               870 	push	acc
   018E E5*00               871 	mov	a,_bp
   0190 24 FC               872 	add	a,#0xfc
   0192 F8                  873 	mov	r0,a
   0193 86 82               874 	mov	dpl,@r0
   0195 08                  875 	inc	r0
   0196 86 83               876 	mov	dph,@r0
   0198 12s00r00            877 	lcall	_channel_set_attributes
   019B 15 81               878 	dec	sp
   019D 15 81               879 	dec	sp
   019F 15 81               880 	dec	sp
   01A1 D0*00               881 	pop	_bp
   01A3 22                  882 	ret
                            883 ;------------------------------------------------------------
                            884 ;Allocation info for local variables in function 'unicast_close'
                            885 ;------------------------------------------------------------
                            886 ;c                         Allocated to registers r2 r3 r4 
                            887 ;------------------------------------------------------------
                            888 ;	../../../core/net/rime/unicast.c:108: unicast_close(struct unicast_conn *c)
                            889 ;	-----------------------------------------
                            890 ;	 function unicast_close
                            891 ;	-----------------------------------------
   01A4                     892 _unicast_close:
                            893 ;	../../../core/net/rime/unicast.c:110: broadcast_close(&c->c);
   01A4 02s00r00            894 	ljmp	_broadcast_close
                            895 ;------------------------------------------------------------
                            896 ;Allocation info for local variables in function 'unicast_send'
                            897 ;------------------------------------------------------------
                            898 ;receiver                  Allocated to stack - offset -5
                            899 ;c                         Allocated to registers r2 r3 r4 
                            900 ;------------------------------------------------------------
                            901 ;	../../../core/net/rime/unicast.c:114: unicast_send(struct unicast_conn *c, const rimeaddr_t *receiver)
                            902 ;	-----------------------------------------
                            903 ;	 function unicast_send
                            904 ;	-----------------------------------------
   01A7                     905 _unicast_send:
   01A7 C0*00               906 	push	_bp
   01A9 85 81*00            907 	mov	_bp,sp
   01AC AA 82               908 	mov	r2,dpl
   01AE AB 83               909 	mov	r3,dph
   01B0 AC F0               910 	mov	r4,b
                            911 ;	../../../core/net/rime/unicast.c:119: packetbuf_set_addr(PACKETBUF_ADDR_RECEIVER, receiver);
   01B2 C0 02               912 	push	ar2
   01B4 C0 03               913 	push	ar3
   01B6 C0 04               914 	push	ar4
   01B8 E5*00               915 	mov	a,_bp
   01BA 24 FB               916 	add	a,#0xfb
   01BC F8                  917 	mov	r0,a
   01BD E6                  918 	mov	a,@r0
   01BE C0 E0               919 	push	acc
   01C0 08                  920 	inc	r0
   01C1 E6                  921 	mov	a,@r0
   01C2 C0 E0               922 	push	acc
   01C4 08                  923 	inc	r0
   01C5 E6                  924 	mov	a,@r0
   01C6 C0 E0               925 	push	acc
   01C8 75 82 19            926 	mov	dpl,#0x19
   01CB 12s00r00            927 	lcall	_packetbuf_set_addr
   01CE 15 81               928 	dec	sp
   01D0 15 81               929 	dec	sp
   01D2 15 81               930 	dec	sp
   01D4 D0 04               931 	pop	ar4
   01D6 D0 03               932 	pop	ar3
   01D8 D0 02               933 	pop	ar2
                            934 ;	../../../core/net/rime/unicast.c:120: return broadcast_send(&c->c);
   01DA 8A 82               935 	mov	dpl,r2
   01DC 8B 83               936 	mov	dph,r3
   01DE 8C F0               937 	mov	b,r4
   01E0 12s00r00            938 	lcall	_broadcast_send
   01E3 D0*00               939 	pop	_bp
   01E5 22                  940 	ret
                            941 	.area CSEG    (CODE)
                            942 	.area CONST   (CODE)
   0000                     943 _attributes:
   0000 19                  944 	.db #0x19	; 25
   0001 10                  945 	.db #0x10	; 16
   0002 18                  946 	.db #0x18	; 24
   0003 10                  947 	.db #0x10	; 16
   0004 00                  948 	.db #0x00	; 0
   0005 00                  949 	.db #0x00	; 0
   0006                     950 _uc:
   0006r00s00               951 	.byte _recv_from_broadcast,(_recv_from_broadcast >> 8)
   0008rA5s00               952 	.byte _sent_by_broadcast,(_sent_by_broadcast >> 8)
                            953 	.area XINIT   (CODE)
                            954 	.area CABS    (ABS,CODE)
